feb 03, 2014 8:51:47 AM org.apache.catalina.core.AprLifecycleListener init
INFO: The APR based Apache Tomcat Native library which allows optimal performance in production environments was not found on the java.library.path: /Applications/NetBeans/NetBeans 7.4.app/Contents/Resources/NetBeans/webcommon/bin::/Users/jeansmits/Library/Java/Extensions:/Library/Java/Extensions:/Network/Library/Java/Extensions:/System/Library/Java/Extensions:/usr/lib/java:.
feb 03, 2014 8:51:48 AM org.apache.coyote.AbstractProtocol init
INFO: Initializing ProtocolHandler ["http-bio-8080"]
feb 03, 2014 8:51:48 AM org.apache.coyote.AbstractProtocol init
INFO: Initializing ProtocolHandler ["ajp-bio-8009"]
feb 03, 2014 8:51:48 AM org.apache.catalina.startup.Catalina load
INFO: Initialization processed in 3311 ms
feb 03, 2014 8:51:48 AM org.apache.catalina.core.StandardService startInternal
INFO: Starting service Catalina
feb 03, 2014 8:51:48 AM org.apache.catalina.core.StandardEngine startInternal
INFO: Starting Servlet Engine: Apache Tomcat/7.0.47
feb 03, 2014 8:51:48 AM org.apache.catalina.startup.HostConfig deployDirectory
INFO: Deploying web application directory /Users/jeansmits/Dropbox/Pet Clinic Project/apache-tomcat-7.0.47/webapps/docs
feb 03, 2014 8:51:51 AM org.apache.catalina.startup.HostConfig deployDirectory
INFO: Deploying web application directory /Users/jeansmits/Dropbox/Pet Clinic Project/apache-tomcat-7.0.47/webapps/examples
feb 03, 2014 8:51:54 AM org.apache.catalina.startup.HostConfig deployDirectory
INFO: Deploying web application directory /Users/jeansmits/Dropbox/Pet Clinic Project/apache-tomcat-7.0.47/webapps/host-manager
feb 03, 2014 8:51:54 AM org.apache.catalina.startup.HostConfig deployDirectory
INFO: Deploying web application directory /Users/jeansmits/Dropbox/Pet Clinic Project/apache-tomcat-7.0.47/webapps/manager
feb 03, 2014 8:51:55 AM org.apache.coyote.AbstractProtocol start
INFO: Starting ProtocolHandler ["http-bio-8080"]
feb 03, 2014 8:51:55 AM org.apache.coyote.AbstractProtocol start
INFO: Starting ProtocolHandler ["ajp-bio-8009"]
feb 03, 2014 8:51:55 AM org.apache.catalina.startup.Catalina start
INFO: Server startup in 6351 ms
feb 03, 2014 8:51:56 AM org.apache.catalina.startup.HostConfig deployDescriptor
INFO: Deploying configuration descriptor /Users/jeansmits/Dropbox/Pet Clinic Project/apache-tomcat-7.0.47/conf/Catalina/localhost/petClinic.xml
feb 03, 2014 8:51:56 AM org.apache.catalina.loader.WebappClassLoader validateJarFile
INFO: validateJarFile(/Users/jeansmits/Dropbox/Pet Clinic Project/petClinic/target/petClinic - 0.0.1-SNAPSHOT/WEB-INF/lib/servlet-api-2.5.jar) - jar not loaded. See Servlet Spec 2.3, section 9.7.2. Offending class: javax/servlet/Servlet.class
feb 03, 2014 8:52:09 AM org.glassfish.jersey.server.ApplicationHandler initialize
INFO: Initiating Jersey application, version Jersey: 2.4.1 2013-11-08 12:08:47...
feb 03, 2014 8:52:10 AM org.apache.catalina.util.LifecycleBase start
INFO: The start() method was called on component [StandardEngine[Catalina].StandardHost[localhost].StandardContext[/petClinic]] after start() had already been called. The second call will be ignored.
feb 03, 2014 8:53:25 AM org.apache.catalina.core.StandardContext reload
INFO: Reloading Context with name [/petClinic] has started
feb 03, 2014 8:53:25 AM org.apache.catalina.loader.WebappClassLoader clearReferencesJdbc
SEVERE: The web application [/petClinic] registered the JDBC driver [org.h2.Driver] but failed to unregister it when the web application was stopped. To prevent a memory leak, the JDBC Driver has been forcibly unregistered.
feb 03, 2014 8:53:25 AM org.apache.catalina.loader.WebappClassLoader checkThreadLocalMapForLeaks
SEVERE: The web application [/petClinic] created a ThreadLocal with key of type [java.lang.ThreadLocal] (value [java.lang.ThreadLocal@652dc559]) and a value of type [org.hibernate.internal.SessionFactoryImpl] (value [org.hibernate.internal.SessionFactoryImpl@4082076b]) but failed to remove it when the web application was stopped. Threads are going to be renewed over time to try and avoid a probable memory leak.
feb 03, 2014 8:53:26 AM org.apache.catalina.loader.WebappClassLoader validateJarFile
INFO: validateJarFile(/Users/jeansmits/Dropbox/Pet Clinic Project/petClinic/target/petClinic - 0.0.1-SNAPSHOT/WEB-INF/lib/servlet-api-2.5.jar) - jar not loaded. See Servlet Spec 2.3, section 9.7.2. Offending class: javax/servlet/Servlet.class
feb 03, 2014 8:53:38 AM org.glassfish.jersey.server.ApplicationHandler initialize
INFO: Initiating Jersey application, version Jersey: 2.4.1 2013-11-08 12:08:47...
feb 03, 2014 8:53:39 AM org.apache.catalina.core.StandardContext reload
INFO: Reloading Context with name [/petClinic] is completed
feb 03, 2014 8:57:20 AM org.apache.catalina.core.StandardContext reload
INFO: Reloading Context with name [/petClinic] has started
feb 03, 2014 8:57:20 AM org.apache.catalina.loader.WebappClassLoader clearReferencesJdbc
SEVERE: The web application [/petClinic] registered the JDBC driver [org.h2.Driver] but failed to unregister it when the web application was stopped. To prevent a memory leak, the JDBC Driver has been forcibly unregistered.
feb 03, 2014 8:57:21 AM org.apache.catalina.loader.WebappClassLoader validateJarFile
INFO: validateJarFile(/Users/jeansmits/Dropbox/Pet Clinic Project/petClinic/target/petClinic - 0.0.1-SNAPSHOT/WEB-INF/lib/servlet-api-2.5.jar) - jar not loaded. See Servlet Spec 2.3, section 9.7.2. Offending class: javax/servlet/Servlet.class
feb 03, 2014 8:57:34 AM org.glassfish.jersey.server.ApplicationHandler initialize
INFO: Initiating Jersey application, version Jersey: 2.4.1 2013-11-08 12:08:47...
feb 03, 2014 8:57:35 AM org.apache.catalina.core.StandardContext reload
INFO: Reloading Context with name [/petClinic] is completed
feb 03, 2014 9:00:50 AM org.apache.catalina.core.StandardContext reload
INFO: Reloading Context with name [/petClinic] has started
feb 03, 2014 9:00:50 AM org.apache.catalina.loader.WebappClassLoader clearReferencesJdbc
SEVERE: The web application [/petClinic] registered the JDBC driver [org.h2.Driver] but failed to unregister it when the web application was stopped. To prevent a memory leak, the JDBC Driver has been forcibly unregistered.
feb 03, 2014 9:00:51 AM org.apache.catalina.loader.WebappClassLoader validateJarFile
INFO: validateJarFile(/Users/jeansmits/Dropbox/Pet Clinic Project/petClinic/target/petClinic - 0.0.1-SNAPSHOT/WEB-INF/lib/servlet-api-2.5.jar) - jar not loaded. See Servlet Spec 2.3, section 9.7.2. Offending class: javax/servlet/Servlet.class
feb 03, 2014 9:01:09 AM org.glassfish.jersey.server.ApplicationHandler initialize
INFO: Initiating Jersey application, version Jersey: 2.4.1 2013-11-08 12:08:47...
feb 03, 2014 9:01:09 AM org.apache.catalina.core.StandardContext reload
INFO: Reloading Context with name [/petClinic] is completed
feb 03, 2014 9:03:39 AM org.apache.catalina.core.StandardContext reload
INFO: Reloading Context with name [/petClinic] has started
feb 03, 2014 9:03:39 AM org.apache.catalina.loader.WebappClassLoader clearReferencesJdbc
SEVERE: The web application [/petClinic] registered the JDBC driver [org.h2.Driver] but failed to unregister it when the web application was stopped. To prevent a memory leak, the JDBC Driver has been forcibly unregistered.
feb 03, 2014 9:03:39 AM org.apache.catalina.loader.WebappClassLoader validateJarFile
INFO: validateJarFile(/Users/jeansmits/Dropbox/Pet Clinic Project/petClinic/target/petClinic - 0.0.1-SNAPSHOT/WEB-INF/lib/servlet-api-2.5.jar) - jar not loaded. See Servlet Spec 2.3, section 9.7.2. Offending class: javax/servlet/Servlet.class
feb 03, 2014 9:03:53 AM org.glassfish.jersey.server.ApplicationHandler initialize
INFO: Initiating Jersey application, version Jersey: 2.4.1 2013-11-08 12:08:47...
feb 03, 2014 9:03:54 AM org.apache.catalina.core.StandardContext reload
INFO: Reloading Context with name [/petClinic] is completed
feb 03, 2014 9:03:54 AM org.apache.catalina.core.StandardContext reload
INFO: Reloading Context with name [/petClinic] has started
feb 03, 2014 9:03:54 AM org.apache.catalina.loader.WebappClassLoader clearReferencesJdbc
SEVERE: The web application [/petClinic] registered the JDBC driver [org.h2.Driver] but failed to unregister it when the web application was stopped. To prevent a memory leak, the JDBC Driver has been forcibly unregistered.
feb 03, 2014 9:03:55 AM org.apache.catalina.loader.WebappClassLoader validateJarFile
INFO: validateJarFile(/Users/jeansmits/Dropbox/Pet Clinic Project/petClinic/target/petClinic - 0.0.1-SNAPSHOT/WEB-INF/lib/servlet-api-2.5.jar) - jar not loaded. See Servlet Spec 2.3, section 9.7.2. Offending class: javax/servlet/Servlet.class
feb 03, 2014 9:04:06 AM org.glassfish.jersey.server.ApplicationHandler initialize
INFO: Initiating Jersey application, version Jersey: 2.4.1 2013-11-08 12:08:47...
feb 03, 2014 9:04:07 AM org.apache.catalina.core.StandardContext reload
INFO: Reloading Context with name [/petClinic] is completed
feb 03, 2014 9:04:20 AM org.apache.catalina.core.StandardServer await
INFO: A valid shutdown command was received via the shutdown port. Stopping the Server instance.
feb 03, 2014 9:04:20 AM org.apache.coyote.AbstractProtocol pause
INFO: Pausing ProtocolHandler ["http-bio-8080"]
feb 03, 2014 9:04:20 AM org.apache.coyote.AbstractProtocol pause
INFO: Pausing ProtocolHandler ["ajp-bio-8009"]
feb 03, 2014 9:04:20 AM org.apache.catalina.core.StandardService stopInternal
INFO: Stopping service Catalina
feb 03, 2014 9:04:20 AM org.apache.catalina.loader.WebappClassLoader clearReferencesJdbc
SEVERE: The web application [/petClinic] registered the JDBC driver [org.h2.Driver] but failed to unregister it when the web application was stopped. To prevent a memory leak, the JDBC Driver has been forcibly unregistered.
feb 03, 2014 9:04:20 AM org.apache.coyote.AbstractProtocol stop
INFO: Stopping ProtocolHandler ["http-bio-8080"]
feb 03, 2014 9:04:21 AM org.apache.coyote.AbstractProtocol stop
INFO: Stopping ProtocolHandler ["ajp-bio-8009"]
feb 03, 2014 9:04:21 AM org.apache.coyote.AbstractProtocol destroy
INFO: Destroying ProtocolHandler ["http-bio-8080"]
feb 03, 2014 9:04:21 AM org.apache.coyote.AbstractProtocol destroy
INFO: Destroying ProtocolHandler ["ajp-bio-8009"]
feb 03, 2014 9:20:19 AM org.apache.catalina.core.AprLifecycleListener init
INFO: The APR based Apache Tomcat Native library which allows optimal performance in production environments was not found on the java.library.path: /Applications/NetBeans/NetBeans 7.4.app/Contents/Resources/NetBeans/webcommon/bin::/Users/jeansmits/Library/Java/Extensions:/Library/Java/Extensions:/Network/Library/Java/Extensions:/System/Library/Java/Extensions:/usr/lib/java:.
feb 03, 2014 9:20:20 AM org.apache.coyote.AbstractProtocol init
INFO: Initializing ProtocolHandler ["http-bio-8080"]
feb 03, 2014 9:20:20 AM org.apache.coyote.AbstractProtocol init
INFO: Initializing ProtocolHandler ["ajp-bio-8009"]
feb 03, 2014 9:20:20 AM org.apache.catalina.startup.Catalina load
INFO: Initialization processed in 1626 ms
feb 03, 2014 9:20:20 AM org.apache.catalina.core.StandardService startInternal
INFO: Starting service Catalina
feb 03, 2014 9:20:20 AM org.apache.catalina.core.StandardEngine startInternal
INFO: Starting Servlet Engine: Apache Tomcat/7.0.47
feb 03, 2014 9:20:20 AM org.apache.catalina.startup.HostConfig deployDescriptor
INFO: Deploying configuration descriptor /Users/jeansmits/Dropbox/Pet Clinic Project/apache-tomcat-7.0.47/conf/Catalina/localhost/petClinic.xml
feb 03, 2014 9:20:21 AM org.apache.catalina.loader.WebappClassLoader validateJarFile
INFO: validateJarFile(/Users/jeansmits/Dropbox/Pet Clinic Project/petClinic/target/petClinic - 0.0.1-SNAPSHOT/WEB-INF/lib/servlet-api-2.5.jar) - jar not loaded. See Servlet Spec 2.3, section 9.7.2. Offending class: javax/servlet/Servlet.class
feb 03, 2014 9:20:40 AM org.glassfish.jersey.server.ApplicationHandler initialize
INFO: Initiating Jersey application, version Jersey: 2.4.1 2013-11-08 12:08:47...
feb 03, 2014 9:20:42 AM org.apache.catalina.startup.HostConfig deployDirectory
INFO: Deploying web application directory /Users/jeansmits/Dropbox/Pet Clinic Project/apache-tomcat-7.0.47/webapps/docs
feb 03, 2014 9:20:43 AM org.apache.catalina.startup.HostConfig deployDirectory
INFO: Deploying web application directory /Users/jeansmits/Dropbox/Pet Clinic Project/apache-tomcat-7.0.47/webapps/examples
feb 03, 2014 9:20:44 AM org.apache.catalina.startup.HostConfig deployDirectory
INFO: Deploying web application directory /Users/jeansmits/Dropbox/Pet Clinic Project/apache-tomcat-7.0.47/webapps/host-manager
feb 03, 2014 9:20:44 AM org.apache.catalina.startup.HostConfig deployDirectory
INFO: Deploying web application directory /Users/jeansmits/Dropbox/Pet Clinic Project/apache-tomcat-7.0.47/webapps/manager
feb 03, 2014 9:20:45 AM org.apache.coyote.AbstractProtocol start
INFO: Starting ProtocolHandler ["http-bio-8080"]
feb 03, 2014 9:20:45 AM org.apache.coyote.AbstractProtocol start
INFO: Starting ProtocolHandler ["ajp-bio-8009"]
feb 03, 2014 9:20:45 AM org.apache.catalina.startup.Catalina start
INFO: Server startup in 24311 ms
feb 03, 2014 9:20:46 AM org.apache.catalina.loader.WebappClassLoader clearReferencesJdbc
SEVERE: The web application [/petClinic] registered the JDBC driver [org.h2.Driver] but failed to unregister it when the web application was stopped. To prevent a memory leak, the JDBC Driver has been forcibly unregistered.
feb 03, 2014 9:20:46 AM org.apache.catalina.loader.WebappClassLoader checkThreadLocalMapForLeaks
SEVERE: The web application [/petClinic] created a ThreadLocal with key of type [java.lang.ThreadLocal] (value [java.lang.ThreadLocal@2f41d0e2]) and a value of type [org.hibernate.internal.SessionFactoryImpl] (value [org.hibernate.internal.SessionFactoryImpl@2ce1a07b]) but failed to remove it when the web application was stopped. Threads are going to be renewed over time to try and avoid a probable memory leak.
feb 03, 2014 9:20:47 AM org.apache.catalina.startup.HostConfig deleteRedeployResources
INFO: Undeploying context [/petClinic]
feb 03, 2014 9:20:47 AM org.apache.catalina.startup.HostConfig deployDescriptor
INFO: Deploying configuration descriptor /Users/jeansmits/Dropbox/Pet Clinic Project/apache-tomcat-7.0.47/conf/Catalina/localhost/petClinic.xml
feb 03, 2014 9:20:47 AM org.apache.catalina.loader.WebappClassLoader validateJarFile
INFO: validateJarFile(/Users/jeansmits/Dropbox/Pet Clinic Project/petClinic/target/petClinic - 0.0.1-SNAPSHOT/WEB-INF/lib/servlet-api-2.5.jar) - jar not loaded. See Servlet Spec 2.3, section 9.7.2. Offending class: javax/servlet/Servlet.class
feb 03, 2014 9:20:58 AM org.glassfish.jersey.server.ApplicationHandler initialize
INFO: Initiating Jersey application, version Jersey: 2.4.1 2013-11-08 12:08:47...
feb 03, 2014 9:20:59 AM org.apache.catalina.util.LifecycleBase start
INFO: The start() method was called on component [StandardEngine[Catalina].StandardHost[localhost].StandardContext[/petClinic]] after start() had already been called. The second call will be ignored.
feb 03, 2014 9:36:10 AM org.apache.catalina.core.StandardContext reload
INFO: Reloading Context with name [/petClinic] has started
feb 03, 2014 9:36:10 AM org.apache.catalina.loader.WebappClassLoader clearReferencesJdbc
SEVERE: The web application [/petClinic] registered the JDBC driver [org.h2.Driver] but failed to unregister it when the web application was stopped. To prevent a memory leak, the JDBC Driver has been forcibly unregistered.
feb 03, 2014 9:36:11 AM org.apache.catalina.loader.WebappClassLoader validateJarFile
INFO: validateJarFile(/Users/jeansmits/Dropbox/Pet Clinic Project/petClinic/target/petClinic - 0.0.1-SNAPSHOT/WEB-INF/lib/servlet-api-2.5.jar) - jar not loaded. See Servlet Spec 2.3, section 9.7.2. Offending class: javax/servlet/Servlet.class
feb 03, 2014 9:36:23 AM org.glassfish.jersey.server.ApplicationHandler initialize
INFO: Initiating Jersey application, version Jersey: 2.4.1 2013-11-08 12:08:47...
feb 03, 2014 9:36:23 AM org.apache.catalina.core.StandardContext reload
INFO: Reloading Context with name [/petClinic] is completed
feb 03, 2014 9:36:48 AM org.apache.catalina.core.StandardContext reload
INFO: Reloading Context with name [/petClinic] has started
feb 03, 2014 9:36:48 AM org.apache.catalina.loader.WebappClassLoader clearReferencesJdbc
SEVERE: The web application [/petClinic] registered the JDBC driver [org.h2.Driver] but failed to unregister it when the web application was stopped. To prevent a memory leak, the JDBC Driver has been forcibly unregistered.
feb 03, 2014 9:36:49 AM org.apache.catalina.loader.WebappClassLoader validateJarFile
INFO: validateJarFile(/Users/jeansmits/Dropbox/Pet Clinic Project/petClinic/target/petClinic - 0.0.1-SNAPSHOT/WEB-INF/lib/servlet-api-2.5.jar) - jar not loaded. See Servlet Spec 2.3, section 9.7.2. Offending class: javax/servlet/Servlet.class
feb 03, 2014 9:43:38 AM org.apache.catalina.core.StandardServer await
INFO: A valid shutdown command was received via the shutdown port. Stopping the Server instance.
feb 03, 2014 9:43:38 AM org.apache.coyote.AbstractProtocol pause
INFO: Pausing ProtocolHandler ["http-bio-8080"]
feb 03, 2014 9:43:38 AM org.apache.coyote.AbstractProtocol pause
INFO: Pausing ProtocolHandler ["ajp-bio-8009"]
feb 03, 2014 9:43:38 AM org.apache.catalina.core.StandardService stopInternal
INFO: Stopping service Catalina
feb 03, 2014 9:43:40 AM org.apache.catalina.loader.WebappClassLoader clearReferencesThreads
SEVERE: The web application [/manager] appears to have started a thread named [http-bio-8080-exec-25] but has failed to stop it. This is very likely to create a memory leak.
feb 03, 2014 9:43:40 AM org.apache.coyote.AbstractProtocol stop
INFO: Stopping ProtocolHandler ["http-bio-8080"]
feb 03, 2014 9:43:40 AM org.apache.coyote.AbstractProtocol stop
INFO: Stopping ProtocolHandler ["ajp-bio-8009"]
feb 03, 2014 9:43:40 AM org.apache.coyote.AbstractProtocol destroy
INFO: Destroying ProtocolHandler ["http-bio-8080"]
feb 03, 2014 9:43:40 AM org.apache.coyote.AbstractProtocol destroy
INFO: Destroying ProtocolHandler ["ajp-bio-8009"]
feb 03, 2014 9:43:40 AM org.apache.catalina.core.ContainerBase removeChild
SEVERE: ContainerBase.removeChild: destroy: 
org.apache.catalina.LifecycleException: An invalid Lifecycle transition was attempted ([before_destroy]) for component [StandardEngine[Catalina].StandardHost[localhost].StandardContext[/petClinic]] in state [STARTING_PREP]
	at org.apache.catalina.util.LifecycleBase.invalidTransition(LifecycleBase.java:409)
	at org.apache.catalina.util.LifecycleBase.destroy(LifecycleBase.java:299)
	at org.apache.catalina.core.ContainerBase.removeChild(ContainerBase.java:1041)
	at org.apache.catalina.core.ContainerBase.destroyInternal(ContainerBase.java:1234)
	at org.apache.catalina.util.LifecycleBase.destroy(LifecycleBase.java:305)
	at org.apache.catalina.core.ContainerBase.removeChild(ContainerBase.java:1041)
	at org.apache.catalina.core.ContainerBase.destroyInternal(ContainerBase.java:1234)
	at org.apache.catalina.util.LifecycleBase.destroy(LifecycleBase.java:305)
	at org.apache.catalina.core.StandardService.destroyInternal(StandardService.java:593)
	at org.apache.catalina.util.LifecycleBase.destroy(LifecycleBase.java:305)
	at org.apache.catalina.core.StandardServer.destroyInternal(StandardServer.java:822)
	at org.apache.catalina.util.LifecycleBase.destroy(LifecycleBase.java:305)
	at org.apache.catalina.startup.Catalina.stop(Catalina.java:765)
	at org.apache.catalina.startup.Catalina.start(Catalina.java:726)
	at sun.reflect.NativeMethodAccessorImpl.invoke0(Native Method)
	at sun.reflect.NativeMethodAccessorImpl.invoke(NativeMethodAccessorImpl.java:57)
	at sun.reflect.DelegatingMethodAccessorImpl.invoke(DelegatingMethodAccessorImpl.java:43)
	at java.lang.reflect.Method.invoke(Method.java:606)
	at org.apache.catalina.startup.Bootstrap.start(Bootstrap.java:322)
	at org.apache.catalina.startup.Bootstrap.main(Bootstrap.java:456)

feb 03, 2014 9:43:54 AM org.apache.catalina.core.AprLifecycleListener init
INFO: The APR based Apache Tomcat Native library which allows optimal performance in production environments was not found on the java.library.path: /Applications/NetBeans/NetBeans 7.4.app/Contents/Resources/NetBeans/webcommon/bin::/Users/jeansmits/Library/Java/Extensions:/Library/Java/Extensions:/Network/Library/Java/Extensions:/System/Library/Java/Extensions:/usr/lib/java:.
feb 03, 2014 9:43:55 AM org.apache.coyote.AbstractProtocol init
INFO: Initializing ProtocolHandler ["http-bio-8080"]
feb 03, 2014 9:43:55 AM org.apache.coyote.AbstractProtocol init
INFO: Initializing ProtocolHandler ["ajp-bio-8009"]
feb 03, 2014 9:43:55 AM org.apache.catalina.startup.Catalina load
INFO: Initialization processed in 1062 ms
feb 03, 2014 9:43:55 AM org.apache.catalina.core.StandardService startInternal
INFO: Starting service Catalina
feb 03, 2014 9:43:55 AM org.apache.catalina.core.StandardEngine startInternal
INFO: Starting Servlet Engine: Apache Tomcat/7.0.47
feb 03, 2014 9:43:55 AM org.apache.catalina.startup.HostConfig deployDescriptor
INFO: Deploying configuration descriptor /Users/jeansmits/Dropbox/Pet Clinic Project/apache-tomcat-7.0.47/conf/Catalina/localhost/petClinic.xml
feb 03, 2014 9:43:55 AM org.apache.catalina.loader.WebappClassLoader validateJarFile
INFO: validateJarFile(/Users/jeansmits/Dropbox/Pet Clinic Project/petClinic/target/petClinic - 0.0.1-SNAPSHOT/WEB-INF/lib/servlet-api-2.5.jar) - jar not loaded. See Servlet Spec 2.3, section 9.7.2. Offending class: javax/servlet/Servlet.class
feb 03, 2014 9:44:06 AM org.glassfish.jersey.server.ApplicationHandler initialize
INFO: Initiating Jersey application, version Jersey: 2.4.1 2013-11-08 12:08:47...
feb 03, 2014 9:44:07 AM org.apache.catalina.startup.HostConfig deployDirectory
INFO: Deploying web application directory /Users/jeansmits/Dropbox/Pet Clinic Project/apache-tomcat-7.0.47/webapps/docs
feb 03, 2014 9:44:07 AM org.apache.catalina.startup.HostConfig deployDirectory
INFO: Deploying web application directory /Users/jeansmits/Dropbox/Pet Clinic Project/apache-tomcat-7.0.47/webapps/examples
feb 03, 2014 9:44:08 AM org.apache.catalina.startup.HostConfig deployDirectory
INFO: Deploying web application directory /Users/jeansmits/Dropbox/Pet Clinic Project/apache-tomcat-7.0.47/webapps/host-manager
feb 03, 2014 9:44:08 AM org.apache.catalina.startup.HostConfig deployDirectory
INFO: Deploying web application directory /Users/jeansmits/Dropbox/Pet Clinic Project/apache-tomcat-7.0.47/webapps/manager
feb 03, 2014 9:44:08 AM org.apache.coyote.AbstractProtocol start
INFO: Starting ProtocolHandler ["http-bio-8080"]
feb 03, 2014 9:44:08 AM org.apache.coyote.AbstractProtocol start
INFO: Starting ProtocolHandler ["ajp-bio-8009"]
feb 03, 2014 9:44:08 AM org.apache.catalina.startup.Catalina start
INFO: Server startup in 13796 ms
feb 03, 2014 9:44:09 AM org.apache.catalina.loader.WebappClassLoader clearReferencesJdbc
SEVERE: The web application [/petClinic] registered the JDBC driver [org.h2.Driver] but failed to unregister it when the web application was stopped. To prevent a memory leak, the JDBC Driver has been forcibly unregistered.
feb 03, 2014 9:44:09 AM org.apache.catalina.loader.WebappClassLoader checkThreadLocalMapForLeaks
SEVERE: The web application [/petClinic] created a ThreadLocal with key of type [java.lang.ThreadLocal] (value [java.lang.ThreadLocal@5feacd1d]) and a value of type [org.hibernate.internal.SessionFactoryImpl] (value [org.hibernate.internal.SessionFactoryImpl@102d049d]) but failed to remove it when the web application was stopped. Threads are going to be renewed over time to try and avoid a probable memory leak.
feb 03, 2014 9:44:10 AM org.apache.catalina.startup.HostConfig deleteRedeployResources
INFO: Undeploying context [/petClinic]
feb 03, 2014 9:44:10 AM org.apache.catalina.startup.HostConfig deployDescriptor
INFO: Deploying configuration descriptor /Users/jeansmits/Dropbox/Pet Clinic Project/apache-tomcat-7.0.47/conf/Catalina/localhost/petClinic.xml
feb 03, 2014 9:44:10 AM org.apache.catalina.loader.WebappClassLoader validateJarFile
INFO: validateJarFile(/Users/jeansmits/Dropbox/Pet Clinic Project/petClinic/target/petClinic - 0.0.1-SNAPSHOT/WEB-INF/lib/servlet-api-2.5.jar) - jar not loaded. See Servlet Spec 2.3, section 9.7.2. Offending class: javax/servlet/Servlet.class
feb 03, 2014 9:44:21 AM org.glassfish.jersey.server.ApplicationHandler initialize
INFO: Initiating Jersey application, version Jersey: 2.4.1 2013-11-08 12:08:47...
feb 03, 2014 9:44:22 AM org.apache.catalina.util.LifecycleBase start
INFO: The start() method was called on component [StandardEngine[Catalina].StandardHost[localhost].StandardContext[/petClinic]] after start() had already been called. The second call will be ignored.
feb 03, 2014 9:45:00 AM org.apache.catalina.core.StandardContext reload
INFO: Reloading Context with name [/petClinic] has started
feb 03, 2014 9:45:00 AM org.apache.catalina.loader.WebappClassLoader clearReferencesJdbc
SEVERE: The web application [/petClinic] registered the JDBC driver [org.h2.Driver] but failed to unregister it when the web application was stopped. To prevent a memory leak, the JDBC Driver has been forcibly unregistered.
feb 03, 2014 9:45:01 AM org.apache.catalina.loader.WebappClassLoader validateJarFile
INFO: validateJarFile(/Users/jeansmits/Dropbox/Pet Clinic Project/petClinic/target/petClinic - 0.0.1-SNAPSHOT/WEB-INF/lib/servlet-api-2.5.jar) - jar not loaded. See Servlet Spec 2.3, section 9.7.2. Offending class: javax/servlet/Servlet.class
feb 03, 2014 9:45:08 AM org.apache.catalina.core.StandardContext startInternal
SEVERE: Error listenerStart
feb 03, 2014 9:45:08 AM org.apache.catalina.core.StandardContext startInternal
SEVERE: Context [/petClinic] startup failed due to previous errors
feb 03, 2014 9:45:08 AM org.apache.catalina.core.StandardContext reload
INFO: Reloading Context with name [/petClinic] is completed
feb 03, 2014 9:47:16 AM org.apache.catalina.util.LifecycleBase stop
INFO: The stop() method was called on component [StandardEngine[Catalina].StandardHost[localhost].StandardContext[/petClinic]] after stop() had already been called. The second call will be ignored.
feb 03, 2014 9:47:17 AM org.apache.catalina.startup.HostConfig deleteRedeployResources
INFO: Undeploying context [/petClinic]
feb 03, 2014 9:47:17 AM org.apache.catalina.startup.HostConfig deployDescriptor
INFO: Deploying configuration descriptor /Users/jeansmits/Dropbox/Pet Clinic Project/apache-tomcat-7.0.47/conf/Catalina/localhost/petClinic.xml
feb 03, 2014 9:47:17 AM org.apache.catalina.loader.WebappClassLoader validateJarFile
INFO: validateJarFile(/Users/jeansmits/Dropbox/Pet Clinic Project/petClinic/target/petClinic - 0.0.1-SNAPSHOT/WEB-INF/lib/servlet-api-2.5.jar) - jar not loaded. See Servlet Spec 2.3, section 9.7.2. Offending class: javax/servlet/Servlet.class
feb 03, 2014 9:47:26 AM org.glassfish.jersey.server.ApplicationHandler initialize
INFO: Initiating Jersey application, version Jersey: 2.4.1 2013-11-08 12:08:47...
feb 03, 2014 9:47:27 AM org.apache.catalina.util.LifecycleBase start
INFO: The start() method was called on component [StandardEngine[Catalina].StandardHost[localhost].StandardContext[/petClinic]] after start() had already been called. The second call will be ignored.
feb 03, 2014 9:50:16 AM org.apache.catalina.core.StandardContext reload
INFO: Reloading Context with name [/petClinic] has started
feb 03, 2014 9:50:17 AM org.apache.catalina.loader.WebappClassLoader clearReferencesJdbc
SEVERE: The web application [/petClinic] registered the JDBC driver [org.h2.Driver] but failed to unregister it when the web application was stopped. To prevent a memory leak, the JDBC Driver has been forcibly unregistered.
feb 03, 2014 9:50:18 AM org.apache.catalina.loader.WebappClassLoader validateJarFile
INFO: validateJarFile(/Users/jeansmits/Dropbox/Pet Clinic Project/petClinic/target/petClinic - 0.0.1-SNAPSHOT/WEB-INF/lib/servlet-api-2.5.jar) - jar not loaded. See Servlet Spec 2.3, section 9.7.2. Offending class: javax/servlet/Servlet.class
feb 03, 2014 9:50:33 AM org.glassfish.jersey.server.ApplicationHandler initialize
INFO: Initiating Jersey application, version Jersey: 2.4.1 2013-11-08 12:08:47...
feb 03, 2014 9:50:34 AM org.apache.catalina.core.StandardContext reload
INFO: Reloading Context with name [/petClinic] is completed
feb 03, 2014 9:51:41 AM org.apache.catalina.core.StandardContext reload
INFO: Reloading Context with name [/petClinic] has started
feb 03, 2014 9:51:41 AM org.apache.catalina.loader.WebappClassLoader clearReferencesJdbc
SEVERE: The web application [/petClinic] registered the JDBC driver [org.h2.Driver] but failed to unregister it when the web application was stopped. To prevent a memory leak, the JDBC Driver has been forcibly unregistered.
feb 03, 2014 9:51:42 AM org.apache.catalina.loader.WebappClassLoader validateJarFile
INFO: validateJarFile(/Users/jeansmits/Dropbox/Pet Clinic Project/petClinic/target/petClinic - 0.0.1-SNAPSHOT/WEB-INF/lib/servlet-api-2.5.jar) - jar not loaded. See Servlet Spec 2.3, section 9.7.2. Offending class: javax/servlet/Servlet.class
feb 03, 2014 9:51:55 AM org.glassfish.jersey.server.ApplicationHandler initialize
INFO: Initiating Jersey application, version Jersey: 2.4.1 2013-11-08 12:08:47...
feb 03, 2014 9:51:56 AM org.apache.catalina.core.StandardContext reload
INFO: Reloading Context with name [/petClinic] is completed
feb 03, 2014 9:52:00 AM org.apache.catalina.core.StandardServer await
INFO: A valid shutdown command was received via the shutdown port. Stopping the Server instance.
feb 03, 2014 9:52:00 AM org.apache.coyote.AbstractProtocol pause
INFO: Pausing ProtocolHandler ["http-bio-8080"]
feb 03, 2014 9:52:00 AM org.apache.coyote.AbstractProtocol pause
INFO: Pausing ProtocolHandler ["ajp-bio-8009"]
feb 03, 2014 9:52:00 AM org.apache.catalina.core.StandardService stopInternal
INFO: Stopping service Catalina
feb 03, 2014 9:52:00 AM org.apache.catalina.loader.WebappClassLoader clearReferencesJdbc
SEVERE: The web application [/petClinic] registered the JDBC driver [org.h2.Driver] but failed to unregister it when the web application was stopped. To prevent a memory leak, the JDBC Driver has been forcibly unregistered.
feb 03, 2014 9:52:00 AM org.apache.catalina.loader.WebappClassLoader checkThreadLocalMapForLeaks
SEVERE: The web application [/petClinic] created a ThreadLocal with key of type [java.lang.ThreadLocal] (value [java.lang.ThreadLocal@6287fe56]) and a value of type [org.hibernate.internal.SessionFactoryImpl] (value [org.hibernate.internal.SessionFactoryImpl@785a3398]) but failed to remove it when the web application was stopped. Threads are going to be renewed over time to try and avoid a probable memory leak.
feb 03, 2014 9:52:00 AM org.apache.coyote.AbstractProtocol stop
INFO: Stopping ProtocolHandler ["http-bio-8080"]
feb 03, 2014 9:52:01 AM org.apache.coyote.AbstractProtocol stop
INFO: Stopping ProtocolHandler ["ajp-bio-8009"]
feb 03, 2014 9:52:01 AM org.apache.coyote.AbstractProtocol destroy
INFO: Destroying ProtocolHandler ["http-bio-8080"]
feb 03, 2014 9:52:01 AM org.apache.coyote.AbstractProtocol destroy
INFO: Destroying ProtocolHandler ["ajp-bio-8009"]
