feb 01, 2014 12:01:57 AM org.apache.catalina.core.StandardContext reload
INFO: Reloading Context with name [/petClinic] has started
feb 01, 2014 12:01:57 AM org.apache.catalina.loader.WebappClassLoader clearReferencesJdbc
SEVERE: The web application [/petClinic] registered the JDBC driver [org.h2.Driver] but failed to unregister it when the web application was stopped. To prevent a memory leak, the JDBC Driver has been forcibly unregistered.
feb 01, 2014 12:01:58 AM org.apache.catalina.loader.WebappClassLoader validateJarFile
INFO: validateJarFile(/Users/Studio/Dropbox/Pet Clinic Project/petClinic/target/petClinic - 0.0.1-SNAPSHOT/WEB-INF/lib/servlet-api-2.5.jar) - jar not loaded. See Servlet Spec 2.3, section 9.7.2. Offending class: javax/servlet/Servlet.class
feb 01, 2014 12:02:11 AM org.glassfish.jersey.server.ApplicationHandler initialize
INFO: Initiating Jersey application, version Jersey: 2.4.1 2013-11-08 12:08:47...
feb 01, 2014 12:02:12 AM org.apache.catalina.core.StandardContext reload
INFO: Reloading Context with name [/petClinic] is completed
feb 01, 2014 12:02:13 AM org.apache.catalina.core.StandardContext reload
INFO: Reloading Context with name [/petClinic] has started
feb 01, 2014 12:02:13 AM org.apache.catalina.loader.WebappClassLoader clearReferencesJdbc
SEVERE: The web application [/petClinic] registered the JDBC driver [org.h2.Driver] but failed to unregister it when the web application was stopped. To prevent a memory leak, the JDBC Driver has been forcibly unregistered.
feb 01, 2014 12:02:14 AM org.apache.catalina.loader.WebappClassLoader validateJarFile
INFO: validateJarFile(/Users/Studio/Dropbox/Pet Clinic Project/petClinic/target/petClinic - 0.0.1-SNAPSHOT/WEB-INF/lib/servlet-api-2.5.jar) - jar not loaded. See Servlet Spec 2.3, section 9.7.2. Offending class: javax/servlet/Servlet.class
feb 01, 2014 12:02:17 AM org.glassfish.jersey.server.ApplicationHandler initialize
INFO: Initiating Jersey application, version Jersey: 2.4.1 2013-11-08 12:08:47...
feb 01, 2014 12:02:18 AM org.apache.catalina.core.StandardContext reload
INFO: Reloading Context with name [/petClinic] is completed
feb 01, 2014 12:06:26 AM org.apache.catalina.core.StandardContext reload
INFO: Reloading Context with name [/petClinic] has started
feb 01, 2014 12:06:27 AM org.apache.catalina.loader.WebappClassLoader clearReferencesJdbc
SEVERE: The web application [/petClinic] registered the JDBC driver [org.h2.Driver] but failed to unregister it when the web application was stopped. To prevent a memory leak, the JDBC Driver has been forcibly unregistered.
feb 01, 2014 12:06:27 AM org.apache.catalina.loader.WebappClassLoader validateJarFile
INFO: validateJarFile(/Users/Studio/Dropbox/Pet Clinic Project/petClinic/target/petClinic - 0.0.1-SNAPSHOT/WEB-INF/lib/servlet-api-2.5.jar) - jar not loaded. See Servlet Spec 2.3, section 9.7.2. Offending class: javax/servlet/Servlet.class
feb 01, 2014 12:06:35 AM org.glassfish.jersey.server.ApplicationHandler initialize
INFO: Initiating Jersey application, version Jersey: 2.4.1 2013-11-08 12:08:47...
feb 01, 2014 12:06:36 AM org.apache.catalina.core.StandardContext reload
INFO: Reloading Context with name [/petClinic] is completed
feb 01, 2014 12:06:55 AM org.apache.catalina.core.StandardContext reload
INFO: Reloading Context with name [/petClinic] has started
feb 01, 2014 12:06:55 AM org.apache.catalina.loader.WebappClassLoader clearReferencesJdbc
SEVERE: The web application [/petClinic] registered the JDBC driver [org.h2.Driver] but failed to unregister it when the web application was stopped. To prevent a memory leak, the JDBC Driver has been forcibly unregistered.
feb 01, 2014 12:06:56 AM org.apache.catalina.loader.WebappClassLoader validateJarFile
INFO: validateJarFile(/Users/Studio/Dropbox/Pet Clinic Project/petClinic/target/petClinic - 0.0.1-SNAPSHOT/WEB-INF/lib/servlet-api-2.5.jar) - jar not loaded. See Servlet Spec 2.3, section 9.7.2. Offending class: javax/servlet/Servlet.class
feb 01, 2014 12:07:00 AM org.glassfish.jersey.server.ApplicationHandler initialize
INFO: Initiating Jersey application, version Jersey: 2.4.1 2013-11-08 12:08:47...
feb 01, 2014 12:07:00 AM org.apache.catalina.core.StandardContext reload
INFO: Reloading Context with name [/petClinic] is completed
feb 01, 2014 12:07:19 AM org.apache.catalina.core.StandardContext reload
INFO: Reloading Context with name [/petClinic] has started
feb 01, 2014 12:07:20 AM org.apache.catalina.loader.WebappClassLoader clearReferencesJdbc
SEVERE: The web application [/petClinic] registered the JDBC driver [org.h2.Driver] but failed to unregister it when the web application was stopped. To prevent a memory leak, the JDBC Driver has been forcibly unregistered.
feb 01, 2014 12:07:20 AM org.apache.catalina.loader.WebappClassLoader validateJarFile
INFO: validateJarFile(/Users/Studio/Dropbox/Pet Clinic Project/petClinic/target/petClinic - 0.0.1-SNAPSHOT/WEB-INF/lib/servlet-api-2.5.jar) - jar not loaded. See Servlet Spec 2.3, section 9.7.2. Offending class: javax/servlet/Servlet.class
feb 01, 2014 12:07:24 AM org.glassfish.jersey.server.ApplicationHandler initialize
INFO: Initiating Jersey application, version Jersey: 2.4.1 2013-11-08 12:08:47...
feb 01, 2014 12:07:25 AM org.apache.catalina.core.StandardContext reload
INFO: Reloading Context with name [/petClinic] is completed
feb 01, 2014 12:07:27 AM org.apache.catalina.core.StandardContext reload
INFO: Reloading Context with name [/petClinic] has started
feb 01, 2014 12:07:27 AM org.apache.catalina.loader.WebappClassLoader clearReferencesJdbc
SEVERE: The web application [/petClinic] registered the JDBC driver [org.h2.Driver] but failed to unregister it when the web application was stopped. To prevent a memory leak, the JDBC Driver has been forcibly unregistered.
feb 01, 2014 12:07:28 AM org.apache.catalina.loader.WebappClassLoader validateJarFile
INFO: validateJarFile(/Users/Studio/Dropbox/Pet Clinic Project/petClinic/target/petClinic - 0.0.1-SNAPSHOT/WEB-INF/lib/servlet-api-2.5.jar) - jar not loaded. See Servlet Spec 2.3, section 9.7.2. Offending class: javax/servlet/Servlet.class
feb 01, 2014 12:07:32 AM org.glassfish.jersey.server.ApplicationHandler initialize
INFO: Initiating Jersey application, version Jersey: 2.4.1 2013-11-08 12:08:47...
feb 01, 2014 12:07:32 AM org.apache.catalina.core.StandardContext reload
INFO: Reloading Context with name [/petClinic] is completed
feb 01, 2014 12:07:48 AM org.apache.catalina.core.StandardContext reload
INFO: Reloading Context with name [/petClinic] has started
feb 01, 2014 12:07:48 AM org.apache.catalina.loader.WebappClassLoader clearReferencesJdbc
SEVERE: The web application [/petClinic] registered the JDBC driver [org.h2.Driver] but failed to unregister it when the web application was stopped. To prevent a memory leak, the JDBC Driver has been forcibly unregistered.
feb 01, 2014 12:07:48 AM org.apache.catalina.loader.WebappClassLoader validateJarFile
INFO: validateJarFile(/Users/Studio/Dropbox/Pet Clinic Project/petClinic/target/petClinic - 0.0.1-SNAPSHOT/WEB-INF/lib/servlet-api-2.5.jar) - jar not loaded. See Servlet Spec 2.3, section 9.7.2. Offending class: javax/servlet/Servlet.class
feb 01, 2014 12:07:53 AM org.glassfish.jersey.server.ApplicationHandler initialize
INFO: Initiating Jersey application, version Jersey: 2.4.1 2013-11-08 12:08:47...
feb 01, 2014 12:07:53 AM org.apache.catalina.core.StandardContext reload
INFO: Reloading Context with name [/petClinic] is completed
feb 01, 2014 12:20:17 AM org.apache.catalina.core.StandardContext reload
INFO: Reloading Context with name [/petClinic] has started
feb 01, 2014 12:20:18 AM org.apache.catalina.loader.WebappClassLoader clearReferencesJdbc
SEVERE: The web application [/petClinic] registered the JDBC driver [org.h2.Driver] but failed to unregister it when the web application was stopped. To prevent a memory leak, the JDBC Driver has been forcibly unregistered.
feb 01, 2014 12:20:19 AM org.apache.catalina.loader.WebappClassLoader validateJarFile
INFO: validateJarFile(/Users/Studio/Dropbox/Pet Clinic Project/petClinic/target/petClinic - 0.0.1-SNAPSHOT/WEB-INF/lib/servlet-api-2.5.jar) - jar not loaded. See Servlet Spec 2.3, section 9.7.2. Offending class: javax/servlet/Servlet.class
feb 01, 2014 12:20:31 AM org.glassfish.jersey.server.ApplicationHandler initialize
INFO: Initiating Jersey application, version Jersey: 2.4.1 2013-11-08 12:08:47...
feb 01, 2014 12:20:32 AM org.apache.catalina.core.StandardContext reload
INFO: Reloading Context with name [/petClinic] is completed
feb 01, 2014 12:26:21 AM org.apache.catalina.core.StandardContext reload
INFO: Reloading Context with name [/petClinic] has started
feb 01, 2014 12:26:21 AM org.apache.catalina.loader.WebappClassLoader clearReferencesJdbc
SEVERE: The web application [/petClinic] registered the JDBC driver [org.h2.Driver] but failed to unregister it when the web application was stopped. To prevent a memory leak, the JDBC Driver has been forcibly unregistered.
feb 01, 2014 12:26:22 AM org.apache.catalina.loader.WebappClassLoader validateJarFile
INFO: validateJarFile(/Users/Studio/Dropbox/Pet Clinic Project/petClinic/target/petClinic - 0.0.1-SNAPSHOT/WEB-INF/lib/servlet-api-2.5.jar) - jar not loaded. See Servlet Spec 2.3, section 9.7.2. Offending class: javax/servlet/Servlet.class
feb 01, 2014 12:26:26 AM org.glassfish.jersey.server.ApplicationHandler initialize
INFO: Initiating Jersey application, version Jersey: 2.4.1 2013-11-08 12:08:47...
feb 01, 2014 12:26:26 AM org.apache.catalina.core.StandardContext reload
INFO: Reloading Context with name [/petClinic] is completed
feb 01, 2014 12:26:38 AM org.apache.catalina.core.StandardContext reload
INFO: Reloading Context with name [/petClinic] has started
feb 01, 2014 12:26:38 AM org.apache.catalina.loader.WebappClassLoader clearReferencesJdbc
SEVERE: The web application [/petClinic] registered the JDBC driver [org.h2.Driver] but failed to unregister it when the web application was stopped. To prevent a memory leak, the JDBC Driver has been forcibly unregistered.
feb 01, 2014 12:26:38 AM org.apache.catalina.loader.WebappClassLoader validateJarFile
INFO: validateJarFile(/Users/Studio/Dropbox/Pet Clinic Project/petClinic/target/petClinic - 0.0.1-SNAPSHOT/WEB-INF/lib/servlet-api-2.5.jar) - jar not loaded. See Servlet Spec 2.3, section 9.7.2. Offending class: javax/servlet/Servlet.class
feb 01, 2014 12:26:43 AM org.glassfish.jersey.server.ApplicationHandler initialize
INFO: Initiating Jersey application, version Jersey: 2.4.1 2013-11-08 12:08:47...
feb 01, 2014 12:26:43 AM org.apache.catalina.core.StandardContext reload
INFO: Reloading Context with name [/petClinic] is completed
feb 01, 2014 12:27:27 AM org.apache.catalina.core.StandardContext reload
INFO: Reloading Context with name [/petClinic] has started
feb 01, 2014 12:27:27 AM org.apache.catalina.loader.WebappClassLoader clearReferencesJdbc
SEVERE: The web application [/petClinic] registered the JDBC driver [org.h2.Driver] but failed to unregister it when the web application was stopped. To prevent a memory leak, the JDBC Driver has been forcibly unregistered.
feb 01, 2014 12:27:28 AM org.apache.catalina.loader.WebappClassLoader validateJarFile
INFO: validateJarFile(/Users/Studio/Dropbox/Pet Clinic Project/petClinic/target/petClinic - 0.0.1-SNAPSHOT/WEB-INF/lib/servlet-api-2.5.jar) - jar not loaded. See Servlet Spec 2.3, section 9.7.2. Offending class: javax/servlet/Servlet.class
feb 01, 2014 12:27:32 AM org.glassfish.jersey.server.ApplicationHandler initialize
INFO: Initiating Jersey application, version Jersey: 2.4.1 2013-11-08 12:08:47...
feb 01, 2014 12:27:32 AM org.apache.catalina.core.StandardContext reload
INFO: Reloading Context with name [/petClinic] is completed
feb 01, 2014 12:29:26 AM org.apache.catalina.core.StandardContext reload
INFO: Reloading Context with name [/petClinic] has started
feb 01, 2014 12:29:26 AM org.apache.catalina.loader.WebappClassLoader clearReferencesJdbc
SEVERE: The web application [/petClinic] registered the JDBC driver [org.h2.Driver] but failed to unregister it when the web application was stopped. To prevent a memory leak, the JDBC Driver has been forcibly unregistered.
feb 01, 2014 12:29:26 AM org.apache.catalina.loader.WebappClassLoader validateJarFile
INFO: validateJarFile(/Users/Studio/Dropbox/Pet Clinic Project/petClinic/target/petClinic - 0.0.1-SNAPSHOT/WEB-INF/lib/servlet-api-2.5.jar) - jar not loaded. See Servlet Spec 2.3, section 9.7.2. Offending class: javax/servlet/Servlet.class
feb 01, 2014 12:29:30 AM org.glassfish.jersey.server.ApplicationHandler initialize
INFO: Initiating Jersey application, version Jersey: 2.4.1 2013-11-08 12:08:47...
feb 01, 2014 12:29:31 AM org.apache.catalina.core.StandardContext reload
INFO: Reloading Context with name [/petClinic] is completed
feb 01, 2014 12:33:03 AM org.apache.catalina.core.StandardContext reload
INFO: Reloading Context with name [/petClinic] has started
feb 01, 2014 12:33:03 AM org.apache.catalina.loader.WebappClassLoader clearReferencesJdbc
SEVERE: The web application [/petClinic] registered the JDBC driver [org.h2.Driver] but failed to unregister it when the web application was stopped. To prevent a memory leak, the JDBC Driver has been forcibly unregistered.
feb 01, 2014 12:33:04 AM org.apache.catalina.loader.WebappClassLoader validateJarFile
INFO: validateJarFile(/Users/Studio/Dropbox/Pet Clinic Project/petClinic/target/petClinic - 0.0.1-SNAPSHOT/WEB-INF/lib/servlet-api-2.5.jar) - jar not loaded. See Servlet Spec 2.3, section 9.7.2. Offending class: javax/servlet/Servlet.class
feb 01, 2014 12:33:08 AM org.glassfish.jersey.server.ApplicationHandler initialize
INFO: Initiating Jersey application, version Jersey: 2.4.1 2013-11-08 12:08:47...
feb 01, 2014 12:33:08 AM org.apache.catalina.core.StandardContext reload
INFO: Reloading Context with name [/petClinic] is completed
feb 01, 2014 12:33:11 AM org.apache.catalina.core.StandardContext reload
INFO: Reloading Context with name [/petClinic] has started
feb 01, 2014 12:33:11 AM org.apache.catalina.loader.WebappClassLoader clearReferencesJdbc
SEVERE: The web application [/petClinic] registered the JDBC driver [org.h2.Driver] but failed to unregister it when the web application was stopped. To prevent a memory leak, the JDBC Driver has been forcibly unregistered.
feb 01, 2014 12:33:12 AM org.apache.catalina.loader.WebappClassLoader validateJarFile
INFO: validateJarFile(/Users/Studio/Dropbox/Pet Clinic Project/petClinic/target/petClinic - 0.0.1-SNAPSHOT/WEB-INF/lib/servlet-api-2.5.jar) - jar not loaded. See Servlet Spec 2.3, section 9.7.2. Offending class: javax/servlet/Servlet.class
feb 01, 2014 12:33:16 AM org.glassfish.jersey.server.ApplicationHandler initialize
INFO: Initiating Jersey application, version Jersey: 2.4.1 2013-11-08 12:08:47...
feb 01, 2014 12:33:16 AM org.apache.catalina.core.StandardContext reload
INFO: Reloading Context with name [/petClinic] is completed
feb 01, 2014 12:34:22 AM org.apache.catalina.core.StandardContext reload
INFO: Reloading Context with name [/petClinic] has started
feb 01, 2014 12:34:22 AM org.apache.catalina.loader.WebappClassLoader clearReferencesJdbc
SEVERE: The web application [/petClinic] registered the JDBC driver [org.h2.Driver] but failed to unregister it when the web application was stopped. To prevent a memory leak, the JDBC Driver has been forcibly unregistered.
feb 01, 2014 12:34:23 AM org.apache.catalina.loader.WebappClassLoader validateJarFile
INFO: validateJarFile(/Users/Studio/Dropbox/Pet Clinic Project/petClinic/target/petClinic - 0.0.1-SNAPSHOT/WEB-INF/lib/servlet-api-2.5.jar) - jar not loaded. See Servlet Spec 2.3, section 9.7.2. Offending class: javax/servlet/Servlet.class
feb 01, 2014 12:34:27 AM org.glassfish.jersey.server.ApplicationHandler initialize
INFO: Initiating Jersey application, version Jersey: 2.4.1 2013-11-08 12:08:47...
feb 01, 2014 12:34:27 AM org.apache.catalina.core.StandardContext reload
INFO: Reloading Context with name [/petClinic] is completed
feb 01, 2014 12:34:41 AM org.apache.catalina.core.StandardContext reload
INFO: Reloading Context with name [/petClinic] has started
feb 01, 2014 12:34:41 AM org.apache.catalina.loader.WebappClassLoader clearReferencesJdbc
SEVERE: The web application [/petClinic] registered the JDBC driver [org.h2.Driver] but failed to unregister it when the web application was stopped. To prevent a memory leak, the JDBC Driver has been forcibly unregistered.
feb 01, 2014 12:34:42 AM org.apache.catalina.loader.WebappClassLoader validateJarFile
INFO: validateJarFile(/Users/Studio/Dropbox/Pet Clinic Project/petClinic/target/petClinic - 0.0.1-SNAPSHOT/WEB-INF/lib/servlet-api-2.5.jar) - jar not loaded. See Servlet Spec 2.3, section 9.7.2. Offending class: javax/servlet/Servlet.class
feb 01, 2014 12:34:46 AM org.glassfish.jersey.server.ApplicationHandler initialize
INFO: Initiating Jersey application, version Jersey: 2.4.1 2013-11-08 12:08:47...
feb 01, 2014 12:34:46 AM org.apache.catalina.core.StandardContext reload
INFO: Reloading Context with name [/petClinic] is completed
feb 01, 2014 12:34:54 AM org.apache.catalina.core.StandardContext reload
INFO: Reloading Context with name [/petClinic] has started
feb 01, 2014 12:34:54 AM org.apache.catalina.loader.WebappClassLoader clearReferencesJdbc
SEVERE: The web application [/petClinic] registered the JDBC driver [org.h2.Driver] but failed to unregister it when the web application was stopped. To prevent a memory leak, the JDBC Driver has been forcibly unregistered.
feb 01, 2014 12:34:55 AM org.apache.catalina.loader.WebappClassLoader validateJarFile
INFO: validateJarFile(/Users/Studio/Dropbox/Pet Clinic Project/petClinic/target/petClinic - 0.0.1-SNAPSHOT/WEB-INF/lib/servlet-api-2.5.jar) - jar not loaded. See Servlet Spec 2.3, section 9.7.2. Offending class: javax/servlet/Servlet.class
feb 01, 2014 12:34:58 AM org.glassfish.jersey.server.ApplicationHandler initialize
INFO: Initiating Jersey application, version Jersey: 2.4.1 2013-11-08 12:08:47...
feb 01, 2014 12:34:59 AM org.apache.catalina.core.StandardContext reload
INFO: Reloading Context with name [/petClinic] is completed
feb 01, 2014 12:35:12 AM org.apache.catalina.core.StandardContext reload
INFO: Reloading Context with name [/petClinic] has started
feb 01, 2014 12:35:12 AM org.apache.catalina.loader.WebappClassLoader clearReferencesJdbc
SEVERE: The web application [/petClinic] registered the JDBC driver [org.h2.Driver] but failed to unregister it when the web application was stopped. To prevent a memory leak, the JDBC Driver has been forcibly unregistered.
feb 01, 2014 12:35:12 AM org.apache.catalina.loader.WebappClassLoader validateJarFile
INFO: validateJarFile(/Users/Studio/Dropbox/Pet Clinic Project/petClinic/target/petClinic - 0.0.1-SNAPSHOT/WEB-INF/lib/servlet-api-2.5.jar) - jar not loaded. See Servlet Spec 2.3, section 9.7.2. Offending class: javax/servlet/Servlet.class
feb 01, 2014 12:35:17 AM org.glassfish.jersey.server.ApplicationHandler initialize
INFO: Initiating Jersey application, version Jersey: 2.4.1 2013-11-08 12:08:47...
feb 01, 2014 12:35:17 AM org.apache.catalina.core.StandardContext reload
INFO: Reloading Context with name [/petClinic] is completed
feb 01, 2014 12:35:17 AM org.apache.catalina.core.StandardContext reload
INFO: Reloading Context with name [/petClinic] has started
feb 01, 2014 12:35:17 AM org.apache.catalina.loader.WebappClassLoader clearReferencesJdbc
SEVERE: The web application [/petClinic] registered the JDBC driver [org.h2.Driver] but failed to unregister it when the web application was stopped. To prevent a memory leak, the JDBC Driver has been forcibly unregistered.
feb 01, 2014 12:35:18 AM org.apache.catalina.loader.WebappClassLoader validateJarFile
INFO: validateJarFile(/Users/Studio/Dropbox/Pet Clinic Project/petClinic/target/petClinic - 0.0.1-SNAPSHOT/WEB-INF/lib/servlet-api-2.5.jar) - jar not loaded. See Servlet Spec 2.3, section 9.7.2. Offending class: javax/servlet/Servlet.class
feb 01, 2014 12:35:22 AM org.glassfish.jersey.server.ApplicationHandler initialize
INFO: Initiating Jersey application, version Jersey: 2.4.1 2013-11-08 12:08:47...
feb 01, 2014 12:35:22 AM org.apache.catalina.core.StandardContext reload
INFO: Reloading Context with name [/petClinic] is completed
feb 01, 2014 12:35:54 AM org.apache.catalina.core.StandardContext reload
INFO: Reloading Context with name [/petClinic] has started
feb 01, 2014 12:35:54 AM org.apache.catalina.loader.WebappClassLoader clearReferencesJdbc
SEVERE: The web application [/petClinic] registered the JDBC driver [org.h2.Driver] but failed to unregister it when the web application was stopped. To prevent a memory leak, the JDBC Driver has been forcibly unregistered.
feb 01, 2014 12:35:54 AM org.apache.catalina.loader.WebappClassLoader validateJarFile
INFO: validateJarFile(/Users/Studio/Dropbox/Pet Clinic Project/petClinic/target/petClinic - 0.0.1-SNAPSHOT/WEB-INF/lib/servlet-api-2.5.jar) - jar not loaded. See Servlet Spec 2.3, section 9.7.2. Offending class: javax/servlet/Servlet.class
feb 01, 2014 12:35:59 AM org.glassfish.jersey.server.ApplicationHandler initialize
INFO: Initiating Jersey application, version Jersey: 2.4.1 2013-11-08 12:08:47...
feb 01, 2014 12:35:59 AM org.apache.catalina.core.StandardContext reload
INFO: Reloading Context with name [/petClinic] is completed
feb 01, 2014 12:38:00 AM org.apache.catalina.core.StandardContext reload
INFO: Reloading Context with name [/petClinic] has started
feb 01, 2014 12:38:00 AM org.apache.catalina.loader.WebappClassLoader clearReferencesJdbc
SEVERE: The web application [/petClinic] registered the JDBC driver [org.h2.Driver] but failed to unregister it when the web application was stopped. To prevent a memory leak, the JDBC Driver has been forcibly unregistered.
feb 01, 2014 12:38:01 AM org.apache.catalina.loader.WebappClassLoader validateJarFile
INFO: validateJarFile(/Users/Studio/Dropbox/Pet Clinic Project/petClinic/target/petClinic - 0.0.1-SNAPSHOT/WEB-INF/lib/servlet-api-2.5.jar) - jar not loaded. See Servlet Spec 2.3, section 9.7.2. Offending class: javax/servlet/Servlet.class
feb 01, 2014 12:38:18 AM org.glassfish.jersey.server.ApplicationHandler initialize
INFO: Initiating Jersey application, version Jersey: 2.4.1 2013-11-08 12:08:47...
feb 01, 2014 12:38:18 AM org.apache.catalina.core.StandardContext reload
INFO: Reloading Context with name [/petClinic] is completed
feb 01, 2014 12:38:18 AM org.apache.catalina.core.StandardContext reload
INFO: Reloading Context with name [/petClinic] has started
feb 01, 2014 12:38:18 AM org.apache.catalina.loader.WebappClassLoader clearReferencesJdbc
SEVERE: The web application [/petClinic] registered the JDBC driver [org.h2.Driver] but failed to unregister it when the web application was stopped. To prevent a memory leak, the JDBC Driver has been forcibly unregistered.
feb 01, 2014 12:38:19 AM org.apache.catalina.loader.WebappClassLoader validateJarFile
INFO: validateJarFile(/Users/Studio/Dropbox/Pet Clinic Project/petClinic/target/petClinic - 0.0.1-SNAPSHOT/WEB-INF/lib/servlet-api-2.5.jar) - jar not loaded. See Servlet Spec 2.3, section 9.7.2. Offending class: javax/servlet/Servlet.class
feb 01, 2014 12:38:28 AM org.glassfish.jersey.server.ApplicationHandler initialize
INFO: Initiating Jersey application, version Jersey: 2.4.1 2013-11-08 12:08:47...
feb 01, 2014 12:38:28 AM org.apache.catalina.core.StandardContext reload
INFO: Reloading Context with name [/petClinic] is completed
feb 01, 2014 12:38:28 AM org.apache.catalina.core.StandardContext reload
INFO: Reloading Context with name [/petClinic] has started
feb 01, 2014 12:38:28 AM org.apache.catalina.loader.WebappClassLoader clearReferencesJdbc
SEVERE: The web application [/petClinic] registered the JDBC driver [org.h2.Driver] but failed to unregister it when the web application was stopped. To prevent a memory leak, the JDBC Driver has been forcibly unregistered.
feb 01, 2014 12:38:29 AM org.apache.catalina.loader.WebappClassLoader validateJarFile
INFO: validateJarFile(/Users/Studio/Dropbox/Pet Clinic Project/petClinic/target/petClinic - 0.0.1-SNAPSHOT/WEB-INF/lib/servlet-api-2.5.jar) - jar not loaded. See Servlet Spec 2.3, section 9.7.2. Offending class: javax/servlet/Servlet.class
feb 01, 2014 12:38:37 AM org.glassfish.jersey.server.ApplicationHandler initialize
INFO: Initiating Jersey application, version Jersey: 2.4.1 2013-11-08 12:08:47...
feb 01, 2014 12:38:37 AM org.apache.catalina.core.StandardContext reload
INFO: Reloading Context with name [/petClinic] is completed
feb 01, 2014 12:39:29 AM org.apache.catalina.core.StandardContext reload
INFO: Reloading Context with name [/petClinic] has started
feb 01, 2014 12:39:29 AM org.apache.catalina.loader.WebappClassLoader clearReferencesJdbc
SEVERE: The web application [/petClinic] registered the JDBC driver [org.h2.Driver] but failed to unregister it when the web application was stopped. To prevent a memory leak, the JDBC Driver has been forcibly unregistered.
feb 01, 2014 12:39:29 AM org.apache.catalina.loader.WebappClassLoader validateJarFile
INFO: validateJarFile(/Users/Studio/Dropbox/Pet Clinic Project/petClinic/target/petClinic - 0.0.1-SNAPSHOT/WEB-INF/lib/servlet-api-2.5.jar) - jar not loaded. See Servlet Spec 2.3, section 9.7.2. Offending class: javax/servlet/Servlet.class
feb 01, 2014 12:39:34 AM org.glassfish.jersey.server.ApplicationHandler initialize
INFO: Initiating Jersey application, version Jersey: 2.4.1 2013-11-08 12:08:47...
feb 01, 2014 12:39:34 AM org.apache.catalina.core.StandardContext reload
INFO: Reloading Context with name [/petClinic] is completed
feb 01, 2014 12:40:09 AM org.apache.catalina.core.StandardContext reload
INFO: Reloading Context with name [/petClinic] has started
feb 01, 2014 12:40:09 AM org.apache.catalina.loader.WebappClassLoader clearReferencesJdbc
SEVERE: The web application [/petClinic] registered the JDBC driver [org.h2.Driver] but failed to unregister it when the web application was stopped. To prevent a memory leak, the JDBC Driver has been forcibly unregistered.
feb 01, 2014 12:40:09 AM org.apache.catalina.loader.WebappClassLoader validateJarFile
INFO: validateJarFile(/Users/Studio/Dropbox/Pet Clinic Project/petClinic/target/petClinic - 0.0.1-SNAPSHOT/WEB-INF/lib/servlet-api-2.5.jar) - jar not loaded. See Servlet Spec 2.3, section 9.7.2. Offending class: javax/servlet/Servlet.class
feb 01, 2014 12:40:13 AM org.glassfish.jersey.server.ApplicationHandler initialize
INFO: Initiating Jersey application, version Jersey: 2.4.1 2013-11-08 12:08:47...
feb 01, 2014 12:40:14 AM org.apache.catalina.core.StandardContext reload
INFO: Reloading Context with name [/petClinic] is completed
feb 01, 2014 12:41:28 AM org.apache.catalina.core.StandardContext reload
INFO: Reloading Context with name [/petClinic] has started
feb 01, 2014 12:41:29 AM org.apache.catalina.loader.WebappClassLoader clearReferencesJdbc
SEVERE: The web application [/petClinic] registered the JDBC driver [org.h2.Driver] but failed to unregister it when the web application was stopped. To prevent a memory leak, the JDBC Driver has been forcibly unregistered.
feb 01, 2014 12:41:29 AM org.apache.catalina.loader.WebappClassLoader validateJarFile
INFO: validateJarFile(/Users/Studio/Dropbox/Pet Clinic Project/petClinic/target/petClinic - 0.0.1-SNAPSHOT/WEB-INF/lib/servlet-api-2.5.jar) - jar not loaded. See Servlet Spec 2.3, section 9.7.2. Offending class: javax/servlet/Servlet.class
feb 01, 2014 12:41:40 AM org.glassfish.jersey.server.ApplicationHandler initialize
INFO: Initiating Jersey application, version Jersey: 2.4.1 2013-11-08 12:08:47...
feb 01, 2014 12:41:40 AM org.apache.catalina.core.StandardContext reload
INFO: Reloading Context with name [/petClinic] is completed
feb 01, 2014 2:00:42 PM org.apache.catalina.startup.HostConfig checkResources
INFO: Reloading context [/petClinic]
feb 01, 2014 2:00:42 PM org.apache.catalina.core.StandardContext reload
INFO: Reloading Context with name [/petClinic] has started
feb 01, 2014 2:00:45 PM org.apache.catalina.loader.WebappClassLoader clearReferencesJdbc
SEVERE: The web application [/petClinic] registered the JDBC driver [org.h2.Driver] but failed to unregister it when the web application was stopped. To prevent a memory leak, the JDBC Driver has been forcibly unregistered.
feb 01, 2014 2:00:46 PM org.apache.catalina.loader.WebappClassLoader validateJarFile
INFO: validateJarFile(/Users/Studio/Dropbox/Pet Clinic Project/petClinic/target/petClinic - 0.0.1-SNAPSHOT/WEB-INF/lib/servlet-api-2.5.jar) - jar not loaded. See Servlet Spec 2.3, section 9.7.2. Offending class: javax/servlet/Servlet.class
feb 01, 2014 2:00:57 PM org.glassfish.jersey.server.ApplicationHandler initialize
INFO: Initiating Jersey application, version Jersey: 2.4.1 2013-11-08 12:08:47...
feb 01, 2014 2:00:58 PM org.apache.catalina.core.StandardContext reload
INFO: Reloading Context with name [/petClinic] is completed
feb 01, 2014 2:00:58 PM org.apache.catalina.loader.WebappClassLoader clearReferencesJdbc
SEVERE: The web application [/petClinic] registered the JDBC driver [org.h2.Driver] but failed to unregister it when the web application was stopped. To prevent a memory leak, the JDBC Driver has been forcibly unregistered.
feb 01, 2014 2:00:58 PM org.apache.catalina.loader.WebappClassLoader checkThreadLocalMapForLeaks
SEVERE: The web application [/petClinic] created a ThreadLocal with key of type [java.lang.ThreadLocal] (value [java.lang.ThreadLocal@7d59e8ee]) and a value of type [org.hibernate.internal.SessionFactoryImpl] (value [org.hibernate.internal.SessionFactoryImpl@edf9b1c]) but failed to remove it when the web application was stopped. Threads are going to be renewed over time to try and avoid a probable memory leak.
feb 01, 2014 2:00:58 PM org.apache.catalina.loader.WebappClassLoader validateJarFile
INFO: validateJarFile(/Users/Studio/Dropbox/Pet Clinic Project/petClinic/target/petClinic - 0.0.1-SNAPSHOT/WEB-INF/lib/servlet-api-2.5.jar) - jar not loaded. See Servlet Spec 2.3, section 9.7.2. Offending class: javax/servlet/Servlet.class
feb 01, 2014 2:01:02 PM org.glassfish.jersey.server.ApplicationHandler initialize
INFO: Initiating Jersey application, version Jersey: 2.4.1 2013-11-08 12:08:47...
feb 01, 2014 2:02:01 PM org.apache.catalina.core.StandardContext reload
INFO: Reloading Context with name [/petClinic] has started
feb 01, 2014 2:02:01 PM org.apache.catalina.loader.WebappClassLoader clearReferencesJdbc
SEVERE: The web application [/petClinic] registered the JDBC driver [org.h2.Driver] but failed to unregister it when the web application was stopped. To prevent a memory leak, the JDBC Driver has been forcibly unregistered.
feb 01, 2014 2:02:01 PM org.apache.catalina.loader.WebappClassLoader validateJarFile
INFO: validateJarFile(/Users/Studio/Dropbox/Pet Clinic Project/petClinic/target/petClinic - 0.0.1-SNAPSHOT/WEB-INF/lib/servlet-api-2.5.jar) - jar not loaded. See Servlet Spec 2.3, section 9.7.2. Offending class: javax/servlet/Servlet.class
feb 01, 2014 2:02:05 PM org.glassfish.jersey.server.ApplicationHandler initialize
INFO: Initiating Jersey application, version Jersey: 2.4.1 2013-11-08 12:08:47...
feb 01, 2014 2:02:06 PM org.apache.catalina.core.StandardContext reload
INFO: Reloading Context with name [/petClinic] is completed
feb 01, 2014 2:03:21 PM org.apache.catalina.core.StandardContext reload
INFO: Reloading Context with name [/petClinic] has started
feb 01, 2014 2:03:21 PM org.apache.catalina.loader.WebappClassLoader clearReferencesJdbc
SEVERE: The web application [/petClinic] registered the JDBC driver [org.h2.Driver] but failed to unregister it when the web application was stopped. To prevent a memory leak, the JDBC Driver has been forcibly unregistered.
feb 01, 2014 2:03:21 PM org.apache.catalina.loader.WebappClassLoader validateJarFile
INFO: validateJarFile(/Users/Studio/Dropbox/Pet Clinic Project/petClinic/target/petClinic - 0.0.1-SNAPSHOT/WEB-INF/lib/servlet-api-2.5.jar) - jar not loaded. See Servlet Spec 2.3, section 9.7.2. Offending class: javax/servlet/Servlet.class
feb 01, 2014 2:03:25 PM org.glassfish.jersey.server.ApplicationHandler initialize
INFO: Initiating Jersey application, version Jersey: 2.4.1 2013-11-08 12:08:47...
feb 01, 2014 2:03:25 PM org.apache.catalina.core.StandardContext reload
INFO: Reloading Context with name [/petClinic] is completed
feb 01, 2014 2:03:30 PM org.apache.catalina.core.StandardContext reload
INFO: Reloading Context with name [/petClinic] has started
feb 01, 2014 2:03:30 PM org.apache.catalina.loader.WebappClassLoader clearReferencesJdbc
SEVERE: The web application [/petClinic] registered the JDBC driver [org.h2.Driver] but failed to unregister it when the web application was stopped. To prevent a memory leak, the JDBC Driver has been forcibly unregistered.
feb 01, 2014 2:03:31 PM org.apache.catalina.loader.WebappClassLoader validateJarFile
INFO: validateJarFile(/Users/Studio/Dropbox/Pet Clinic Project/petClinic/target/petClinic - 0.0.1-SNAPSHOT/WEB-INF/lib/servlet-api-2.5.jar) - jar not loaded. See Servlet Spec 2.3, section 9.7.2. Offending class: javax/servlet/Servlet.class
feb 01, 2014 2:03:35 PM org.glassfish.jersey.server.ApplicationHandler initialize
INFO: Initiating Jersey application, version Jersey: 2.4.1 2013-11-08 12:08:47...
feb 01, 2014 2:03:35 PM org.apache.catalina.core.StandardContext reload
INFO: Reloading Context with name [/petClinic] is completed
feb 01, 2014 2:04:08 PM org.apache.catalina.core.StandardContext reload
INFO: Reloading Context with name [/petClinic] has started
feb 01, 2014 2:04:08 PM org.apache.catalina.loader.WebappClassLoader clearReferencesJdbc
SEVERE: The web application [/petClinic] registered the JDBC driver [org.h2.Driver] but failed to unregister it when the web application was stopped. To prevent a memory leak, the JDBC Driver has been forcibly unregistered.
feb 01, 2014 2:04:08 PM org.apache.catalina.loader.WebappClassLoader validateJarFile
INFO: validateJarFile(/Users/Studio/Dropbox/Pet Clinic Project/petClinic/target/petClinic - 0.0.1-SNAPSHOT/WEB-INF/lib/servlet-api-2.5.jar) - jar not loaded. See Servlet Spec 2.3, section 9.7.2. Offending class: javax/servlet/Servlet.class
feb 01, 2014 2:04:12 PM org.glassfish.jersey.server.ApplicationHandler initialize
INFO: Initiating Jersey application, version Jersey: 2.4.1 2013-11-08 12:08:47...
feb 01, 2014 2:04:13 PM org.apache.catalina.core.StandardContext reload
INFO: Reloading Context with name [/petClinic] is completed
feb 01, 2014 2:20:27 PM org.apache.catalina.core.StandardContext reload
INFO: Reloading Context with name [/petClinic] has started
feb 01, 2014 2:20:27 PM org.apache.catalina.loader.WebappClassLoader clearReferencesJdbc
SEVERE: The web application [/petClinic] registered the JDBC driver [org.h2.Driver] but failed to unregister it when the web application was stopped. To prevent a memory leak, the JDBC Driver has been forcibly unregistered.
feb 01, 2014 2:20:28 PM org.apache.catalina.loader.WebappClassLoader validateJarFile
INFO: validateJarFile(/Users/Studio/Dropbox/Pet Clinic Project/petClinic/target/petClinic - 0.0.1-SNAPSHOT/WEB-INF/lib/servlet-api-2.5.jar) - jar not loaded. See Servlet Spec 2.3, section 9.7.2. Offending class: javax/servlet/Servlet.class
feb 01, 2014 2:20:33 PM org.glassfish.jersey.server.ApplicationHandler initialize
INFO: Initiating Jersey application, version Jersey: 2.4.1 2013-11-08 12:08:47...
feb 01, 2014 2:20:33 PM org.apache.catalina.core.StandardContext reload
INFO: Reloading Context with name [/petClinic] is completed
feb 01, 2014 2:22:13 PM org.apache.catalina.core.StandardContext reload
INFO: Reloading Context with name [/petClinic] has started
feb 01, 2014 2:22:13 PM org.apache.catalina.loader.WebappClassLoader clearReferencesJdbc
SEVERE: The web application [/petClinic] registered the JDBC driver [org.h2.Driver] but failed to unregister it when the web application was stopped. To prevent a memory leak, the JDBC Driver has been forcibly unregistered.
feb 01, 2014 2:22:14 PM org.apache.catalina.loader.WebappClassLoader validateJarFile
INFO: validateJarFile(/Users/Studio/Dropbox/Pet Clinic Project/petClinic/target/petClinic - 0.0.1-SNAPSHOT/WEB-INF/lib/servlet-api-2.5.jar) - jar not loaded. See Servlet Spec 2.3, section 9.7.2. Offending class: javax/servlet/Servlet.class
feb 01, 2014 2:22:18 PM org.glassfish.jersey.server.ApplicationHandler initialize
INFO: Initiating Jersey application, version Jersey: 2.4.1 2013-11-08 12:08:47...
feb 01, 2014 2:22:18 PM org.apache.catalina.core.StandardContext reload
INFO: Reloading Context with name [/petClinic] is completed
feb 01, 2014 2:22:18 PM org.apache.catalina.core.StandardContext reload
INFO: Reloading Context with name [/petClinic] has started
feb 01, 2014 2:22:18 PM org.apache.catalina.loader.WebappClassLoader clearReferencesJdbc
SEVERE: The web application [/petClinic] registered the JDBC driver [org.h2.Driver] but failed to unregister it when the web application was stopped. To prevent a memory leak, the JDBC Driver has been forcibly unregistered.
feb 01, 2014 2:22:18 PM org.apache.catalina.loader.WebappClassLoader validateJarFile
INFO: validateJarFile(/Users/Studio/Dropbox/Pet Clinic Project/petClinic/target/petClinic - 0.0.1-SNAPSHOT/WEB-INF/lib/servlet-api-2.5.jar) - jar not loaded. See Servlet Spec 2.3, section 9.7.2. Offending class: javax/servlet/Servlet.class
feb 01, 2014 2:22:23 PM org.glassfish.jersey.server.ApplicationHandler initialize
INFO: Initiating Jersey application, version Jersey: 2.4.1 2013-11-08 12:08:47...
feb 01, 2014 2:22:23 PM org.apache.catalina.core.StandardContext reload
INFO: Reloading Context with name [/petClinic] is completed
feb 01, 2014 2:22:27 PM org.apache.catalina.core.StandardContext reload
INFO: Reloading Context with name [/petClinic] has started
feb 01, 2014 2:22:27 PM org.apache.catalina.loader.WebappClassLoader clearReferencesJdbc
SEVERE: The web application [/petClinic] registered the JDBC driver [org.h2.Driver] but failed to unregister it when the web application was stopped. To prevent a memory leak, the JDBC Driver has been forcibly unregistered.
feb 01, 2014 2:22:28 PM org.apache.catalina.loader.WebappClassLoader validateJarFile
INFO: validateJarFile(/Users/Studio/Dropbox/Pet Clinic Project/petClinic/target/petClinic - 0.0.1-SNAPSHOT/WEB-INF/lib/servlet-api-2.5.jar) - jar not loaded. See Servlet Spec 2.3, section 9.7.2. Offending class: javax/servlet/Servlet.class
feb 01, 2014 2:22:32 PM org.glassfish.jersey.server.ApplicationHandler initialize
INFO: Initiating Jersey application, version Jersey: 2.4.1 2013-11-08 12:08:47...
feb 01, 2014 2:22:33 PM org.apache.catalina.core.StandardContext reload
INFO: Reloading Context with name [/petClinic] is completed
feb 01, 2014 2:22:58 PM org.apache.catalina.loader.WebappClassLoader clearReferencesJdbc
SEVERE: The web application [/petClinic] registered the JDBC driver [org.h2.Driver] but failed to unregister it when the web application was stopped. To prevent a memory leak, the JDBC Driver has been forcibly unregistered.
feb 01, 2014 2:22:59 PM org.apache.catalina.startup.HostConfig deleteRedeployResources
INFO: Undeploying context [/petClinic]
feb 01, 2014 2:22:59 PM org.apache.catalina.startup.HostConfig deployDescriptor
INFO: Deploying configuration descriptor /Users/Studio/Dropbox/Pet Clinic Project/apache-tomcat-7.0.47/conf/Catalina/localhost/petClinic.xml
feb 01, 2014 2:22:59 PM org.apache.catalina.loader.WebappClassLoader validateJarFile
INFO: validateJarFile(/Users/Studio/Dropbox/Pet Clinic Project/petClinic/target/petClinic - 0.0.1-SNAPSHOT/WEB-INF/lib/servlet-api-2.5.jar) - jar not loaded. See Servlet Spec 2.3, section 9.7.2. Offending class: javax/servlet/Servlet.class
feb 01, 2014 2:23:03 PM org.glassfish.jersey.server.ApplicationHandler initialize
INFO: Initiating Jersey application, version Jersey: 2.4.1 2013-11-08 12:08:47...
feb 01, 2014 2:23:04 PM org.apache.catalina.util.LifecycleBase start
INFO: The start() method was called on component [StandardEngine[Catalina].StandardHost[localhost].StandardContext[/petClinic]] after start() had already been called. The second call will be ignored.
feb 01, 2014 2:23:48 PM org.apache.catalina.core.StandardContext reload
INFO: Reloading Context with name [/petClinic] has started
feb 01, 2014 2:23:48 PM org.apache.catalina.loader.WebappClassLoader clearReferencesJdbc
SEVERE: The web application [/petClinic] registered the JDBC driver [org.h2.Driver] but failed to unregister it when the web application was stopped. To prevent a memory leak, the JDBC Driver has been forcibly unregistered.
feb 01, 2014 2:23:48 PM org.apache.catalina.loader.WebappClassLoader validateJarFile
INFO: validateJarFile(/Users/Studio/Dropbox/Pet Clinic Project/petClinic/target/petClinic - 0.0.1-SNAPSHOT/WEB-INF/lib/servlet-api-2.5.jar) - jar not loaded. See Servlet Spec 2.3, section 9.7.2. Offending class: javax/servlet/Servlet.class
feb 01, 2014 2:23:52 PM org.glassfish.jersey.server.ApplicationHandler initialize
INFO: Initiating Jersey application, version Jersey: 2.4.1 2013-11-08 12:08:47...
feb 01, 2014 2:23:53 PM org.apache.catalina.core.StandardContext reload
INFO: Reloading Context with name [/petClinic] is completed
feb 01, 2014 2:23:53 PM org.apache.catalina.core.StandardContext reload
INFO: Reloading Context with name [/petClinic] has started
feb 01, 2014 2:23:53 PM org.apache.catalina.loader.WebappClassLoader clearReferencesJdbc
SEVERE: The web application [/petClinic] registered the JDBC driver [org.h2.Driver] but failed to unregister it when the web application was stopped. To prevent a memory leak, the JDBC Driver has been forcibly unregistered.
feb 01, 2014 2:23:53 PM org.apache.catalina.loader.WebappClassLoader validateJarFile
INFO: validateJarFile(/Users/Studio/Dropbox/Pet Clinic Project/petClinic/target/petClinic - 0.0.1-SNAPSHOT/WEB-INF/lib/servlet-api-2.5.jar) - jar not loaded. See Servlet Spec 2.3, section 9.7.2. Offending class: javax/servlet/Servlet.class
feb 01, 2014 2:23:57 PM org.glassfish.jersey.server.ApplicationHandler initialize
INFO: Initiating Jersey application, version Jersey: 2.4.1 2013-11-08 12:08:47...
feb 01, 2014 2:23:58 PM org.apache.catalina.core.StandardContext reload
INFO: Reloading Context with name [/petClinic] is completed
feb 01, 2014 2:24:00 PM org.apache.catalina.core.StandardContext reload
INFO: Reloading Context with name [/petClinic] has started
feb 01, 2014 2:24:01 PM org.apache.catalina.loader.WebappClassLoader clearReferencesJdbc
SEVERE: The web application [/petClinic] registered the JDBC driver [org.h2.Driver] but failed to unregister it when the web application was stopped. To prevent a memory leak, the JDBC Driver has been forcibly unregistered.
feb 01, 2014 2:24:01 PM org.apache.catalina.loader.WebappClassLoader validateJarFile
INFO: validateJarFile(/Users/Studio/Dropbox/Pet Clinic Project/petClinic/target/petClinic - 0.0.1-SNAPSHOT/WEB-INF/lib/servlet-api-2.5.jar) - jar not loaded. See Servlet Spec 2.3, section 9.7.2. Offending class: javax/servlet/Servlet.class
feb 01, 2014 2:24:05 PM org.glassfish.jersey.server.ApplicationHandler initialize
INFO: Initiating Jersey application, version Jersey: 2.4.1 2013-11-08 12:08:47...
feb 01, 2014 2:24:05 PM org.apache.catalina.core.StandardContext reload
INFO: Reloading Context with name [/petClinic] is completed
feb 01, 2014 2:24:05 PM org.apache.catalina.core.StandardContext reload
INFO: Reloading Context with name [/petClinic] has started
feb 01, 2014 2:24:05 PM org.apache.catalina.loader.WebappClassLoader clearReferencesJdbc
SEVERE: The web application [/petClinic] registered the JDBC driver [org.h2.Driver] but failed to unregister it when the web application was stopped. To prevent a memory leak, the JDBC Driver has been forcibly unregistered.
feb 01, 2014 2:24:06 PM org.apache.catalina.loader.WebappClassLoader validateJarFile
INFO: validateJarFile(/Users/Studio/Dropbox/Pet Clinic Project/petClinic/target/petClinic - 0.0.1-SNAPSHOT/WEB-INF/lib/servlet-api-2.5.jar) - jar not loaded. See Servlet Spec 2.3, section 9.7.2. Offending class: javax/servlet/Servlet.class
feb 01, 2014 2:24:10 PM org.glassfish.jersey.server.ApplicationHandler initialize
INFO: Initiating Jersey application, version Jersey: 2.4.1 2013-11-08 12:08:47...
feb 01, 2014 2:24:10 PM org.apache.catalina.core.StandardContext reload
INFO: Reloading Context with name [/petClinic] is completed
feb 01, 2014 2:27:24 PM org.apache.catalina.core.StandardContext reload
INFO: Reloading Context with name [/petClinic] has started
feb 01, 2014 2:27:24 PM org.apache.catalina.loader.WebappClassLoader clearReferencesJdbc
SEVERE: The web application [/petClinic] registered the JDBC driver [org.h2.Driver] but failed to unregister it when the web application was stopped. To prevent a memory leak, the JDBC Driver has been forcibly unregistered.
feb 01, 2014 2:27:24 PM org.apache.catalina.loader.WebappClassLoader validateJarFile
INFO: validateJarFile(/Users/Studio/Dropbox/Pet Clinic Project/petClinic/target/petClinic - 0.0.1-SNAPSHOT/WEB-INF/lib/servlet-api-2.5.jar) - jar not loaded. See Servlet Spec 2.3, section 9.7.2. Offending class: javax/servlet/Servlet.class
feb 01, 2014 2:27:28 PM org.glassfish.jersey.server.ApplicationHandler initialize
INFO: Initiating Jersey application, version Jersey: 2.4.1 2013-11-08 12:08:47...
feb 01, 2014 2:27:29 PM org.apache.catalina.core.StandardContext reload
INFO: Reloading Context with name [/petClinic] is completed
feb 01, 2014 2:30:24 PM org.apache.catalina.core.StandardContext reload
INFO: Reloading Context with name [/petClinic] has started
feb 01, 2014 2:30:24 PM org.apache.catalina.loader.WebappClassLoader clearReferencesJdbc
SEVERE: The web application [/petClinic] registered the JDBC driver [org.h2.Driver] but failed to unregister it when the web application was stopped. To prevent a memory leak, the JDBC Driver has been forcibly unregistered.
feb 01, 2014 2:30:24 PM org.apache.catalina.loader.WebappClassLoader validateJarFile
INFO: validateJarFile(/Users/Studio/Dropbox/Pet Clinic Project/petClinic/target/petClinic - 0.0.1-SNAPSHOT/WEB-INF/lib/servlet-api-2.5.jar) - jar not loaded. See Servlet Spec 2.3, section 9.7.2. Offending class: javax/servlet/Servlet.class
feb 01, 2014 2:30:28 PM org.glassfish.jersey.server.ApplicationHandler initialize
INFO: Initiating Jersey application, version Jersey: 2.4.1 2013-11-08 12:08:47...
feb 01, 2014 2:30:28 PM org.apache.catalina.core.StandardContext reload
INFO: Reloading Context with name [/petClinic] is completed
feb 01, 2014 2:33:19 PM org.apache.catalina.core.StandardContext reload
INFO: Reloading Context with name [/petClinic] has started
feb 01, 2014 2:33:19 PM org.apache.catalina.loader.WebappClassLoader clearReferencesJdbc
SEVERE: The web application [/petClinic] registered the JDBC driver [org.h2.Driver] but failed to unregister it when the web application was stopped. To prevent a memory leak, the JDBC Driver has been forcibly unregistered.
feb 01, 2014 2:33:19 PM org.apache.catalina.loader.WebappClassLoader validateJarFile
INFO: validateJarFile(/Users/Studio/Dropbox/Pet Clinic Project/petClinic/target/petClinic - 0.0.1-SNAPSHOT/WEB-INF/lib/servlet-api-2.5.jar) - jar not loaded. See Servlet Spec 2.3, section 9.7.2. Offending class: javax/servlet/Servlet.class
feb 01, 2014 2:33:23 PM org.glassfish.jersey.server.ApplicationHandler initialize
INFO: Initiating Jersey application, version Jersey: 2.4.1 2013-11-08 12:08:47...
feb 01, 2014 2:33:23 PM org.apache.catalina.core.StandardContext reload
INFO: Reloading Context with name [/petClinic] is completed
feb 01, 2014 2:33:31 PM org.apache.catalina.core.StandardContext reload
INFO: Reloading Context with name [/petClinic] has started
feb 01, 2014 2:33:31 PM org.apache.catalina.loader.WebappClassLoader clearReferencesJdbc
SEVERE: The web application [/petClinic] registered the JDBC driver [org.h2.Driver] but failed to unregister it when the web application was stopped. To prevent a memory leak, the JDBC Driver has been forcibly unregistered.
feb 01, 2014 2:33:32 PM org.apache.catalina.loader.WebappClassLoader validateJarFile
INFO: validateJarFile(/Users/Studio/Dropbox/Pet Clinic Project/petClinic/target/petClinic - 0.0.1-SNAPSHOT/WEB-INF/lib/servlet-api-2.5.jar) - jar not loaded. See Servlet Spec 2.3, section 9.7.2. Offending class: javax/servlet/Servlet.class
feb 01, 2014 2:33:36 PM org.glassfish.jersey.server.ApplicationHandler initialize
INFO: Initiating Jersey application, version Jersey: 2.4.1 2013-11-08 12:08:47...
feb 01, 2014 2:33:36 PM org.apache.catalina.core.StandardContext reload
INFO: Reloading Context with name [/petClinic] is completed
feb 01, 2014 2:34:50 PM org.apache.catalina.core.StandardContext reload
INFO: Reloading Context with name [/petClinic] has started
feb 01, 2014 2:34:50 PM org.apache.catalina.loader.WebappClassLoader clearReferencesJdbc
SEVERE: The web application [/petClinic] registered the JDBC driver [org.h2.Driver] but failed to unregister it when the web application was stopped. To prevent a memory leak, the JDBC Driver has been forcibly unregistered.
feb 01, 2014 2:34:50 PM org.apache.catalina.loader.WebappClassLoader validateJarFile
INFO: validateJarFile(/Users/Studio/Dropbox/Pet Clinic Project/petClinic/target/petClinic - 0.0.1-SNAPSHOT/WEB-INF/lib/servlet-api-2.5.jar) - jar not loaded. See Servlet Spec 2.3, section 9.7.2. Offending class: javax/servlet/Servlet.class
feb 01, 2014 2:34:54 PM org.glassfish.jersey.server.ApplicationHandler initialize
INFO: Initiating Jersey application, version Jersey: 2.4.1 2013-11-08 12:08:47...
feb 01, 2014 2:34:55 PM org.apache.catalina.core.StandardContext reload
INFO: Reloading Context with name [/petClinic] is completed
feb 01, 2014 2:35:32 PM org.apache.catalina.core.StandardContext reload
INFO: Reloading Context with name [/petClinic] has started
feb 01, 2014 2:35:32 PM org.apache.catalina.loader.WebappClassLoader clearReferencesJdbc
SEVERE: The web application [/petClinic] registered the JDBC driver [org.h2.Driver] but failed to unregister it when the web application was stopped. To prevent a memory leak, the JDBC Driver has been forcibly unregistered.
feb 01, 2014 2:35:33 PM org.apache.catalina.loader.WebappClassLoader validateJarFile
INFO: validateJarFile(/Users/Studio/Dropbox/Pet Clinic Project/petClinic/target/petClinic - 0.0.1-SNAPSHOT/WEB-INF/lib/servlet-api-2.5.jar) - jar not loaded. See Servlet Spec 2.3, section 9.7.2. Offending class: javax/servlet/Servlet.class
feb 01, 2014 2:35:37 PM org.glassfish.jersey.server.ApplicationHandler initialize
INFO: Initiating Jersey application, version Jersey: 2.4.1 2013-11-08 12:08:47...
feb 01, 2014 2:35:37 PM org.apache.catalina.core.StandardContext reload
INFO: Reloading Context with name [/petClinic] is completed
feb 01, 2014 2:38:42 PM org.apache.catalina.core.StandardContext reload
INFO: Reloading Context with name [/petClinic] has started
feb 01, 2014 2:38:42 PM org.apache.catalina.loader.WebappClassLoader clearReferencesJdbc
SEVERE: The web application [/petClinic] registered the JDBC driver [org.h2.Driver] but failed to unregister it when the web application was stopped. To prevent a memory leak, the JDBC Driver has been forcibly unregistered.
feb 01, 2014 2:38:43 PM org.apache.catalina.loader.WebappClassLoader validateJarFile
INFO: validateJarFile(/Users/Studio/Dropbox/Pet Clinic Project/petClinic/target/petClinic - 0.0.1-SNAPSHOT/WEB-INF/lib/servlet-api-2.5.jar) - jar not loaded. See Servlet Spec 2.3, section 9.7.2. Offending class: javax/servlet/Servlet.class
feb 01, 2014 2:38:47 PM org.glassfish.jersey.server.ApplicationHandler initialize
INFO: Initiating Jersey application, version Jersey: 2.4.1 2013-11-08 12:08:47...
feb 01, 2014 2:38:47 PM org.apache.catalina.core.StandardContext reload
INFO: Reloading Context with name [/petClinic] is completed
feb 01, 2014 2:42:08 PM org.apache.catalina.core.StandardContext reload
INFO: Reloading Context with name [/petClinic] has started
feb 01, 2014 2:42:08 PM org.apache.catalina.loader.WebappClassLoader clearReferencesJdbc
SEVERE: The web application [/petClinic] registered the JDBC driver [org.h2.Driver] but failed to unregister it when the web application was stopped. To prevent a memory leak, the JDBC Driver has been forcibly unregistered.
feb 01, 2014 2:42:08 PM org.apache.catalina.loader.WebappClassLoader validateJarFile
INFO: validateJarFile(/Users/Studio/Dropbox/Pet Clinic Project/petClinic/target/petClinic - 0.0.1-SNAPSHOT/WEB-INF/lib/servlet-api-2.5.jar) - jar not loaded. See Servlet Spec 2.3, section 9.7.2. Offending class: javax/servlet/Servlet.class
feb 01, 2014 2:42:12 PM org.glassfish.jersey.server.ApplicationHandler initialize
INFO: Initiating Jersey application, version Jersey: 2.4.1 2013-11-08 12:08:47...
feb 01, 2014 2:42:13 PM org.apache.catalina.core.StandardContext reload
INFO: Reloading Context with name [/petClinic] is completed
feb 01, 2014 2:42:21 PM org.apache.catalina.core.StandardContext reload
INFO: Reloading Context with name [/petClinic] has started
feb 01, 2014 2:42:21 PM org.apache.catalina.loader.WebappClassLoader clearReferencesJdbc
SEVERE: The web application [/petClinic] registered the JDBC driver [org.h2.Driver] but failed to unregister it when the web application was stopped. To prevent a memory leak, the JDBC Driver has been forcibly unregistered.
feb 01, 2014 2:42:21 PM org.apache.catalina.loader.WebappClassLoader validateJarFile
INFO: validateJarFile(/Users/Studio/Dropbox/Pet Clinic Project/petClinic/target/petClinic - 0.0.1-SNAPSHOT/WEB-INF/lib/servlet-api-2.5.jar) - jar not loaded. See Servlet Spec 2.3, section 9.7.2. Offending class: javax/servlet/Servlet.class
feb 01, 2014 2:42:25 PM org.glassfish.jersey.server.ApplicationHandler initialize
INFO: Initiating Jersey application, version Jersey: 2.4.1 2013-11-08 12:08:47...
feb 01, 2014 2:42:25 PM org.apache.catalina.core.StandardContext reload
INFO: Reloading Context with name [/petClinic] is completed
feb 01, 2014 2:44:12 PM org.apache.catalina.loader.WebappClassLoader clearReferencesJdbc
SEVERE: The web application [/petClinic] registered the JDBC driver [org.h2.Driver] but failed to unregister it when the web application was stopped. To prevent a memory leak, the JDBC Driver has been forcibly unregistered.
feb 01, 2014 2:44:13 PM org.apache.catalina.startup.HostConfig deleteRedeployResources
INFO: Undeploying context [/petClinic]
feb 01, 2014 4:38:03 PM org.apache.catalina.core.StandardServer await
INFO: A valid shutdown command was received via the shutdown port. Stopping the Server instance.
feb 01, 2014 4:38:03 PM org.apache.coyote.AbstractProtocol pause
INFO: Pausing ProtocolHandler ["http-bio-8080"]
feb 01, 2014 4:38:03 PM org.apache.coyote.AbstractProtocol pause
INFO: Pausing ProtocolHandler ["ajp-bio-8009"]
feb 01, 2014 4:38:04 PM org.apache.catalina.core.StandardService stopInternal
INFO: Stopping service Catalina
feb 01, 2014 4:38:04 PM org.apache.coyote.AbstractProtocol stop
INFO: Stopping ProtocolHandler ["http-bio-8080"]
feb 01, 2014 4:38:04 PM org.apache.coyote.AbstractProtocol stop
INFO: Stopping ProtocolHandler ["ajp-bio-8009"]
feb 01, 2014 4:38:04 PM org.apache.coyote.AbstractProtocol destroy
INFO: Destroying ProtocolHandler ["http-bio-8080"]
feb 01, 2014 4:38:04 PM org.apache.coyote.AbstractProtocol destroy
INFO: Destroying ProtocolHandler ["ajp-bio-8009"]
