feb 05, 2014 9:21:31 AM org.apache.catalina.core.AprLifecycleListener init
INFO: The APR based Apache Tomcat Native library which allows optimal performance in production environments was not found on the java.library.path: /Applications/NetBeans/NetBeans 7.4.app/Contents/Resources/NetBeans/webcommon/bin::/Users/jeansmits/Library/Java/Extensions:/Library/Java/Extensions:/Network/Library/Java/Extensions:/System/Library/Java/Extensions:/usr/lib/java:.
feb 05, 2014 9:21:32 AM org.apache.coyote.AbstractProtocol init
INFO: Initializing ProtocolHandler ["http-bio-8080"]
feb 05, 2014 9:21:32 AM org.apache.coyote.AbstractProtocol init
INFO: Initializing ProtocolHandler ["ajp-bio-8009"]
feb 05, 2014 9:21:32 AM org.apache.catalina.startup.Catalina load
INFO: Initialization processed in 2267 ms
feb 05, 2014 9:21:32 AM org.apache.catalina.core.StandardService startInternal
INFO: Starting service Catalina
feb 05, 2014 9:21:32 AM org.apache.catalina.core.StandardEngine startInternal
INFO: Starting Servlet Engine: Apache Tomcat/7.0.47
feb 05, 2014 9:21:32 AM org.apache.catalina.startup.HostConfig deployDescriptor
INFO: Deploying configuration descriptor /Users/jeansmits/Dropbox/Pet Clinic Project/apache-tomcat-7.0.47/conf/Catalina/localhost/petClinic.xml
feb 05, 2014 9:21:32 AM org.apache.catalina.core.StandardContext resourcesStart
SEVERE: Error starting static Resources
java.lang.IllegalArgumentException: Document base /Users/Studio/Dropbox/Pet Clinic Project/petClinic/target/petClinic - 0.0.1-SNAPSHOT does not exist or is not a readable directory
	at org.apache.naming.resources.FileDirContext.setDocBase(FileDirContext.java:138)
	at org.apache.catalina.core.StandardContext.resourcesStart(StandardContext.java:5055)
	at org.apache.catalina.core.StandardContext.startInternal(StandardContext.java:5235)
	at org.apache.catalina.util.LifecycleBase.start(LifecycleBase.java:150)
	at org.apache.catalina.core.ContainerBase.addChildInternal(ContainerBase.java:901)
	at org.apache.catalina.core.ContainerBase.addChild(ContainerBase.java:877)
	at org.apache.catalina.core.StandardHost.addChild(StandardHost.java:633)
	at org.apache.catalina.startup.HostConfig.deployDescriptor(HostConfig.java:663)
	at org.apache.catalina.startup.HostConfig$DeployDescriptor.run(HostConfig.java:1642)
	at java.util.concurrent.Executors$RunnableAdapter.call(Executors.java:471)
	at java.util.concurrent.FutureTask.run(FutureTask.java:262)
	at java.util.concurrent.ThreadPoolExecutor.runWorker(ThreadPoolExecutor.java:1145)
	at java.util.concurrent.ThreadPoolExecutor$Worker.run(ThreadPoolExecutor.java:615)
	at java.lang.Thread.run(Thread.java:744)

feb 05, 2014 9:21:32 AM org.apache.catalina.core.StandardContext startInternal
SEVERE: Error in resourceStart()
feb 05, 2014 9:21:33 AM org.apache.catalina.core.StandardContext startInternal
SEVERE: Error getConfigured
feb 05, 2014 9:21:33 AM org.apache.catalina.core.StandardContext startInternal
SEVERE: Context [/petClinic] startup failed due to previous errors
feb 05, 2014 9:21:33 AM org.apache.catalina.startup.HostConfig deployDirectory
INFO: Deploying web application directory /Users/jeansmits/Dropbox/Pet Clinic Project/apache-tomcat-7.0.47/webapps/docs
feb 05, 2014 9:21:34 AM org.apache.catalina.startup.HostConfig deployDirectory
INFO: Deploying web application directory /Users/jeansmits/Dropbox/Pet Clinic Project/apache-tomcat-7.0.47/webapps/examples
feb 05, 2014 9:21:35 AM org.apache.catalina.startup.HostConfig deployDirectory
INFO: Deploying web application directory /Users/jeansmits/Dropbox/Pet Clinic Project/apache-tomcat-7.0.47/webapps/host-manager
feb 05, 2014 9:21:35 AM org.apache.catalina.startup.HostConfig deployDirectory
INFO: Deploying web application directory /Users/jeansmits/Dropbox/Pet Clinic Project/apache-tomcat-7.0.47/webapps/manager
feb 05, 2014 9:21:35 AM org.apache.coyote.AbstractProtocol start
INFO: Starting ProtocolHandler ["http-bio-8080"]
feb 05, 2014 9:21:35 AM org.apache.coyote.AbstractProtocol start
INFO: Starting ProtocolHandler ["ajp-bio-8009"]
feb 05, 2014 9:21:35 AM org.apache.catalina.startup.Catalina start
INFO: Server startup in 3189 ms
feb 05, 2014 9:21:36 AM org.apache.catalina.util.LifecycleBase stop
INFO: The stop() method was called on component [StandardEngine[Catalina].StandardHost[localhost].StandardContext[/petClinic]] after stop() had already been called. The second call will be ignored.
feb 05, 2014 9:21:36 AM org.apache.catalina.startup.HostConfig deleteRedeployResources
INFO: Undeploying context [/petClinic]
feb 05, 2014 9:21:36 AM org.apache.catalina.startup.HostConfig deployDescriptor
INFO: Deploying configuration descriptor /Users/jeansmits/Dropbox/Pet Clinic Project/apache-tomcat-7.0.47/conf/Catalina/localhost/petClinic.xml
feb 05, 2014 9:21:37 AM org.apache.catalina.loader.WebappClassLoader validateJarFile
INFO: validateJarFile(/Users/jeansmits/Dropbox/Pet Clinic Project/petClinic/target/petClinic - 0.0.1-SNAPSHOT/WEB-INF/lib/servlet-api-2.5.jar) - jar not loaded. See Servlet Spec 2.3, section 9.7.2. Offending class: javax/servlet/Servlet.class
feb 05, 2014 9:21:55 AM org.glassfish.jersey.server.ApplicationHandler initialize
INFO: Initiating Jersey application, version Jersey: 2.4.1 2013-11-08 12:08:47...
feb 05, 2014 9:21:57 AM org.apache.catalina.util.LifecycleBase start
INFO: The start() method was called on component [StandardEngine[Catalina].StandardHost[localhost].StandardContext[/petClinic]] after start() had already been called. The second call will be ignored.
feb 05, 2014 11:26:53 AM org.apache.catalina.core.StandardContext reload
INFO: Reloading Context with name [/petClinic] has started
feb 05, 2014 11:26:54 AM org.apache.catalina.loader.WebappClassLoader clearReferencesJdbc
SEVERE: The web application [/petClinic] registered the JDBC driver [org.h2.Driver] but failed to unregister it when the web application was stopped. To prevent a memory leak, the JDBC Driver has been forcibly unregistered.
feb 05, 2014 11:26:54 AM org.apache.catalina.loader.WebappClassLoader checkThreadLocalMapForLeaks
SEVERE: The web application [/petClinic] created a ThreadLocal with key of type [java.lang.ThreadLocal] (value [java.lang.ThreadLocal@27855bf4]) and a value of type [org.hibernate.internal.SessionFactoryImpl] (value [org.hibernate.internal.SessionFactoryImpl@692ec047]) but failed to remove it when the web application was stopped. Threads are going to be renewed over time to try and avoid a probable memory leak.
feb 05, 2014 11:26:55 AM org.apache.catalina.loader.WebappClassLoader validateJarFile
INFO: validateJarFile(/Users/jeansmits/Dropbox/Pet Clinic Project/petClinic/target/petClinic - 0.0.1-SNAPSHOT/WEB-INF/lib/servlet-api-2.5.jar) - jar not loaded. See Servlet Spec 2.3, section 9.7.2. Offending class: javax/servlet/Servlet.class
feb 05, 2014 11:27:14 AM org.glassfish.jersey.server.ApplicationHandler initialize
INFO: Initiating Jersey application, version Jersey: 2.4.1 2013-11-08 12:08:47...
feb 05, 2014 11:27:15 AM org.apache.catalina.core.StandardContext reload
INFO: Reloading Context with name [/petClinic] is completed
feb 05, 2014 11:51:28 AM org.apache.catalina.core.StandardContext reload
INFO: Reloading Context with name [/petClinic] has started
feb 05, 2014 11:51:29 AM org.apache.catalina.loader.WebappClassLoader clearReferencesJdbc
SEVERE: The web application [/petClinic] registered the JDBC driver [org.h2.Driver] but failed to unregister it when the web application was stopped. To prevent a memory leak, the JDBC Driver has been forcibly unregistered.
feb 05, 2014 11:51:30 AM org.apache.catalina.loader.WebappClassLoader validateJarFile
INFO: validateJarFile(/Users/jeansmits/Dropbox/Pet Clinic Project/petClinic/target/petClinic - 0.0.1-SNAPSHOT/WEB-INF/lib/servlet-api-2.5.jar) - jar not loaded. See Servlet Spec 2.3, section 9.7.2. Offending class: javax/servlet/Servlet.class
feb 05, 2014 11:51:44 AM org.glassfish.jersey.server.ApplicationHandler initialize
INFO: Initiating Jersey application, version Jersey: 2.4.1 2013-11-08 12:08:47...
feb 05, 2014 11:51:45 AM org.apache.catalina.core.StandardContext reload
INFO: Reloading Context with name [/petClinic] is completed
feb 05, 2014 11:52:34 AM org.apache.catalina.core.StandardContext reload
INFO: Reloading Context with name [/petClinic] has started
feb 05, 2014 11:52:34 AM org.apache.catalina.loader.WebappClassLoader clearReferencesJdbc
SEVERE: The web application [/petClinic] registered the JDBC driver [org.h2.Driver] but failed to unregister it when the web application was stopped. To prevent a memory leak, the JDBC Driver has been forcibly unregistered.
feb 05, 2014 11:52:34 AM org.apache.catalina.loader.WebappClassLoader validateJarFile
INFO: validateJarFile(/Users/jeansmits/Dropbox/Pet Clinic Project/petClinic/target/petClinic - 0.0.1-SNAPSHOT/WEB-INF/lib/servlet-api-2.5.jar) - jar not loaded. See Servlet Spec 2.3, section 9.7.2. Offending class: javax/servlet/Servlet.class
feb 05, 2014 11:52:49 AM org.glassfish.jersey.server.ApplicationHandler initialize
INFO: Initiating Jersey application, version Jersey: 2.4.1 2013-11-08 12:08:47...
feb 05, 2014 11:52:51 AM org.apache.catalina.core.StandardContext reload
INFO: Reloading Context with name [/petClinic] is completed
feb 05, 2014 11:52:51 AM org.apache.catalina.core.StandardContext reload
INFO: Reloading Context with name [/petClinic] has started
feb 05, 2014 11:52:52 AM org.apache.catalina.loader.WebappClassLoader clearReferencesJdbc
SEVERE: The web application [/petClinic] registered the JDBC driver [org.h2.Driver] but failed to unregister it when the web application was stopped. To prevent a memory leak, the JDBC Driver has been forcibly unregistered.
feb 05, 2014 11:52:52 AM org.apache.catalina.loader.WebappClassLoader validateJarFile
INFO: validateJarFile(/Users/jeansmits/Dropbox/Pet Clinic Project/petClinic/target/petClinic - 0.0.1-SNAPSHOT/WEB-INF/lib/servlet-api-2.5.jar) - jar not loaded. See Servlet Spec 2.3, section 9.7.2. Offending class: javax/servlet/Servlet.class
feb 05, 2014 11:52:59 AM org.glassfish.jersey.server.ApplicationHandler initialize
INFO: Initiating Jersey application, version Jersey: 2.4.1 2013-11-08 12:08:47...
feb 05, 2014 11:53:00 AM org.apache.catalina.core.StandardContext reload
INFO: Reloading Context with name [/petClinic] is completed
feb 05, 2014 12:08:02 PM org.apache.catalina.core.StandardContext reload
INFO: Reloading Context with name [/petClinic] has started
feb 05, 2014 12:08:03 PM org.apache.catalina.loader.WebappClassLoader clearReferencesJdbc
SEVERE: The web application [/petClinic] registered the JDBC driver [org.h2.Driver] but failed to unregister it when the web application was stopped. To prevent a memory leak, the JDBC Driver has been forcibly unregistered.
feb 05, 2014 12:08:04 PM org.apache.catalina.loader.WebappClassLoader validateJarFile
INFO: validateJarFile(/Users/jeansmits/Dropbox/Pet Clinic Project/petClinic/target/petClinic - 0.0.1-SNAPSHOT/WEB-INF/lib/servlet-api-2.5.jar) - jar not loaded. See Servlet Spec 2.3, section 9.7.2. Offending class: javax/servlet/Servlet.class
feb 05, 2014 12:08:24 PM org.glassfish.jersey.server.ApplicationHandler initialize
INFO: Initiating Jersey application, version Jersey: 2.4.1 2013-11-08 12:08:47...
feb 05, 2014 12:08:25 PM org.apache.catalina.core.StandardContext reload
INFO: Reloading Context with name [/petClinic] is completed
feb 05, 2014 12:08:57 PM org.apache.catalina.core.StandardContext reload
INFO: Reloading Context with name [/petClinic] has started
feb 05, 2014 12:08:57 PM org.apache.catalina.loader.WebappClassLoader clearReferencesJdbc
SEVERE: The web application [/petClinic] registered the JDBC driver [org.h2.Driver] but failed to unregister it when the web application was stopped. To prevent a memory leak, the JDBC Driver has been forcibly unregistered.
feb 05, 2014 12:08:57 PM org.apache.catalina.loader.WebappClassLoader checkThreadLocalMapForLeaks
SEVERE: The web application [/petClinic] created a ThreadLocal with key of type [java.lang.ThreadLocal] (value [java.lang.ThreadLocal@85d597a]) and a value of type [org.hibernate.internal.SessionFactoryImpl] (value [org.hibernate.internal.SessionFactoryImpl@2486ddc1]) but failed to remove it when the web application was stopped. Threads are going to be renewed over time to try and avoid a probable memory leak.
feb 05, 2014 12:08:58 PM org.apache.catalina.loader.WebappClassLoader validateJarFile
INFO: validateJarFile(/Users/jeansmits/Dropbox/Pet Clinic Project/petClinic/target/petClinic - 0.0.1-SNAPSHOT/WEB-INF/lib/servlet-api-2.5.jar) - jar not loaded. See Servlet Spec 2.3, section 9.7.2. Offending class: javax/servlet/Servlet.class
feb 05, 2014 12:09:13 PM org.glassfish.jersey.server.ApplicationHandler initialize
INFO: Initiating Jersey application, version Jersey: 2.4.1 2013-11-08 12:08:47...
feb 05, 2014 12:09:16 PM org.apache.catalina.core.StandardContext reload
INFO: Reloading Context with name [/petClinic] is completed
feb 05, 2014 1:38:43 PM org.apache.catalina.startup.HostConfig deleteRedeployResources
INFO: Undeploying context [/petClinic]
feb 05, 2014 1:38:43 PM org.apache.catalina.loader.WebappClassLoader clearReferencesJdbc
SEVERE: The web application [/petClinic] registered the JDBC driver [org.h2.Driver] but failed to unregister it when the web application was stopped. To prevent a memory leak, the JDBC Driver has been forcibly unregistered.
feb 05, 2014 1:38:43 PM org.apache.catalina.startup.HostConfig deployDescriptor
INFO: Deploying configuration descriptor /Users/jeansmits/Dropbox/Pet Clinic Project/apache-tomcat-7.0.47/conf/Catalina/localhost/petClinic.xml
feb 05, 2014 1:38:44 PM org.apache.catalina.core.StandardContext resourcesStart
SEVERE: Error starting static Resources
java.lang.IllegalArgumentException: Document base /Users/jeansmits/Dropbox/Pet Clinic Project/petClinic/target/petClinic - 0.0.1-SNAPSHOT does not exist or is not a readable directory
	at org.apache.naming.resources.FileDirContext.setDocBase(FileDirContext.java:138)
	at org.apache.catalina.core.StandardContext.resourcesStart(StandardContext.java:5055)
	at org.apache.catalina.core.StandardContext.startInternal(StandardContext.java:5235)
	at org.apache.catalina.util.LifecycleBase.start(LifecycleBase.java:150)
	at org.apache.catalina.core.ContainerBase.addChildInternal(ContainerBase.java:901)
	at org.apache.catalina.core.ContainerBase.addChild(ContainerBase.java:877)
	at org.apache.catalina.core.StandardHost.addChild(StandardHost.java:633)
	at org.apache.catalina.startup.HostConfig.deployDescriptor(HostConfig.java:663)
	at org.apache.catalina.startup.HostConfig$DeployDescriptor.run(HostConfig.java:1642)
	at java.util.concurrent.Executors$RunnableAdapter.call(Executors.java:471)
	at java.util.concurrent.FutureTask.run(FutureTask.java:262)
	at java.util.concurrent.ThreadPoolExecutor.runWorker(ThreadPoolExecutor.java:1145)
	at java.util.concurrent.ThreadPoolExecutor$Worker.run(ThreadPoolExecutor.java:615)
	at java.lang.Thread.run(Thread.java:744)

feb 05, 2014 1:38:44 PM org.apache.catalina.core.StandardContext startInternal
SEVERE: Error in resourceStart()
feb 05, 2014 1:38:44 PM org.apache.catalina.core.StandardContext startInternal
SEVERE: Error getConfigured
feb 05, 2014 1:38:44 PM org.apache.catalina.core.StandardContext startInternal
SEVERE: Context [/petClinic] startup failed due to previous errors
feb 05, 2014 4:29:41 PM org.apache.catalina.core.StandardServer await
INFO: A valid shutdown command was received via the shutdown port. Stopping the Server instance.
feb 05, 2014 4:29:42 PM org.apache.coyote.AbstractProtocol pause
INFO: Pausing ProtocolHandler ["http-bio-8080"]
feb 05, 2014 4:29:43 PM org.apache.coyote.AbstractProtocol pause
INFO: Pausing ProtocolHandler ["ajp-bio-8009"]
feb 05, 2014 4:29:43 PM org.apache.catalina.core.StandardService stopInternal
INFO: Stopping service Catalina
feb 05, 2014 4:30:00 PM org.apache.coyote.AbstractProtocol stop
INFO: Stopping ProtocolHandler ["http-bio-8080"]
feb 05, 2014 4:30:00 PM org.apache.coyote.AbstractProtocol stop
INFO: Stopping ProtocolHandler ["ajp-bio-8009"]
feb 05, 2014 4:30:00 PM org.apache.coyote.AbstractProtocol destroy
INFO: Destroying ProtocolHandler ["http-bio-8080"]
feb 05, 2014 4:30:00 PM org.apache.coyote.AbstractProtocol destroy
INFO: Destroying ProtocolHandler ["ajp-bio-8009"]
