jan 24, 2014 9:15:32 AM org.apache.catalina.core.AprLifecycleListener init
INFO: The APR based Apache Tomcat Native library which allows optimal performance in production environments was not found on the java.library.path: /Applications/NetBeans/NetBeans 7.4.app/Contents/Resources/NetBeans/webcommon/bin::/Users/jeansmits/Library/Java/Extensions:/Library/Java/Extensions:/Network/Library/Java/Extensions:/System/Library/Java/Extensions:/usr/lib/java:.
jan 24, 2014 9:15:32 AM org.apache.coyote.AbstractProtocol init
INFO: Initializing ProtocolHandler ["http-bio-8080"]
jan 24, 2014 9:15:32 AM org.apache.coyote.AbstractProtocol init
INFO: Initializing ProtocolHandler ["ajp-bio-8009"]
jan 24, 2014 9:15:32 AM org.apache.catalina.startup.Catalina load
INFO: Initialization processed in 1679 ms
jan 24, 2014 9:15:32 AM org.apache.catalina.core.StandardService startInternal
INFO: Starting service Catalina
jan 24, 2014 9:15:32 AM org.apache.catalina.core.StandardEngine startInternal
INFO: Starting Servlet Engine: Apache Tomcat/7.0.47
jan 24, 2014 9:15:32 AM org.apache.catalina.startup.HostConfig deployDescriptor
INFO: Deploying configuration descriptor /Users/jeansmits/Dropbox/Pet Clinic Project/apache-tomcat-7.0.47/conf/Catalina/localhost/ROOT.xml
jan 24, 2014 9:15:33 AM org.apache.catalina.core.StandardContext resourcesStart
SEVERE: Error starting static Resources
java.lang.IllegalArgumentException: Document base /Users/jeansmits/Documents/petClinicje/target/petClinic - 0.0.1-SNAPSHOT does not exist or is not a readable directory
	at org.apache.naming.resources.FileDirContext.setDocBase(FileDirContext.java:138)
	at org.apache.catalina.core.StandardContext.resourcesStart(StandardContext.java:5055)
	at org.apache.catalina.core.StandardContext.startInternal(StandardContext.java:5235)
	at org.apache.catalina.util.LifecycleBase.start(LifecycleBase.java:150)
	at org.apache.catalina.core.ContainerBase.addChildInternal(ContainerBase.java:901)
	at org.apache.catalina.core.ContainerBase.addChild(ContainerBase.java:877)
	at org.apache.catalina.core.StandardHost.addChild(StandardHost.java:633)
	at org.apache.catalina.startup.HostConfig.deployDescriptor(HostConfig.java:663)
	at org.apache.catalina.startup.HostConfig$DeployDescriptor.run(HostConfig.java:1642)
	at java.util.concurrent.Executors$RunnableAdapter.call(Executors.java:471)
	at java.util.concurrent.FutureTask.run(FutureTask.java:262)
	at java.util.concurrent.ThreadPoolExecutor.runWorker(ThreadPoolExecutor.java:1145)
	at java.util.concurrent.ThreadPoolExecutor$Worker.run(ThreadPoolExecutor.java:615)
	at java.lang.Thread.run(Thread.java:744)

jan 24, 2014 9:15:33 AM org.apache.catalina.core.StandardContext startInternal
SEVERE: Error in resourceStart()
jan 24, 2014 9:15:33 AM org.apache.catalina.core.StandardContext startInternal
SEVERE: Error getConfigured
jan 24, 2014 9:15:33 AM org.apache.catalina.core.StandardContext startInternal
SEVERE: Context [] startup failed due to previous errors
jan 24, 2014 9:15:33 AM org.apache.catalina.startup.HostConfig deployDirectory
INFO: Deploying web application directory /Users/jeansmits/Dropbox/Pet Clinic Project/apache-tomcat-7.0.47/webapps/docs
jan 24, 2014 9:15:34 AM org.apache.catalina.startup.HostConfig deployDirectory
INFO: Deploying web application directory /Users/jeansmits/Dropbox/Pet Clinic Project/apache-tomcat-7.0.47/webapps/examples
jan 24, 2014 9:15:35 AM org.apache.catalina.startup.HostConfig deployDirectory
INFO: Deploying web application directory /Users/jeansmits/Dropbox/Pet Clinic Project/apache-tomcat-7.0.47/webapps/host-manager
jan 24, 2014 9:15:35 AM org.apache.catalina.startup.HostConfig deployDirectory
INFO: Deploying web application directory /Users/jeansmits/Dropbox/Pet Clinic Project/apache-tomcat-7.0.47/webapps/manager
jan 24, 2014 9:15:36 AM org.apache.coyote.AbstractProtocol start
INFO: Starting ProtocolHandler ["http-bio-8080"]
jan 24, 2014 9:15:36 AM org.apache.coyote.AbstractProtocol start
INFO: Starting ProtocolHandler ["ajp-bio-8009"]
jan 24, 2014 9:15:36 AM org.apache.catalina.startup.Catalina start
INFO: Server startup in 3364 ms
jan 24, 2014 9:15:36 AM org.apache.catalina.util.LifecycleBase stop
INFO: The stop() method was called on component [StandardEngine[Catalina].StandardHost[localhost].StandardContext[]] after stop() had already been called. The second call will be ignored.
jan 24, 2014 9:15:37 AM org.apache.catalina.startup.HostConfig deleteRedeployResources
INFO: Undeploying context []
jan 24, 2014 9:15:37 AM org.apache.catalina.startup.HostConfig deployDescriptor
INFO: Deploying configuration descriptor /Users/jeansmits/Dropbox/Pet Clinic Project/apache-tomcat-7.0.47/conf/Catalina/localhost/ROOT.xml
jan 24, 2014 9:15:50 AM org.glassfish.jersey.server.ApplicationHandler initialize
INFO: Initiating Jersey application, version Jersey: 2.4.1 2013-11-08 12:08:47...
jan 24, 2014 9:15:51 AM org.apache.catalina.util.LifecycleBase start
INFO: The start() method was called on component [StandardEngine[Catalina].StandardHost[localhost].StandardContext[]] after start() had already been called. The second call will be ignored.
jan 24, 2014 4:28:49 PM org.apache.catalina.core.StandardServer await
INFO: A valid shutdown command was received via the shutdown port. Stopping the Server instance.
jan 24, 2014 4:28:49 PM org.apache.coyote.AbstractProtocol pause
INFO: Pausing ProtocolHandler ["http-bio-8080"]
jan 24, 2014 4:28:49 PM org.apache.coyote.AbstractProtocol pause
INFO: Pausing ProtocolHandler ["ajp-bio-8009"]
jan 24, 2014 4:28:49 PM org.apache.catalina.core.StandardService stopInternal
INFO: Stopping service Catalina
jan 24, 2014 4:28:52 PM org.apache.catalina.loader.WebappClassLoader clearReferencesJdbc
SEVERE: The web application [] registered the JDBC driver [org.h2.Driver] but failed to unregister it when the web application was stopped. To prevent a memory leak, the JDBC Driver has been forcibly unregistered.
jan 24, 2014 4:28:52 PM org.apache.coyote.AbstractProtocol stop
INFO: Stopping ProtocolHandler ["http-bio-8080"]
jan 24, 2014 4:28:52 PM org.apache.coyote.AbstractProtocol stop
INFO: Stopping ProtocolHandler ["ajp-bio-8009"]
jan 24, 2014 4:28:52 PM org.apache.coyote.AbstractProtocol destroy
INFO: Destroying ProtocolHandler ["http-bio-8080"]
jan 24, 2014 4:28:52 PM org.apache.coyote.AbstractProtocol destroy
INFO: Destroying ProtocolHandler ["ajp-bio-8009"]
