jan 31, 2014 12:04:29 AM org.apache.catalina.core.StandardServer await
INFO: A valid shutdown command was received via the shutdown port. Stopping the Server instance.
jan 31, 2014 12:04:29 AM org.apache.coyote.AbstractProtocol pause
INFO: Pausing ProtocolHandler ["http-bio-8080"]
jan 31, 2014 12:04:29 AM org.apache.coyote.AbstractProtocol pause
INFO: Pausing ProtocolHandler ["ajp-bio-8009"]
jan 31, 2014 12:04:29 AM org.apache.catalina.core.StandardService stopInternal
INFO: Stopping service Catalina
jan 31, 2014 12:04:29 AM org.apache.catalina.loader.WebappClassLoader clearReferencesJdbc
SEVERE: The web application [/petClinic] registered the JDBC driver [org.h2.Driver] but failed to unregister it when the web application was stopped. To prevent a memory leak, the JDBC Driver has been forcibly unregistered.
jan 31, 2014 12:04:29 AM org.apache.coyote.AbstractProtocol stop
INFO: Stopping ProtocolHandler ["http-bio-8080"]
jan 31, 2014 12:04:29 AM org.apache.coyote.AbstractProtocol stop
INFO: Stopping ProtocolHandler ["ajp-bio-8009"]
jan 31, 2014 12:04:29 AM org.apache.coyote.AbstractProtocol destroy
INFO: Destroying ProtocolHandler ["http-bio-8080"]
jan 31, 2014 12:04:29 AM org.apache.coyote.AbstractProtocol destroy
INFO: Destroying ProtocolHandler ["ajp-bio-8009"]
jan 31, 2014 8:44:48 PM org.apache.catalina.core.AprLifecycleListener init
INFO: The APR based Apache Tomcat Native library which allows optimal performance in production environments was not found on the java.library.path: /Applications/NetBeans/NetBeans 7.4.app/Contents/Resources/NetBeans/webcommon/bin::/Users/Studio/Library/Java/Extensions:/Library/Java/Extensions:/Network/Library/Java/Extensions:/System/Library/Java/Extensions:/usr/lib/java:.
jan 31, 2014 8:44:49 PM org.apache.coyote.AbstractProtocol init
INFO: Initializing ProtocolHandler ["http-bio-8080"]
jan 31, 2014 8:44:49 PM org.apache.coyote.AbstractProtocol init
INFO: Initializing ProtocolHandler ["ajp-bio-8009"]
jan 31, 2014 8:44:49 PM org.apache.catalina.startup.Catalina load
INFO: Initialization processed in 1405 ms
jan 31, 2014 8:44:49 PM org.apache.catalina.core.StandardService startInternal
INFO: Starting service Catalina
jan 31, 2014 8:44:49 PM org.apache.catalina.core.StandardEngine startInternal
INFO: Starting Servlet Engine: Apache Tomcat/7.0.47
jan 31, 2014 8:44:49 PM org.apache.catalina.startup.HostConfig deployDescriptor
INFO: Deploying configuration descriptor /Users/Studio/Dropbox/Pet Clinic Project/apache-tomcat-7.0.47/conf/Catalina/localhost/petClinic.xml
jan 31, 2014 8:44:50 PM org.apache.catalina.loader.WebappClassLoader validateJarFile
INFO: validateJarFile(/Users/Studio/Dropbox/Pet Clinic Project/petClinic/target/petClinic - 0.0.1-SNAPSHOT/WEB-INF/lib/servlet-api-2.5.jar) - jar not loaded. See Servlet Spec 2.3, section 9.7.2. Offending class: javax/servlet/Servlet.class
jan 31, 2014 8:44:58 PM org.glassfish.jersey.server.ApplicationHandler initialize
INFO: Initiating Jersey application, version Jersey: 2.4.1 2013-11-08 12:08:47...
jan 31, 2014 8:44:59 PM org.apache.catalina.startup.HostConfig deployDirectory
INFO: Deploying web application directory /Users/Studio/Dropbox/Pet Clinic Project/apache-tomcat-7.0.47/webapps/docs
jan 31, 2014 8:44:59 PM org.apache.catalina.startup.HostConfig deployDirectory
INFO: Deploying web application directory /Users/Studio/Dropbox/Pet Clinic Project/apache-tomcat-7.0.47/webapps/examples
jan 31, 2014 8:45:00 PM org.apache.catalina.startup.HostConfig deployDirectory
INFO: Deploying web application directory /Users/Studio/Dropbox/Pet Clinic Project/apache-tomcat-7.0.47/webapps/host-manager
jan 31, 2014 8:45:00 PM org.apache.catalina.startup.HostConfig deployDirectory
INFO: Deploying web application directory /Users/Studio/Dropbox/Pet Clinic Project/apache-tomcat-7.0.47/webapps/manager
jan 31, 2014 8:45:00 PM org.apache.coyote.AbstractProtocol start
INFO: Starting ProtocolHandler ["http-bio-8080"]
jan 31, 2014 8:45:00 PM org.apache.coyote.AbstractProtocol start
INFO: Starting ProtocolHandler ["ajp-bio-8009"]
jan 31, 2014 8:45:00 PM org.apache.catalina.startup.Catalina start
INFO: Server startup in 11212 ms
jan 31, 2014 8:45:02 PM org.apache.catalina.loader.WebappClassLoader clearReferencesJdbc
SEVERE: The web application [/petClinic] registered the JDBC driver [org.h2.Driver] but failed to unregister it when the web application was stopped. To prevent a memory leak, the JDBC Driver has been forcibly unregistered.
jan 31, 2014 8:45:02 PM org.apache.catalina.loader.WebappClassLoader checkThreadLocalMapForLeaks
SEVERE: The web application [/petClinic] created a ThreadLocal with key of type [java.lang.ThreadLocal] (value [java.lang.ThreadLocal@6de8abf8]) and a value of type [org.hibernate.internal.SessionFactoryImpl] (value [org.hibernate.internal.SessionFactoryImpl@786b8e25]) but failed to remove it when the web application was stopped. Threads are going to be renewed over time to try and avoid a probable memory leak.
jan 31, 2014 8:45:03 PM org.apache.catalina.startup.HostConfig deleteRedeployResources
INFO: Undeploying context [/petClinic]
jan 31, 2014 8:45:03 PM org.apache.catalina.startup.HostConfig deployDescriptor
INFO: Deploying configuration descriptor /Users/Studio/Dropbox/Pet Clinic Project/apache-tomcat-7.0.47/conf/Catalina/localhost/petClinic.xml
jan 31, 2014 8:45:03 PM org.apache.catalina.loader.WebappClassLoader validateJarFile
INFO: validateJarFile(/Users/Studio/Dropbox/Pet Clinic Project/petClinic/target/petClinic - 0.0.1-SNAPSHOT/WEB-INF/lib/servlet-api-2.5.jar) - jar not loaded. See Servlet Spec 2.3, section 9.7.2. Offending class: javax/servlet/Servlet.class
jan 31, 2014 8:45:08 PM org.glassfish.jersey.server.ApplicationHandler initialize
INFO: Initiating Jersey application, version Jersey: 2.4.1 2013-11-08 12:08:47...
jan 31, 2014 8:45:08 PM org.apache.catalina.util.LifecycleBase start
INFO: The start() method was called on component [StandardEngine[Catalina].StandardHost[localhost].StandardContext[/petClinic]] after start() had already been called. The second call will be ignored.
jan 31, 2014 8:53:19 PM org.apache.catalina.core.StandardContext reload
INFO: Reloading Context with name [/petClinic] has started
jan 31, 2014 8:53:19 PM org.apache.catalina.loader.WebappClassLoader clearReferencesJdbc
SEVERE: The web application [/petClinic] registered the JDBC driver [org.h2.Driver] but failed to unregister it when the web application was stopped. To prevent a memory leak, the JDBC Driver has been forcibly unregistered.
jan 31, 2014 8:53:20 PM org.apache.catalina.loader.WebappClassLoader validateJarFile
INFO: validateJarFile(/Users/Studio/Dropbox/Pet Clinic Project/petClinic/target/petClinic - 0.0.1-SNAPSHOT/WEB-INF/lib/servlet-api-2.5.jar) - jar not loaded. See Servlet Spec 2.3, section 9.7.2. Offending class: javax/servlet/Servlet.class
jan 31, 2014 8:53:24 PM org.glassfish.jersey.server.ApplicationHandler initialize
INFO: Initiating Jersey application, version Jersey: 2.4.1 2013-11-08 12:08:47...
jan 31, 2014 8:53:24 PM org.apache.catalina.core.StandardContext reload
INFO: Reloading Context with name [/petClinic] is completed
jan 31, 2014 8:53:59 PM org.apache.catalina.core.StandardContext reload
INFO: Reloading Context with name [/petClinic] has started
jan 31, 2014 8:53:59 PM org.apache.catalina.loader.WebappClassLoader clearReferencesJdbc
SEVERE: The web application [/petClinic] registered the JDBC driver [org.h2.Driver] but failed to unregister it when the web application was stopped. To prevent a memory leak, the JDBC Driver has been forcibly unregistered.
jan 31, 2014 8:54:00 PM org.apache.catalina.loader.WebappClassLoader validateJarFile
INFO: validateJarFile(/Users/Studio/Dropbox/Pet Clinic Project/petClinic/target/petClinic - 0.0.1-SNAPSHOT/WEB-INF/lib/servlet-api-2.5.jar) - jar not loaded. See Servlet Spec 2.3, section 9.7.2. Offending class: javax/servlet/Servlet.class
jan 31, 2014 8:54:05 PM org.glassfish.jersey.server.ApplicationHandler initialize
INFO: Initiating Jersey application, version Jersey: 2.4.1 2013-11-08 12:08:47...
jan 31, 2014 8:54:05 PM org.apache.catalina.core.StandardContext reload
INFO: Reloading Context with name [/petClinic] is completed
jan 31, 2014 9:03:31 PM org.apache.catalina.core.StandardContext reload
INFO: Reloading Context with name [/petClinic] has started
jan 31, 2014 9:03:31 PM org.apache.catalina.loader.WebappClassLoader clearReferencesJdbc
SEVERE: The web application [/petClinic] registered the JDBC driver [org.h2.Driver] but failed to unregister it when the web application was stopped. To prevent a memory leak, the JDBC Driver has been forcibly unregistered.
jan 31, 2014 9:03:32 PM org.apache.catalina.loader.WebappClassLoader validateJarFile
INFO: validateJarFile(/Users/Studio/Dropbox/Pet Clinic Project/petClinic/target/petClinic - 0.0.1-SNAPSHOT/WEB-INF/lib/servlet-api-2.5.jar) - jar not loaded. See Servlet Spec 2.3, section 9.7.2. Offending class: javax/servlet/Servlet.class
jan 31, 2014 9:03:36 PM org.glassfish.jersey.server.ApplicationHandler initialize
INFO: Initiating Jersey application, version Jersey: 2.4.1 2013-11-08 12:08:47...
jan 31, 2014 9:03:36 PM org.apache.catalina.core.StandardContext reload
INFO: Reloading Context with name [/petClinic] is completed
jan 31, 2014 9:03:41 PM org.apache.catalina.core.StandardContext reload
INFO: Reloading Context with name [/petClinic] has started
jan 31, 2014 9:03:41 PM org.apache.catalina.loader.WebappClassLoader clearReferencesJdbc
SEVERE: The web application [/petClinic] registered the JDBC driver [org.h2.Driver] but failed to unregister it when the web application was stopped. To prevent a memory leak, the JDBC Driver has been forcibly unregistered.
jan 31, 2014 9:03:41 PM org.apache.catalina.loader.WebappClassLoader validateJarFile
INFO: validateJarFile(/Users/Studio/Dropbox/Pet Clinic Project/petClinic/target/petClinic - 0.0.1-SNAPSHOT/WEB-INF/lib/servlet-api-2.5.jar) - jar not loaded. See Servlet Spec 2.3, section 9.7.2. Offending class: javax/servlet/Servlet.class
jan 31, 2014 9:03:46 PM org.glassfish.jersey.server.ApplicationHandler initialize
INFO: Initiating Jersey application, version Jersey: 2.4.1 2013-11-08 12:08:47...
jan 31, 2014 9:03:46 PM org.apache.catalina.core.StandardContext reload
INFO: Reloading Context with name [/petClinic] is completed
jan 31, 2014 9:03:46 PM org.apache.catalina.core.StandardContext reload
INFO: Reloading Context with name [/petClinic] has started
jan 31, 2014 9:03:46 PM org.apache.catalina.loader.WebappClassLoader clearReferencesJdbc
SEVERE: The web application [/petClinic] registered the JDBC driver [org.h2.Driver] but failed to unregister it when the web application was stopped. To prevent a memory leak, the JDBC Driver has been forcibly unregistered.
jan 31, 2014 9:03:46 PM org.apache.catalina.loader.WebappClassLoader validateJarFile
INFO: validateJarFile(/Users/Studio/Dropbox/Pet Clinic Project/petClinic/target/petClinic - 0.0.1-SNAPSHOT/WEB-INF/lib/servlet-api-2.5.jar) - jar not loaded. See Servlet Spec 2.3, section 9.7.2. Offending class: javax/servlet/Servlet.class
jan 31, 2014 9:03:51 PM org.glassfish.jersey.server.ApplicationHandler initialize
INFO: Initiating Jersey application, version Jersey: 2.4.1 2013-11-08 12:08:47...
jan 31, 2014 9:03:51 PM org.apache.catalina.core.StandardContext reload
INFO: Reloading Context with name [/petClinic] is completed
jan 31, 2014 9:03:52 PM org.apache.catalina.core.StandardContext reload
INFO: Reloading Context with name [/petClinic] has started
jan 31, 2014 9:03:52 PM org.apache.catalina.loader.WebappClassLoader clearReferencesJdbc
SEVERE: The web application [/petClinic] registered the JDBC driver [org.h2.Driver] but failed to unregister it when the web application was stopped. To prevent a memory leak, the JDBC Driver has been forcibly unregistered.
jan 31, 2014 9:03:52 PM org.apache.catalina.loader.WebappClassLoader validateJarFile
INFO: validateJarFile(/Users/Studio/Dropbox/Pet Clinic Project/petClinic/target/petClinic - 0.0.1-SNAPSHOT/WEB-INF/lib/servlet-api-2.5.jar) - jar not loaded. See Servlet Spec 2.3, section 9.7.2. Offending class: javax/servlet/Servlet.class
jan 31, 2014 9:03:56 PM org.glassfish.jersey.server.ApplicationHandler initialize
INFO: Initiating Jersey application, version Jersey: 2.4.1 2013-11-08 12:08:47...
jan 31, 2014 9:03:56 PM org.apache.catalina.core.StandardContext reload
INFO: Reloading Context with name [/petClinic] is completed
jan 31, 2014 9:10:11 PM org.apache.catalina.core.StandardContext reload
INFO: Reloading Context with name [/petClinic] has started
jan 31, 2014 9:10:11 PM org.apache.catalina.loader.WebappClassLoader clearReferencesJdbc
SEVERE: The web application [/petClinic] registered the JDBC driver [org.h2.Driver] but failed to unregister it when the web application was stopped. To prevent a memory leak, the JDBC Driver has been forcibly unregistered.
jan 31, 2014 9:10:11 PM org.apache.catalina.loader.WebappClassLoader validateJarFile
INFO: validateJarFile(/Users/Studio/Dropbox/Pet Clinic Project/petClinic/target/petClinic - 0.0.1-SNAPSHOT/WEB-INF/lib/servlet-api-2.5.jar) - jar not loaded. See Servlet Spec 2.3, section 9.7.2. Offending class: javax/servlet/Servlet.class
jan 31, 2014 9:10:16 PM org.glassfish.jersey.server.ApplicationHandler initialize
INFO: Initiating Jersey application, version Jersey: 2.4.1 2013-11-08 12:08:47...
jan 31, 2014 9:10:16 PM org.apache.catalina.core.StandardContext reload
INFO: Reloading Context with name [/petClinic] is completed
jan 31, 2014 9:11:44 PM org.apache.catalina.core.StandardContext reload
INFO: Reloading Context with name [/petClinic] has started
jan 31, 2014 9:11:44 PM org.apache.catalina.loader.WebappClassLoader clearReferencesJdbc
SEVERE: The web application [/petClinic] registered the JDBC driver [org.h2.Driver] but failed to unregister it when the web application was stopped. To prevent a memory leak, the JDBC Driver has been forcibly unregistered.
jan 31, 2014 9:11:45 PM org.apache.catalina.loader.WebappClassLoader validateJarFile
INFO: validateJarFile(/Users/Studio/Dropbox/Pet Clinic Project/petClinic/target/petClinic - 0.0.1-SNAPSHOT/WEB-INF/lib/servlet-api-2.5.jar) - jar not loaded. See Servlet Spec 2.3, section 9.7.2. Offending class: javax/servlet/Servlet.class
jan 31, 2014 9:11:49 PM org.glassfish.jersey.server.ApplicationHandler initialize
INFO: Initiating Jersey application, version Jersey: 2.4.1 2013-11-08 12:08:47...
jan 31, 2014 9:11:49 PM org.apache.catalina.core.StandardContext reload
INFO: Reloading Context with name [/petClinic] is completed
jan 31, 2014 9:12:50 PM org.apache.catalina.core.StandardContext reload
INFO: Reloading Context with name [/petClinic] has started
jan 31, 2014 9:12:50 PM org.apache.catalina.loader.WebappClassLoader clearReferencesJdbc
SEVERE: The web application [/petClinic] registered the JDBC driver [org.h2.Driver] but failed to unregister it when the web application was stopped. To prevent a memory leak, the JDBC Driver has been forcibly unregistered.
jan 31, 2014 9:12:51 PM org.apache.catalina.loader.WebappClassLoader validateJarFile
INFO: validateJarFile(/Users/Studio/Dropbox/Pet Clinic Project/petClinic/target/petClinic - 0.0.1-SNAPSHOT/WEB-INF/lib/servlet-api-2.5.jar) - jar not loaded. See Servlet Spec 2.3, section 9.7.2. Offending class: javax/servlet/Servlet.class
jan 31, 2014 9:12:54 PM org.glassfish.jersey.server.ApplicationHandler initialize
INFO: Initiating Jersey application, version Jersey: 2.4.1 2013-11-08 12:08:47...
jan 31, 2014 9:12:55 PM org.apache.catalina.core.StandardContext reload
INFO: Reloading Context with name [/petClinic] is completed
jan 31, 2014 9:14:41 PM org.apache.catalina.core.StandardContext reload
INFO: Reloading Context with name [/petClinic] has started
jan 31, 2014 9:14:41 PM org.apache.catalina.loader.WebappClassLoader clearReferencesJdbc
SEVERE: The web application [/petClinic] registered the JDBC driver [org.h2.Driver] but failed to unregister it when the web application was stopped. To prevent a memory leak, the JDBC Driver has been forcibly unregistered.
jan 31, 2014 9:14:41 PM org.apache.catalina.loader.WebappClassLoader validateJarFile
INFO: validateJarFile(/Users/Studio/Dropbox/Pet Clinic Project/petClinic/target/petClinic - 0.0.1-SNAPSHOT/WEB-INF/lib/servlet-api-2.5.jar) - jar not loaded. See Servlet Spec 2.3, section 9.7.2. Offending class: javax/servlet/Servlet.class
jan 31, 2014 9:14:46 PM org.glassfish.jersey.server.ApplicationHandler initialize
INFO: Initiating Jersey application, version Jersey: 2.4.1 2013-11-08 12:08:47...
jan 31, 2014 9:14:47 PM org.apache.catalina.core.StandardContext reload
INFO: Reloading Context with name [/petClinic] is completed
jan 31, 2014 9:15:00 PM org.apache.catalina.core.StandardContext reload
INFO: Reloading Context with name [/petClinic] has started
jan 31, 2014 9:15:00 PM org.apache.catalina.loader.WebappClassLoader clearReferencesJdbc
SEVERE: The web application [/petClinic] registered the JDBC driver [org.h2.Driver] but failed to unregister it when the web application was stopped. To prevent a memory leak, the JDBC Driver has been forcibly unregistered.
jan 31, 2014 9:15:01 PM org.apache.catalina.loader.WebappClassLoader validateJarFile
INFO: validateJarFile(/Users/Studio/Dropbox/Pet Clinic Project/petClinic/target/petClinic - 0.0.1-SNAPSHOT/WEB-INF/lib/servlet-api-2.5.jar) - jar not loaded. See Servlet Spec 2.3, section 9.7.2. Offending class: javax/servlet/Servlet.class
jan 31, 2014 9:15:04 PM org.glassfish.jersey.server.ApplicationHandler initialize
INFO: Initiating Jersey application, version Jersey: 2.4.1 2013-11-08 12:08:47...
jan 31, 2014 9:15:05 PM org.apache.catalina.core.StandardContext reload
INFO: Reloading Context with name [/petClinic] is completed
jan 31, 2014 9:16:29 PM org.apache.catalina.core.StandardContext reload
INFO: Reloading Context with name [/petClinic] has started
jan 31, 2014 9:16:29 PM org.apache.catalina.loader.WebappClassLoader clearReferencesJdbc
SEVERE: The web application [/petClinic] registered the JDBC driver [org.h2.Driver] but failed to unregister it when the web application was stopped. To prevent a memory leak, the JDBC Driver has been forcibly unregistered.
jan 31, 2014 9:16:29 PM org.apache.catalina.loader.WebappClassLoader validateJarFile
INFO: validateJarFile(/Users/Studio/Dropbox/Pet Clinic Project/petClinic/target/petClinic - 0.0.1-SNAPSHOT/WEB-INF/lib/servlet-api-2.5.jar) - jar not loaded. See Servlet Spec 2.3, section 9.7.2. Offending class: javax/servlet/Servlet.class
jan 31, 2014 9:16:33 PM org.glassfish.jersey.server.ApplicationHandler initialize
INFO: Initiating Jersey application, version Jersey: 2.4.1 2013-11-08 12:08:47...
jan 31, 2014 9:16:33 PM org.apache.catalina.core.StandardContext reload
INFO: Reloading Context with name [/petClinic] is completed
jan 31, 2014 9:16:39 PM org.apache.catalina.core.StandardContext reload
INFO: Reloading Context with name [/petClinic] has started
jan 31, 2014 9:16:39 PM org.apache.catalina.loader.WebappClassLoader clearReferencesJdbc
SEVERE: The web application [/petClinic] registered the JDBC driver [org.h2.Driver] but failed to unregister it when the web application was stopped. To prevent a memory leak, the JDBC Driver has been forcibly unregistered.
jan 31, 2014 9:16:40 PM org.apache.catalina.loader.WebappClassLoader validateJarFile
INFO: validateJarFile(/Users/Studio/Dropbox/Pet Clinic Project/petClinic/target/petClinic - 0.0.1-SNAPSHOT/WEB-INF/lib/servlet-api-2.5.jar) - jar not loaded. See Servlet Spec 2.3, section 9.7.2. Offending class: javax/servlet/Servlet.class
jan 31, 2014 9:16:44 PM org.glassfish.jersey.server.ApplicationHandler initialize
INFO: Initiating Jersey application, version Jersey: 2.4.1 2013-11-08 12:08:47...
jan 31, 2014 9:16:45 PM org.apache.catalina.core.StandardContext reload
INFO: Reloading Context with name [/petClinic] is completed
jan 31, 2014 9:16:56 PM org.apache.catalina.core.StandardContext reload
INFO: Reloading Context with name [/petClinic] has started
jan 31, 2014 9:16:56 PM org.apache.catalina.loader.WebappClassLoader clearReferencesJdbc
SEVERE: The web application [/petClinic] registered the JDBC driver [org.h2.Driver] but failed to unregister it when the web application was stopped. To prevent a memory leak, the JDBC Driver has been forcibly unregistered.
jan 31, 2014 9:16:57 PM org.apache.catalina.loader.WebappClassLoader validateJarFile
INFO: validateJarFile(/Users/Studio/Dropbox/Pet Clinic Project/petClinic/target/petClinic - 0.0.1-SNAPSHOT/WEB-INF/lib/servlet-api-2.5.jar) - jar not loaded. See Servlet Spec 2.3, section 9.7.2. Offending class: javax/servlet/Servlet.class
jan 31, 2014 9:17:01 PM org.glassfish.jersey.server.ApplicationHandler initialize
INFO: Initiating Jersey application, version Jersey: 2.4.1 2013-11-08 12:08:47...
jan 31, 2014 9:17:01 PM org.apache.catalina.core.StandardContext reload
INFO: Reloading Context with name [/petClinic] is completed
jan 31, 2014 9:17:21 PM org.apache.catalina.core.StandardServer await
INFO: A valid shutdown command was received via the shutdown port. Stopping the Server instance.
jan 31, 2014 9:17:21 PM org.apache.coyote.AbstractProtocol pause
INFO: Pausing ProtocolHandler ["http-bio-8080"]
jan 31, 2014 9:17:21 PM org.apache.coyote.AbstractProtocol pause
INFO: Pausing ProtocolHandler ["ajp-bio-8009"]
jan 31, 2014 9:17:21 PM org.apache.catalina.core.StandardService stopInternal
INFO: Stopping service Catalina
jan 31, 2014 9:17:21 PM org.apache.catalina.loader.WebappClassLoader clearReferencesJdbc
SEVERE: The web application [/petClinic] registered the JDBC driver [org.h2.Driver] but failed to unregister it when the web application was stopped. To prevent a memory leak, the JDBC Driver has been forcibly unregistered.
jan 31, 2014 9:17:21 PM org.apache.coyote.AbstractProtocol stop
INFO: Stopping ProtocolHandler ["http-bio-8080"]
jan 31, 2014 9:17:21 PM org.apache.coyote.AbstractProtocol stop
INFO: Stopping ProtocolHandler ["ajp-bio-8009"]
jan 31, 2014 9:17:21 PM org.apache.coyote.AbstractProtocol destroy
INFO: Destroying ProtocolHandler ["http-bio-8080"]
jan 31, 2014 9:17:21 PM org.apache.coyote.AbstractProtocol destroy
INFO: Destroying ProtocolHandler ["ajp-bio-8009"]
jan 31, 2014 9:17:45 PM org.apache.catalina.core.AprLifecycleListener init
INFO: The APR based Apache Tomcat Native library which allows optimal performance in production environments was not found on the java.library.path: /Applications/NetBeans/NetBeans 7.4.app/Contents/Resources/NetBeans/webcommon/bin::/Users/Studio/Library/Java/Extensions:/Library/Java/Extensions:/Network/Library/Java/Extensions:/System/Library/Java/Extensions:/usr/lib/java:.
jan 31, 2014 9:17:45 PM org.apache.coyote.AbstractProtocol init
INFO: Initializing ProtocolHandler ["http-bio-8080"]
jan 31, 2014 9:17:45 PM org.apache.coyote.AbstractProtocol init
INFO: Initializing ProtocolHandler ["ajp-bio-8009"]
jan 31, 2014 9:17:45 PM org.apache.catalina.startup.Catalina load
INFO: Initialization processed in 693 ms
jan 31, 2014 9:17:45 PM org.apache.catalina.core.StandardService startInternal
INFO: Starting service Catalina
jan 31, 2014 9:17:45 PM org.apache.catalina.core.StandardEngine startInternal
INFO: Starting Servlet Engine: Apache Tomcat/7.0.47
jan 31, 2014 9:17:45 PM org.apache.catalina.startup.HostConfig deployDescriptor
INFO: Deploying configuration descriptor /Users/Studio/Dropbox/Pet Clinic Project/apache-tomcat-7.0.47/conf/Catalina/localhost/petClinic.xml
jan 31, 2014 9:17:45 PM org.apache.catalina.loader.WebappClassLoader validateJarFile
INFO: validateJarFile(/Users/Studio/Dropbox/Pet Clinic Project/petClinic/target/petClinic - 0.0.1-SNAPSHOT/WEB-INF/lib/servlet-api-2.5.jar) - jar not loaded. See Servlet Spec 2.3, section 9.7.2. Offending class: javax/servlet/Servlet.class
jan 31, 2014 9:17:52 PM org.glassfish.jersey.server.ApplicationHandler initialize
INFO: Initiating Jersey application, version Jersey: 2.4.1 2013-11-08 12:08:47...
jan 31, 2014 9:17:53 PM org.apache.catalina.startup.HostConfig deployDirectory
INFO: Deploying web application directory /Users/Studio/Dropbox/Pet Clinic Project/apache-tomcat-7.0.47/webapps/docs
jan 31, 2014 9:17:53 PM org.apache.catalina.startup.HostConfig deployDirectory
INFO: Deploying web application directory /Users/Studio/Dropbox/Pet Clinic Project/apache-tomcat-7.0.47/webapps/examples
jan 31, 2014 9:17:54 PM org.apache.catalina.startup.HostConfig deployDirectory
INFO: Deploying web application directory /Users/Studio/Dropbox/Pet Clinic Project/apache-tomcat-7.0.47/webapps/host-manager
jan 31, 2014 9:17:54 PM org.apache.catalina.startup.HostConfig deployDirectory
INFO: Deploying web application directory /Users/Studio/Dropbox/Pet Clinic Project/apache-tomcat-7.0.47/webapps/manager
jan 31, 2014 9:17:54 PM org.apache.coyote.AbstractProtocol start
INFO: Starting ProtocolHandler ["http-bio-8080"]
jan 31, 2014 9:17:54 PM org.apache.coyote.AbstractProtocol start
INFO: Starting ProtocolHandler ["ajp-bio-8009"]
jan 31, 2014 9:17:54 PM org.apache.catalina.startup.Catalina start
INFO: Server startup in 9444 ms
jan 31, 2014 9:17:55 PM org.apache.catalina.loader.WebappClassLoader clearReferencesJdbc
SEVERE: The web application [/petClinic] registered the JDBC driver [org.h2.Driver] but failed to unregister it when the web application was stopped. To prevent a memory leak, the JDBC Driver has been forcibly unregistered.
jan 31, 2014 9:17:55 PM org.apache.catalina.loader.WebappClassLoader checkThreadLocalMapForLeaks
SEVERE: The web application [/petClinic] created a ThreadLocal with key of type [java.lang.ThreadLocal] (value [java.lang.ThreadLocal@36db6ea8]) and a value of type [org.hibernate.internal.SessionFactoryImpl] (value [org.hibernate.internal.SessionFactoryImpl@132c9060]) but failed to remove it when the web application was stopped. Threads are going to be renewed over time to try and avoid a probable memory leak.
jan 31, 2014 9:17:56 PM org.apache.catalina.startup.HostConfig deleteRedeployResources
INFO: Undeploying context [/petClinic]
jan 31, 2014 9:17:56 PM org.apache.catalina.startup.HostConfig deployDescriptor
INFO: Deploying configuration descriptor /Users/Studio/Dropbox/Pet Clinic Project/apache-tomcat-7.0.47/conf/Catalina/localhost/petClinic.xml
jan 31, 2014 9:17:56 PM org.apache.catalina.loader.WebappClassLoader validateJarFile
INFO: validateJarFile(/Users/Studio/Dropbox/Pet Clinic Project/petClinic/target/petClinic - 0.0.1-SNAPSHOT/WEB-INF/lib/servlet-api-2.5.jar) - jar not loaded. See Servlet Spec 2.3, section 9.7.2. Offending class: javax/servlet/Servlet.class
jan 31, 2014 9:18:01 PM org.glassfish.jersey.server.ApplicationHandler initialize
INFO: Initiating Jersey application, version Jersey: 2.4.1 2013-11-08 12:08:47...
jan 31, 2014 9:18:01 PM org.apache.catalina.util.LifecycleBase start
INFO: The start() method was called on component [StandardEngine[Catalina].StandardHost[localhost].StandardContext[/petClinic]] after start() had already been called. The second call will be ignored.
jan 31, 2014 9:19:56 PM org.apache.catalina.core.StandardContext reload
INFO: Reloading Context with name [/petClinic] has started
jan 31, 2014 9:19:56 PM org.apache.catalina.loader.WebappClassLoader clearReferencesJdbc
SEVERE: The web application [/petClinic] registered the JDBC driver [org.h2.Driver] but failed to unregister it when the web application was stopped. To prevent a memory leak, the JDBC Driver has been forcibly unregistered.
jan 31, 2014 9:19:57 PM org.apache.catalina.loader.WebappClassLoader validateJarFile
INFO: validateJarFile(/Users/Studio/Dropbox/Pet Clinic Project/petClinic/target/petClinic - 0.0.1-SNAPSHOT/WEB-INF/lib/servlet-api-2.5.jar) - jar not loaded. See Servlet Spec 2.3, section 9.7.2. Offending class: javax/servlet/Servlet.class
jan 31, 2014 9:20:01 PM org.glassfish.jersey.server.ApplicationHandler initialize
INFO: Initiating Jersey application, version Jersey: 2.4.1 2013-11-08 12:08:47...
jan 31, 2014 9:20:02 PM org.apache.catalina.core.StandardContext reload
INFO: Reloading Context with name [/petClinic] is completed
jan 31, 2014 9:26:27 PM org.apache.catalina.core.StandardContext reload
INFO: Reloading Context with name [/petClinic] has started
jan 31, 2014 9:26:27 PM org.apache.catalina.loader.WebappClassLoader clearReferencesJdbc
SEVERE: The web application [/petClinic] registered the JDBC driver [org.h2.Driver] but failed to unregister it when the web application was stopped. To prevent a memory leak, the JDBC Driver has been forcibly unregistered.
jan 31, 2014 9:26:27 PM org.apache.catalina.loader.WebappClassLoader validateJarFile
INFO: validateJarFile(/Users/Studio/Dropbox/Pet Clinic Project/petClinic/target/petClinic - 0.0.1-SNAPSHOT/WEB-INF/lib/servlet-api-2.5.jar) - jar not loaded. See Servlet Spec 2.3, section 9.7.2. Offending class: javax/servlet/Servlet.class
jan 31, 2014 9:26:32 PM org.glassfish.jersey.server.ApplicationHandler initialize
INFO: Initiating Jersey application, version Jersey: 2.4.1 2013-11-08 12:08:47...
jan 31, 2014 9:26:32 PM org.apache.catalina.core.StandardContext reload
INFO: Reloading Context with name [/petClinic] is completed
jan 31, 2014 9:30:03 PM org.apache.catalina.core.StandardContext reload
INFO: Reloading Context with name [/petClinic] has started
jan 31, 2014 9:30:04 PM org.apache.catalina.loader.WebappClassLoader clearReferencesJdbc
SEVERE: The web application [/petClinic] registered the JDBC driver [org.h2.Driver] but failed to unregister it when the web application was stopped. To prevent a memory leak, the JDBC Driver has been forcibly unregistered.
jan 31, 2014 9:30:05 PM org.apache.catalina.loader.WebappClassLoader validateJarFile
INFO: validateJarFile(/Users/Studio/Dropbox/Pet Clinic Project/petClinic/target/petClinic - 0.0.1-SNAPSHOT/WEB-INF/lib/servlet-api-2.5.jar) - jar not loaded. See Servlet Spec 2.3, section 9.7.2. Offending class: javax/servlet/Servlet.class
jan 31, 2014 9:30:15 PM org.glassfish.jersey.server.ApplicationHandler initialize
INFO: Initiating Jersey application, version Jersey: 2.4.1 2013-11-08 12:08:47...
jan 31, 2014 9:30:16 PM org.apache.catalina.core.StandardContext reload
INFO: Reloading Context with name [/petClinic] is completed
jan 31, 2014 9:36:38 PM org.apache.catalina.core.StandardContext reload
INFO: Reloading Context with name [/petClinic] has started
jan 31, 2014 9:36:38 PM org.apache.catalina.loader.WebappClassLoader clearReferencesJdbc
SEVERE: The web application [/petClinic] registered the JDBC driver [org.h2.Driver] but failed to unregister it when the web application was stopped. To prevent a memory leak, the JDBC Driver has been forcibly unregistered.
jan 31, 2014 9:36:39 PM org.apache.catalina.loader.WebappClassLoader validateJarFile
INFO: validateJarFile(/Users/Studio/Dropbox/Pet Clinic Project/petClinic/target/petClinic - 0.0.1-SNAPSHOT/WEB-INF/lib/servlet-api-2.5.jar) - jar not loaded. See Servlet Spec 2.3, section 9.7.2. Offending class: javax/servlet/Servlet.class
jan 31, 2014 9:36:46 PM org.glassfish.jersey.server.ApplicationHandler initialize
INFO: Initiating Jersey application, version Jersey: 2.4.1 2013-11-08 12:08:47...
jan 31, 2014 9:36:46 PM org.apache.catalina.core.StandardContext reload
INFO: Reloading Context with name [/petClinic] is completed
jan 31, 2014 9:37:55 PM org.apache.catalina.core.StandardContext reload
INFO: Reloading Context with name [/petClinic] has started
jan 31, 2014 9:37:55 PM org.apache.catalina.loader.WebappClassLoader clearReferencesJdbc
SEVERE: The web application [/petClinic] registered the JDBC driver [org.h2.Driver] but failed to unregister it when the web application was stopped. To prevent a memory leak, the JDBC Driver has been forcibly unregistered.
jan 31, 2014 9:37:56 PM org.apache.catalina.loader.WebappClassLoader validateJarFile
INFO: validateJarFile(/Users/Studio/Dropbox/Pet Clinic Project/petClinic/target/petClinic - 0.0.1-SNAPSHOT/WEB-INF/lib/servlet-api-2.5.jar) - jar not loaded. See Servlet Spec 2.3, section 9.7.2. Offending class: javax/servlet/Servlet.class
jan 31, 2014 9:38:00 PM org.glassfish.jersey.server.ApplicationHandler initialize
INFO: Initiating Jersey application, version Jersey: 2.4.1 2013-11-08 12:08:47...
jan 31, 2014 9:38:00 PM org.apache.catalina.core.StandardContext reload
INFO: Reloading Context with name [/petClinic] is completed
jan 31, 2014 9:38:58 PM org.apache.catalina.loader.WebappClassLoader clearReferencesJdbc
SEVERE: The web application [/petClinic] registered the JDBC driver [org.h2.Driver] but failed to unregister it when the web application was stopped. To prevent a memory leak, the JDBC Driver has been forcibly unregistered.
jan 31, 2014 9:38:59 PM org.apache.catalina.startup.HostConfig deleteRedeployResources
INFO: Undeploying context [/petClinic]
jan 31, 2014 9:38:59 PM org.apache.catalina.startup.HostConfig deployDescriptor
INFO: Deploying configuration descriptor /Users/Studio/Dropbox/Pet Clinic Project/apache-tomcat-7.0.47/conf/Catalina/localhost/petClinic.xml
jan 31, 2014 9:38:59 PM org.apache.catalina.loader.WebappClassLoader validateJarFile
INFO: validateJarFile(/Users/Studio/Dropbox/Pet Clinic Project/petClinic/target/petClinic - 0.0.1-SNAPSHOT/WEB-INF/lib/servlet-api-2.5.jar) - jar not loaded. See Servlet Spec 2.3, section 9.7.2. Offending class: javax/servlet/Servlet.class
jan 31, 2014 9:39:04 PM org.glassfish.jersey.server.ApplicationHandler initialize
INFO: Initiating Jersey application, version Jersey: 2.4.1 2013-11-08 12:08:47...
jan 31, 2014 9:39:04 PM org.apache.catalina.util.LifecycleBase start
INFO: The start() method was called on component [StandardEngine[Catalina].StandardHost[localhost].StandardContext[/petClinic]] after start() had already been called. The second call will be ignored.
jan 31, 2014 9:39:52 PM org.apache.catalina.core.StandardContext reload
INFO: Reloading Context with name [/petClinic] has started
jan 31, 2014 9:39:52 PM org.apache.catalina.loader.WebappClassLoader clearReferencesJdbc
SEVERE: The web application [/petClinic] registered the JDBC driver [org.h2.Driver] but failed to unregister it when the web application was stopped. To prevent a memory leak, the JDBC Driver has been forcibly unregistered.
jan 31, 2014 9:39:53 PM org.apache.catalina.loader.WebappClassLoader validateJarFile
INFO: validateJarFile(/Users/Studio/Dropbox/Pet Clinic Project/petClinic/target/petClinic - 0.0.1-SNAPSHOT/WEB-INF/lib/servlet-api-2.5.jar) - jar not loaded. See Servlet Spec 2.3, section 9.7.2. Offending class: javax/servlet/Servlet.class
jan 31, 2014 9:39:58 PM org.glassfish.jersey.server.ApplicationHandler initialize
INFO: Initiating Jersey application, version Jersey: 2.4.1 2013-11-08 12:08:47...
jan 31, 2014 9:39:58 PM org.apache.catalina.core.StandardContext reload
INFO: Reloading Context with name [/petClinic] is completed
jan 31, 2014 9:41:22 PM org.apache.catalina.core.StandardContext reload
INFO: Reloading Context with name [/petClinic] has started
jan 31, 2014 9:41:22 PM org.apache.catalina.loader.WebappClassLoader clearReferencesJdbc
SEVERE: The web application [/petClinic] registered the JDBC driver [org.h2.Driver] but failed to unregister it when the web application was stopped. To prevent a memory leak, the JDBC Driver has been forcibly unregistered.
jan 31, 2014 9:41:23 PM org.apache.catalina.loader.WebappClassLoader validateJarFile
INFO: validateJarFile(/Users/Studio/Dropbox/Pet Clinic Project/petClinic/target/petClinic - 0.0.1-SNAPSHOT/WEB-INF/lib/servlet-api-2.5.jar) - jar not loaded. See Servlet Spec 2.3, section 9.7.2. Offending class: javax/servlet/Servlet.class
jan 31, 2014 9:41:27 PM org.glassfish.jersey.server.ApplicationHandler initialize
INFO: Initiating Jersey application, version Jersey: 2.4.1 2013-11-08 12:08:47...
jan 31, 2014 9:41:28 PM org.apache.catalina.core.StandardContext reload
INFO: Reloading Context with name [/petClinic] is completed
jan 31, 2014 9:42:27 PM org.apache.catalina.core.StandardContext reload
INFO: Reloading Context with name [/petClinic] has started
jan 31, 2014 9:42:27 PM org.apache.catalina.loader.WebappClassLoader clearReferencesJdbc
SEVERE: The web application [/petClinic] registered the JDBC driver [org.h2.Driver] but failed to unregister it when the web application was stopped. To prevent a memory leak, the JDBC Driver has been forcibly unregistered.
jan 31, 2014 9:42:28 PM org.apache.catalina.loader.WebappClassLoader validateJarFile
INFO: validateJarFile(/Users/Studio/Dropbox/Pet Clinic Project/petClinic/target/petClinic - 0.0.1-SNAPSHOT/WEB-INF/lib/servlet-api-2.5.jar) - jar not loaded. See Servlet Spec 2.3, section 9.7.2. Offending class: javax/servlet/Servlet.class
jan 31, 2014 9:42:32 PM org.glassfish.jersey.server.ApplicationHandler initialize
INFO: Initiating Jersey application, version Jersey: 2.4.1 2013-11-08 12:08:47...
jan 31, 2014 9:42:32 PM org.apache.catalina.core.StandardContext reload
INFO: Reloading Context with name [/petClinic] is completed
jan 31, 2014 9:52:10 PM org.apache.catalina.core.StandardContext reload
INFO: Reloading Context with name [/petClinic] has started
jan 31, 2014 9:52:10 PM org.apache.catalina.loader.WebappClassLoader clearReferencesJdbc
SEVERE: The web application [/petClinic] registered the JDBC driver [org.h2.Driver] but failed to unregister it when the web application was stopped. To prevent a memory leak, the JDBC Driver has been forcibly unregistered.
jan 31, 2014 9:52:11 PM org.apache.catalina.loader.WebappClassLoader validateJarFile
INFO: validateJarFile(/Users/Studio/Dropbox/Pet Clinic Project/petClinic/target/petClinic - 0.0.1-SNAPSHOT/WEB-INF/lib/servlet-api-2.5.jar) - jar not loaded. See Servlet Spec 2.3, section 9.7.2. Offending class: javax/servlet/Servlet.class
jan 31, 2014 9:52:19 PM org.glassfish.jersey.server.ApplicationHandler initialize
INFO: Initiating Jersey application, version Jersey: 2.4.1 2013-11-08 12:08:47...
jan 31, 2014 9:52:20 PM org.apache.catalina.core.StandardContext reload
INFO: Reloading Context with name [/petClinic] is completed
jan 31, 2014 9:54:05 PM org.apache.catalina.core.StandardContext reload
INFO: Reloading Context with name [/petClinic] has started
jan 31, 2014 9:54:05 PM org.apache.catalina.loader.WebappClassLoader clearReferencesJdbc
SEVERE: The web application [/petClinic] registered the JDBC driver [org.h2.Driver] but failed to unregister it when the web application was stopped. To prevent a memory leak, the JDBC Driver has been forcibly unregistered.
jan 31, 2014 9:54:05 PM org.apache.catalina.loader.WebappClassLoader validateJarFile
INFO: validateJarFile(/Users/Studio/Dropbox/Pet Clinic Project/petClinic/target/petClinic - 0.0.1-SNAPSHOT/WEB-INF/lib/servlet-api-2.5.jar) - jar not loaded. See Servlet Spec 2.3, section 9.7.2. Offending class: javax/servlet/Servlet.class
jan 31, 2014 9:54:09 PM org.glassfish.jersey.server.ApplicationHandler initialize
INFO: Initiating Jersey application, version Jersey: 2.4.1 2013-11-08 12:08:47...
jan 31, 2014 9:54:09 PM org.apache.catalina.core.StandardContext reload
INFO: Reloading Context with name [/petClinic] is completed
jan 31, 2014 9:56:04 PM org.apache.catalina.core.StandardContext reload
INFO: Reloading Context with name [/petClinic] has started
jan 31, 2014 9:56:04 PM org.apache.catalina.loader.WebappClassLoader clearReferencesJdbc
SEVERE: The web application [/petClinic] registered the JDBC driver [org.h2.Driver] but failed to unregister it when the web application was stopped. To prevent a memory leak, the JDBC Driver has been forcibly unregistered.
jan 31, 2014 9:56:04 PM org.apache.catalina.loader.WebappClassLoader validateJarFile
INFO: validateJarFile(/Users/Studio/Dropbox/Pet Clinic Project/petClinic/target/petClinic - 0.0.1-SNAPSHOT/WEB-INF/lib/servlet-api-2.5.jar) - jar not loaded. See Servlet Spec 2.3, section 9.7.2. Offending class: javax/servlet/Servlet.class
jan 31, 2014 9:56:08 PM org.glassfish.jersey.server.ApplicationHandler initialize
INFO: Initiating Jersey application, version Jersey: 2.4.1 2013-11-08 12:08:47...
jan 31, 2014 9:56:09 PM org.apache.catalina.core.StandardContext reload
INFO: Reloading Context with name [/petClinic] is completed
jan 31, 2014 9:57:29 PM org.apache.catalina.core.StandardContext reload
INFO: Reloading Context with name [/petClinic] has started
jan 31, 2014 9:57:29 PM org.apache.catalina.loader.WebappClassLoader clearReferencesJdbc
SEVERE: The web application [/petClinic] registered the JDBC driver [org.h2.Driver] but failed to unregister it when the web application was stopped. To prevent a memory leak, the JDBC Driver has been forcibly unregistered.
jan 31, 2014 9:57:29 PM org.apache.catalina.loader.WebappClassLoader validateJarFile
INFO: validateJarFile(/Users/Studio/Dropbox/Pet Clinic Project/petClinic/target/petClinic - 0.0.1-SNAPSHOT/WEB-INF/lib/servlet-api-2.5.jar) - jar not loaded. See Servlet Spec 2.3, section 9.7.2. Offending class: javax/servlet/Servlet.class
jan 31, 2014 9:57:33 PM org.glassfish.jersey.server.ApplicationHandler initialize
INFO: Initiating Jersey application, version Jersey: 2.4.1 2013-11-08 12:08:47...
jan 31, 2014 9:57:34 PM org.apache.catalina.core.StandardContext reload
INFO: Reloading Context with name [/petClinic] is completed
jan 31, 2014 9:58:54 PM org.apache.catalina.core.StandardContext reload
INFO: Reloading Context with name [/petClinic] has started
jan 31, 2014 9:58:54 PM org.apache.catalina.loader.WebappClassLoader clearReferencesJdbc
SEVERE: The web application [/petClinic] registered the JDBC driver [org.h2.Driver] but failed to unregister it when the web application was stopped. To prevent a memory leak, the JDBC Driver has been forcibly unregistered.
jan 31, 2014 9:58:54 PM org.apache.catalina.loader.WebappClassLoader validateJarFile
INFO: validateJarFile(/Users/Studio/Dropbox/Pet Clinic Project/petClinic/target/petClinic - 0.0.1-SNAPSHOT/WEB-INF/lib/servlet-api-2.5.jar) - jar not loaded. See Servlet Spec 2.3, section 9.7.2. Offending class: javax/servlet/Servlet.class
jan 31, 2014 9:58:58 PM org.glassfish.jersey.server.ApplicationHandler initialize
INFO: Initiating Jersey application, version Jersey: 2.4.1 2013-11-08 12:08:47...
jan 31, 2014 9:58:58 PM org.apache.catalina.core.StandardContext reload
INFO: Reloading Context with name [/petClinic] is completed
jan 31, 2014 11:29:12 PM org.apache.catalina.core.StandardContext reload
INFO: Reloading Context with name [/petClinic] has started
jan 31, 2014 11:29:14 PM org.apache.catalina.loader.WebappClassLoader clearReferencesJdbc
SEVERE: The web application [/petClinic] registered the JDBC driver [org.h2.Driver] but failed to unregister it when the web application was stopped. To prevent a memory leak, the JDBC Driver has been forcibly unregistered.
jan 31, 2014 11:29:15 PM org.apache.catalina.loader.WebappClassLoader validateJarFile
INFO: validateJarFile(/Users/Studio/Dropbox/Pet Clinic Project/petClinic/target/petClinic - 0.0.1-SNAPSHOT/WEB-INF/lib/servlet-api-2.5.jar) - jar not loaded. See Servlet Spec 2.3, section 9.7.2. Offending class: javax/servlet/Servlet.class
jan 31, 2014 11:29:32 PM org.glassfish.jersey.server.ApplicationHandler initialize
INFO: Initiating Jersey application, version Jersey: 2.4.1 2013-11-08 12:08:47...
jan 31, 2014 11:29:32 PM org.apache.catalina.core.StandardContext reload
INFO: Reloading Context with name [/petClinic] is completed
jan 31, 2014 11:29:34 PM org.apache.catalina.core.StandardContext reload
INFO: Reloading Context with name [/petClinic] has started
jan 31, 2014 11:29:35 PM org.apache.catalina.loader.WebappClassLoader clearReferencesJdbc
SEVERE: The web application [/petClinic] registered the JDBC driver [org.h2.Driver] but failed to unregister it when the web application was stopped. To prevent a memory leak, the JDBC Driver has been forcibly unregistered.
jan 31, 2014 11:29:36 PM org.apache.catalina.loader.WebappClassLoader validateJarFile
INFO: validateJarFile(/Users/Studio/Dropbox/Pet Clinic Project/petClinic/target/petClinic - 0.0.1-SNAPSHOT/WEB-INF/lib/servlet-api-2.5.jar) - jar not loaded. See Servlet Spec 2.3, section 9.7.2. Offending class: javax/servlet/Servlet.class
jan 31, 2014 11:29:50 PM org.glassfish.jersey.server.ApplicationHandler initialize
INFO: Initiating Jersey application, version Jersey: 2.4.1 2013-11-08 12:08:47...
jan 31, 2014 11:29:50 PM org.apache.catalina.core.StandardContext reload
INFO: Reloading Context with name [/petClinic] is completed
jan 31, 2014 11:36:33 PM org.apache.catalina.core.StandardContext reload
INFO: Reloading Context with name [/petClinic] has started
jan 31, 2014 11:36:34 PM org.apache.catalina.loader.WebappClassLoader clearReferencesJdbc
SEVERE: The web application [/petClinic] registered the JDBC driver [org.h2.Driver] but failed to unregister it when the web application was stopped. To prevent a memory leak, the JDBC Driver has been forcibly unregistered.
jan 31, 2014 11:36:34 PM org.apache.catalina.loader.WebappClassLoader validateJarFile
INFO: validateJarFile(/Users/Studio/Dropbox/Pet Clinic Project/petClinic/target/petClinic - 0.0.1-SNAPSHOT/WEB-INF/lib/servlet-api-2.5.jar) - jar not loaded. See Servlet Spec 2.3, section 9.7.2. Offending class: javax/servlet/Servlet.class
jan 31, 2014 11:36:45 PM org.glassfish.jersey.server.ApplicationHandler initialize
INFO: Initiating Jersey application, version Jersey: 2.4.1 2013-11-08 12:08:47...
jan 31, 2014 11:36:46 PM org.apache.catalina.core.StandardContext reload
INFO: Reloading Context with name [/petClinic] is completed
jan 31, 2014 11:36:46 PM org.apache.catalina.core.StandardContext reload
INFO: Reloading Context with name [/petClinic] has started
jan 31, 2014 11:36:46 PM org.apache.catalina.loader.WebappClassLoader clearReferencesJdbc
SEVERE: The web application [/petClinic] registered the JDBC driver [org.h2.Driver] but failed to unregister it when the web application was stopped. To prevent a memory leak, the JDBC Driver has been forcibly unregistered.
jan 31, 2014 11:36:46 PM org.apache.catalina.loader.WebappClassLoader validateJarFile
INFO: validateJarFile(/Users/Studio/Dropbox/Pet Clinic Project/petClinic/target/petClinic - 0.0.1-SNAPSHOT/WEB-INF/lib/servlet-api-2.5.jar) - jar not loaded. See Servlet Spec 2.3, section 9.7.2. Offending class: javax/servlet/Servlet.class
jan 31, 2014 11:36:50 PM org.glassfish.jersey.server.ApplicationHandler initialize
INFO: Initiating Jersey application, version Jersey: 2.4.1 2013-11-08 12:08:47...
jan 31, 2014 11:36:51 PM org.apache.catalina.core.StandardContext reload
INFO: Reloading Context with name [/petClinic] is completed
jan 31, 2014 11:37:57 PM org.apache.catalina.core.StandardContext reload
INFO: Reloading Context with name [/petClinic] has started
jan 31, 2014 11:37:57 PM org.apache.catalina.loader.WebappClassLoader clearReferencesJdbc
SEVERE: The web application [/petClinic] registered the JDBC driver [org.h2.Driver] but failed to unregister it when the web application was stopped. To prevent a memory leak, the JDBC Driver has been forcibly unregistered.
jan 31, 2014 11:37:57 PM org.apache.catalina.loader.WebappClassLoader validateJarFile
INFO: validateJarFile(/Users/Studio/Dropbox/Pet Clinic Project/petClinic/target/petClinic - 0.0.1-SNAPSHOT/WEB-INF/lib/servlet-api-2.5.jar) - jar not loaded. See Servlet Spec 2.3, section 9.7.2. Offending class: javax/servlet/Servlet.class
jan 31, 2014 11:38:01 PM org.glassfish.jersey.server.ApplicationHandler initialize
INFO: Initiating Jersey application, version Jersey: 2.4.1 2013-11-08 12:08:47...
jan 31, 2014 11:38:01 PM org.apache.catalina.core.StandardContext reload
INFO: Reloading Context with name [/petClinic] is completed
jan 31, 2014 11:38:04 PM org.apache.catalina.core.StandardContext reload
INFO: Reloading Context with name [/petClinic] has started
jan 31, 2014 11:38:04 PM org.apache.catalina.loader.WebappClassLoader clearReferencesJdbc
SEVERE: The web application [/petClinic] registered the JDBC driver [org.h2.Driver] but failed to unregister it when the web application was stopped. To prevent a memory leak, the JDBC Driver has been forcibly unregistered.
jan 31, 2014 11:38:04 PM org.apache.catalina.loader.WebappClassLoader validateJarFile
INFO: validateJarFile(/Users/Studio/Dropbox/Pet Clinic Project/petClinic/target/petClinic - 0.0.1-SNAPSHOT/WEB-INF/lib/servlet-api-2.5.jar) - jar not loaded. See Servlet Spec 2.3, section 9.7.2. Offending class: javax/servlet/Servlet.class
jan 31, 2014 11:38:08 PM org.glassfish.jersey.server.ApplicationHandler initialize
INFO: Initiating Jersey application, version Jersey: 2.4.1 2013-11-08 12:08:47...
jan 31, 2014 11:38:08 PM org.apache.catalina.core.StandardContext reload
INFO: Reloading Context with name [/petClinic] is completed
jan 31, 2014 11:38:49 PM org.apache.catalina.core.StandardContext reload
INFO: Reloading Context with name [/petClinic] has started
jan 31, 2014 11:38:50 PM org.apache.catalina.loader.WebappClassLoader clearReferencesJdbc
SEVERE: The web application [/petClinic] registered the JDBC driver [org.h2.Driver] but failed to unregister it when the web application was stopped. To prevent a memory leak, the JDBC Driver has been forcibly unregistered.
jan 31, 2014 11:38:51 PM org.apache.catalina.loader.WebappClassLoader validateJarFile
INFO: validateJarFile(/Users/Studio/Dropbox/Pet Clinic Project/petClinic/target/petClinic - 0.0.1-SNAPSHOT/WEB-INF/lib/servlet-api-2.5.jar) - jar not loaded. See Servlet Spec 2.3, section 9.7.2. Offending class: javax/servlet/Servlet.class
jan 31, 2014 11:39:04 PM org.glassfish.jersey.server.ApplicationHandler initialize
INFO: Initiating Jersey application, version Jersey: 2.4.1 2013-11-08 12:08:47...
jan 31, 2014 11:39:04 PM org.apache.catalina.core.StandardContext reload
INFO: Reloading Context with name [/petClinic] is completed
jan 31, 2014 11:40:19 PM org.apache.catalina.core.StandardContext reload
INFO: Reloading Context with name [/petClinic] has started
jan 31, 2014 11:40:20 PM org.apache.catalina.loader.WebappClassLoader clearReferencesJdbc
SEVERE: The web application [/petClinic] registered the JDBC driver [org.h2.Driver] but failed to unregister it when the web application was stopped. To prevent a memory leak, the JDBC Driver has been forcibly unregistered.
jan 31, 2014 11:40:20 PM org.apache.catalina.loader.WebappClassLoader validateJarFile
INFO: validateJarFile(/Users/Studio/Dropbox/Pet Clinic Project/petClinic/target/petClinic - 0.0.1-SNAPSHOT/WEB-INF/lib/servlet-api-2.5.jar) - jar not loaded. See Servlet Spec 2.3, section 9.7.2. Offending class: javax/servlet/Servlet.class
jan 31, 2014 11:40:31 PM org.glassfish.jersey.server.ApplicationHandler initialize
INFO: Initiating Jersey application, version Jersey: 2.4.1 2013-11-08 12:08:47...
jan 31, 2014 11:40:32 PM org.apache.catalina.core.StandardContext reload
INFO: Reloading Context with name [/petClinic] is completed
