jan 23, 2014 3:16:10 PM org.apache.catalina.core.ApplicationContext log
INFO: ContextListener: contextInitialized()
jan 23, 2014 3:16:10 PM org.apache.catalina.core.ApplicationContext log
INFO: SessionListener: contextInitialized()
jan 23, 2014 3:16:10 PM org.apache.catalina.core.ApplicationContext log
INFO: ContextListener: attributeAdded('org.apache.jasper.compiler.TldLocationsCache', 'org.apache.jasper.compiler.TldLocationsCache@73ff5d7c')
jan 23, 2014 3:19:34 PM org.apache.catalina.core.ApplicationContext log
INFO: SessionListener: contextDestroyed()
jan 23, 2014 3:19:34 PM org.apache.catalina.core.ApplicationContext log
INFO: ContextListener: contextDestroyed()
jan 23, 2014 3:24:08 PM org.apache.catalina.core.ApplicationContext log
INFO: ContextListener: contextInitialized()
jan 23, 2014 3:24:08 PM org.apache.catalina.core.ApplicationContext log
INFO: SessionListener: contextInitialized()
jan 23, 2014 3:24:08 PM org.apache.catalina.core.ApplicationContext log
INFO: ContextListener: attributeAdded('org.apache.jasper.compiler.TldLocationsCache', 'org.apache.jasper.compiler.TldLocationsCache@1e8ed192')
jan 23, 2014 3:24:14 PM org.apache.catalina.core.ApplicationContext log
INFO: Spring WebApplicationInitializers detected on classpath: [org.glassfish.jersey.server.spring.SpringWebApplicationInitializer@7b7b04e9]
jan 23, 2014 3:24:14 PM org.apache.catalina.core.ApplicationContext log
INFO: Initializing Spring root WebApplicationContext
jan 23, 2014 3:25:56 PM org.apache.catalina.core.ApplicationContext log
INFO: Closing Spring root WebApplicationContext
jan 23, 2014 3:25:58 PM org.apache.catalina.core.ApplicationContext log
INFO: Spring WebApplicationInitializers detected on classpath: [org.glassfish.jersey.server.spring.SpringWebApplicationInitializer@f1e1e33]
jan 23, 2014 3:25:58 PM org.apache.catalina.core.ApplicationContext log
INFO: Initializing Spring root WebApplicationContext
jan 23, 2014 3:27:49 PM org.apache.catalina.core.ApplicationContext log
INFO: Closing Spring root WebApplicationContext
jan 23, 2014 3:27:52 PM org.apache.catalina.core.ApplicationContext log
INFO: Spring WebApplicationInitializers detected on classpath: [org.glassfish.jersey.server.spring.SpringWebApplicationInitializer@308a41b7]
jan 23, 2014 3:27:52 PM org.apache.catalina.core.ApplicationContext log
INFO: Initializing Spring root WebApplicationContext
jan 23, 2014 3:36:03 PM org.apache.catalina.core.ApplicationContext log
INFO: Closing Spring root WebApplicationContext
jan 23, 2014 3:36:07 PM org.apache.catalina.core.ApplicationContext log
INFO: Spring WebApplicationInitializers detected on classpath: [org.glassfish.jersey.server.spring.SpringWebApplicationInitializer@4a572d5c]
jan 23, 2014 3:36:08 PM org.apache.catalina.core.ApplicationContext log
INFO: Initializing Spring root WebApplicationContext
jan 23, 2014 3:40:01 PM org.apache.catalina.core.ApplicationContext log
INFO: Closing Spring root WebApplicationContext
jan 23, 2014 3:40:02 PM org.apache.catalina.core.ApplicationContext log
INFO: SessionListener: contextDestroyed()
jan 23, 2014 3:40:02 PM org.apache.catalina.core.ApplicationContext log
INFO: ContextListener: contextDestroyed()
jan 23, 2014 3:40:44 PM org.apache.catalina.core.ApplicationContext log
INFO: Spring WebApplicationInitializers detected on classpath: [org.glassfish.jersey.server.spring.SpringWebApplicationInitializer@6ce3044f]
jan 23, 2014 3:40:44 PM org.apache.catalina.core.ApplicationContext log
INFO: Initializing Spring root WebApplicationContext
jan 23, 2014 3:40:50 PM org.apache.catalina.core.ApplicationContext log
INFO: ContextListener: contextInitialized()
jan 23, 2014 3:40:50 PM org.apache.catalina.core.ApplicationContext log
INFO: SessionListener: contextInitialized()
jan 23, 2014 3:40:50 PM org.apache.catalina.core.ApplicationContext log
INFO: ContextListener: attributeAdded('org.apache.jasper.compiler.TldLocationsCache', 'org.apache.jasper.compiler.TldLocationsCache@1b6bc881')
jan 23, 2014 3:42:45 PM org.apache.catalina.core.ApplicationContext log
INFO: Closing Spring root WebApplicationContext
jan 23, 2014 3:42:45 PM org.apache.catalina.core.ApplicationContext log
INFO: SessionListener: contextDestroyed()
jan 23, 2014 3:42:45 PM org.apache.catalina.core.ApplicationContext log
INFO: ContextListener: contextDestroyed()
jan 23, 2014 3:42:55 PM org.apache.catalina.core.ApplicationContext log
INFO: Spring WebApplicationInitializers detected on classpath: [org.glassfish.jersey.server.spring.SpringWebApplicationInitializer@646d5273]
jan 23, 2014 3:42:55 PM org.apache.catalina.core.ApplicationContext log
INFO: Initializing Spring root WebApplicationContext
jan 23, 2014 3:43:00 PM org.apache.catalina.core.ApplicationContext log
INFO: ContextListener: contextInitialized()
jan 23, 2014 3:43:00 PM org.apache.catalina.core.ApplicationContext log
INFO: SessionListener: contextInitialized()
jan 23, 2014 3:43:00 PM org.apache.catalina.core.ApplicationContext log
INFO: ContextListener: attributeAdded('org.apache.jasper.compiler.TldLocationsCache', 'org.apache.jasper.compiler.TldLocationsCache@6f20bab9')
jan 23, 2014 3:44:14 PM org.apache.catalina.core.ApplicationContext log
INFO: Closing Spring root WebApplicationContext
jan 23, 2014 3:44:17 PM org.apache.catalina.core.ApplicationContext log
INFO: Spring WebApplicationInitializers detected on classpath: [org.glassfish.jersey.server.spring.SpringWebApplicationInitializer@6285a3f9]
jan 23, 2014 3:44:17 PM org.apache.catalina.core.ApplicationContext log
INFO: Initializing Spring root WebApplicationContext
jan 23, 2014 3:48:58 PM org.apache.catalina.core.ApplicationContext log
INFO: Closing Spring root WebApplicationContext
jan 23, 2014 3:48:59 PM org.apache.catalina.core.ApplicationContext log
INFO: SessionListener: contextDestroyed()
jan 23, 2014 3:48:59 PM org.apache.catalina.core.ApplicationContext log
INFO: ContextListener: contextDestroyed()
