feb 04, 2014 6:53:34 PM org.apache.catalina.core.ApplicationContext log
INFO: ContextListener: contextInitialized()
feb 04, 2014 6:53:34 PM org.apache.catalina.core.ApplicationContext log
INFO: SessionListener: contextInitialized()
feb 04, 2014 6:53:34 PM org.apache.catalina.core.ApplicationContext log
INFO: ContextListener: attributeAdded('org.apache.jasper.compiler.TldLocationsCache', 'org.apache.jasper.compiler.TldLocationsCache@51d50fde')
feb 04, 2014 6:53:38 PM org.apache.catalina.core.ApplicationContext log
INFO: Spring WebApplicationInitializers detected on classpath: [org.glassfish.jersey.server.spring.SpringWebApplicationInitializer@5033d21e]
feb 04, 2014 6:53:38 PM org.apache.catalina.core.ApplicationContext log
INFO: Initializing Spring root WebApplicationContext
feb 04, 2014 6:56:26 PM org.apache.catalina.core.ApplicationContext log
INFO: Closing Spring root WebApplicationContext
feb 04, 2014 6:56:28 PM org.apache.catalina.core.ApplicationContext log
INFO: Spring WebApplicationInitializers detected on classpath: [org.glassfish.jersey.server.spring.SpringWebApplicationInitializer@56413948]
feb 04, 2014 6:56:28 PM org.apache.catalina.core.ApplicationContext log
INFO: Initializing Spring root WebApplicationContext
feb 04, 2014 6:56:38 PM org.apache.catalina.core.ApplicationContext log
INFO: Closing Spring root WebApplicationContext
feb 04, 2014 6:56:40 PM org.apache.catalina.core.ApplicationContext log
INFO: Spring WebApplicationInitializers detected on classpath: [org.glassfish.jersey.server.spring.SpringWebApplicationInitializer@2e7e37a9]
feb 04, 2014 6:56:40 PM org.apache.catalina.core.ApplicationContext log
INFO: Initializing Spring root WebApplicationContext
feb 04, 2014 6:56:44 PM org.apache.catalina.core.ApplicationContext log
INFO: Closing Spring root WebApplicationContext
feb 04, 2014 6:56:45 PM org.apache.catalina.core.ApplicationContext log
INFO: Spring WebApplicationInitializers detected on classpath: [org.glassfish.jersey.server.spring.SpringWebApplicationInitializer@3c2b6921]
feb 04, 2014 6:56:46 PM org.apache.catalina.core.ApplicationContext log
INFO: Initializing Spring root WebApplicationContext
feb 04, 2014 6:57:11 PM org.apache.catalina.core.ApplicationContext log
INFO: SessionListener: contextDestroyed()
feb 04, 2014 6:57:11 PM org.apache.catalina.core.ApplicationContext log
INFO: ContextListener: contextDestroyed()
feb 04, 2014 6:58:01 PM org.apache.catalina.core.ApplicationContext log
INFO: Spring WebApplicationInitializers detected on classpath: [org.glassfish.jersey.server.spring.SpringWebApplicationInitializer@4c90dbc4]
feb 04, 2014 6:58:01 PM org.apache.catalina.core.ApplicationContext log
INFO: Initializing Spring root WebApplicationContext
feb 04, 2014 6:58:05 PM org.apache.catalina.core.ApplicationContext log
INFO: ContextListener: contextInitialized()
feb 04, 2014 6:58:05 PM org.apache.catalina.core.ApplicationContext log
INFO: SessionListener: contextInitialized()
feb 04, 2014 6:58:05 PM org.apache.catalina.core.ApplicationContext log
INFO: ContextListener: attributeAdded('org.apache.jasper.compiler.TldLocationsCache', 'org.apache.jasper.compiler.TldLocationsCache@71127eac')
feb 04, 2014 6:58:05 PM org.apache.catalina.core.ApplicationContext log
INFO: Closing Spring root WebApplicationContext
feb 04, 2014 6:58:08 PM org.apache.catalina.core.ApplicationContext log
INFO: Spring WebApplicationInitializers detected on classpath: [org.glassfish.jersey.server.spring.SpringWebApplicationInitializer@1d83c031]
feb 04, 2014 6:58:08 PM org.apache.catalina.core.ApplicationContext log
INFO: Initializing Spring root WebApplicationContext
feb 04, 2014 6:59:55 PM org.apache.catalina.core.ApplicationContext log
INFO: Closing Spring root WebApplicationContext
feb 04, 2014 6:59:57 PM org.apache.catalina.core.ApplicationContext log
INFO: Spring WebApplicationInitializers detected on classpath: [org.glassfish.jersey.server.spring.SpringWebApplicationInitializer@3865764d]
feb 04, 2014 6:59:57 PM org.apache.catalina.core.ApplicationContext log
INFO: Initializing Spring root WebApplicationContext
feb 04, 2014 7:03:13 PM org.apache.catalina.core.ApplicationContext log
INFO: Closing Spring root WebApplicationContext
feb 04, 2014 7:03:15 PM org.apache.catalina.core.ApplicationContext log
INFO: Spring WebApplicationInitializers detected on classpath: [org.glassfish.jersey.server.spring.SpringWebApplicationInitializer@583f6355]
feb 04, 2014 7:03:15 PM org.apache.catalina.core.ApplicationContext log
INFO: Initializing Spring root WebApplicationContext
feb 04, 2014 7:03:24 PM org.apache.catalina.core.ApplicationContext log
INFO: Closing Spring root WebApplicationContext
feb 04, 2014 7:03:25 PM org.apache.catalina.core.ApplicationContext log
INFO: Spring WebApplicationInitializers detected on classpath: [org.glassfish.jersey.server.spring.SpringWebApplicationInitializer@3a4db32a]
feb 04, 2014 7:03:25 PM org.apache.catalina.core.ApplicationContext log
INFO: Initializing Spring root WebApplicationContext
feb 04, 2014 7:03:52 PM org.apache.catalina.core.ApplicationContext log
INFO: Closing Spring root WebApplicationContext
feb 04, 2014 7:03:54 PM org.apache.catalina.core.ApplicationContext log
INFO: Spring WebApplicationInitializers detected on classpath: [org.glassfish.jersey.server.spring.SpringWebApplicationInitializer@1d15f37d]
feb 04, 2014 7:03:54 PM org.apache.catalina.core.ApplicationContext log
INFO: Initializing Spring root WebApplicationContext
feb 04, 2014 7:05:14 PM org.apache.catalina.core.ApplicationContext log
INFO: Closing Spring root WebApplicationContext
feb 04, 2014 7:05:15 PM org.apache.catalina.core.ApplicationContext log
INFO: Spring WebApplicationInitializers detected on classpath: [org.glassfish.jersey.server.spring.SpringWebApplicationInitializer@305ed998]
feb 04, 2014 7:05:15 PM org.apache.catalina.core.ApplicationContext log
INFO: Initializing Spring root WebApplicationContext
feb 04, 2014 7:05:19 PM org.apache.catalina.core.ApplicationContext log
INFO: Closing Spring root WebApplicationContext
feb 04, 2014 7:05:21 PM org.apache.catalina.core.ApplicationContext log
INFO: Spring WebApplicationInitializers detected on classpath: [org.glassfish.jersey.server.spring.SpringWebApplicationInitializer@5d23e42d]
feb 04, 2014 7:05:21 PM org.apache.catalina.core.ApplicationContext log
INFO: Initializing Spring root WebApplicationContext
feb 04, 2014 7:05:49 PM org.apache.catalina.core.ApplicationContext log
INFO: Closing Spring root WebApplicationContext
feb 04, 2014 7:05:50 PM org.apache.catalina.core.ApplicationContext log
INFO: Spring WebApplicationInitializers detected on classpath: [org.glassfish.jersey.server.spring.SpringWebApplicationInitializer@37ec8c83]
feb 04, 2014 7:05:51 PM org.apache.catalina.core.ApplicationContext log
INFO: Initializing Spring root WebApplicationContext
feb 04, 2014 7:06:02 PM org.apache.catalina.core.ApplicationContext log
INFO: Closing Spring root WebApplicationContext
feb 04, 2014 7:06:04 PM org.apache.catalina.core.ApplicationContext log
INFO: Spring WebApplicationInitializers detected on classpath: [org.glassfish.jersey.server.spring.SpringWebApplicationInitializer@6d45b260]
feb 04, 2014 7:06:04 PM org.apache.catalina.core.ApplicationContext log
INFO: Initializing Spring root WebApplicationContext
feb 04, 2014 7:06:32 PM org.apache.catalina.core.ApplicationContext log
INFO: Closing Spring root WebApplicationContext
feb 04, 2014 7:06:34 PM org.apache.catalina.core.ApplicationContext log
INFO: Spring WebApplicationInitializers detected on classpath: [org.glassfish.jersey.server.spring.SpringWebApplicationInitializer@2c95ca31]
feb 04, 2014 7:06:34 PM org.apache.catalina.core.ApplicationContext log
INFO: Initializing Spring root WebApplicationContext
feb 04, 2014 7:06:42 PM org.apache.catalina.core.ApplicationContext log
INFO: Closing Spring root WebApplicationContext
feb 04, 2014 7:06:44 PM org.apache.catalina.core.ApplicationContext log
INFO: Spring WebApplicationInitializers detected on classpath: [org.glassfish.jersey.server.spring.SpringWebApplicationInitializer@4d89291e]
feb 04, 2014 7:06:44 PM org.apache.catalina.core.ApplicationContext log
INFO: Initializing Spring root WebApplicationContext
feb 04, 2014 7:07:19 PM org.apache.catalina.core.ApplicationContext log
INFO: Closing Spring root WebApplicationContext
feb 04, 2014 7:07:21 PM org.apache.catalina.core.ApplicationContext log
INFO: Spring WebApplicationInitializers detected on classpath: [org.glassfish.jersey.server.spring.SpringWebApplicationInitializer@280c1fc5]
feb 04, 2014 7:07:21 PM org.apache.catalina.core.ApplicationContext log
INFO: Initializing Spring root WebApplicationContext
feb 04, 2014 7:08:05 PM org.apache.catalina.core.ApplicationContext log
INFO: Closing Spring root WebApplicationContext
feb 04, 2014 7:08:07 PM org.apache.catalina.core.ApplicationContext log
INFO: Spring WebApplicationInitializers detected on classpath: [org.glassfish.jersey.server.spring.SpringWebApplicationInitializer@5b3b856f]
feb 04, 2014 7:08:07 PM org.apache.catalina.core.ApplicationContext log
INFO: Initializing Spring root WebApplicationContext
feb 04, 2014 7:08:10 PM org.apache.catalina.core.ApplicationContext log
INFO: Closing Spring root WebApplicationContext
feb 04, 2014 7:08:12 PM org.apache.catalina.core.ApplicationContext log
INFO: Spring WebApplicationInitializers detected on classpath: [org.glassfish.jersey.server.spring.SpringWebApplicationInitializer@5bd44129]
feb 04, 2014 7:08:12 PM org.apache.catalina.core.ApplicationContext log
INFO: Initializing Spring root WebApplicationContext
feb 04, 2014 7:08:23 PM org.apache.catalina.core.ApplicationContext log
INFO: Closing Spring root WebApplicationContext
feb 04, 2014 7:08:24 PM org.apache.catalina.core.ApplicationContext log
INFO: Spring WebApplicationInitializers detected on classpath: [org.glassfish.jersey.server.spring.SpringWebApplicationInitializer@6d50ad9e]
feb 04, 2014 7:08:25 PM org.apache.catalina.core.ApplicationContext log
INFO: Initializing Spring root WebApplicationContext
feb 04, 2014 7:08:29 PM org.apache.catalina.core.ApplicationContext log
INFO: Closing Spring root WebApplicationContext
feb 04, 2014 7:08:31 PM org.apache.catalina.core.ApplicationContext log
INFO: Spring WebApplicationInitializers detected on classpath: [org.glassfish.jersey.server.spring.SpringWebApplicationInitializer@11dd760e]
feb 04, 2014 7:08:31 PM org.apache.catalina.core.ApplicationContext log
INFO: Initializing Spring root WebApplicationContext
feb 04, 2014 7:08:41 PM org.apache.catalina.core.ApplicationContext log
INFO: Closing Spring root WebApplicationContext
feb 04, 2014 7:08:43 PM org.apache.catalina.core.ApplicationContext log
INFO: Spring WebApplicationInitializers detected on classpath: [org.glassfish.jersey.server.spring.SpringWebApplicationInitializer@70056862]
feb 04, 2014 7:08:43 PM org.apache.catalina.core.ApplicationContext log
INFO: Initializing Spring root WebApplicationContext
feb 04, 2014 7:09:08 PM org.apache.catalina.core.ApplicationContext log
INFO: Closing Spring root WebApplicationContext
feb 04, 2014 7:09:10 PM org.apache.catalina.core.ApplicationContext log
INFO: Spring WebApplicationInitializers detected on classpath: [org.glassfish.jersey.server.spring.SpringWebApplicationInitializer@3acbdb9b]
feb 04, 2014 7:09:10 PM org.apache.catalina.core.ApplicationContext log
INFO: Initializing Spring root WebApplicationContext
feb 04, 2014 7:09:14 PM org.apache.catalina.core.StandardWrapperValve invoke
SEVERE: Servlet.service() for servlet [SpringJerseyApplication] in context with path [/petClinic] threw exception [org.glassfish.jersey.server.ContainerException: org.codehaus.jackson.map.JsonMappingException: could not initialize proxy - no Session (through reference chain: java.util.ArrayList[0]->be.vdab.wim.pet.model.Veterinarian["appointments"])] with root cause
org.hibernate.LazyInitializationException: could not initialize proxy - no Session
	at org.hibernate.collection.internal.AbstractPersistentCollection.withTemporarySessionIfNeeded(AbstractPersistentCollection.java:186)
	at org.hibernate.collection.internal.AbstractPersistentCollection.initialize(AbstractPersistentCollection.java:545)
	at org.hibernate.collection.internal.AbstractPersistentCollection.read(AbstractPersistentCollection.java:124)
	at org.hibernate.collection.internal.PersistentBag.iterator(PersistentBag.java:266)
	at org.codehaus.jackson.map.ser.std.CollectionSerializer.serializeContents(CollectionSerializer.java:45)
	at org.codehaus.jackson.map.ser.std.CollectionSerializer.serializeContents(CollectionSerializer.java:23)
	at org.codehaus.jackson.map.ser.std.AsArraySerializerBase.serialize(AsArraySerializerBase.java:86)
	at org.codehaus.jackson.map.ser.BeanPropertyWriter.serializeAsField(BeanPropertyWriter.java:446)
	at org.codehaus.jackson.map.ser.std.BeanSerializerBase.serializeFields(BeanSerializerBase.java:150)
	at org.codehaus.jackson.map.ser.BeanSerializer.serialize(BeanSerializer.java:112)
	at org.codehaus.jackson.map.ser.std.CollectionSerializer.serializeContents(CollectionSerializer.java:72)
	at org.codehaus.jackson.map.ser.std.CollectionSerializer.serializeContents(CollectionSerializer.java:23)
	at org.codehaus.jackson.map.ser.std.AsArraySerializerBase.serialize(AsArraySerializerBase.java:86)
	at org.codehaus.jackson.map.ser.StdSerializerProvider._serializeValue(StdSerializerProvider.java:659)
	at org.codehaus.jackson.map.ser.StdSerializerProvider.serializeValue(StdSerializerProvider.java:271)
	at org.codehaus.jackson.map.ObjectWriter.writeValue(ObjectWriter.java:325)
	at org.codehaus.jackson.jaxrs.JacksonJsonProvider.writeTo(JacksonJsonProvider.java:557)
	at org.glassfish.jersey.message.internal.WriterInterceptorExecutor$TerminalWriterInterceptor.invokeWriteTo(WriterInterceptorExecutor.java:243)
	at org.glassfish.jersey.message.internal.WriterInterceptorExecutor$TerminalWriterInterceptor.aroundWriteTo(WriterInterceptorExecutor.java:230)
	at org.glassfish.jersey.message.internal.WriterInterceptorExecutor.proceed(WriterInterceptorExecutor.java:149)
	at org.glassfish.jersey.server.internal.JsonWithPaddingInterceptor.aroundWriteTo(JsonWithPaddingInterceptor.java:103)
	at org.glassfish.jersey.message.internal.WriterInterceptorExecutor.proceed(WriterInterceptorExecutor.java:149)
	at org.glassfish.jersey.server.internal.MappableExceptionWrapperInterceptor.aroundWriteTo(MappableExceptionWrapperInterceptor.java:88)
	at org.glassfish.jersey.message.internal.WriterInterceptorExecutor.proceed(WriterInterceptorExecutor.java:149)
	at org.glassfish.jersey.message.internal.MessageBodyFactory.writeTo(MessageBodyFactory.java:1139)
	at org.glassfish.jersey.server.ServerRuntime$Responder.writeResponse(ServerRuntime.java:557)
	at org.glassfish.jersey.server.ServerRuntime$Responder.processResponse(ServerRuntime.java:381)
	at org.glassfish.jersey.server.ServerRuntime$Responder.process(ServerRuntime.java:371)
	at org.glassfish.jersey.server.ServerRuntime$1.run(ServerRuntime.java:262)
	at org.glassfish.jersey.internal.Errors$1.call(Errors.java:271)
	at org.glassfish.jersey.internal.Errors$1.call(Errors.java:267)
	at org.glassfish.jersey.internal.Errors.process(Errors.java:315)
	at org.glassfish.jersey.internal.Errors.process(Errors.java:297)
	at org.glassfish.jersey.internal.Errors.process(Errors.java:267)
	at org.glassfish.jersey.process.internal.RequestScope.runInScope(RequestScope.java:318)
	at org.glassfish.jersey.server.ServerRuntime.process(ServerRuntime.java:236)
	at org.glassfish.jersey.server.ApplicationHandler.handle(ApplicationHandler.java:983)
	at org.glassfish.jersey.servlet.WebComponent.service(WebComponent.java:361)
	at org.glassfish.jersey.servlet.ServletContainer.service(ServletContainer.java:372)
	at org.glassfish.jersey.servlet.ServletContainer.service(ServletContainer.java:335)
	at org.glassfish.jersey.servlet.ServletContainer.service(ServletContainer.java:218)
	at org.apache.catalina.core.ApplicationFilterChain.internalDoFilter(ApplicationFilterChain.java:305)
	at org.apache.catalina.core.ApplicationFilterChain.doFilter(ApplicationFilterChain.java:210)
	at org.apache.tomcat.websocket.server.WsFilter.doFilter(WsFilter.java:51)
	at org.apache.catalina.core.ApplicationFilterChain.internalDoFilter(ApplicationFilterChain.java:243)
	at org.apache.catalina.core.ApplicationFilterChain.doFilter(ApplicationFilterChain.java:210)
	at org.apache.catalina.core.StandardWrapperValve.invoke(StandardWrapperValve.java:222)
	at org.apache.catalina.core.StandardContextValve.invoke(StandardContextValve.java:123)
	at org.apache.catalina.authenticator.AuthenticatorBase.invoke(AuthenticatorBase.java:502)
	at org.apache.catalina.core.StandardHostValve.invoke(StandardHostValve.java:171)
	at org.apache.catalina.valves.ErrorReportValve.invoke(ErrorReportValve.java:100)
	at org.apache.catalina.valves.AccessLogValve.invoke(AccessLogValve.java:953)
	at org.apache.catalina.core.StandardEngineValve.invoke(StandardEngineValve.java:118)
	at org.apache.catalina.connector.CoyoteAdapter.service(CoyoteAdapter.java:408)
	at org.apache.coyote.http11.AbstractHttp11Processor.process(AbstractHttp11Processor.java:1041)
	at org.apache.coyote.AbstractProtocol$AbstractConnectionHandler.process(AbstractProtocol.java:603)
	at org.apache.tomcat.util.net.JIoEndpoint$SocketProcessor.run(JIoEndpoint.java:312)
	at java.util.concurrent.ThreadPoolExecutor.runWorker(ThreadPoolExecutor.java:1145)
	at java.util.concurrent.ThreadPoolExecutor$Worker.run(ThreadPoolExecutor.java:615)
	at java.lang.Thread.run(Thread.java:744)

feb 04, 2014 7:09:17 PM org.apache.catalina.core.StandardWrapperValve invoke
SEVERE: Servlet.service() for servlet [SpringJerseyApplication] in context with path [/petClinic] threw exception [org.glassfish.jersey.server.ContainerException: org.codehaus.jackson.map.JsonMappingException: could not initialize proxy - no Session (through reference chain: java.util.ArrayList[0]->be.vdab.wim.pet.model.Veterinarian["appointments"])] with root cause
org.hibernate.LazyInitializationException: could not initialize proxy - no Session
	at org.hibernate.collection.internal.AbstractPersistentCollection.withTemporarySessionIfNeeded(AbstractPersistentCollection.java:186)
	at org.hibernate.collection.internal.AbstractPersistentCollection.initialize(AbstractPersistentCollection.java:545)
	at org.hibernate.collection.internal.AbstractPersistentCollection.read(AbstractPersistentCollection.java:124)
	at org.hibernate.collection.internal.PersistentBag.iterator(PersistentBag.java:266)
	at org.codehaus.jackson.map.ser.std.CollectionSerializer.serializeContents(CollectionSerializer.java:45)
	at org.codehaus.jackson.map.ser.std.CollectionSerializer.serializeContents(CollectionSerializer.java:23)
	at org.codehaus.jackson.map.ser.std.AsArraySerializerBase.serialize(AsArraySerializerBase.java:86)
	at org.codehaus.jackson.map.ser.BeanPropertyWriter.serializeAsField(BeanPropertyWriter.java:446)
	at org.codehaus.jackson.map.ser.std.BeanSerializerBase.serializeFields(BeanSerializerBase.java:150)
	at org.codehaus.jackson.map.ser.BeanSerializer.serialize(BeanSerializer.java:112)
	at org.codehaus.jackson.map.ser.std.CollectionSerializer.serializeContents(CollectionSerializer.java:72)
	at org.codehaus.jackson.map.ser.std.CollectionSerializer.serializeContents(CollectionSerializer.java:23)
	at org.codehaus.jackson.map.ser.std.AsArraySerializerBase.serialize(AsArraySerializerBase.java:86)
	at org.codehaus.jackson.map.ser.StdSerializerProvider._serializeValue(StdSerializerProvider.java:659)
	at org.codehaus.jackson.map.ser.StdSerializerProvider.serializeValue(StdSerializerProvider.java:271)
	at org.codehaus.jackson.map.ObjectWriter.writeValue(ObjectWriter.java:325)
	at org.codehaus.jackson.jaxrs.JacksonJsonProvider.writeTo(JacksonJsonProvider.java:557)
	at org.glassfish.jersey.message.internal.WriterInterceptorExecutor$TerminalWriterInterceptor.invokeWriteTo(WriterInterceptorExecutor.java:243)
	at org.glassfish.jersey.message.internal.WriterInterceptorExecutor$TerminalWriterInterceptor.aroundWriteTo(WriterInterceptorExecutor.java:230)
	at org.glassfish.jersey.message.internal.WriterInterceptorExecutor.proceed(WriterInterceptorExecutor.java:149)
	at org.glassfish.jersey.server.internal.JsonWithPaddingInterceptor.aroundWriteTo(JsonWithPaddingInterceptor.java:103)
	at org.glassfish.jersey.message.internal.WriterInterceptorExecutor.proceed(WriterInterceptorExecutor.java:149)
	at org.glassfish.jersey.server.internal.MappableExceptionWrapperInterceptor.aroundWriteTo(MappableExceptionWrapperInterceptor.java:88)
	at org.glassfish.jersey.message.internal.WriterInterceptorExecutor.proceed(WriterInterceptorExecutor.java:149)
	at org.glassfish.jersey.message.internal.MessageBodyFactory.writeTo(MessageBodyFactory.java:1139)
	at org.glassfish.jersey.server.ServerRuntime$Responder.writeResponse(ServerRuntime.java:557)
	at org.glassfish.jersey.server.ServerRuntime$Responder.processResponse(ServerRuntime.java:381)
	at org.glassfish.jersey.server.ServerRuntime$Responder.process(ServerRuntime.java:371)
	at org.glassfish.jersey.server.ServerRuntime$1.run(ServerRuntime.java:262)
	at org.glassfish.jersey.internal.Errors$1.call(Errors.java:271)
	at org.glassfish.jersey.internal.Errors$1.call(Errors.java:267)
	at org.glassfish.jersey.internal.Errors.process(Errors.java:315)
	at org.glassfish.jersey.internal.Errors.process(Errors.java:297)
	at org.glassfish.jersey.internal.Errors.process(Errors.java:267)
	at org.glassfish.jersey.process.internal.RequestScope.runInScope(RequestScope.java:318)
	at org.glassfish.jersey.server.ServerRuntime.process(ServerRuntime.java:236)
	at org.glassfish.jersey.server.ApplicationHandler.handle(ApplicationHandler.java:983)
	at org.glassfish.jersey.servlet.WebComponent.service(WebComponent.java:361)
	at org.glassfish.jersey.servlet.ServletContainer.service(ServletContainer.java:372)
	at org.glassfish.jersey.servlet.ServletContainer.service(ServletContainer.java:335)
	at org.glassfish.jersey.servlet.ServletContainer.service(ServletContainer.java:218)
	at org.apache.catalina.core.ApplicationFilterChain.internalDoFilter(ApplicationFilterChain.java:305)
	at org.apache.catalina.core.ApplicationFilterChain.doFilter(ApplicationFilterChain.java:210)
	at org.apache.tomcat.websocket.server.WsFilter.doFilter(WsFilter.java:51)
	at org.apache.catalina.core.ApplicationFilterChain.internalDoFilter(ApplicationFilterChain.java:243)
	at org.apache.catalina.core.ApplicationFilterChain.doFilter(ApplicationFilterChain.java:210)
	at org.apache.catalina.core.StandardWrapperValve.invoke(StandardWrapperValve.java:222)
	at org.apache.catalina.core.StandardContextValve.invoke(StandardContextValve.java:123)
	at org.apache.catalina.authenticator.AuthenticatorBase.invoke(AuthenticatorBase.java:502)
	at org.apache.catalina.core.StandardHostValve.invoke(StandardHostValve.java:171)
	at org.apache.catalina.valves.ErrorReportValve.invoke(ErrorReportValve.java:100)
	at org.apache.catalina.valves.AccessLogValve.invoke(AccessLogValve.java:953)
	at org.apache.catalina.core.StandardEngineValve.invoke(StandardEngineValve.java:118)
	at org.apache.catalina.connector.CoyoteAdapter.service(CoyoteAdapter.java:408)
	at org.apache.coyote.http11.AbstractHttp11Processor.process(AbstractHttp11Processor.java:1041)
	at org.apache.coyote.AbstractProtocol$AbstractConnectionHandler.process(AbstractProtocol.java:603)
	at org.apache.tomcat.util.net.JIoEndpoint$SocketProcessor.run(JIoEndpoint.java:310)
	at java.util.concurrent.ThreadPoolExecutor.runWorker(ThreadPoolExecutor.java:1145)
	at java.util.concurrent.ThreadPoolExecutor$Worker.run(ThreadPoolExecutor.java:615)
	at java.lang.Thread.run(Thread.java:744)

feb 04, 2014 7:09:20 PM org.apache.catalina.core.StandardWrapperValve invoke
SEVERE: Servlet.service() for servlet [SpringJerseyApplication] in context with path [/petClinic] threw exception [org.glassfish.jersey.server.ContainerException: org.codehaus.jackson.map.JsonMappingException: could not initialize proxy - no Session (through reference chain: java.util.ArrayList[0]->be.vdab.wim.pet.model.Veterinarian["appointments"])] with root cause
org.hibernate.LazyInitializationException: could not initialize proxy - no Session
	at org.hibernate.collection.internal.AbstractPersistentCollection.withTemporarySessionIfNeeded(AbstractPersistentCollection.java:186)
	at org.hibernate.collection.internal.AbstractPersistentCollection.initialize(AbstractPersistentCollection.java:545)
	at org.hibernate.collection.internal.AbstractPersistentCollection.read(AbstractPersistentCollection.java:124)
	at org.hibernate.collection.internal.PersistentBag.iterator(PersistentBag.java:266)
	at org.codehaus.jackson.map.ser.std.CollectionSerializer.serializeContents(CollectionSerializer.java:45)
	at org.codehaus.jackson.map.ser.std.CollectionSerializer.serializeContents(CollectionSerializer.java:23)
	at org.codehaus.jackson.map.ser.std.AsArraySerializerBase.serialize(AsArraySerializerBase.java:86)
	at org.codehaus.jackson.map.ser.BeanPropertyWriter.serializeAsField(BeanPropertyWriter.java:446)
	at org.codehaus.jackson.map.ser.std.BeanSerializerBase.serializeFields(BeanSerializerBase.java:150)
	at org.codehaus.jackson.map.ser.BeanSerializer.serialize(BeanSerializer.java:112)
	at org.codehaus.jackson.map.ser.std.CollectionSerializer.serializeContents(CollectionSerializer.java:72)
	at org.codehaus.jackson.map.ser.std.CollectionSerializer.serializeContents(CollectionSerializer.java:23)
	at org.codehaus.jackson.map.ser.std.AsArraySerializerBase.serialize(AsArraySerializerBase.java:86)
	at org.codehaus.jackson.map.ser.StdSerializerProvider._serializeValue(StdSerializerProvider.java:659)
	at org.codehaus.jackson.map.ser.StdSerializerProvider.serializeValue(StdSerializerProvider.java:271)
	at org.codehaus.jackson.map.ObjectWriter.writeValue(ObjectWriter.java:325)
	at org.codehaus.jackson.jaxrs.JacksonJsonProvider.writeTo(JacksonJsonProvider.java:557)
	at org.glassfish.jersey.message.internal.WriterInterceptorExecutor$TerminalWriterInterceptor.invokeWriteTo(WriterInterceptorExecutor.java:243)
	at org.glassfish.jersey.message.internal.WriterInterceptorExecutor$TerminalWriterInterceptor.aroundWriteTo(WriterInterceptorExecutor.java:230)
	at org.glassfish.jersey.message.internal.WriterInterceptorExecutor.proceed(WriterInterceptorExecutor.java:149)
	at org.glassfish.jersey.server.internal.JsonWithPaddingInterceptor.aroundWriteTo(JsonWithPaddingInterceptor.java:103)
	at org.glassfish.jersey.message.internal.WriterInterceptorExecutor.proceed(WriterInterceptorExecutor.java:149)
	at org.glassfish.jersey.server.internal.MappableExceptionWrapperInterceptor.aroundWriteTo(MappableExceptionWrapperInterceptor.java:88)
	at org.glassfish.jersey.message.internal.WriterInterceptorExecutor.proceed(WriterInterceptorExecutor.java:149)
	at org.glassfish.jersey.message.internal.MessageBodyFactory.writeTo(MessageBodyFactory.java:1139)
	at org.glassfish.jersey.server.ServerRuntime$Responder.writeResponse(ServerRuntime.java:557)
	at org.glassfish.jersey.server.ServerRuntime$Responder.processResponse(ServerRuntime.java:381)
	at org.glassfish.jersey.server.ServerRuntime$Responder.process(ServerRuntime.java:371)
	at org.glassfish.jersey.server.ServerRuntime$1.run(ServerRuntime.java:262)
	at org.glassfish.jersey.internal.Errors$1.call(Errors.java:271)
	at org.glassfish.jersey.internal.Errors$1.call(Errors.java:267)
	at org.glassfish.jersey.internal.Errors.process(Errors.java:315)
	at org.glassfish.jersey.internal.Errors.process(Errors.java:297)
	at org.glassfish.jersey.internal.Errors.process(Errors.java:267)
	at org.glassfish.jersey.process.internal.RequestScope.runInScope(RequestScope.java:318)
	at org.glassfish.jersey.server.ServerRuntime.process(ServerRuntime.java:236)
	at org.glassfish.jersey.server.ApplicationHandler.handle(ApplicationHandler.java:983)
	at org.glassfish.jersey.servlet.WebComponent.service(WebComponent.java:361)
	at org.glassfish.jersey.servlet.ServletContainer.service(ServletContainer.java:372)
	at org.glassfish.jersey.servlet.ServletContainer.service(ServletContainer.java:335)
	at org.glassfish.jersey.servlet.ServletContainer.service(ServletContainer.java:218)
	at org.apache.catalina.core.ApplicationFilterChain.internalDoFilter(ApplicationFilterChain.java:305)
	at org.apache.catalina.core.ApplicationFilterChain.doFilter(ApplicationFilterChain.java:210)
	at org.apache.tomcat.websocket.server.WsFilter.doFilter(WsFilter.java:51)
	at org.apache.catalina.core.ApplicationFilterChain.internalDoFilter(ApplicationFilterChain.java:243)
	at org.apache.catalina.core.ApplicationFilterChain.doFilter(ApplicationFilterChain.java:210)
	at org.apache.catalina.core.StandardWrapperValve.invoke(StandardWrapperValve.java:222)
	at org.apache.catalina.core.StandardContextValve.invoke(StandardContextValve.java:123)
	at org.apache.catalina.authenticator.AuthenticatorBase.invoke(AuthenticatorBase.java:502)
	at org.apache.catalina.core.StandardHostValve.invoke(StandardHostValve.java:171)
	at org.apache.catalina.valves.ErrorReportValve.invoke(ErrorReportValve.java:100)
	at org.apache.catalina.valves.AccessLogValve.invoke(AccessLogValve.java:953)
	at org.apache.catalina.core.StandardEngineValve.invoke(StandardEngineValve.java:118)
	at org.apache.catalina.connector.CoyoteAdapter.service(CoyoteAdapter.java:408)
	at org.apache.coyote.http11.AbstractHttp11Processor.process(AbstractHttp11Processor.java:1041)
	at org.apache.coyote.AbstractProtocol$AbstractConnectionHandler.process(AbstractProtocol.java:603)
	at org.apache.tomcat.util.net.JIoEndpoint$SocketProcessor.run(JIoEndpoint.java:310)
	at java.util.concurrent.ThreadPoolExecutor.runWorker(ThreadPoolExecutor.java:1145)
	at java.util.concurrent.ThreadPoolExecutor$Worker.run(ThreadPoolExecutor.java:615)
	at java.lang.Thread.run(Thread.java:744)

feb 04, 2014 7:09:32 PM org.apache.catalina.core.ApplicationContext log
INFO: Closing Spring root WebApplicationContext
feb 04, 2014 7:09:33 PM org.apache.catalina.core.ApplicationContext log
INFO: Spring WebApplicationInitializers detected on classpath: [org.glassfish.jersey.server.spring.SpringWebApplicationInitializer@730df422]
feb 04, 2014 7:09:34 PM org.apache.catalina.core.ApplicationContext log
INFO: Initializing Spring root WebApplicationContext
feb 04, 2014 7:09:47 PM org.apache.catalina.core.ApplicationContext log
INFO: Closing Spring root WebApplicationContext
feb 04, 2014 7:09:49 PM org.apache.catalina.core.ApplicationContext log
INFO: Spring WebApplicationInitializers detected on classpath: [org.glassfish.jersey.server.spring.SpringWebApplicationInitializer@1a573935]
feb 04, 2014 7:09:49 PM org.apache.catalina.core.ApplicationContext log
INFO: Initializing Spring root WebApplicationContext
feb 04, 2014 7:11:49 PM org.apache.catalina.core.ApplicationContext log
INFO: Closing Spring root WebApplicationContext
feb 04, 2014 7:11:50 PM org.apache.catalina.core.ApplicationContext log
INFO: Spring WebApplicationInitializers detected on classpath: [org.glassfish.jersey.server.spring.SpringWebApplicationInitializer@79883d0c]
feb 04, 2014 7:11:50 PM org.apache.catalina.core.ApplicationContext log
INFO: Initializing Spring root WebApplicationContext
feb 04, 2014 7:12:18 PM org.apache.catalina.core.ApplicationContext log
INFO: Closing Spring root WebApplicationContext
feb 04, 2014 7:12:20 PM org.apache.catalina.core.ApplicationContext log
INFO: Spring WebApplicationInitializers detected on classpath: [org.glassfish.jersey.server.spring.SpringWebApplicationInitializer@72bc0385]
feb 04, 2014 7:12:20 PM org.apache.catalina.core.ApplicationContext log
INFO: Initializing Spring root WebApplicationContext
feb 04, 2014 7:13:31 PM org.apache.catalina.core.ApplicationContext log
INFO: Closing Spring root WebApplicationContext
feb 04, 2014 7:13:33 PM org.apache.catalina.core.ApplicationContext log
INFO: Spring WebApplicationInitializers detected on classpath: [org.glassfish.jersey.server.spring.SpringWebApplicationInitializer@41a259da]
feb 04, 2014 7:13:33 PM org.apache.catalina.core.ApplicationContext log
INFO: Initializing Spring root WebApplicationContext
feb 04, 2014 7:14:02 PM org.apache.catalina.core.ApplicationContext log
INFO: Closing Spring root WebApplicationContext
feb 04, 2014 7:14:04 PM org.apache.catalina.core.ApplicationContext log
INFO: Spring WebApplicationInitializers detected on classpath: [org.glassfish.jersey.server.spring.SpringWebApplicationInitializer@2c98d0a]
feb 04, 2014 7:14:04 PM org.apache.catalina.core.ApplicationContext log
INFO: Initializing Spring root WebApplicationContext
feb 04, 2014 7:14:23 PM org.apache.catalina.core.ApplicationContext log
INFO: Closing Spring root WebApplicationContext
feb 04, 2014 7:14:25 PM org.apache.catalina.core.ApplicationContext log
INFO: Spring WebApplicationInitializers detected on classpath: [org.glassfish.jersey.server.spring.SpringWebApplicationInitializer@2b0857d2]
feb 04, 2014 7:14:25 PM org.apache.catalina.core.ApplicationContext log
INFO: Initializing Spring root WebApplicationContext
feb 04, 2014 7:14:46 PM org.apache.catalina.core.ApplicationContext log
INFO: Closing Spring root WebApplicationContext
feb 04, 2014 7:14:47 PM org.apache.catalina.core.ApplicationContext log
INFO: Spring WebApplicationInitializers detected on classpath: [org.glassfish.jersey.server.spring.SpringWebApplicationInitializer@8d4c95c]
feb 04, 2014 7:14:49 PM org.apache.catalina.core.ApplicationContext log
INFO: Initializing Spring root WebApplicationContext
feb 04, 2014 7:15:26 PM org.apache.catalina.core.ApplicationContext log
INFO: Closing Spring root WebApplicationContext
feb 04, 2014 7:15:28 PM org.apache.catalina.core.ApplicationContext log
INFO: Spring WebApplicationInitializers detected on classpath: [org.glassfish.jersey.server.spring.SpringWebApplicationInitializer@2ffd6956]
feb 04, 2014 7:15:28 PM org.apache.catalina.core.ApplicationContext log
INFO: Initializing Spring root WebApplicationContext
feb 04, 2014 7:16:17 PM org.apache.catalina.core.ApplicationContext log
INFO: Closing Spring root WebApplicationContext
feb 04, 2014 7:16:19 PM org.apache.catalina.core.ApplicationContext log
INFO: Spring WebApplicationInitializers detected on classpath: [org.glassfish.jersey.server.spring.SpringWebApplicationInitializer@59f1e745]
feb 04, 2014 7:16:19 PM org.apache.catalina.core.ApplicationContext log
INFO: Initializing Spring root WebApplicationContext
feb 04, 2014 7:16:29 PM org.apache.catalina.core.StandardWrapperValve invoke
SEVERE: Servlet.service() for servlet [SpringJerseyApplication] in context with path [/petClinic] threw exception [org.hibernate.QueryException: could not resolve property: name of: be.vdab.wim.pet.model.PetType] with root cause
org.hibernate.QueryException: could not resolve property: name of: be.vdab.wim.pet.model.PetType
	at org.hibernate.persister.entity.AbstractPropertyMapping.propertyException(AbstractPropertyMapping.java:83)
	at org.hibernate.persister.entity.AbstractPropertyMapping.toType(AbstractPropertyMapping.java:77)
	at org.hibernate.persister.entity.AbstractEntityPersister.getSubclassPropertyTableNumber(AbstractEntityPersister.java:1945)
	at org.hibernate.persister.entity.BasicEntityPropertyMapping.toColumns(BasicEntityPropertyMapping.java:61)
	at org.hibernate.persister.entity.AbstractEntityPersister.toColumns(AbstractEntityPersister.java:1920)
	at org.hibernate.loader.criteria.CriteriaQueryTranslator.getColumns(CriteriaQueryTranslator.java:523)
	at org.hibernate.loader.criteria.CriteriaQueryTranslator.findColumns(CriteriaQueryTranslator.java:538)
	at org.hibernate.criterion.LikeExpression.toSqlString(LikeExpression.java:80)
	at org.hibernate.loader.criteria.CriteriaQueryTranslator.getWhereCondition(CriteriaQueryTranslator.java:419)
	at org.hibernate.loader.criteria.CriteriaJoinWalker.<init>(CriteriaJoinWalker.java:123)
	at org.hibernate.loader.criteria.CriteriaJoinWalker.<init>(CriteriaJoinWalker.java:92)
	at org.hibernate.loader.criteria.CriteriaLoader.<init>(CriteriaLoader.java:93)
	at org.hibernate.internal.SessionImpl.list(SessionImpl.java:1602)
	at org.hibernate.internal.CriteriaImpl.list(CriteriaImpl.java:374)
	at be.vdab.wim.pet.dao.PetTypeDAO.getPet(PetTypeDAO.java:39)
	at be.vdab.wim.pet.service.PetTypeService.getPet(PetTypeService.java:27)
	at be.vdab.wim.pet.service.PetTypeService$$FastClassByCGLIB$$d3f391eb.invoke(<generated>)
	at org.springframework.cglib.proxy.MethodProxy.invoke(MethodProxy.java:204)
	at org.springframework.aop.framework.CglibAopProxy$CglibMethodInvocation.invokeJoinpoint(CglibAopProxy.java:698)
	at org.springframework.aop.framework.ReflectiveMethodInvocation.proceed(ReflectiveMethodInvocation.java:150)
	at org.springframework.transaction.interceptor.TransactionInterceptor$1.proceedWithInvocation(TransactionInterceptor.java:96)
	at org.springframework.transaction.interceptor.TransactionAspectSupport.invokeWithinTransaction(TransactionAspectSupport.java:260)
	at org.springframework.transaction.interceptor.TransactionInterceptor.invoke(TransactionInterceptor.java:94)
	at org.springframework.aop.framework.ReflectiveMethodInvocation.proceed(ReflectiveMethodInvocation.java:172)
	at org.springframework.aop.framework.CglibAopProxy$DynamicAdvisedInterceptor.intercept(CglibAopProxy.java:631)
	at be.vdab.wim.pet.service.PetTypeService$$EnhancerByCGLIB$$9fb23adb.getPet(<generated>)
	at be.vdab.wim.pet.controller.AppointmentController.getPetType(AppointmentController.java:144)
	at be.vdab.wim.pet.controller.AppointmentController.getPossibleAppointments(AppointmentController.java:68)
	at sun.reflect.NativeMethodAccessorImpl.invoke0(Native Method)
	at sun.reflect.NativeMethodAccessorImpl.invoke(NativeMethodAccessorImpl.java:57)
	at sun.reflect.DelegatingMethodAccessorImpl.invoke(DelegatingMethodAccessorImpl.java:43)
	at java.lang.reflect.Method.invoke(Method.java:606)
	at org.glassfish.jersey.server.model.internal.ResourceMethodInvocationHandlerFactory$1.invoke(ResourceMethodInvocationHandlerFactory.java:81)
	at org.glassfish.jersey.server.model.internal.AbstractJavaResourceMethodDispatcher$1.run(AbstractJavaResourceMethodDispatcher.java:151)
	at org.glassfish.jersey.server.model.internal.AbstractJavaResourceMethodDispatcher.invoke(AbstractJavaResourceMethodDispatcher.java:171)
	at org.glassfish.jersey.server.model.internal.JavaResourceMethodDispatcherProvider$ResponseOutInvoker.doDispatch(JavaResourceMethodDispatcherProvider.java:152)
	at org.glassfish.jersey.server.model.internal.AbstractJavaResourceMethodDispatcher.dispatch(AbstractJavaResourceMethodDispatcher.java:104)
	at org.glassfish.jersey.server.model.ResourceMethodInvoker.invoke(ResourceMethodInvoker.java:367)
	at org.glassfish.jersey.server.model.ResourceMethodInvoker.apply(ResourceMethodInvoker.java:349)
	at org.glassfish.jersey.server.model.ResourceMethodInvoker.apply(ResourceMethodInvoker.java:106)
	at org.glassfish.jersey.server.ServerRuntime$1.run(ServerRuntime.java:259)
	at org.glassfish.jersey.internal.Errors$1.call(Errors.java:271)
	at org.glassfish.jersey.internal.Errors$1.call(Errors.java:267)
	at org.glassfish.jersey.internal.Errors.process(Errors.java:315)
	at org.glassfish.jersey.internal.Errors.process(Errors.java:297)
	at org.glassfish.jersey.internal.Errors.process(Errors.java:267)
	at org.glassfish.jersey.process.internal.RequestScope.runInScope(RequestScope.java:318)
	at org.glassfish.jersey.server.ServerRuntime.process(ServerRuntime.java:236)
	at org.glassfish.jersey.server.ApplicationHandler.handle(ApplicationHandler.java:983)
	at org.glassfish.jersey.servlet.WebComponent.service(WebComponent.java:361)
	at org.glassfish.jersey.servlet.ServletContainer.service(ServletContainer.java:372)
	at org.glassfish.jersey.servlet.ServletContainer.service(ServletContainer.java:335)
	at org.glassfish.jersey.servlet.ServletContainer.service(ServletContainer.java:218)
	at org.apache.catalina.core.ApplicationFilterChain.internalDoFilter(ApplicationFilterChain.java:305)
	at org.apache.catalina.core.ApplicationFilterChain.doFilter(ApplicationFilterChain.java:210)
	at org.apache.tomcat.websocket.server.WsFilter.doFilter(WsFilter.java:51)
	at org.apache.catalina.core.ApplicationFilterChain.internalDoFilter(ApplicationFilterChain.java:243)
	at org.apache.catalina.core.ApplicationFilterChain.doFilter(ApplicationFilterChain.java:210)
	at org.apache.catalina.core.StandardWrapperValve.invoke(StandardWrapperValve.java:222)
	at org.apache.catalina.core.StandardContextValve.invoke(StandardContextValve.java:123)
	at org.apache.catalina.authenticator.AuthenticatorBase.invoke(AuthenticatorBase.java:502)
	at org.apache.catalina.core.StandardHostValve.invoke(StandardHostValve.java:171)
	at org.apache.catalina.valves.ErrorReportValve.invoke(ErrorReportValve.java:100)
	at org.apache.catalina.valves.AccessLogValve.invoke(AccessLogValve.java:953)
	at org.apache.catalina.core.StandardEngineValve.invoke(StandardEngineValve.java:118)
	at org.apache.catalina.connector.CoyoteAdapter.service(CoyoteAdapter.java:408)
	at org.apache.coyote.http11.AbstractHttp11Processor.process(AbstractHttp11Processor.java:1041)
	at org.apache.coyote.AbstractProtocol$AbstractConnectionHandler.process(AbstractProtocol.java:603)
	at org.apache.tomcat.util.net.JIoEndpoint$SocketProcessor.run(JIoEndpoint.java:310)
	at java.util.concurrent.ThreadPoolExecutor.runWorker(ThreadPoolExecutor.java:1145)
	at java.util.concurrent.ThreadPoolExecutor$Worker.run(ThreadPoolExecutor.java:615)
	at java.lang.Thread.run(Thread.java:744)

feb 04, 2014 7:16:40 PM org.apache.catalina.core.ApplicationContext log
INFO: Closing Spring root WebApplicationContext
feb 04, 2014 7:16:41 PM org.apache.catalina.core.ApplicationContext log
INFO: Spring WebApplicationInitializers detected on classpath: [org.glassfish.jersey.server.spring.SpringWebApplicationInitializer@6b1f7dd6]
feb 04, 2014 7:16:42 PM org.apache.catalina.core.ApplicationContext log
INFO: Initializing Spring root WebApplicationContext
feb 04, 2014 7:16:52 PM org.apache.catalina.core.ApplicationContext log
INFO: Closing Spring root WebApplicationContext
feb 04, 2014 7:16:54 PM org.apache.catalina.core.ApplicationContext log
INFO: Spring WebApplicationInitializers detected on classpath: [org.glassfish.jersey.server.spring.SpringWebApplicationInitializer@33536a62]
feb 04, 2014 7:16:54 PM org.apache.catalina.core.ApplicationContext log
INFO: Initializing Spring root WebApplicationContext
feb 04, 2014 7:17:01 PM org.apache.catalina.core.StandardWrapperValve invoke
SEVERE: Servlet.service() for servlet [SpringJerseyApplication] in context with path [/petClinic] threw exception [org.hibernate.QueryException: could not resolve property: petType of: be.vdab.wim.pet.model.PetType] with root cause
org.hibernate.QueryException: could not resolve property: petType of: be.vdab.wim.pet.model.PetType
	at org.hibernate.persister.entity.AbstractPropertyMapping.propertyException(AbstractPropertyMapping.java:83)
	at org.hibernate.persister.entity.AbstractPropertyMapping.toType(AbstractPropertyMapping.java:77)
	at org.hibernate.persister.entity.AbstractEntityPersister.getSubclassPropertyTableNumber(AbstractEntityPersister.java:1945)
	at org.hibernate.persister.entity.BasicEntityPropertyMapping.toColumns(BasicEntityPropertyMapping.java:61)
	at org.hibernate.persister.entity.AbstractEntityPersister.toColumns(AbstractEntityPersister.java:1920)
	at org.hibernate.loader.criteria.CriteriaQueryTranslator.getColumns(CriteriaQueryTranslator.java:523)
	at org.hibernate.loader.criteria.CriteriaQueryTranslator.findColumns(CriteriaQueryTranslator.java:538)
	at org.hibernate.criterion.LikeExpression.toSqlString(LikeExpression.java:80)
	at org.hibernate.loader.criteria.CriteriaQueryTranslator.getWhereCondition(CriteriaQueryTranslator.java:419)
	at org.hibernate.loader.criteria.CriteriaJoinWalker.<init>(CriteriaJoinWalker.java:123)
	at org.hibernate.loader.criteria.CriteriaJoinWalker.<init>(CriteriaJoinWalker.java:92)
	at org.hibernate.loader.criteria.CriteriaLoader.<init>(CriteriaLoader.java:93)
	at org.hibernate.internal.SessionImpl.list(SessionImpl.java:1602)
	at org.hibernate.internal.CriteriaImpl.list(CriteriaImpl.java:374)
	at be.vdab.wim.pet.dao.PetTypeDAO.getPet(PetTypeDAO.java:39)
	at be.vdab.wim.pet.service.PetTypeService.getPet(PetTypeService.java:27)
	at be.vdab.wim.pet.service.PetTypeService$$FastClassByCGLIB$$d3f391eb.invoke(<generated>)
	at org.springframework.cglib.proxy.MethodProxy.invoke(MethodProxy.java:204)
	at org.springframework.aop.framework.CglibAopProxy$CglibMethodInvocation.invokeJoinpoint(CglibAopProxy.java:698)
	at org.springframework.aop.framework.ReflectiveMethodInvocation.proceed(ReflectiveMethodInvocation.java:150)
	at org.springframework.transaction.interceptor.TransactionInterceptor$1.proceedWithInvocation(TransactionInterceptor.java:96)
	at org.springframework.transaction.interceptor.TransactionAspectSupport.invokeWithinTransaction(TransactionAspectSupport.java:260)
	at org.springframework.transaction.interceptor.TransactionInterceptor.invoke(TransactionInterceptor.java:94)
	at org.springframework.aop.framework.ReflectiveMethodInvocation.proceed(ReflectiveMethodInvocation.java:172)
	at org.springframework.aop.framework.CglibAopProxy$DynamicAdvisedInterceptor.intercept(CglibAopProxy.java:631)
	at be.vdab.wim.pet.service.PetTypeService$$EnhancerByCGLIB$$175ca4f7.getPet(<generated>)
	at be.vdab.wim.pet.controller.AppointmentController.getPetType(AppointmentController.java:144)
	at be.vdab.wim.pet.controller.AppointmentController.getPossibleAppointments(AppointmentController.java:68)
	at sun.reflect.NativeMethodAccessorImpl.invoke0(Native Method)
	at sun.reflect.NativeMethodAccessorImpl.invoke(NativeMethodAccessorImpl.java:57)
	at sun.reflect.DelegatingMethodAccessorImpl.invoke(DelegatingMethodAccessorImpl.java:43)
	at java.lang.reflect.Method.invoke(Method.java:606)
	at org.glassfish.jersey.server.model.internal.ResourceMethodInvocationHandlerFactory$1.invoke(ResourceMethodInvocationHandlerFactory.java:81)
	at org.glassfish.jersey.server.model.internal.AbstractJavaResourceMethodDispatcher$1.run(AbstractJavaResourceMethodDispatcher.java:151)
	at org.glassfish.jersey.server.model.internal.AbstractJavaResourceMethodDispatcher.invoke(AbstractJavaResourceMethodDispatcher.java:171)
	at org.glassfish.jersey.server.model.internal.JavaResourceMethodDispatcherProvider$ResponseOutInvoker.doDispatch(JavaResourceMethodDispatcherProvider.java:152)
	at org.glassfish.jersey.server.model.internal.AbstractJavaResourceMethodDispatcher.dispatch(AbstractJavaResourceMethodDispatcher.java:104)
	at org.glassfish.jersey.server.model.ResourceMethodInvoker.invoke(ResourceMethodInvoker.java:367)
	at org.glassfish.jersey.server.model.ResourceMethodInvoker.apply(ResourceMethodInvoker.java:349)
	at org.glassfish.jersey.server.model.ResourceMethodInvoker.apply(ResourceMethodInvoker.java:106)
	at org.glassfish.jersey.server.ServerRuntime$1.run(ServerRuntime.java:259)
	at org.glassfish.jersey.internal.Errors$1.call(Errors.java:271)
	at org.glassfish.jersey.internal.Errors$1.call(Errors.java:267)
	at org.glassfish.jersey.internal.Errors.process(Errors.java:315)
	at org.glassfish.jersey.internal.Errors.process(Errors.java:297)
	at org.glassfish.jersey.internal.Errors.process(Errors.java:267)
	at org.glassfish.jersey.process.internal.RequestScope.runInScope(RequestScope.java:318)
	at org.glassfish.jersey.server.ServerRuntime.process(ServerRuntime.java:236)
	at org.glassfish.jersey.server.ApplicationHandler.handle(ApplicationHandler.java:983)
	at org.glassfish.jersey.servlet.WebComponent.service(WebComponent.java:361)
	at org.glassfish.jersey.servlet.ServletContainer.service(ServletContainer.java:372)
	at org.glassfish.jersey.servlet.ServletContainer.service(ServletContainer.java:335)
	at org.glassfish.jersey.servlet.ServletContainer.service(ServletContainer.java:218)
	at org.apache.catalina.core.ApplicationFilterChain.internalDoFilter(ApplicationFilterChain.java:305)
	at org.apache.catalina.core.ApplicationFilterChain.doFilter(ApplicationFilterChain.java:210)
	at org.apache.tomcat.websocket.server.WsFilter.doFilter(WsFilter.java:51)
	at org.apache.catalina.core.ApplicationFilterChain.internalDoFilter(ApplicationFilterChain.java:243)
	at org.apache.catalina.core.ApplicationFilterChain.doFilter(ApplicationFilterChain.java:210)
	at org.apache.catalina.core.StandardWrapperValve.invoke(StandardWrapperValve.java:222)
	at org.apache.catalina.core.StandardContextValve.invoke(StandardContextValve.java:123)
	at org.apache.catalina.authenticator.AuthenticatorBase.invoke(AuthenticatorBase.java:502)
	at org.apache.catalina.core.StandardHostValve.invoke(StandardHostValve.java:171)
	at org.apache.catalina.valves.ErrorReportValve.invoke(ErrorReportValve.java:100)
	at org.apache.catalina.valves.AccessLogValve.invoke(AccessLogValve.java:953)
	at org.apache.catalina.core.StandardEngineValve.invoke(StandardEngineValve.java:118)
	at org.apache.catalina.connector.CoyoteAdapter.service(CoyoteAdapter.java:408)
	at org.apache.coyote.http11.AbstractHttp11Processor.process(AbstractHttp11Processor.java:1041)
	at org.apache.coyote.AbstractProtocol$AbstractConnectionHandler.process(AbstractProtocol.java:603)
	at org.apache.tomcat.util.net.JIoEndpoint$SocketProcessor.run(JIoEndpoint.java:310)
	at java.util.concurrent.ThreadPoolExecutor.runWorker(ThreadPoolExecutor.java:1145)
	at java.util.concurrent.ThreadPoolExecutor$Worker.run(ThreadPoolExecutor.java:615)
	at java.lang.Thread.run(Thread.java:744)

feb 04, 2014 7:17:41 PM org.apache.catalina.core.ApplicationContext log
INFO: Closing Spring root WebApplicationContext
feb 04, 2014 7:17:43 PM org.apache.catalina.core.ApplicationContext log
INFO: Spring WebApplicationInitializers detected on classpath: [org.glassfish.jersey.server.spring.SpringWebApplicationInitializer@6400ba51]
feb 04, 2014 7:17:43 PM org.apache.catalina.core.ApplicationContext log
INFO: Initializing Spring root WebApplicationContext
feb 04, 2014 7:17:49 PM org.apache.catalina.core.ApplicationContext log
INFO: Closing Spring root WebApplicationContext
feb 04, 2014 7:17:51 PM org.apache.catalina.core.ApplicationContext log
INFO: Spring WebApplicationInitializers detected on classpath: [org.glassfish.jersey.server.spring.SpringWebApplicationInitializer@3721aabc]
feb 04, 2014 7:17:51 PM org.apache.catalina.core.ApplicationContext log
INFO: Initializing Spring root WebApplicationContext
feb 04, 2014 7:18:21 PM org.apache.catalina.core.ApplicationContext log
INFO: Closing Spring root WebApplicationContext
feb 04, 2014 7:18:22 PM org.apache.catalina.core.ApplicationContext log
INFO: Spring WebApplicationInitializers detected on classpath: [org.glassfish.jersey.server.spring.SpringWebApplicationInitializer@36a64655]
feb 04, 2014 7:18:22 PM org.apache.catalina.core.ApplicationContext log
INFO: Initializing Spring root WebApplicationContext
feb 04, 2014 7:19:34 PM org.apache.catalina.core.ApplicationContext log
INFO: Closing Spring root WebApplicationContext
feb 04, 2014 7:19:36 PM org.apache.catalina.core.ApplicationContext log
INFO: Spring WebApplicationInitializers detected on classpath: [org.glassfish.jersey.server.spring.SpringWebApplicationInitializer@7627923a]
feb 04, 2014 7:19:37 PM org.apache.catalina.core.ApplicationContext log
INFO: Initializing Spring root WebApplicationContext
feb 04, 2014 7:19:45 PM org.apache.catalina.core.ApplicationContext log
INFO: Closing Spring root WebApplicationContext
feb 04, 2014 7:19:47 PM org.apache.catalina.core.ApplicationContext log
INFO: Spring WebApplicationInitializers detected on classpath: [org.glassfish.jersey.server.spring.SpringWebApplicationInitializer@371956d4]
feb 04, 2014 7:19:48 PM org.apache.catalina.core.ApplicationContext log
INFO: Initializing Spring root WebApplicationContext
feb 04, 2014 7:20:00 PM org.apache.catalina.core.ApplicationContext log
INFO: Closing Spring root WebApplicationContext
feb 04, 2014 7:20:02 PM org.apache.catalina.core.ApplicationContext log
INFO: Spring WebApplicationInitializers detected on classpath: [org.glassfish.jersey.server.spring.SpringWebApplicationInitializer@3bfffc84]
feb 04, 2014 7:20:02 PM org.apache.catalina.core.ApplicationContext log
INFO: Initializing Spring root WebApplicationContext
feb 04, 2014 7:20:45 PM org.apache.catalina.core.ApplicationContext log
INFO: Closing Spring root WebApplicationContext
feb 04, 2014 7:20:47 PM org.apache.catalina.core.ApplicationContext log
INFO: Spring WebApplicationInitializers detected on classpath: [org.glassfish.jersey.server.spring.SpringWebApplicationInitializer@39202017]
feb 04, 2014 7:20:47 PM org.apache.catalina.core.ApplicationContext log
INFO: Initializing Spring root WebApplicationContext
feb 04, 2014 7:21:34 PM org.apache.catalina.core.ApplicationContext log
INFO: Closing Spring root WebApplicationContext
feb 04, 2014 7:21:36 PM org.apache.catalina.core.ApplicationContext log
INFO: Spring WebApplicationInitializers detected on classpath: [org.glassfish.jersey.server.spring.SpringWebApplicationInitializer@518c8642]
feb 04, 2014 7:21:36 PM org.apache.catalina.core.ApplicationContext log
INFO: Initializing Spring root WebApplicationContext
feb 04, 2014 7:21:46 PM org.apache.catalina.core.ApplicationContext log
INFO: Closing Spring root WebApplicationContext
feb 04, 2014 7:21:48 PM org.apache.catalina.core.ApplicationContext log
INFO: Spring WebApplicationInitializers detected on classpath: [org.glassfish.jersey.server.spring.SpringWebApplicationInitializer@5636aad5]
feb 04, 2014 7:21:48 PM org.apache.catalina.core.ApplicationContext log
INFO: Initializing Spring root WebApplicationContext
feb 04, 2014 7:21:55 PM org.apache.catalina.core.ApplicationContext log
INFO: Closing Spring root WebApplicationContext
feb 04, 2014 7:21:57 PM org.apache.catalina.core.ApplicationContext log
INFO: Spring WebApplicationInitializers detected on classpath: [org.glassfish.jersey.server.spring.SpringWebApplicationInitializer@3caad132]
feb 04, 2014 7:21:57 PM org.apache.catalina.core.ApplicationContext log
INFO: Initializing Spring root WebApplicationContext
feb 04, 2014 7:22:12 PM org.apache.catalina.core.ApplicationContext log
INFO: Closing Spring root WebApplicationContext
feb 04, 2014 7:22:14 PM org.apache.catalina.core.ApplicationContext log
INFO: Spring WebApplicationInitializers detected on classpath: [org.glassfish.jersey.server.spring.SpringWebApplicationInitializer@12cdd015]
feb 04, 2014 7:22:14 PM org.apache.catalina.core.ApplicationContext log
INFO: Initializing Spring root WebApplicationContext
feb 04, 2014 7:22:33 PM org.apache.catalina.core.ApplicationContext log
INFO: Closing Spring root WebApplicationContext
feb 04, 2014 7:22:35 PM org.apache.catalina.core.ApplicationContext log
INFO: Spring WebApplicationInitializers detected on classpath: [org.glassfish.jersey.server.spring.SpringWebApplicationInitializer@7450fe1]
feb 04, 2014 7:22:35 PM org.apache.catalina.core.ApplicationContext log
INFO: Initializing Spring root WebApplicationContext
feb 04, 2014 7:23:20 PM org.apache.catalina.core.ApplicationContext log
INFO: Closing Spring root WebApplicationContext
feb 04, 2014 7:23:22 PM org.apache.catalina.core.ApplicationContext log
INFO: Spring WebApplicationInitializers detected on classpath: [org.glassfish.jersey.server.spring.SpringWebApplicationInitializer@7e242876]
feb 04, 2014 7:23:22 PM org.apache.catalina.core.ApplicationContext log
INFO: Initializing Spring root WebApplicationContext
feb 04, 2014 7:23:38 PM org.apache.catalina.core.ApplicationContext log
INFO: Closing Spring root WebApplicationContext
feb 04, 2014 7:23:40 PM org.apache.catalina.core.ApplicationContext log
INFO: Spring WebApplicationInitializers detected on classpath: [org.glassfish.jersey.server.spring.SpringWebApplicationInitializer@3f7fd6fd]
feb 04, 2014 7:23:40 PM org.apache.catalina.core.ApplicationContext log
INFO: Initializing Spring root WebApplicationContext
feb 04, 2014 7:23:48 PM org.apache.catalina.core.ApplicationContext log
INFO: Closing Spring root WebApplicationContext
feb 04, 2014 7:23:50 PM org.apache.catalina.core.ApplicationContext log
INFO: Spring WebApplicationInitializers detected on classpath: [org.glassfish.jersey.server.spring.SpringWebApplicationInitializer@4907a88a]
feb 04, 2014 7:23:50 PM org.apache.catalina.core.ApplicationContext log
INFO: Initializing Spring root WebApplicationContext
feb 04, 2014 7:23:57 PM org.apache.catalina.core.ApplicationContext log
INFO: Closing Spring root WebApplicationContext
feb 04, 2014 7:23:59 PM org.apache.catalina.core.ApplicationContext log
INFO: Spring WebApplicationInitializers detected on classpath: [org.glassfish.jersey.server.spring.SpringWebApplicationInitializer@40ea5917]
feb 04, 2014 7:23:59 PM org.apache.catalina.core.ApplicationContext log
INFO: Initializing Spring root WebApplicationContext
feb 04, 2014 7:24:10 PM org.apache.catalina.core.ApplicationContext log
INFO: Closing Spring root WebApplicationContext
feb 04, 2014 7:24:12 PM org.apache.catalina.core.ApplicationContext log
INFO: Spring WebApplicationInitializers detected on classpath: [org.glassfish.jersey.server.spring.SpringWebApplicationInitializer@704a1df3]
feb 04, 2014 7:24:12 PM org.apache.catalina.core.ApplicationContext log
INFO: Initializing Spring root WebApplicationContext
feb 04, 2014 7:24:22 PM org.apache.catalina.core.ApplicationContext log
INFO: Closing Spring root WebApplicationContext
feb 04, 2014 7:24:24 PM org.apache.catalina.core.ApplicationContext log
INFO: Spring WebApplicationInitializers detected on classpath: [org.glassfish.jersey.server.spring.SpringWebApplicationInitializer@2fbc4ef5]
feb 04, 2014 7:24:24 PM org.apache.catalina.core.ApplicationContext log
INFO: Initializing Spring root WebApplicationContext
feb 04, 2014 7:26:27 PM org.apache.catalina.core.ApplicationContext log
INFO: Closing Spring root WebApplicationContext
feb 04, 2014 7:26:28 PM org.apache.catalina.core.ApplicationContext log
INFO: Spring WebApplicationInitializers detected on classpath: [org.glassfish.jersey.server.spring.SpringWebApplicationInitializer@58afa6da]
feb 04, 2014 7:26:29 PM org.apache.catalina.core.ApplicationContext log
INFO: Initializing Spring root WebApplicationContext
feb 04, 2014 7:26:31 PM org.apache.catalina.core.ApplicationContext log
INFO: Closing Spring root WebApplicationContext
feb 04, 2014 7:26:33 PM org.apache.catalina.core.ApplicationContext log
INFO: Spring WebApplicationInitializers detected on classpath: [org.glassfish.jersey.server.spring.SpringWebApplicationInitializer@729b874d]
feb 04, 2014 7:26:33 PM org.apache.catalina.core.ApplicationContext log
INFO: Initializing Spring root WebApplicationContext
feb 04, 2014 7:27:12 PM org.apache.catalina.core.ApplicationContext log
INFO: Closing Spring root WebApplicationContext
feb 04, 2014 7:27:14 PM org.apache.catalina.core.ApplicationContext log
INFO: Spring WebApplicationInitializers detected on classpath: [org.glassfish.jersey.server.spring.SpringWebApplicationInitializer@7f8cb75c]
feb 04, 2014 7:27:14 PM org.apache.catalina.core.ApplicationContext log
INFO: Initializing Spring root WebApplicationContext
feb 04, 2014 7:29:30 PM org.apache.catalina.core.ApplicationContext log
INFO: Closing Spring root WebApplicationContext
feb 04, 2014 7:29:32 PM org.apache.catalina.core.ApplicationContext log
INFO: Spring WebApplicationInitializers detected on classpath: [org.glassfish.jersey.server.spring.SpringWebApplicationInitializer@20b654a6]
feb 04, 2014 7:29:32 PM org.apache.catalina.core.ApplicationContext log
INFO: Initializing Spring root WebApplicationContext
feb 04, 2014 7:29:54 PM org.apache.catalina.core.ApplicationContext log
INFO: Closing Spring root WebApplicationContext
feb 04, 2014 7:29:56 PM org.apache.catalina.core.ApplicationContext log
INFO: Spring WebApplicationInitializers detected on classpath: [org.glassfish.jersey.server.spring.SpringWebApplicationInitializer@13b15da2]
feb 04, 2014 7:29:57 PM org.apache.catalina.core.ApplicationContext log
INFO: Initializing Spring root WebApplicationContext
feb 04, 2014 7:30:19 PM org.apache.catalina.core.ApplicationContext log
INFO: Closing Spring root WebApplicationContext
feb 04, 2014 7:30:20 PM org.apache.catalina.core.ApplicationContext log
INFO: Spring WebApplicationInitializers detected on classpath: [org.glassfish.jersey.server.spring.SpringWebApplicationInitializer@1791c514]
feb 04, 2014 7:30:20 PM org.apache.catalina.core.ApplicationContext log
INFO: Initializing Spring root WebApplicationContext
feb 04, 2014 7:30:55 PM org.apache.catalina.core.ApplicationContext log
INFO: Closing Spring root WebApplicationContext
feb 04, 2014 7:30:57 PM org.apache.catalina.core.ApplicationContext log
INFO: Spring WebApplicationInitializers detected on classpath: [org.glassfish.jersey.server.spring.SpringWebApplicationInitializer@67d8662a]
feb 04, 2014 7:30:57 PM org.apache.catalina.core.ApplicationContext log
INFO: Initializing Spring root WebApplicationContext
feb 04, 2014 7:31:45 PM org.apache.catalina.core.ApplicationContext log
INFO: Closing Spring root WebApplicationContext
feb 04, 2014 7:31:47 PM org.apache.catalina.core.ApplicationContext log
INFO: Spring WebApplicationInitializers detected on classpath: [org.glassfish.jersey.server.spring.SpringWebApplicationInitializer@23c528c1]
feb 04, 2014 7:31:48 PM org.apache.catalina.core.ApplicationContext log
INFO: Initializing Spring root WebApplicationContext
feb 04, 2014 7:31:54 PM org.apache.catalina.core.ApplicationContext log
INFO: Closing Spring root WebApplicationContext
feb 04, 2014 7:31:56 PM org.apache.catalina.core.ApplicationContext log
INFO: Spring WebApplicationInitializers detected on classpath: [org.glassfish.jersey.server.spring.SpringWebApplicationInitializer@2776269c]
feb 04, 2014 7:31:56 PM org.apache.catalina.core.ApplicationContext log
INFO: Initializing Spring root WebApplicationContext
feb 04, 2014 7:31:59 PM org.apache.catalina.core.ApplicationContext log
INFO: Closing Spring root WebApplicationContext
feb 04, 2014 7:32:01 PM org.apache.catalina.core.ApplicationContext log
INFO: Spring WebApplicationInitializers detected on classpath: [org.glassfish.jersey.server.spring.SpringWebApplicationInitializer@a01e9b1]
feb 04, 2014 7:32:01 PM org.apache.catalina.core.ApplicationContext log
INFO: Initializing Spring root WebApplicationContext
feb 04, 2014 7:32:06 PM org.apache.catalina.core.ApplicationContext log
INFO: Closing Spring root WebApplicationContext
feb 04, 2014 7:32:08 PM org.apache.catalina.core.ApplicationContext log
INFO: Spring WebApplicationInitializers detected on classpath: [org.glassfish.jersey.server.spring.SpringWebApplicationInitializer@36e29323]
feb 04, 2014 7:32:08 PM org.apache.catalina.core.ApplicationContext log
INFO: Initializing Spring root WebApplicationContext
feb 04, 2014 7:32:19 PM org.apache.catalina.core.ApplicationContext log
INFO: Closing Spring root WebApplicationContext
feb 04, 2014 7:32:21 PM org.apache.catalina.core.ApplicationContext log
INFO: Spring WebApplicationInitializers detected on classpath: [org.glassfish.jersey.server.spring.SpringWebApplicationInitializer@40c7a297]
feb 04, 2014 7:32:21 PM org.apache.catalina.core.ApplicationContext log
INFO: Initializing Spring root WebApplicationContext
feb 04, 2014 7:32:41 PM org.apache.catalina.core.ApplicationContext log
INFO: Closing Spring root WebApplicationContext
feb 04, 2014 7:32:43 PM org.apache.catalina.core.ApplicationContext log
INFO: Spring WebApplicationInitializers detected on classpath: [org.glassfish.jersey.server.spring.SpringWebApplicationInitializer@67c50f1e]
feb 04, 2014 7:32:43 PM org.apache.catalina.core.ApplicationContext log
INFO: Initializing Spring root WebApplicationContext
feb 04, 2014 7:55:05 PM org.apache.catalina.core.ApplicationContext log
INFO: Closing Spring root WebApplicationContext
feb 04, 2014 7:55:07 PM org.apache.catalina.core.ApplicationContext log
INFO: Spring WebApplicationInitializers detected on classpath: [org.glassfish.jersey.server.spring.SpringWebApplicationInitializer@d6b4e5a]
feb 04, 2014 7:55:07 PM org.apache.catalina.core.ApplicationContext log
INFO: Initializing Spring root WebApplicationContext
feb 04, 2014 7:55:39 PM org.apache.catalina.core.ApplicationContext log
INFO: Closing Spring root WebApplicationContext
feb 04, 2014 7:55:40 PM org.apache.catalina.core.ApplicationContext log
INFO: Spring WebApplicationInitializers detected on classpath: [org.glassfish.jersey.server.spring.SpringWebApplicationInitializer@7043c9b3]
feb 04, 2014 7:55:40 PM org.apache.catalina.core.ApplicationContext log
INFO: Initializing Spring root WebApplicationContext
feb 04, 2014 7:57:39 PM org.apache.catalina.core.ApplicationContext log
INFO: Closing Spring root WebApplicationContext
feb 04, 2014 7:57:41 PM org.apache.catalina.core.ApplicationContext log
INFO: Spring WebApplicationInitializers detected on classpath: [org.glassfish.jersey.server.spring.SpringWebApplicationInitializer@27793628]
feb 04, 2014 7:57:41 PM org.apache.catalina.core.ApplicationContext log
INFO: Initializing Spring root WebApplicationContext
feb 04, 2014 7:57:51 PM org.apache.catalina.core.ApplicationContext log
INFO: Closing Spring root WebApplicationContext
feb 04, 2014 7:57:52 PM org.apache.catalina.core.ApplicationContext log
INFO: Spring WebApplicationInitializers detected on classpath: [org.glassfish.jersey.server.spring.SpringWebApplicationInitializer@2f5034b8]
feb 04, 2014 7:57:53 PM org.apache.catalina.core.ApplicationContext log
INFO: Initializing Spring root WebApplicationContext
feb 04, 2014 7:57:56 PM org.apache.catalina.core.ApplicationContext log
INFO: Closing Spring root WebApplicationContext
feb 04, 2014 7:57:57 PM org.apache.catalina.core.ApplicationContext log
INFO: Spring WebApplicationInitializers detected on classpath: [org.glassfish.jersey.server.spring.SpringWebApplicationInitializer@6a451280]
feb 04, 2014 7:57:57 PM org.apache.catalina.core.ApplicationContext log
INFO: Initializing Spring root WebApplicationContext
feb 04, 2014 7:59:09 PM org.apache.catalina.core.ApplicationContext log
INFO: Closing Spring root WebApplicationContext
feb 04, 2014 7:59:11 PM org.apache.catalina.core.ApplicationContext log
INFO: Spring WebApplicationInitializers detected on classpath: [org.glassfish.jersey.server.spring.SpringWebApplicationInitializer@a162f17]
feb 04, 2014 7:59:11 PM org.apache.catalina.core.ApplicationContext log
INFO: Initializing Spring root WebApplicationContext
feb 04, 2014 8:00:08 PM org.apache.catalina.core.ApplicationContext log
INFO: Closing Spring root WebApplicationContext
feb 04, 2014 8:00:09 PM org.apache.catalina.core.ApplicationContext log
INFO: Spring WebApplicationInitializers detected on classpath: [org.glassfish.jersey.server.spring.SpringWebApplicationInitializer@e3b03b1]
feb 04, 2014 8:00:09 PM org.apache.catalina.core.ApplicationContext log
INFO: Initializing Spring root WebApplicationContext
feb 04, 2014 8:00:25 PM org.apache.catalina.core.ApplicationContext log
INFO: Closing Spring root WebApplicationContext
feb 04, 2014 8:00:27 PM org.apache.catalina.core.ApplicationContext log
INFO: Spring WebApplicationInitializers detected on classpath: [org.glassfish.jersey.server.spring.SpringWebApplicationInitializer@2551274b]
feb 04, 2014 8:00:27 PM org.apache.catalina.core.ApplicationContext log
INFO: Initializing Spring root WebApplicationContext
feb 04, 2014 8:01:28 PM org.apache.catalina.core.ApplicationContext log
INFO: Closing Spring root WebApplicationContext
feb 04, 2014 8:01:30 PM org.apache.catalina.core.ApplicationContext log
INFO: Spring WebApplicationInitializers detected on classpath: [org.glassfish.jersey.server.spring.SpringWebApplicationInitializer@16fd5850]
feb 04, 2014 8:01:30 PM org.apache.catalina.core.ApplicationContext log
INFO: Initializing Spring root WebApplicationContext
feb 04, 2014 8:02:37 PM org.apache.catalina.core.ApplicationContext log
INFO: Closing Spring root WebApplicationContext
feb 04, 2014 8:02:39 PM org.apache.catalina.core.ApplicationContext log
INFO: Spring WebApplicationInitializers detected on classpath: [org.glassfish.jersey.server.spring.SpringWebApplicationInitializer@7696516b]
feb 04, 2014 8:02:39 PM org.apache.catalina.core.ApplicationContext log
INFO: Initializing Spring root WebApplicationContext
feb 04, 2014 8:03:05 PM org.apache.catalina.core.ApplicationContext log
INFO: Closing Spring root WebApplicationContext
feb 04, 2014 8:03:07 PM org.apache.catalina.core.ApplicationContext log
INFO: Spring WebApplicationInitializers detected on classpath: [org.glassfish.jersey.server.spring.SpringWebApplicationInitializer@4088d686]
feb 04, 2014 8:03:07 PM org.apache.catalina.core.ApplicationContext log
INFO: Initializing Spring root WebApplicationContext
feb 04, 2014 8:03:10 PM org.apache.catalina.core.ApplicationContext log
INFO: Closing Spring root WebApplicationContext
feb 04, 2014 8:03:12 PM org.apache.catalina.core.ApplicationContext log
INFO: Spring WebApplicationInitializers detected on classpath: [org.glassfish.jersey.server.spring.SpringWebApplicationInitializer@c9bb6c1]
feb 04, 2014 8:03:12 PM org.apache.catalina.core.ApplicationContext log
INFO: Initializing Spring root WebApplicationContext
feb 04, 2014 8:03:21 PM org.apache.catalina.core.ApplicationContext log
INFO: Closing Spring root WebApplicationContext
feb 04, 2014 8:03:23 PM org.apache.catalina.core.ApplicationContext log
INFO: Spring WebApplicationInitializers detected on classpath: [org.glassfish.jersey.server.spring.SpringWebApplicationInitializer@59190675]
feb 04, 2014 8:03:23 PM org.apache.catalina.core.ApplicationContext log
INFO: Initializing Spring root WebApplicationContext
feb 04, 2014 8:03:56 PM org.apache.catalina.core.ApplicationContext log
INFO: Closing Spring root WebApplicationContext
feb 04, 2014 8:03:58 PM org.apache.catalina.core.ApplicationContext log
INFO: Spring WebApplicationInitializers detected on classpath: [org.glassfish.jersey.server.spring.SpringWebApplicationInitializer@4bb03a6e]
feb 04, 2014 8:03:58 PM org.apache.catalina.core.ApplicationContext log
INFO: Initializing Spring root WebApplicationContext
feb 04, 2014 8:04:05 PM org.apache.catalina.core.ApplicationContext log
INFO: Closing Spring root WebApplicationContext
feb 04, 2014 8:04:07 PM org.apache.catalina.core.ApplicationContext log
INFO: Spring WebApplicationInitializers detected on classpath: [org.glassfish.jersey.server.spring.SpringWebApplicationInitializer@52299027]
feb 04, 2014 8:04:07 PM org.apache.catalina.core.ApplicationContext log
INFO: Initializing Spring root WebApplicationContext
feb 04, 2014 8:04:21 PM org.apache.catalina.core.ApplicationContext log
INFO: Closing Spring root WebApplicationContext
feb 04, 2014 8:04:23 PM org.apache.catalina.core.ApplicationContext log
INFO: Spring WebApplicationInitializers detected on classpath: [org.glassfish.jersey.server.spring.SpringWebApplicationInitializer@5980e88a]
feb 04, 2014 8:04:23 PM org.apache.catalina.core.ApplicationContext log
INFO: Initializing Spring root WebApplicationContext
feb 04, 2014 8:04:28 PM org.apache.catalina.core.ApplicationContext log
INFO: Closing Spring root WebApplicationContext
feb 04, 2014 8:04:30 PM org.apache.catalina.core.ApplicationContext log
INFO: Spring WebApplicationInitializers detected on classpath: [org.glassfish.jersey.server.spring.SpringWebApplicationInitializer@1f4a1aa9]
feb 04, 2014 8:04:30 PM org.apache.catalina.core.ApplicationContext log
INFO: Initializing Spring root WebApplicationContext
feb 04, 2014 8:04:33 PM org.apache.catalina.core.ApplicationContext log
INFO: Closing Spring root WebApplicationContext
feb 04, 2014 8:04:35 PM org.apache.catalina.core.ApplicationContext log
INFO: Spring WebApplicationInitializers detected on classpath: [org.glassfish.jersey.server.spring.SpringWebApplicationInitializer@32511f7b]
feb 04, 2014 8:04:35 PM org.apache.catalina.core.ApplicationContext log
INFO: Initializing Spring root WebApplicationContext
feb 04, 2014 8:05:05 PM org.apache.catalina.core.ApplicationContext log
INFO: Closing Spring root WebApplicationContext
feb 04, 2014 8:05:07 PM org.apache.catalina.core.ApplicationContext log
INFO: Spring WebApplicationInitializers detected on classpath: [org.glassfish.jersey.server.spring.SpringWebApplicationInitializer@69a8e929]
feb 04, 2014 8:05:07 PM org.apache.catalina.core.ApplicationContext log
INFO: Initializing Spring root WebApplicationContext
feb 04, 2014 8:06:18 PM org.apache.catalina.core.ApplicationContext log
INFO: Closing Spring root WebApplicationContext
feb 04, 2014 8:06:20 PM org.apache.catalina.core.ApplicationContext log
INFO: Spring WebApplicationInitializers detected on classpath: [org.glassfish.jersey.server.spring.SpringWebApplicationInitializer@33f95997]
feb 04, 2014 8:06:20 PM org.apache.catalina.core.ApplicationContext log
INFO: Initializing Spring root WebApplicationContext
feb 04, 2014 8:07:07 PM org.apache.catalina.core.ApplicationContext log
INFO: Closing Spring root WebApplicationContext
feb 04, 2014 8:07:09 PM org.apache.catalina.core.ApplicationContext log
INFO: Spring WebApplicationInitializers detected on classpath: [org.glassfish.jersey.server.spring.SpringWebApplicationInitializer@742c87d6]
feb 04, 2014 8:07:09 PM org.apache.catalina.core.ApplicationContext log
INFO: Initializing Spring root WebApplicationContext
feb 04, 2014 8:09:59 PM org.apache.catalina.core.ApplicationContext log
INFO: Closing Spring root WebApplicationContext
feb 04, 2014 8:10:01 PM org.apache.catalina.core.ApplicationContext log
INFO: Spring WebApplicationInitializers detected on classpath: [org.glassfish.jersey.server.spring.SpringWebApplicationInitializer@56253c5b]
feb 04, 2014 8:10:01 PM org.apache.catalina.core.ApplicationContext log
INFO: Initializing Spring root WebApplicationContext
feb 04, 2014 8:11:32 PM org.apache.catalina.core.ApplicationContext log
INFO: Closing Spring root WebApplicationContext
feb 04, 2014 8:11:34 PM org.apache.catalina.core.ApplicationContext log
INFO: Spring WebApplicationInitializers detected on classpath: [org.glassfish.jersey.server.spring.SpringWebApplicationInitializer@52a8463d]
feb 04, 2014 8:11:34 PM org.apache.catalina.core.ApplicationContext log
INFO: Initializing Spring root WebApplicationContext
feb 04, 2014 8:12:23 PM org.apache.catalina.core.ApplicationContext log
INFO: Closing Spring root WebApplicationContext
feb 04, 2014 8:12:25 PM org.apache.catalina.core.ApplicationContext log
INFO: Spring WebApplicationInitializers detected on classpath: [org.glassfish.jersey.server.spring.SpringWebApplicationInitializer@5f71cd48]
feb 04, 2014 8:12:26 PM org.apache.catalina.core.ApplicationContext log
INFO: Initializing Spring root WebApplicationContext
feb 04, 2014 8:13:04 PM org.apache.catalina.core.ApplicationContext log
INFO: Closing Spring root WebApplicationContext
feb 04, 2014 8:13:06 PM org.apache.catalina.core.ApplicationContext log
INFO: Spring WebApplicationInitializers detected on classpath: [org.glassfish.jersey.server.spring.SpringWebApplicationInitializer@50a6f860]
feb 04, 2014 8:13:06 PM org.apache.catalina.core.ApplicationContext log
INFO: Initializing Spring root WebApplicationContext
feb 04, 2014 8:13:09 PM org.apache.catalina.core.ApplicationContext log
INFO: Closing Spring root WebApplicationContext
feb 04, 2014 8:13:11 PM org.apache.catalina.core.ApplicationContext log
INFO: Spring WebApplicationInitializers detected on classpath: [org.glassfish.jersey.server.spring.SpringWebApplicationInitializer@2b091893]
feb 04, 2014 8:13:11 PM org.apache.catalina.core.ApplicationContext log
INFO: Initializing Spring root WebApplicationContext
feb 04, 2014 8:14:00 PM org.apache.catalina.core.ApplicationContext log
INFO: Closing Spring root WebApplicationContext
feb 04, 2014 8:14:02 PM org.apache.catalina.core.ApplicationContext log
INFO: Spring WebApplicationInitializers detected on classpath: [org.glassfish.jersey.server.spring.SpringWebApplicationInitializer@498bd40b]
feb 04, 2014 8:14:02 PM org.apache.catalina.core.ApplicationContext log
INFO: Initializing Spring root WebApplicationContext
feb 04, 2014 8:14:32 PM org.apache.catalina.core.ApplicationContext log
INFO: Closing Spring root WebApplicationContext
feb 04, 2014 8:14:33 PM org.apache.catalina.core.ApplicationContext log
INFO: Spring WebApplicationInitializers detected on classpath: [org.glassfish.jersey.server.spring.SpringWebApplicationInitializer@28a3865a]
feb 04, 2014 8:14:33 PM org.apache.catalina.core.ApplicationContext log
INFO: Initializing Spring root WebApplicationContext
feb 04, 2014 8:14:37 PM org.apache.catalina.core.ApplicationContext log
INFO: Closing Spring root WebApplicationContext
feb 04, 2014 8:14:39 PM org.apache.catalina.core.ApplicationContext log
INFO: Spring WebApplicationInitializers detected on classpath: [org.glassfish.jersey.server.spring.SpringWebApplicationInitializer@51d51b19]
feb 04, 2014 8:14:39 PM org.apache.catalina.core.ApplicationContext log
INFO: Initializing Spring root WebApplicationContext
feb 04, 2014 8:16:44 PM org.apache.catalina.core.ApplicationContext log
INFO: Closing Spring root WebApplicationContext
feb 04, 2014 8:16:45 PM org.apache.catalina.core.ApplicationContext log
INFO: Spring WebApplicationInitializers detected on classpath: [org.glassfish.jersey.server.spring.SpringWebApplicationInitializer@7b699a39]
feb 04, 2014 8:16:45 PM org.apache.catalina.core.ApplicationContext log
INFO: Initializing Spring root WebApplicationContext
feb 04, 2014 8:17:04 PM org.apache.catalina.core.ApplicationContext log
INFO: Closing Spring root WebApplicationContext
feb 04, 2014 8:17:04 PM org.apache.catalina.core.ApplicationContext log
INFO: SessionListener: contextDestroyed()
feb 04, 2014 8:17:04 PM org.apache.catalina.core.ApplicationContext log
INFO: ContextListener: contextDestroyed()
