jan 31, 2014 8:45:02 PM org.apache.catalina.core.ApplicationContext log
INFO: Manager: init: Associated with Deployer 'Catalina:type=Deployer,host=localhost'
jan 31, 2014 8:45:02 PM org.apache.catalina.core.ApplicationContext log
INFO: Manager: init: Global resources are available
jan 31, 2014 8:45:02 PM org.apache.catalina.core.ApplicationContext log
INFO: Manager: list: Listing contexts for virtual host 'localhost'
jan 31, 2014 8:45:02 PM org.apache.catalina.core.ApplicationContext log
INFO: Manager: list: Listing contexts for virtual host 'localhost'
jan 31, 2014 8:45:02 PM org.apache.catalina.core.ApplicationContext log
INFO: Manager: undeploy: Undeploying web application at '/petClinic'
jan 31, 2014 8:45:03 PM org.apache.catalina.core.ApplicationContext log
INFO: Manager: install: Installing context configuration at 'file:/var/folders/t8/j8sr24b55j589r64ph1p9w240000gn/T/context2827663284788431149.xml'
jan 31, 2014 8:45:08 PM org.apache.catalina.core.ApplicationContext log
INFO: Manager: start: Starting web application '/petClinic'
jan 31, 2014 8:53:19 PM org.apache.catalina.core.ApplicationContext log
INFO: Manager: list: Listing contexts for virtual host 'localhost'
jan 31, 2014 8:53:19 PM org.apache.catalina.core.ApplicationContext log
INFO: Manager: restart: Reloading web application '/petClinic'
jan 31, 2014 8:53:59 PM org.apache.catalina.core.ApplicationContext log
INFO: Manager: list: Listing contexts for virtual host 'localhost'
jan 31, 2014 8:53:59 PM org.apache.catalina.core.ApplicationContext log
INFO: Manager: restart: Reloading web application '/petClinic'
jan 31, 2014 9:03:31 PM org.apache.catalina.core.ApplicationContext log
INFO: Manager: list: Listing contexts for virtual host 'localhost'
jan 31, 2014 9:03:31 PM org.apache.catalina.core.ApplicationContext log
INFO: Manager: restart: Reloading web application '/petClinic'
jan 31, 2014 9:03:41 PM org.apache.catalina.core.ApplicationContext log
INFO: Manager: list: Listing contexts for virtual host 'localhost'
jan 31, 2014 9:03:41 PM org.apache.catalina.core.ApplicationContext log
INFO: Manager: restart: Reloading web application '/petClinic'
jan 31, 2014 9:03:46 PM org.apache.catalina.core.ApplicationContext log
INFO: Manager: list: Listing contexts for virtual host 'localhost'
jan 31, 2014 9:03:46 PM org.apache.catalina.core.ApplicationContext log
INFO: Manager: restart: Reloading web application '/petClinic'
jan 31, 2014 9:03:51 PM org.apache.catalina.core.ApplicationContext log
INFO: Manager: list: Listing contexts for virtual host 'localhost'
jan 31, 2014 9:03:52 PM org.apache.catalina.core.ApplicationContext log
INFO: Manager: restart: Reloading web application '/petClinic'
jan 31, 2014 9:10:11 PM org.apache.catalina.core.ApplicationContext log
INFO: Manager: list: Listing contexts for virtual host 'localhost'
jan 31, 2014 9:10:11 PM org.apache.catalina.core.ApplicationContext log
INFO: Manager: restart: Reloading web application '/petClinic'
jan 31, 2014 9:11:44 PM org.apache.catalina.core.ApplicationContext log
INFO: Manager: list: Listing contexts for virtual host 'localhost'
jan 31, 2014 9:11:44 PM org.apache.catalina.core.ApplicationContext log
INFO: Manager: restart: Reloading web application '/petClinic'
jan 31, 2014 9:12:50 PM org.apache.catalina.core.ApplicationContext log
INFO: Manager: list: Listing contexts for virtual host 'localhost'
jan 31, 2014 9:12:50 PM org.apache.catalina.core.ApplicationContext log
INFO: Manager: restart: Reloading web application '/petClinic'
jan 31, 2014 9:14:41 PM org.apache.catalina.core.ApplicationContext log
INFO: Manager: list: Listing contexts for virtual host 'localhost'
jan 31, 2014 9:14:41 PM org.apache.catalina.core.ApplicationContext log
INFO: Manager: restart: Reloading web application '/petClinic'
jan 31, 2014 9:15:00 PM org.apache.catalina.core.ApplicationContext log
INFO: Manager: list: Listing contexts for virtual host 'localhost'
jan 31, 2014 9:15:00 PM org.apache.catalina.core.ApplicationContext log
INFO: Manager: restart: Reloading web application '/petClinic'
jan 31, 2014 9:16:28 PM org.apache.catalina.core.ApplicationContext log
INFO: Manager: list: Listing contexts for virtual host 'localhost'
jan 31, 2014 9:16:29 PM org.apache.catalina.core.ApplicationContext log
INFO: Manager: restart: Reloading web application '/petClinic'
jan 31, 2014 9:16:39 PM org.apache.catalina.core.ApplicationContext log
INFO: Manager: list: Listing contexts for virtual host 'localhost'
jan 31, 2014 9:16:39 PM org.apache.catalina.core.ApplicationContext log
INFO: Manager: restart: Reloading web application '/petClinic'
jan 31, 2014 9:16:56 PM org.apache.catalina.core.ApplicationContext log
INFO: Manager: list: Listing contexts for virtual host 'localhost'
jan 31, 2014 9:16:56 PM org.apache.catalina.core.ApplicationContext log
INFO: Manager: restart: Reloading web application '/petClinic'
jan 31, 2014 9:17:55 PM org.apache.catalina.core.ApplicationContext log
INFO: Manager: init: Associated with Deployer 'Catalina:type=Deployer,host=localhost'
jan 31, 2014 9:17:55 PM org.apache.catalina.core.ApplicationContext log
INFO: Manager: init: Global resources are available
jan 31, 2014 9:17:55 PM org.apache.catalina.core.ApplicationContext log
INFO: Manager: list: Listing contexts for virtual host 'localhost'
jan 31, 2014 9:17:55 PM org.apache.catalina.core.ApplicationContext log
INFO: Manager: list: Listing contexts for virtual host 'localhost'
jan 31, 2014 9:17:55 PM org.apache.catalina.core.ApplicationContext log
INFO: Manager: undeploy: Undeploying web application at '/petClinic'
jan 31, 2014 9:17:56 PM org.apache.catalina.core.ApplicationContext log
INFO: Manager: install: Installing context configuration at 'file:/var/folders/t8/j8sr24b55j589r64ph1p9w240000gn/T/context1370923615252260797.xml'
jan 31, 2014 9:18:01 PM org.apache.catalina.core.ApplicationContext log
INFO: Manager: start: Starting web application '/petClinic'
jan 31, 2014 9:19:06 PM org.apache.catalina.core.ApplicationContext log
INFO: Manager: list: Listing contexts for virtual host 'localhost'
jan 31, 2014 9:19:06 PM org.apache.catalina.core.ApplicationContext log
INFO: Manager: list: Listing contexts for virtual host 'localhost'
jan 31, 2014 9:19:56 PM org.apache.catalina.core.ApplicationContext log
INFO: Manager: list: Listing contexts for virtual host 'localhost'
jan 31, 2014 9:19:56 PM org.apache.catalina.core.ApplicationContext log
INFO: Manager: restart: Reloading web application '/petClinic'
jan 31, 2014 9:26:27 PM org.apache.catalina.core.ApplicationContext log
INFO: Manager: list: Listing contexts for virtual host 'localhost'
jan 31, 2014 9:26:27 PM org.apache.catalina.core.ApplicationContext log
INFO: Manager: restart: Reloading web application '/petClinic'
jan 31, 2014 9:30:03 PM org.apache.catalina.core.ApplicationContext log
INFO: Manager: list: Listing contexts for virtual host 'localhost'
jan 31, 2014 9:30:03 PM org.apache.catalina.core.ApplicationContext log
INFO: Manager: restart: Reloading web application '/petClinic'
jan 31, 2014 9:36:38 PM org.apache.catalina.core.ApplicationContext log
INFO: Manager: list: Listing contexts for virtual host 'localhost'
jan 31, 2014 9:36:38 PM org.apache.catalina.core.ApplicationContext log
INFO: Manager: restart: Reloading web application '/petClinic'
jan 31, 2014 9:37:55 PM org.apache.catalina.core.ApplicationContext log
INFO: Manager: list: Listing contexts for virtual host 'localhost'
jan 31, 2014 9:37:55 PM org.apache.catalina.core.ApplicationContext log
INFO: Manager: restart: Reloading web application '/petClinic'
jan 31, 2014 9:38:58 PM org.apache.catalina.core.ApplicationContext log
INFO: Manager: list: Listing contexts for virtual host 'localhost'
jan 31, 2014 9:38:58 PM org.apache.catalina.core.ApplicationContext log
INFO: Manager: list: Listing contexts for virtual host 'localhost'
jan 31, 2014 9:38:58 PM org.apache.catalina.core.ApplicationContext log
INFO: Manager: undeploy: Undeploying web application at '/petClinic'
jan 31, 2014 9:38:59 PM org.apache.catalina.core.ApplicationContext log
INFO: Manager: install: Installing context configuration at 'file:/var/folders/t8/j8sr24b55j589r64ph1p9w240000gn/T/context4142632799089969482.xml'
jan 31, 2014 9:39:04 PM org.apache.catalina.core.ApplicationContext log
INFO: Manager: start: Starting web application '/petClinic'
jan 31, 2014 9:39:52 PM org.apache.catalina.core.ApplicationContext log
INFO: Manager: list: Listing contexts for virtual host 'localhost'
jan 31, 2014 9:39:52 PM org.apache.catalina.core.ApplicationContext log
INFO: Manager: restart: Reloading web application '/petClinic'
jan 31, 2014 9:41:22 PM org.apache.catalina.core.ApplicationContext log
INFO: Manager: list: Listing contexts for virtual host 'localhost'
jan 31, 2014 9:41:22 PM org.apache.catalina.core.ApplicationContext log
INFO: Manager: restart: Reloading web application '/petClinic'
jan 31, 2014 9:42:27 PM org.apache.catalina.core.ApplicationContext log
INFO: Manager: list: Listing contexts for virtual host 'localhost'
jan 31, 2014 9:42:27 PM org.apache.catalina.core.ApplicationContext log
INFO: Manager: restart: Reloading web application '/petClinic'
jan 31, 2014 9:52:09 PM org.apache.catalina.core.ApplicationContext log
INFO: Manager: list: Listing contexts for virtual host 'localhost'
jan 31, 2014 9:52:10 PM org.apache.catalina.core.ApplicationContext log
INFO: Manager: restart: Reloading web application '/petClinic'
jan 31, 2014 9:54:05 PM org.apache.catalina.core.ApplicationContext log
INFO: Manager: list: Listing contexts for virtual host 'localhost'
jan 31, 2014 9:54:05 PM org.apache.catalina.core.ApplicationContext log
INFO: Manager: restart: Reloading web application '/petClinic'
jan 31, 2014 9:56:04 PM org.apache.catalina.core.ApplicationContext log
INFO: Manager: list: Listing contexts for virtual host 'localhost'
jan 31, 2014 9:56:04 PM org.apache.catalina.core.ApplicationContext log
INFO: Manager: restart: Reloading web application '/petClinic'
jan 31, 2014 9:57:29 PM org.apache.catalina.core.ApplicationContext log
INFO: Manager: list: Listing contexts for virtual host 'localhost'
jan 31, 2014 9:57:29 PM org.apache.catalina.core.ApplicationContext log
INFO: Manager: restart: Reloading web application '/petClinic'
jan 31, 2014 9:58:54 PM org.apache.catalina.core.ApplicationContext log
INFO: Manager: list: Listing contexts for virtual host 'localhost'
jan 31, 2014 9:58:54 PM org.apache.catalina.core.ApplicationContext log
INFO: Manager: restart: Reloading web application '/petClinic'
jan 31, 2014 11:29:11 PM org.apache.catalina.core.ApplicationContext log
INFO: Manager: list: Listing contexts for virtual host 'localhost'
jan 31, 2014 11:29:12 PM org.apache.catalina.core.ApplicationContext log
INFO: Manager: restart: Reloading web application '/petClinic'
jan 31, 2014 11:29:34 PM org.apache.catalina.core.ApplicationContext log
INFO: Manager: list: Listing contexts for virtual host 'localhost'
jan 31, 2014 11:29:34 PM org.apache.catalina.core.ApplicationContext log
INFO: Manager: restart: Reloading web application '/petClinic'
jan 31, 2014 11:36:32 PM org.apache.catalina.core.ApplicationContext log
INFO: Manager: list: Listing contexts for virtual host 'localhost'
jan 31, 2014 11:36:33 PM org.apache.catalina.core.ApplicationContext log
INFO: Manager: restart: Reloading web application '/petClinic'
jan 31, 2014 11:36:46 PM org.apache.catalina.core.ApplicationContext log
INFO: Manager: list: Listing contexts for virtual host 'localhost'
jan 31, 2014 11:36:46 PM org.apache.catalina.core.ApplicationContext log
INFO: Manager: restart: Reloading web application '/petClinic'
jan 31, 2014 11:37:57 PM org.apache.catalina.core.ApplicationContext log
INFO: Manager: list: Listing contexts for virtual host 'localhost'
jan 31, 2014 11:37:57 PM org.apache.catalina.core.ApplicationContext log
INFO: Manager: restart: Reloading web application '/petClinic'
jan 31, 2014 11:38:03 PM org.apache.catalina.core.ApplicationContext log
INFO: Manager: list: Listing contexts for virtual host 'localhost'
jan 31, 2014 11:38:04 PM org.apache.catalina.core.ApplicationContext log
INFO: Manager: restart: Reloading web application '/petClinic'
jan 31, 2014 11:38:49 PM org.apache.catalina.core.ApplicationContext log
INFO: Manager: list: Listing contexts for virtual host 'localhost'
jan 31, 2014 11:38:49 PM org.apache.catalina.core.ApplicationContext log
INFO: Manager: restart: Reloading web application '/petClinic'
jan 31, 2014 11:40:19 PM org.apache.catalina.core.ApplicationContext log
INFO: Manager: list: Listing contexts for virtual host 'localhost'
jan 31, 2014 11:40:19 PM org.apache.catalina.core.ApplicationContext log
INFO: Manager: restart: Reloading web application '/petClinic'
