jan 30, 2014 8:32:08 PM org.apache.catalina.core.ApplicationContext log
INFO: Manager: init: Associated with Deployer 'Catalina:type=Deployer,host=localhost'
jan 30, 2014 8:32:08 PM org.apache.catalina.core.ApplicationContext log
INFO: Manager: init: Global resources are available
jan 30, 2014 8:32:08 PM org.apache.catalina.core.ApplicationContext log
INFO: Manager: list: Listing contexts for virtual host 'localhost'
jan 30, 2014 8:32:08 PM org.apache.catalina.core.ApplicationContext log
INFO: Manager: list: Listing contexts for virtual host 'localhost'
jan 30, 2014 8:32:08 PM org.apache.catalina.core.ApplicationContext log
INFO: Manager: undeploy: Undeploying web application at '/petClinic'
jan 30, 2014 8:32:09 PM org.apache.catalina.core.ApplicationContext log
INFO: Manager: install: Installing context configuration at 'file:/var/folders/t8/j8sr24b55j589r64ph1p9w240000gn/T/context2436938728884271425.xml'
jan 30, 2014 8:32:17 PM org.apache.catalina.core.ApplicationContext log
INFO: Manager: start: Starting web application '/petClinic'
jan 30, 2014 8:47:28 PM org.apache.catalina.core.ApplicationContext log
INFO: Manager: list: Listing contexts for virtual host 'localhost'
jan 30, 2014 8:47:28 PM org.apache.catalina.core.ApplicationContext log
INFO: Manager: restart: Reloading web application '/petClinic'
jan 30, 2014 8:50:07 PM org.apache.catalina.core.ApplicationContext log
INFO: Manager: list: Listing contexts for virtual host 'localhost'
jan 30, 2014 8:50:07 PM org.apache.catalina.core.ApplicationContext log
INFO: Manager: restart: Reloading web application '/petClinic'
jan 30, 2014 9:05:13 PM org.apache.catalina.core.ApplicationContext log
INFO: Manager: list: Listing contexts for virtual host 'localhost'
jan 30, 2014 9:05:13 PM org.apache.catalina.core.ApplicationContext log
INFO: Manager: restart: Reloading web application '/petClinic'
jan 30, 2014 9:08:15 PM org.apache.catalina.core.ApplicationContext log
INFO: Manager: list: Listing contexts for virtual host 'localhost'
jan 30, 2014 9:08:15 PM org.apache.catalina.core.ApplicationContext log
INFO: Manager: restart: Reloading web application '/petClinic'
jan 30, 2014 9:18:36 PM org.apache.catalina.core.ApplicationContext log
INFO: Manager: init: Associated with Deployer 'Catalina:type=Deployer,host=localhost'
jan 30, 2014 9:18:36 PM org.apache.catalina.core.ApplicationContext log
INFO: Manager: init: Global resources are available
jan 30, 2014 9:18:36 PM org.apache.catalina.core.ApplicationContext log
INFO: Manager: list: Listing contexts for virtual host 'localhost'
jan 30, 2014 9:18:36 PM org.apache.catalina.core.ApplicationContext log
INFO: Manager: list: Listing contexts for virtual host 'localhost'
jan 30, 2014 9:18:36 PM org.apache.catalina.core.ApplicationContext log
INFO: Manager: undeploy: Undeploying web application at '/petClinic'
jan 30, 2014 9:18:37 PM org.apache.catalina.core.ApplicationContext log
INFO: Manager: install: Installing context configuration at 'file:/var/folders/t8/j8sr24b55j589r64ph1p9w240000gn/T/context7499611440939480493.xml'
jan 30, 2014 9:18:42 PM org.apache.catalina.core.ApplicationContext log
INFO: Manager: start: Starting web application '/petClinic'
jan 30, 2014 9:19:29 PM org.apache.catalina.core.ApplicationContext log
INFO: Manager: list: Listing contexts for virtual host 'localhost'
jan 30, 2014 9:19:29 PM org.apache.catalina.core.ApplicationContext log
INFO: Manager: restart: Reloading web application '/petClinic'
jan 30, 2014 9:20:49 PM org.apache.catalina.core.ApplicationContext log
INFO: Manager: list: Listing contexts for virtual host 'localhost'
jan 30, 2014 9:20:49 PM org.apache.catalina.core.ApplicationContext log
INFO: Manager: restart: Reloading web application '/petClinic'
jan 30, 2014 9:21:13 PM org.apache.catalina.core.ApplicationContext log
INFO: Manager: list: Listing contexts for virtual host 'localhost'
jan 30, 2014 9:21:13 PM org.apache.catalina.core.ApplicationContext log
INFO: Manager: restart: Reloading web application '/petClinic'
jan 30, 2014 9:22:21 PM org.apache.catalina.core.ApplicationContext log
INFO: Manager: list: Listing contexts for virtual host 'localhost'
jan 30, 2014 9:22:21 PM org.apache.catalina.core.ApplicationContext log
INFO: Manager: restart: Reloading web application '/petClinic'
jan 30, 2014 9:22:35 PM org.apache.catalina.core.ApplicationContext log
INFO: Manager: list: Listing contexts for virtual host 'localhost'
jan 30, 2014 9:22:35 PM org.apache.catalina.core.ApplicationContext log
INFO: Manager: restart: Reloading web application '/petClinic'
jan 30, 2014 9:23:18 PM org.apache.catalina.core.ApplicationContext log
INFO: Manager: list: Listing contexts for virtual host 'localhost'
jan 30, 2014 9:23:19 PM org.apache.catalina.core.ApplicationContext log
INFO: Manager: restart: Reloading web application '/petClinic'
jan 30, 2014 9:24:24 PM org.apache.catalina.core.ApplicationContext log
INFO: Manager: list: Listing contexts for virtual host 'localhost'
jan 30, 2014 9:24:24 PM org.apache.catalina.core.ApplicationContext log
INFO: Manager: restart: Reloading web application '/petClinic'
jan 30, 2014 9:24:40 PM org.apache.catalina.core.ApplicationContext log
INFO: Manager: list: Listing contexts for virtual host 'localhost'
jan 30, 2014 9:24:40 PM org.apache.catalina.core.ApplicationContext log
INFO: Manager: restart: Reloading web application '/petClinic'
jan 30, 2014 9:26:56 PM org.apache.catalina.core.ApplicationContext log
INFO: Manager: list: Listing contexts for virtual host 'localhost'
jan 30, 2014 9:26:56 PM org.apache.catalina.core.ApplicationContext log
INFO: Manager: restart: Reloading web application '/petClinic'
jan 30, 2014 9:27:28 PM org.apache.catalina.core.ApplicationContext log
INFO: Manager: list: Listing contexts for virtual host 'localhost'
jan 30, 2014 9:27:28 PM org.apache.catalina.core.ApplicationContext log
INFO: Manager: restart: Reloading web application '/petClinic'
jan 30, 2014 9:29:00 PM org.apache.catalina.core.ApplicationContext log
INFO: Manager: list: Listing contexts for virtual host 'localhost'
jan 30, 2014 9:29:00 PM org.apache.catalina.core.ApplicationContext log
INFO: Manager: restart: Reloading web application '/petClinic'
jan 30, 2014 9:31:39 PM org.apache.catalina.core.ApplicationContext log
INFO: Manager: list: Listing contexts for virtual host 'localhost'
jan 30, 2014 9:31:40 PM org.apache.catalina.core.ApplicationContext log
INFO: Manager: restart: Reloading web application '/petClinic'
jan 30, 2014 9:40:41 PM org.apache.catalina.core.ApplicationContext log
INFO: Manager: list: Listing contexts for virtual host 'localhost'
jan 30, 2014 9:40:42 PM org.apache.catalina.core.ApplicationContext log
INFO: Manager: restart: Reloading web application '/petClinic'
jan 30, 2014 9:40:49 PM org.apache.catalina.core.ApplicationContext log
INFO: Manager: list: Listing contexts for virtual host 'localhost'
jan 30, 2014 9:40:50 PM org.apache.catalina.core.ApplicationContext log
INFO: Manager: restart: Reloading web application '/petClinic'
jan 30, 2014 9:43:42 PM org.apache.catalina.core.ApplicationContext log
INFO: Manager: list: Listing contexts for virtual host 'localhost'
jan 30, 2014 9:43:42 PM org.apache.catalina.core.ApplicationContext log
INFO: Manager: restart: Reloading web application '/petClinic'
jan 30, 2014 9:43:48 PM org.apache.catalina.core.ApplicationContext log
INFO: Manager: list: Listing contexts for virtual host 'localhost'
jan 30, 2014 9:43:48 PM org.apache.catalina.core.ApplicationContext log
INFO: Manager: restart: Reloading web application '/petClinic'
jan 30, 2014 9:44:14 PM org.apache.catalina.core.ApplicationContext log
INFO: Manager: list: Listing contexts for virtual host 'localhost'
jan 30, 2014 9:44:14 PM org.apache.catalina.core.ApplicationContext log
INFO: Manager: restart: Reloading web application '/petClinic'
jan 30, 2014 9:44:46 PM org.apache.catalina.core.ApplicationContext log
INFO: Manager: list: Listing contexts for virtual host 'localhost'
jan 30, 2014 9:44:46 PM org.apache.catalina.core.ApplicationContext log
INFO: Manager: restart: Reloading web application '/petClinic'
jan 30, 2014 9:44:59 PM org.apache.catalina.core.ApplicationContext log
INFO: Manager: list: Listing contexts for virtual host 'localhost'
jan 30, 2014 9:44:59 PM org.apache.catalina.core.ApplicationContext log
INFO: Manager: restart: Reloading web application '/petClinic'
jan 30, 2014 9:45:04 PM org.apache.catalina.core.ApplicationContext log
INFO: Manager: list: Listing contexts for virtual host 'localhost'
jan 30, 2014 9:45:04 PM org.apache.catalina.core.ApplicationContext log
INFO: Manager: restart: Reloading web application '/petClinic'
jan 30, 2014 9:48:44 PM org.apache.catalina.core.ApplicationContext log
INFO: Manager: list: Listing contexts for virtual host 'localhost'
jan 30, 2014 9:48:44 PM org.apache.catalina.core.ApplicationContext log
INFO: Manager: restart: Reloading web application '/petClinic'
jan 30, 2014 9:48:56 PM org.apache.catalina.core.ApplicationContext log
INFO: Manager: list: Listing contexts for virtual host 'localhost'
jan 30, 2014 9:48:56 PM org.apache.catalina.core.ApplicationContext log
INFO: Manager: restart: Reloading web application '/petClinic'
jan 30, 2014 9:50:50 PM org.apache.catalina.core.ApplicationContext log
INFO: Manager: list: Listing contexts for virtual host 'localhost'
jan 30, 2014 9:50:50 PM org.apache.catalina.core.ApplicationContext log
INFO: Manager: restart: Reloading web application '/petClinic'
jan 30, 2014 9:50:54 PM org.apache.catalina.core.ApplicationContext log
INFO: Manager: list: Listing contexts for virtual host 'localhost'
jan 30, 2014 9:50:54 PM org.apache.catalina.core.ApplicationContext log
INFO: Manager: restart: Reloading web application '/petClinic'
jan 30, 2014 9:51:12 PM org.apache.catalina.core.ApplicationContext log
INFO: Manager: list: Listing contexts for virtual host 'localhost'
jan 30, 2014 9:51:12 PM org.apache.catalina.core.ApplicationContext log
INFO: Manager: restart: Reloading web application '/petClinic'
jan 30, 2014 9:51:16 PM org.apache.catalina.core.ApplicationContext log
INFO: Manager: list: Listing contexts for virtual host 'localhost'
jan 30, 2014 9:51:16 PM org.apache.catalina.core.ApplicationContext log
INFO: Manager: restart: Reloading web application '/petClinic'
jan 30, 2014 9:53:01 PM org.apache.catalina.core.ApplicationContext log
INFO: Manager: list: Listing contexts for virtual host 'localhost'
jan 30, 2014 9:53:01 PM org.apache.catalina.core.ApplicationContext log
INFO: Manager: restart: Reloading web application '/petClinic'
jan 30, 2014 9:53:07 PM org.apache.catalina.core.ApplicationContext log
INFO: Manager: list: Listing contexts for virtual host 'localhost'
jan 30, 2014 9:53:07 PM org.apache.catalina.core.ApplicationContext log
INFO: Manager: restart: Reloading web application '/petClinic'
jan 30, 2014 9:53:23 PM org.apache.catalina.core.ApplicationContext log
INFO: Manager: list: Listing contexts for virtual host 'localhost'
jan 30, 2014 9:53:23 PM org.apache.catalina.core.ApplicationContext log
INFO: Manager: restart: Reloading web application '/petClinic'
jan 30, 2014 9:53:27 PM org.apache.catalina.core.ApplicationContext log
INFO: Manager: list: Listing contexts for virtual host 'localhost'
jan 30, 2014 9:53:27 PM org.apache.catalina.core.ApplicationContext log
INFO: Manager: restart: Reloading web application '/petClinic'
jan 30, 2014 9:53:46 PM org.apache.catalina.core.ApplicationContext log
INFO: Manager: list: Listing contexts for virtual host 'localhost'
jan 30, 2014 9:53:46 PM org.apache.catalina.core.ApplicationContext log
INFO: Manager: restart: Reloading web application '/petClinic'
jan 30, 2014 9:53:51 PM org.apache.catalina.core.ApplicationContext log
INFO: Manager: list: Listing contexts for virtual host 'localhost'
jan 30, 2014 9:53:51 PM org.apache.catalina.core.ApplicationContext log
INFO: Manager: restart: Reloading web application '/petClinic'
jan 30, 2014 9:54:15 PM org.apache.catalina.core.ApplicationContext log
INFO: Manager: list: Listing contexts for virtual host 'localhost'
jan 30, 2014 9:54:15 PM org.apache.catalina.core.ApplicationContext log
INFO: Manager: restart: Reloading web application '/petClinic'
jan 30, 2014 9:54:21 PM org.apache.catalina.core.ApplicationContext log
INFO: Manager: list: Listing contexts for virtual host 'localhost'
jan 30, 2014 9:54:21 PM org.apache.catalina.core.ApplicationContext log
INFO: Manager: restart: Reloading web application '/petClinic'
jan 30, 2014 9:54:34 PM org.apache.catalina.core.ApplicationContext log
INFO: Manager: list: Listing contexts for virtual host 'localhost'
jan 30, 2014 9:54:34 PM org.apache.catalina.core.ApplicationContext log
INFO: Manager: restart: Reloading web application '/petClinic'
jan 30, 2014 9:54:39 PM org.apache.catalina.core.ApplicationContext log
INFO: Manager: list: Listing contexts for virtual host 'localhost'
jan 30, 2014 9:54:39 PM org.apache.catalina.core.ApplicationContext log
INFO: Manager: restart: Reloading web application '/petClinic'
jan 30, 2014 9:56:39 PM org.apache.catalina.core.ApplicationContext log
INFO: Manager: list: Listing contexts for virtual host 'localhost'
jan 30, 2014 9:56:39 PM org.apache.catalina.core.ApplicationContext log
INFO: Manager: restart: Reloading web application '/petClinic'
jan 30, 2014 9:58:13 PM org.apache.catalina.core.ApplicationContext log
INFO: Manager: list: Listing contexts for virtual host 'localhost'
jan 30, 2014 9:58:13 PM org.apache.catalina.core.ApplicationContext log
INFO: Manager: restart: Reloading web application '/petClinic'
jan 30, 2014 10:02:25 PM org.apache.catalina.core.ApplicationContext log
INFO: Manager: list: Listing contexts for virtual host 'localhost'
jan 30, 2014 10:02:25 PM org.apache.catalina.core.ApplicationContext log
INFO: Manager: restart: Reloading web application '/petClinic'
jan 30, 2014 10:02:31 PM org.apache.catalina.core.ApplicationContext log
INFO: Manager: list: Listing contexts for virtual host 'localhost'
jan 30, 2014 10:02:31 PM org.apache.catalina.core.ApplicationContext log
INFO: Manager: restart: Reloading web application '/petClinic'
jan 30, 2014 10:06:09 PM org.apache.catalina.core.ApplicationContext log
INFO: Manager: list: Listing contexts for virtual host 'localhost'
jan 30, 2014 10:06:09 PM org.apache.catalina.core.ApplicationContext log
INFO: Manager: restart: Reloading web application '/petClinic'
jan 30, 2014 10:06:59 PM org.apache.catalina.core.ApplicationContext log
INFO: Manager: list: Listing contexts for virtual host 'localhost'
jan 30, 2014 10:06:59 PM org.apache.catalina.core.ApplicationContext log
INFO: Manager: restart: Reloading web application '/petClinic'
jan 30, 2014 10:07:16 PM org.apache.catalina.core.ApplicationContext log
INFO: Manager: list: Listing contexts for virtual host 'localhost'
jan 30, 2014 10:07:16 PM org.apache.catalina.core.ApplicationContext log
INFO: Manager: restart: Reloading web application '/petClinic'
jan 30, 2014 10:07:21 PM org.apache.catalina.core.ApplicationContext log
INFO: Manager: list: Listing contexts for virtual host 'localhost'
jan 30, 2014 10:07:21 PM org.apache.catalina.core.ApplicationContext log
INFO: Manager: restart: Reloading web application '/petClinic'
jan 30, 2014 10:09:41 PM org.apache.catalina.core.ApplicationContext log
INFO: Manager: list: Listing contexts for virtual host 'localhost'
jan 30, 2014 10:09:41 PM org.apache.catalina.core.ApplicationContext log
INFO: Manager: restart: Reloading web application '/petClinic'
jan 30, 2014 10:09:47 PM org.apache.catalina.core.ApplicationContext log
INFO: Manager: list: Listing contexts for virtual host 'localhost'
jan 30, 2014 10:09:47 PM org.apache.catalina.core.ApplicationContext log
INFO: Manager: restart: Reloading web application '/petClinic'
jan 30, 2014 10:10:15 PM org.apache.catalina.core.ApplicationContext log
INFO: Manager: list: Listing contexts for virtual host 'localhost'
jan 30, 2014 10:10:15 PM org.apache.catalina.core.ApplicationContext log
INFO: Manager: restart: Reloading web application '/petClinic'
jan 30, 2014 10:10:20 PM org.apache.catalina.core.ApplicationContext log
INFO: Manager: list: Listing contexts for virtual host 'localhost'
jan 30, 2014 10:10:20 PM org.apache.catalina.core.ApplicationContext log
INFO: Manager: restart: Reloading web application '/petClinic'
jan 30, 2014 10:11:12 PM org.apache.catalina.core.ApplicationContext log
INFO: Manager: list: Listing contexts for virtual host 'localhost'
jan 30, 2014 10:11:12 PM org.apache.catalina.core.ApplicationContext log
INFO: Manager: restart: Reloading web application '/petClinic'
jan 30, 2014 10:11:17 PM org.apache.catalina.core.ApplicationContext log
INFO: Manager: list: Listing contexts for virtual host 'localhost'
jan 30, 2014 10:11:17 PM org.apache.catalina.core.ApplicationContext log
INFO: Manager: restart: Reloading web application '/petClinic'
jan 30, 2014 10:13:48 PM org.apache.catalina.core.ApplicationContext log
INFO: Manager: list: Listing contexts for virtual host 'localhost'
jan 30, 2014 10:13:48 PM org.apache.catalina.core.ApplicationContext log
INFO: Manager: restart: Reloading web application '/petClinic'
jan 30, 2014 10:13:53 PM org.apache.catalina.core.ApplicationContext log
INFO: Manager: list: Listing contexts for virtual host 'localhost'
jan 30, 2014 10:13:53 PM org.apache.catalina.core.ApplicationContext log
INFO: Manager: restart: Reloading web application '/petClinic'
jan 30, 2014 10:14:47 PM org.apache.catalina.core.ApplicationContext log
INFO: Manager: list: Listing contexts for virtual host 'localhost'
jan 30, 2014 10:14:47 PM org.apache.catalina.core.ApplicationContext log
INFO: Manager: restart: Reloading web application '/petClinic'
jan 30, 2014 10:16:21 PM org.apache.catalina.core.ApplicationContext log
INFO: Manager: list: Listing contexts for virtual host 'localhost'
jan 30, 2014 10:16:22 PM org.apache.catalina.core.ApplicationContext log
INFO: Manager: restart: Reloading web application '/petClinic'
jan 30, 2014 10:18:02 PM org.apache.catalina.core.ApplicationContext log
INFO: Manager: list: Listing contexts for virtual host 'localhost'
jan 30, 2014 10:18:02 PM org.apache.catalina.core.ApplicationContext log
INFO: Manager: restart: Reloading web application '/petClinic'
jan 30, 2014 10:23:26 PM org.apache.catalina.core.ApplicationContext log
INFO: Manager: list: Listing contexts for virtual host 'localhost'
jan 30, 2014 10:23:26 PM org.apache.catalina.core.ApplicationContext log
INFO: Manager: restart: Reloading web application '/petClinic'
jan 30, 2014 10:23:56 PM org.apache.catalina.core.ApplicationContext log
INFO: Manager: list: Listing contexts for virtual host 'localhost'
jan 30, 2014 10:23:56 PM org.apache.catalina.core.ApplicationContext log
INFO: Manager: restart: Reloading web application '/petClinic'
jan 30, 2014 10:24:11 PM org.apache.catalina.core.ApplicationContext log
INFO: Manager: list: Listing contexts for virtual host 'localhost'
jan 30, 2014 10:24:11 PM org.apache.catalina.core.ApplicationContext log
INFO: Manager: restart: Reloading web application '/petClinic'
jan 30, 2014 10:29:20 PM org.apache.catalina.core.ApplicationContext log
INFO: Manager: list: Listing contexts for virtual host 'localhost'
jan 30, 2014 10:29:20 PM org.apache.catalina.core.ApplicationContext log
INFO: Manager: restart: Reloading web application '/petClinic'
jan 30, 2014 10:31:24 PM org.apache.catalina.core.ApplicationContext log
INFO: Manager: list: Listing contexts for virtual host 'localhost'
jan 30, 2014 10:31:24 PM org.apache.catalina.core.ApplicationContext log
INFO: Manager: restart: Reloading web application '/petClinic'
jan 30, 2014 10:34:21 PM org.apache.catalina.core.ApplicationContext log
INFO: Manager: list: Listing contexts for virtual host 'localhost'
jan 30, 2014 10:34:21 PM org.apache.catalina.core.ApplicationContext log
INFO: Manager: restart: Reloading web application '/petClinic'
jan 30, 2014 10:34:38 PM org.apache.catalina.core.ApplicationContext log
INFO: Manager: list: Listing contexts for virtual host 'localhost'
jan 30, 2014 10:34:38 PM org.apache.catalina.core.ApplicationContext log
INFO: Manager: restart: Reloading web application '/petClinic'
jan 30, 2014 10:35:11 PM org.apache.catalina.core.ApplicationContext log
INFO: Manager: list: Listing contexts for virtual host 'localhost'
jan 30, 2014 10:35:11 PM org.apache.catalina.core.ApplicationContext log
INFO: Manager: restart: Reloading web application '/petClinic'
jan 30, 2014 10:36:50 PM org.apache.catalina.core.ApplicationContext log
INFO: Manager: list: Listing contexts for virtual host 'localhost'
jan 30, 2014 10:36:50 PM org.apache.catalina.core.ApplicationContext log
INFO: Manager: restart: Reloading web application '/petClinic'
jan 30, 2014 10:37:02 PM org.apache.catalina.core.ApplicationContext log
INFO: Manager: list: Listing contexts for virtual host 'localhost'
jan 30, 2014 10:37:03 PM org.apache.catalina.core.ApplicationContext log
INFO: Manager: restart: Reloading web application '/petClinic'
jan 30, 2014 10:38:15 PM org.apache.catalina.core.ApplicationContext log
INFO: Manager: list: Listing contexts for virtual host 'localhost'
jan 30, 2014 10:38:15 PM org.apache.catalina.core.ApplicationContext log
INFO: Manager: restart: Reloading web application '/petClinic'
jan 30, 2014 10:38:56 PM org.apache.catalina.core.ApplicationContext log
INFO: Manager: list: Listing contexts for virtual host 'localhost'
jan 30, 2014 10:38:56 PM org.apache.catalina.core.ApplicationContext log
INFO: Manager: restart: Reloading web application '/petClinic'
jan 30, 2014 10:39:01 PM org.apache.catalina.core.ApplicationContext log
INFO: Manager: list: Listing contexts for virtual host 'localhost'
jan 30, 2014 10:39:01 PM org.apache.catalina.core.ApplicationContext log
INFO: Manager: restart: Reloading web application '/petClinic'
jan 30, 2014 10:39:30 PM org.apache.catalina.core.ApplicationContext log
INFO: Manager: list: Listing contexts for virtual host 'localhost'
jan 30, 2014 10:39:30 PM org.apache.catalina.core.ApplicationContext log
INFO: Manager: restart: Reloading web application '/petClinic'
jan 30, 2014 10:42:25 PM org.apache.catalina.core.ApplicationContext log
INFO: Manager: list: Listing contexts for virtual host 'localhost'
jan 30, 2014 10:42:26 PM org.apache.catalina.core.ApplicationContext log
INFO: Manager: restart: Reloading web application '/petClinic'
jan 30, 2014 10:42:40 PM org.apache.catalina.core.ApplicationContext log
INFO: Manager: list: Listing contexts for virtual host 'localhost'
jan 30, 2014 10:42:40 PM org.apache.catalina.core.ApplicationContext log
INFO: Manager: restart: Reloading web application '/petClinic'
jan 30, 2014 10:43:03 PM org.apache.catalina.core.ApplicationContext log
INFO: Manager: list: Listing contexts for virtual host 'localhost'
jan 30, 2014 10:43:03 PM org.apache.catalina.core.ApplicationContext log
INFO: Manager: restart: Reloading web application '/petClinic'
jan 30, 2014 10:43:45 PM org.apache.catalina.core.ApplicationContext log
INFO: Manager: list: Listing contexts for virtual host 'localhost'
jan 30, 2014 10:43:45 PM org.apache.catalina.core.ApplicationContext log
INFO: Manager: restart: Reloading web application '/petClinic'
jan 30, 2014 10:45:44 PM org.apache.catalina.core.ApplicationContext log
INFO: Manager: list: Listing contexts for virtual host 'localhost'
jan 30, 2014 10:45:44 PM org.apache.catalina.core.ApplicationContext log
INFO: Manager: restart: Reloading web application '/petClinic'
jan 30, 2014 10:45:57 PM org.apache.catalina.core.ApplicationContext log
INFO: Manager: list: Listing contexts for virtual host 'localhost'
jan 30, 2014 10:45:57 PM org.apache.catalina.core.ApplicationContext log
INFO: Manager: restart: Reloading web application '/petClinic'
jan 30, 2014 10:46:49 PM org.apache.catalina.core.ApplicationContext log
INFO: Manager: list: Listing contexts for virtual host 'localhost'
jan 30, 2014 10:46:50 PM org.apache.catalina.core.ApplicationContext log
INFO: Manager: restart: Reloading web application '/petClinic'
jan 30, 2014 10:46:55 PM org.apache.catalina.core.ApplicationContext log
INFO: Manager: list: Listing contexts for virtual host 'localhost'
jan 30, 2014 10:46:55 PM org.apache.catalina.core.ApplicationContext log
INFO: Manager: restart: Reloading web application '/petClinic'
jan 30, 2014 10:47:42 PM org.apache.catalina.core.ApplicationContext log
INFO: Manager: list: Listing contexts for virtual host 'localhost'
jan 30, 2014 10:47:42 PM org.apache.catalina.core.ApplicationContext log
INFO: Manager: restart: Reloading web application '/petClinic'
jan 30, 2014 10:47:57 PM org.apache.catalina.core.ApplicationContext log
INFO: Manager: list: Listing contexts for virtual host 'localhost'
jan 30, 2014 10:47:57 PM org.apache.catalina.core.ApplicationContext log
INFO: Manager: restart: Reloading web application '/petClinic'
jan 30, 2014 10:48:36 PM org.apache.catalina.core.ApplicationContext log
INFO: Manager: list: Listing contexts for virtual host 'localhost'
jan 30, 2014 10:48:36 PM org.apache.catalina.core.ApplicationContext log
INFO: Manager: restart: Reloading web application '/petClinic'
jan 30, 2014 10:48:53 PM org.apache.catalina.core.ApplicationContext log
INFO: Manager: list: Listing contexts for virtual host 'localhost'
jan 30, 2014 10:48:53 PM org.apache.catalina.core.ApplicationContext log
INFO: Manager: restart: Reloading web application '/petClinic'
jan 30, 2014 10:49:12 PM org.apache.catalina.core.ApplicationContext log
INFO: Manager: list: Listing contexts for virtual host 'localhost'
jan 30, 2014 10:49:12 PM org.apache.catalina.core.ApplicationContext log
INFO: Manager: restart: Reloading web application '/petClinic'
jan 30, 2014 10:49:56 PM org.apache.catalina.core.ApplicationContext log
INFO: Manager: list: Listing contexts for virtual host 'localhost'
jan 30, 2014 10:49:56 PM org.apache.catalina.core.ApplicationContext log
INFO: Manager: restart: Reloading web application '/petClinic'
jan 30, 2014 10:58:24 PM org.apache.catalina.core.ApplicationContext log
INFO: Manager: list: Listing contexts for virtual host 'localhost'
jan 30, 2014 10:58:24 PM org.apache.catalina.core.ApplicationContext log
INFO: Manager: restart: Reloading web application '/petClinic'
jan 30, 2014 10:59:23 PM org.apache.catalina.core.ApplicationContext log
INFO: Manager: list: Listing contexts for virtual host 'localhost'
jan 30, 2014 10:59:23 PM org.apache.catalina.core.ApplicationContext log
INFO: Manager: restart: Reloading web application '/petClinic'
jan 30, 2014 10:59:28 PM org.apache.catalina.core.ApplicationContext log
INFO: Manager: list: Listing contexts for virtual host 'localhost'
jan 30, 2014 10:59:28 PM org.apache.catalina.core.ApplicationContext log
INFO: Manager: restart: Reloading web application '/petClinic'
jan 30, 2014 10:59:37 PM org.apache.catalina.core.ApplicationContext log
INFO: Manager: list: Listing contexts for virtual host 'localhost'
jan 30, 2014 10:59:37 PM org.apache.catalina.core.ApplicationContext log
INFO: Manager: restart: Reloading web application '/petClinic'
jan 30, 2014 10:59:42 PM org.apache.catalina.core.ApplicationContext log
INFO: Manager: list: Listing contexts for virtual host 'localhost'
jan 30, 2014 10:59:42 PM org.apache.catalina.core.ApplicationContext log
INFO: Manager: restart: Reloading web application '/petClinic'
jan 30, 2014 10:59:46 PM org.apache.catalina.core.ApplicationContext log
INFO: Manager: list: Listing contexts for virtual host 'localhost'
jan 30, 2014 10:59:46 PM org.apache.catalina.core.ApplicationContext log
INFO: Manager: restart: Reloading web application '/petClinic'
jan 30, 2014 11:00:44 PM org.apache.catalina.core.ApplicationContext log
INFO: Manager: list: Listing contexts for virtual host 'localhost'
jan 30, 2014 11:00:44 PM org.apache.catalina.core.ApplicationContext log
INFO: Manager: restart: Reloading web application '/petClinic'
jan 30, 2014 11:00:57 PM org.apache.catalina.core.ApplicationContext log
INFO: Manager: list: Listing contexts for virtual host 'localhost'
jan 30, 2014 11:00:57 PM org.apache.catalina.core.ApplicationContext log
INFO: Manager: restart: Reloading web application '/petClinic'
jan 30, 2014 11:01:12 PM org.apache.catalina.core.ApplicationContext log
INFO: Manager: list: Listing contexts for virtual host 'localhost'
jan 30, 2014 11:01:12 PM org.apache.catalina.core.ApplicationContext log
INFO: Manager: restart: Reloading web application '/petClinic'
jan 30, 2014 11:01:59 PM org.apache.catalina.core.ApplicationContext log
INFO: Manager: list: Listing contexts for virtual host 'localhost'
jan 30, 2014 11:01:59 PM org.apache.catalina.core.ApplicationContext log
INFO: Manager: restart: Reloading web application '/petClinic'
jan 30, 2014 11:02:27 PM org.apache.catalina.core.ApplicationContext log
INFO: Manager: list: Listing contexts for virtual host 'localhost'
jan 30, 2014 11:02:28 PM org.apache.catalina.core.ApplicationContext log
INFO: Manager: restart: Reloading web application '/petClinic'
jan 30, 2014 11:02:46 PM org.apache.catalina.core.ApplicationContext log
INFO: Manager: list: Listing contexts for virtual host 'localhost'
jan 30, 2014 11:02:46 PM org.apache.catalina.core.ApplicationContext log
INFO: Manager: restart: Reloading web application '/petClinic'
jan 30, 2014 11:02:54 PM org.apache.catalina.core.ApplicationContext log
INFO: Manager: list: Listing contexts for virtual host 'localhost'
jan 30, 2014 11:02:54 PM org.apache.catalina.core.ApplicationContext log
INFO: Manager: restart: Reloading web application '/petClinic'
jan 30, 2014 11:02:59 PM org.apache.catalina.core.ApplicationContext log
INFO: Manager: list: Listing contexts for virtual host 'localhost'
jan 30, 2014 11:02:59 PM org.apache.catalina.core.ApplicationContext log
INFO: Manager: restart: Reloading web application '/petClinic'
jan 30, 2014 11:03:28 PM org.apache.catalina.core.ApplicationContext log
INFO: Manager: list: Listing contexts for virtual host 'localhost'
jan 30, 2014 11:03:28 PM org.apache.catalina.core.ApplicationContext log
INFO: Manager: restart: Reloading web application '/petClinic'
jan 30, 2014 11:03:44 PM org.apache.catalina.core.ApplicationContext log
INFO: Manager: list: Listing contexts for virtual host 'localhost'
jan 30, 2014 11:03:44 PM org.apache.catalina.core.ApplicationContext log
INFO: Manager: restart: Reloading web application '/petClinic'
jan 30, 2014 11:11:49 PM org.apache.catalina.core.ApplicationContext log
INFO: Manager: list: Listing contexts for virtual host 'localhost'
jan 30, 2014 11:11:49 PM org.apache.catalina.core.ApplicationContext log
INFO: Manager: restart: Reloading web application '/petClinic'
jan 30, 2014 11:12:58 PM org.apache.catalina.core.ApplicationContext log
INFO: Manager: list: Listing contexts for virtual host 'localhost'
jan 30, 2014 11:12:58 PM org.apache.catalina.core.ApplicationContext log
INFO: Manager: restart: Reloading web application '/petClinic'
jan 30, 2014 11:18:55 PM org.apache.catalina.core.ApplicationContext log
INFO: Manager: list: Listing contexts for virtual host 'localhost'
jan 30, 2014 11:18:55 PM org.apache.catalina.core.ApplicationContext log
INFO: Manager: restart: Reloading web application '/petClinic'
jan 30, 2014 11:19:18 PM org.apache.catalina.core.ApplicationContext log
INFO: Manager: list: Listing contexts for virtual host 'localhost'
jan 30, 2014 11:19:18 PM org.apache.catalina.core.ApplicationContext log
INFO: Manager: restart: Reloading web application '/petClinic'
jan 30, 2014 11:19:44 PM org.apache.catalina.core.ApplicationContext log
INFO: Manager: list: Listing contexts for virtual host 'localhost'
jan 30, 2014 11:19:45 PM org.apache.catalina.core.ApplicationContext log
INFO: Manager: restart: Reloading web application '/petClinic'
jan 30, 2014 11:20:20 PM org.apache.catalina.core.ApplicationContext log
INFO: Manager: list: Listing contexts for virtual host 'localhost'
jan 30, 2014 11:20:20 PM org.apache.catalina.core.ApplicationContext log
INFO: Manager: restart: Reloading web application '/petClinic'
jan 30, 2014 11:20:41 PM org.apache.catalina.core.ApplicationContext log
INFO: Manager: list: Listing contexts for virtual host 'localhost'
jan 30, 2014 11:20:41 PM org.apache.catalina.core.ApplicationContext log
INFO: Manager: restart: Reloading web application '/petClinic'
jan 30, 2014 11:20:53 PM org.apache.catalina.core.ApplicationContext log
INFO: Manager: list: Listing contexts for virtual host 'localhost'
jan 30, 2014 11:20:53 PM org.apache.catalina.core.ApplicationContext log
INFO: Manager: restart: Reloading web application '/petClinic'
jan 30, 2014 11:21:05 PM org.apache.catalina.core.ApplicationContext log
INFO: Manager: list: Listing contexts for virtual host 'localhost'
jan 30, 2014 11:21:05 PM org.apache.catalina.core.ApplicationContext log
INFO: Manager: restart: Reloading web application '/petClinic'
jan 30, 2014 11:21:24 PM org.apache.catalina.core.ApplicationContext log
INFO: Manager: list: Listing contexts for virtual host 'localhost'
jan 30, 2014 11:21:24 PM org.apache.catalina.core.ApplicationContext log
INFO: Manager: restart: Reloading web application '/petClinic'
jan 30, 2014 11:22:52 PM org.apache.catalina.core.ApplicationContext log
INFO: Manager: list: Listing contexts for virtual host 'localhost'
jan 30, 2014 11:22:52 PM org.apache.catalina.core.ApplicationContext log
INFO: Manager: restart: Reloading web application '/petClinic'
jan 30, 2014 11:22:58 PM org.apache.catalina.core.ApplicationContext log
INFO: Manager: list: Listing contexts for virtual host 'localhost'
jan 30, 2014 11:22:58 PM org.apache.catalina.core.ApplicationContext log
INFO: Manager: restart: Reloading web application '/petClinic'
jan 30, 2014 11:23:14 PM org.apache.catalina.core.ApplicationContext log
INFO: Manager: list: Listing contexts for virtual host 'localhost'
jan 30, 2014 11:23:14 PM org.apache.catalina.core.ApplicationContext log
INFO: Manager: restart: Reloading web application '/petClinic'
jan 30, 2014 11:23:19 PM org.apache.catalina.core.ApplicationContext log
INFO: Manager: list: Listing contexts for virtual host 'localhost'
jan 30, 2014 11:23:19 PM org.apache.catalina.core.ApplicationContext log
INFO: Manager: restart: Reloading web application '/petClinic'
jan 30, 2014 11:25:18 PM org.apache.catalina.core.ApplicationContext log
INFO: Manager: list: Listing contexts for virtual host 'localhost'
jan 30, 2014 11:25:18 PM org.apache.catalina.core.ApplicationContext log
INFO: Manager: restart: Reloading web application '/petClinic'
jan 30, 2014 11:25:42 PM org.apache.catalina.core.ApplicationContext log
INFO: Manager: list: Listing contexts for virtual host 'localhost'
jan 30, 2014 11:25:42 PM org.apache.catalina.core.ApplicationContext log
INFO: Manager: restart: Reloading web application '/petClinic'
jan 30, 2014 11:26:27 PM org.apache.catalina.core.ApplicationContext log
INFO: Manager: list: Listing contexts for virtual host 'localhost'
jan 30, 2014 11:26:27 PM org.apache.catalina.core.ApplicationContext log
INFO: Manager: restart: Reloading web application '/petClinic'
jan 30, 2014 11:26:32 PM org.apache.catalina.core.ApplicationContext log
INFO: Manager: list: Listing contexts for virtual host 'localhost'
jan 30, 2014 11:26:32 PM org.apache.catalina.core.ApplicationContext log
INFO: Manager: restart: Reloading web application '/petClinic'
jan 30, 2014 11:26:55 PM org.apache.catalina.core.ApplicationContext log
INFO: Manager: list: Listing contexts for virtual host 'localhost'
jan 30, 2014 11:26:55 PM org.apache.catalina.core.ApplicationContext log
INFO: Manager: restart: Reloading web application '/petClinic'
jan 30, 2014 11:28:00 PM org.apache.catalina.core.ApplicationContext log
INFO: Manager: list: Listing contexts for virtual host 'localhost'
jan 30, 2014 11:28:00 PM org.apache.catalina.core.ApplicationContext log
INFO: Manager: restart: Reloading web application '/petClinic'
jan 30, 2014 11:28:05 PM org.apache.catalina.core.ApplicationContext log
INFO: Manager: list: Listing contexts for virtual host 'localhost'
jan 30, 2014 11:28:05 PM org.apache.catalina.core.ApplicationContext log
INFO: Manager: restart: Reloading web application '/petClinic'
jan 30, 2014 11:28:33 PM org.apache.catalina.core.ApplicationContext log
INFO: Manager: list: Listing contexts for virtual host 'localhost'
jan 30, 2014 11:28:33 PM org.apache.catalina.core.ApplicationContext log
INFO: Manager: restart: Reloading web application '/petClinic'
jan 30, 2014 11:28:38 PM org.apache.catalina.core.ApplicationContext log
INFO: Manager: list: Listing contexts for virtual host 'localhost'
jan 30, 2014 11:28:38 PM org.apache.catalina.core.ApplicationContext log
INFO: Manager: restart: Reloading web application '/petClinic'
jan 30, 2014 11:28:43 PM org.apache.catalina.core.ApplicationContext log
INFO: Manager: list: Listing contexts for virtual host 'localhost'
jan 30, 2014 11:28:43 PM org.apache.catalina.core.ApplicationContext log
INFO: Manager: restart: Reloading web application '/petClinic'
jan 30, 2014 11:29:04 PM org.apache.catalina.core.ApplicationContext log
INFO: Manager: list: Listing contexts for virtual host 'localhost'
jan 30, 2014 11:29:04 PM org.apache.catalina.core.ApplicationContext log
INFO: Manager: restart: Reloading web application '/petClinic'
jan 30, 2014 11:29:09 PM org.apache.catalina.core.ApplicationContext log
INFO: Manager: list: Listing contexts for virtual host 'localhost'
jan 30, 2014 11:29:09 PM org.apache.catalina.core.ApplicationContext log
INFO: Manager: restart: Reloading web application '/petClinic'
jan 30, 2014 11:29:33 PM org.apache.catalina.core.ApplicationContext log
INFO: Manager: list: Listing contexts for virtual host 'localhost'
jan 30, 2014 11:29:33 PM org.apache.catalina.core.ApplicationContext log
INFO: Manager: restart: Reloading web application '/petClinic'
jan 30, 2014 11:29:50 PM org.apache.catalina.core.ApplicationContext log
INFO: Manager: list: Listing contexts for virtual host 'localhost'
jan 30, 2014 11:29:50 PM org.apache.catalina.core.ApplicationContext log
INFO: Manager: restart: Reloading web application '/petClinic'
jan 30, 2014 11:31:01 PM org.apache.catalina.core.ApplicationContext log
INFO: Manager: list: Listing contexts for virtual host 'localhost'
jan 30, 2014 11:31:01 PM org.apache.catalina.core.ApplicationContext log
INFO: Manager: restart: Reloading web application '/petClinic'
jan 30, 2014 11:31:06 PM org.apache.catalina.core.ApplicationContext log
INFO: Manager: list: Listing contexts for virtual host 'localhost'
jan 30, 2014 11:31:06 PM org.apache.catalina.core.ApplicationContext log
INFO: Manager: restart: Reloading web application '/petClinic'
jan 30, 2014 11:31:19 PM org.apache.catalina.core.ApplicationContext log
INFO: Manager: list: Listing contexts for virtual host 'localhost'
jan 30, 2014 11:31:19 PM org.apache.catalina.core.ApplicationContext log
INFO: Manager: restart: Reloading web application '/petClinic'
jan 30, 2014 11:31:31 PM org.apache.catalina.core.ApplicationContext log
INFO: Manager: list: Listing contexts for virtual host 'localhost'
jan 30, 2014 11:31:31 PM org.apache.catalina.core.ApplicationContext log
INFO: Manager: restart: Reloading web application '/petClinic'
jan 30, 2014 11:31:52 PM org.apache.catalina.core.ApplicationContext log
INFO: Manager: list: Listing contexts for virtual host 'localhost'
jan 30, 2014 11:31:52 PM org.apache.catalina.core.ApplicationContext log
INFO: Manager: restart: Reloading web application '/petClinic'
jan 30, 2014 11:31:57 PM org.apache.catalina.core.ApplicationContext log
INFO: Manager: list: Listing contexts for virtual host 'localhost'
jan 30, 2014 11:31:58 PM org.apache.catalina.core.ApplicationContext log
INFO: Manager: restart: Reloading web application '/petClinic'
jan 30, 2014 11:31:58 PM org.apache.catalina.core.ApplicationContext log
SEVERE: Manager: ManagerServlet.reload[/petClinic]
java.lang.IllegalStateException: Context with name [/petClinic] has not yet been started
	at org.apache.catalina.core.StandardContext.reload(StandardContext.java:3936)
	at org.apache.catalina.manager.ManagerServlet.reload(ManagerServlet.java:956)
	at org.apache.catalina.manager.ManagerServlet.doGet(ManagerServlet.java:365)
	at javax.servlet.http.HttpServlet.service(HttpServlet.java:621)
	at javax.servlet.http.HttpServlet.service(HttpServlet.java:728)
	at org.apache.catalina.core.ApplicationFilterChain.internalDoFilter(ApplicationFilterChain.java:305)
	at org.apache.catalina.core.ApplicationFilterChain.doFilter(ApplicationFilterChain.java:210)
	at org.apache.tomcat.websocket.server.WsFilter.doFilter(WsFilter.java:51)
	at org.apache.catalina.core.ApplicationFilterChain.internalDoFilter(ApplicationFilterChain.java:243)
	at org.apache.catalina.core.ApplicationFilterChain.doFilter(ApplicationFilterChain.java:210)
	at org.apache.catalina.filters.SetCharacterEncodingFilter.doFilter(SetCharacterEncodingFilter.java:108)
	at org.apache.catalina.core.ApplicationFilterChain.internalDoFilter(ApplicationFilterChain.java:243)
	at org.apache.catalina.core.ApplicationFilterChain.doFilter(ApplicationFilterChain.java:210)
	at org.apache.catalina.core.StandardWrapperValve.invoke(StandardWrapperValve.java:222)
	at org.apache.catalina.core.StandardContextValve.invoke(StandardContextValve.java:123)
	at org.apache.catalina.authenticator.AuthenticatorBase.invoke(AuthenticatorBase.java:611)
	at org.apache.catalina.core.StandardHostValve.invoke(StandardHostValve.java:171)
	at org.apache.catalina.valves.ErrorReportValve.invoke(ErrorReportValve.java:100)
	at org.apache.catalina.valves.AccessLogValve.invoke(AccessLogValve.java:953)
	at org.apache.catalina.core.StandardEngineValve.invoke(StandardEngineValve.java:118)
	at org.apache.catalina.connector.CoyoteAdapter.service(CoyoteAdapter.java:408)
	at org.apache.coyote.http11.AbstractHttp11Processor.process(AbstractHttp11Processor.java:1041)
	at org.apache.coyote.AbstractProtocol$AbstractConnectionHandler.process(AbstractProtocol.java:603)
	at org.apache.tomcat.util.net.JIoEndpoint$SocketProcessor.run(JIoEndpoint.java:312)
	at java.util.concurrent.ThreadPoolExecutor.runWorker(ThreadPoolExecutor.java:1145)
	at java.util.concurrent.ThreadPoolExecutor$Worker.run(ThreadPoolExecutor.java:615)
	at java.lang.Thread.run(Thread.java:744)

jan 30, 2014 11:34:42 PM org.apache.catalina.core.ApplicationContext log
INFO: Manager: init: Associated with Deployer 'Catalina:type=Deployer,host=localhost'
jan 30, 2014 11:34:42 PM org.apache.catalina.core.ApplicationContext log
INFO: Manager: init: Global resources are available
jan 30, 2014 11:34:42 PM org.apache.catalina.core.ApplicationContext log
INFO: Manager: list: Listing contexts for virtual host 'localhost'
jan 30, 2014 11:34:42 PM org.apache.catalina.core.ApplicationContext log
INFO: Manager: list: Listing contexts for virtual host 'localhost'
jan 30, 2014 11:34:42 PM org.apache.catalina.core.ApplicationContext log
INFO: Manager: undeploy: Undeploying web application at '/petClinic'
jan 30, 2014 11:34:43 PM org.apache.catalina.core.ApplicationContext log
INFO: Manager: install: Installing context configuration at 'file:/var/folders/t8/j8sr24b55j589r64ph1p9w240000gn/T/context3664007994245879698.xml'
jan 30, 2014 11:34:48 PM org.apache.catalina.core.ApplicationContext log
INFO: Manager: start: Starting web application '/petClinic'
jan 30, 2014 11:34:48 PM org.apache.catalina.core.ApplicationContext log
INFO: Manager: list: Listing contexts for virtual host 'localhost'
jan 30, 2014 11:34:49 PM org.apache.catalina.core.ApplicationContext log
INFO: Manager: restart: Reloading web application '/petClinic'
jan 30, 2014 11:34:56 PM org.apache.catalina.core.ApplicationContext log
INFO: Manager: list: Listing contexts for virtual host 'localhost'
jan 30, 2014 11:34:56 PM org.apache.catalina.core.ApplicationContext log
INFO: Manager: restart: Reloading web application '/petClinic'
jan 30, 2014 11:35:09 PM org.apache.catalina.core.ApplicationContext log
INFO: Manager: list: Listing contexts for virtual host 'localhost'
jan 30, 2014 11:35:09 PM org.apache.catalina.core.ApplicationContext log
INFO: Manager: restart: Reloading web application '/petClinic'
jan 30, 2014 11:35:22 PM org.apache.catalina.core.ApplicationContext log
INFO: Manager: list: Listing contexts for virtual host 'localhost'
jan 30, 2014 11:35:22 PM org.apache.catalina.core.ApplicationContext log
INFO: Manager: restart: Reloading web application '/petClinic'
jan 30, 2014 11:35:27 PM org.apache.catalina.core.ApplicationContext log
INFO: Manager: list: Listing contexts for virtual host 'localhost'
jan 30, 2014 11:35:27 PM org.apache.catalina.core.ApplicationContext log
INFO: Manager: restart: Reloading web application '/petClinic'
jan 30, 2014 11:44:11 PM org.apache.catalina.core.ApplicationContext log
INFO: Manager: list: Listing contexts for virtual host 'localhost'
jan 30, 2014 11:44:11 PM org.apache.catalina.core.ApplicationContext log
INFO: Manager: restart: Reloading web application '/petClinic'
jan 30, 2014 11:44:11 PM org.apache.catalina.core.ApplicationContext log
SEVERE: Manager: ManagerServlet.reload[/petClinic]
java.lang.IllegalStateException: Context with name [/petClinic] has not yet been started
	at org.apache.catalina.core.StandardContext.reload(StandardContext.java:3936)
	at org.apache.catalina.manager.ManagerServlet.reload(ManagerServlet.java:956)
	at org.apache.catalina.manager.ManagerServlet.doGet(ManagerServlet.java:365)
	at javax.servlet.http.HttpServlet.service(HttpServlet.java:621)
	at javax.servlet.http.HttpServlet.service(HttpServlet.java:728)
	at org.apache.catalina.core.ApplicationFilterChain.internalDoFilter(ApplicationFilterChain.java:305)
	at org.apache.catalina.core.ApplicationFilterChain.doFilter(ApplicationFilterChain.java:210)
	at org.apache.tomcat.websocket.server.WsFilter.doFilter(WsFilter.java:51)
	at org.apache.catalina.core.ApplicationFilterChain.internalDoFilter(ApplicationFilterChain.java:243)
	at org.apache.catalina.core.ApplicationFilterChain.doFilter(ApplicationFilterChain.java:210)
	at org.apache.catalina.filters.SetCharacterEncodingFilter.doFilter(SetCharacterEncodingFilter.java:108)
	at org.apache.catalina.core.ApplicationFilterChain.internalDoFilter(ApplicationFilterChain.java:243)
	at org.apache.catalina.core.ApplicationFilterChain.doFilter(ApplicationFilterChain.java:210)
	at org.apache.catalina.core.StandardWrapperValve.invoke(StandardWrapperValve.java:222)
	at org.apache.catalina.core.StandardContextValve.invoke(StandardContextValve.java:123)
	at org.apache.catalina.authenticator.AuthenticatorBase.invoke(AuthenticatorBase.java:611)
	at org.apache.catalina.core.StandardHostValve.invoke(StandardHostValve.java:171)
	at org.apache.catalina.valves.ErrorReportValve.invoke(ErrorReportValve.java:100)
	at org.apache.catalina.valves.AccessLogValve.invoke(AccessLogValve.java:953)
	at org.apache.catalina.core.StandardEngineValve.invoke(StandardEngineValve.java:118)
	at org.apache.catalina.connector.CoyoteAdapter.service(CoyoteAdapter.java:408)
	at org.apache.coyote.http11.AbstractHttp11Processor.process(AbstractHttp11Processor.java:1041)
	at org.apache.coyote.AbstractProtocol$AbstractConnectionHandler.process(AbstractProtocol.java:603)
	at org.apache.tomcat.util.net.JIoEndpoint$SocketProcessor.run(JIoEndpoint.java:312)
	at java.util.concurrent.ThreadPoolExecutor.runWorker(ThreadPoolExecutor.java:1145)
	at java.util.concurrent.ThreadPoolExecutor$Worker.run(ThreadPoolExecutor.java:615)
	at java.lang.Thread.run(Thread.java:744)

jan 30, 2014 11:44:16 PM org.apache.catalina.core.ApplicationContext log
INFO: Manager: list: Listing contexts for virtual host 'localhost'
jan 30, 2014 11:44:16 PM org.apache.catalina.core.ApplicationContext log
INFO: Manager: list: Listing contexts for virtual host 'localhost'
jan 30, 2014 11:44:16 PM org.apache.catalina.core.ApplicationContext log
INFO: Manager: undeploy: Undeploying web application at '/petClinic'
jan 30, 2014 11:44:17 PM org.apache.catalina.core.ApplicationContext log
INFO: Manager: install: Installing context configuration at 'file:/var/folders/t8/j8sr24b55j589r64ph1p9w240000gn/T/context1227044394291443849.xml'
jan 30, 2014 11:44:26 PM org.apache.catalina.core.ApplicationContext log
INFO: Manager: start: Starting web application '/petClinic'
jan 30, 2014 11:44:55 PM org.apache.catalina.core.ApplicationContext log
INFO: Manager: list: Listing contexts for virtual host 'localhost'
jan 30, 2014 11:44:55 PM org.apache.catalina.core.ApplicationContext log
INFO: Manager: restart: Reloading web application '/petClinic'
jan 30, 2014 11:44:59 PM org.apache.catalina.core.ApplicationContext log
INFO: Manager: list: Listing contexts for virtual host 'localhost'
jan 30, 2014 11:44:59 PM org.apache.catalina.core.ApplicationContext log
INFO: Manager: restart: Reloading web application '/petClinic'
jan 30, 2014 11:45:54 PM org.apache.catalina.core.ApplicationContext log
INFO: Manager: list: Listing contexts for virtual host 'localhost'
jan 30, 2014 11:45:54 PM org.apache.catalina.core.ApplicationContext log
INFO: Manager: restart: Reloading web application '/petClinic'
jan 30, 2014 11:46:09 PM org.apache.catalina.core.ApplicationContext log
INFO: Manager: list: Listing contexts for virtual host 'localhost'
jan 30, 2014 11:46:10 PM org.apache.catalina.core.ApplicationContext log
INFO: Manager: restart: Reloading web application '/petClinic'
jan 30, 2014 11:47:15 PM org.apache.catalina.core.ApplicationContext log
INFO: Manager: init: Associated with Deployer 'Catalina:type=Deployer,host=localhost'
jan 30, 2014 11:47:15 PM org.apache.catalina.core.ApplicationContext log
INFO: Manager: init: Global resources are available
jan 30, 2014 11:47:15 PM org.apache.catalina.core.ApplicationContext log
INFO: Manager: list: Listing contexts for virtual host 'localhost'
jan 30, 2014 11:47:15 PM org.apache.catalina.core.ApplicationContext log
INFO: Manager: list: Listing contexts for virtual host 'localhost'
jan 30, 2014 11:47:15 PM org.apache.catalina.core.ApplicationContext log
INFO: Manager: undeploy: Undeploying web application at '/petClinic'
jan 30, 2014 11:47:16 PM org.apache.catalina.core.ApplicationContext log
INFO: Manager: install: Installing context configuration at 'file:/var/folders/t8/j8sr24b55j589r64ph1p9w240000gn/T/context9126676005844230158.xml'
jan 30, 2014 11:47:21 PM org.apache.catalina.core.ApplicationContext log
INFO: Manager: start: Starting web application '/petClinic'
jan 30, 2014 11:48:31 PM org.apache.catalina.core.ApplicationContext log
INFO: Manager: list: Listing contexts for virtual host 'localhost'
jan 30, 2014 11:48:31 PM org.apache.catalina.core.ApplicationContext log
INFO: Manager: restart: Reloading web application '/petClinic'
jan 30, 2014 11:48:45 PM org.apache.catalina.core.ApplicationContext log
INFO: Manager: list: Listing contexts for virtual host 'localhost'
jan 30, 2014 11:48:45 PM org.apache.catalina.core.ApplicationContext log
INFO: Manager: restart: Reloading web application '/petClinic'
