feb 04, 2014 6:53:35 PM org.apache.catalina.core.ApplicationContext log
INFO: Manager: init: Associated with Deployer 'Catalina:type=Deployer,host=localhost'
feb 04, 2014 6:53:35 PM org.apache.catalina.core.ApplicationContext log
INFO: Manager: init: Global resources are available
feb 04, 2014 6:53:35 PM org.apache.catalina.core.ApplicationContext log
INFO: Manager: list: Listing contexts for virtual host 'localhost'
feb 04, 2014 6:53:35 PM org.apache.catalina.core.ApplicationContext log
INFO: Manager: list: Listing contexts for virtual host 'localhost'
feb 04, 2014 6:53:35 PM org.apache.catalina.core.ApplicationContext log
INFO: Manager: undeploy: Undeploying web application at '/petClinic'
feb 04, 2014 6:53:35 PM org.apache.catalina.core.ApplicationContext log
INFO: Manager: install: Installing context configuration at 'file:/var/folders/t8/j8sr24b55j589r64ph1p9w240000gn/T/context209895755309065131.xml'
feb 04, 2014 6:53:42 PM org.apache.catalina.core.ApplicationContext log
INFO: Manager: start: Starting web application '/petClinic'
feb 04, 2014 6:56:26 PM org.apache.catalina.core.ApplicationContext log
INFO: Manager: list: Listing contexts for virtual host 'localhost'
feb 04, 2014 6:56:26 PM org.apache.catalina.core.ApplicationContext log
INFO: Manager: restart: Reloading web application '/petClinic'
feb 04, 2014 6:56:38 PM org.apache.catalina.core.ApplicationContext log
INFO: Manager: list: Listing contexts for virtual host 'localhost'
feb 04, 2014 6:56:38 PM org.apache.catalina.core.ApplicationContext log
INFO: Manager: restart: Reloading web application '/petClinic'
feb 04, 2014 6:56:44 PM org.apache.catalina.core.ApplicationContext log
INFO: Manager: list: Listing contexts for virtual host 'localhost'
feb 04, 2014 6:56:44 PM org.apache.catalina.core.ApplicationContext log
INFO: Manager: restart: Reloading web application '/petClinic'
feb 04, 2014 6:58:05 PM org.apache.catalina.core.ApplicationContext log
INFO: Manager: init: Associated with Deployer 'Catalina:type=Deployer,host=localhost'
feb 04, 2014 6:58:05 PM org.apache.catalina.core.ApplicationContext log
INFO: Manager: init: Global resources are available
feb 04, 2014 6:58:05 PM org.apache.catalina.core.ApplicationContext log
INFO: Manager: list: Listing contexts for virtual host 'localhost'
feb 04, 2014 6:58:05 PM org.apache.catalina.core.ApplicationContext log
INFO: Manager: list: Listing contexts for virtual host 'localhost'
feb 04, 2014 6:58:05 PM org.apache.catalina.core.ApplicationContext log
INFO: Manager: undeploy: Undeploying web application at '/petClinic'
feb 04, 2014 6:58:06 PM org.apache.catalina.core.ApplicationContext log
INFO: Manager: install: Installing context configuration at 'file:/var/folders/t8/j8sr24b55j589r64ph1p9w240000gn/T/context6561064202976852317.xml'
feb 04, 2014 6:58:11 PM org.apache.catalina.core.ApplicationContext log
INFO: Manager: start: Starting web application '/petClinic'
feb 04, 2014 6:59:55 PM org.apache.catalina.core.ApplicationContext log
INFO: Manager: list: Listing contexts for virtual host 'localhost'
feb 04, 2014 6:59:55 PM org.apache.catalina.core.ApplicationContext log
INFO: Manager: restart: Reloading web application '/petClinic'
feb 04, 2014 7:03:13 PM org.apache.catalina.core.ApplicationContext log
INFO: Manager: list: Listing contexts for virtual host 'localhost'
feb 04, 2014 7:03:13 PM org.apache.catalina.core.ApplicationContext log
INFO: Manager: restart: Reloading web application '/petClinic'
feb 04, 2014 7:03:24 PM org.apache.catalina.core.ApplicationContext log
INFO: Manager: list: Listing contexts for virtual host 'localhost'
feb 04, 2014 7:03:24 PM org.apache.catalina.core.ApplicationContext log
INFO: Manager: restart: Reloading web application '/petClinic'
feb 04, 2014 7:03:52 PM org.apache.catalina.core.ApplicationContext log
INFO: Manager: list: Listing contexts for virtual host 'localhost'
feb 04, 2014 7:03:52 PM org.apache.catalina.core.ApplicationContext log
INFO: Manager: restart: Reloading web application '/petClinic'
feb 04, 2014 7:05:14 PM org.apache.catalina.core.ApplicationContext log
INFO: Manager: list: Listing contexts for virtual host 'localhost'
feb 04, 2014 7:05:14 PM org.apache.catalina.core.ApplicationContext log
INFO: Manager: restart: Reloading web application '/petClinic'
feb 04, 2014 7:05:19 PM org.apache.catalina.core.ApplicationContext log
INFO: Manager: list: Listing contexts for virtual host 'localhost'
feb 04, 2014 7:05:19 PM org.apache.catalina.core.ApplicationContext log
INFO: Manager: restart: Reloading web application '/petClinic'
feb 04, 2014 7:05:49 PM org.apache.catalina.core.ApplicationContext log
INFO: Manager: list: Listing contexts for virtual host 'localhost'
feb 04, 2014 7:05:49 PM org.apache.catalina.core.ApplicationContext log
INFO: Manager: restart: Reloading web application '/petClinic'
feb 04, 2014 7:06:02 PM org.apache.catalina.core.ApplicationContext log
INFO: Manager: list: Listing contexts for virtual host 'localhost'
feb 04, 2014 7:06:02 PM org.apache.catalina.core.ApplicationContext log
INFO: Manager: restart: Reloading web application '/petClinic'
feb 04, 2014 7:06:32 PM org.apache.catalina.core.ApplicationContext log
INFO: Manager: list: Listing contexts for virtual host 'localhost'
feb 04, 2014 7:06:32 PM org.apache.catalina.core.ApplicationContext log
INFO: Manager: restart: Reloading web application '/petClinic'
feb 04, 2014 7:06:42 PM org.apache.catalina.core.ApplicationContext log
INFO: Manager: list: Listing contexts for virtual host 'localhost'
feb 04, 2014 7:06:42 PM org.apache.catalina.core.ApplicationContext log
INFO: Manager: restart: Reloading web application '/petClinic'
feb 04, 2014 7:07:19 PM org.apache.catalina.core.ApplicationContext log
INFO: Manager: list: Listing contexts for virtual host 'localhost'
feb 04, 2014 7:07:19 PM org.apache.catalina.core.ApplicationContext log
INFO: Manager: restart: Reloading web application '/petClinic'
feb 04, 2014 7:08:05 PM org.apache.catalina.core.ApplicationContext log
INFO: Manager: list: Listing contexts for virtual host 'localhost'
feb 04, 2014 7:08:05 PM org.apache.catalina.core.ApplicationContext log
INFO: Manager: restart: Reloading web application '/petClinic'
feb 04, 2014 7:08:10 PM org.apache.catalina.core.ApplicationContext log
INFO: Manager: list: Listing contexts for virtual host 'localhost'
feb 04, 2014 7:08:10 PM org.apache.catalina.core.ApplicationContext log
INFO: Manager: restart: Reloading web application '/petClinic'
feb 04, 2014 7:08:22 PM org.apache.catalina.core.ApplicationContext log
INFO: Manager: list: Listing contexts for virtual host 'localhost'
feb 04, 2014 7:08:23 PM org.apache.catalina.core.ApplicationContext log
INFO: Manager: restart: Reloading web application '/petClinic'
feb 04, 2014 7:08:29 PM org.apache.catalina.core.ApplicationContext log
INFO: Manager: list: Listing contexts for virtual host 'localhost'
feb 04, 2014 7:08:29 PM org.apache.catalina.core.ApplicationContext log
INFO: Manager: restart: Reloading web application '/petClinic'
feb 04, 2014 7:08:41 PM org.apache.catalina.core.ApplicationContext log
INFO: Manager: list: Listing contexts for virtual host 'localhost'
feb 04, 2014 7:08:41 PM org.apache.catalina.core.ApplicationContext log
INFO: Manager: restart: Reloading web application '/petClinic'
feb 04, 2014 7:09:08 PM org.apache.catalina.core.ApplicationContext log
INFO: Manager: list: Listing contexts for virtual host 'localhost'
feb 04, 2014 7:09:08 PM org.apache.catalina.core.ApplicationContext log
INFO: Manager: restart: Reloading web application '/petClinic'
feb 04, 2014 7:09:31 PM org.apache.catalina.core.ApplicationContext log
INFO: Manager: list: Listing contexts for virtual host 'localhost'
feb 04, 2014 7:09:32 PM org.apache.catalina.core.ApplicationContext log
INFO: Manager: restart: Reloading web application '/petClinic'
feb 04, 2014 7:09:47 PM org.apache.catalina.core.ApplicationContext log
INFO: Manager: list: Listing contexts for virtual host 'localhost'
feb 04, 2014 7:09:47 PM org.apache.catalina.core.ApplicationContext log
INFO: Manager: restart: Reloading web application '/petClinic'
feb 04, 2014 7:11:49 PM org.apache.catalina.core.ApplicationContext log
INFO: Manager: list: Listing contexts for virtual host 'localhost'
feb 04, 2014 7:11:49 PM org.apache.catalina.core.ApplicationContext log
INFO: Manager: restart: Reloading web application '/petClinic'
feb 04, 2014 7:12:18 PM org.apache.catalina.core.ApplicationContext log
INFO: Manager: list: Listing contexts for virtual host 'localhost'
feb 04, 2014 7:12:18 PM org.apache.catalina.core.ApplicationContext log
INFO: Manager: restart: Reloading web application '/petClinic'
feb 04, 2014 7:13:31 PM org.apache.catalina.core.ApplicationContext log
INFO: Manager: list: Listing contexts for virtual host 'localhost'
feb 04, 2014 7:13:31 PM org.apache.catalina.core.ApplicationContext log
INFO: Manager: restart: Reloading web application '/petClinic'
feb 04, 2014 7:14:02 PM org.apache.catalina.core.ApplicationContext log
INFO: Manager: list: Listing contexts for virtual host 'localhost'
feb 04, 2014 7:14:02 PM org.apache.catalina.core.ApplicationContext log
INFO: Manager: restart: Reloading web application '/petClinic'
feb 04, 2014 7:14:23 PM org.apache.catalina.core.ApplicationContext log
INFO: Manager: list: Listing contexts for virtual host 'localhost'
feb 04, 2014 7:14:23 PM org.apache.catalina.core.ApplicationContext log
INFO: Manager: restart: Reloading web application '/petClinic'
feb 04, 2014 7:14:46 PM org.apache.catalina.core.ApplicationContext log
INFO: Manager: list: Listing contexts for virtual host 'localhost'
feb 04, 2014 7:14:46 PM org.apache.catalina.core.ApplicationContext log
INFO: Manager: restart: Reloading web application '/petClinic'
feb 04, 2014 7:15:26 PM org.apache.catalina.core.ApplicationContext log
INFO: Manager: list: Listing contexts for virtual host 'localhost'
feb 04, 2014 7:15:26 PM org.apache.catalina.core.ApplicationContext log
INFO: Manager: restart: Reloading web application '/petClinic'
feb 04, 2014 7:16:17 PM org.apache.catalina.core.ApplicationContext log
INFO: Manager: list: Listing contexts for virtual host 'localhost'
feb 04, 2014 7:16:17 PM org.apache.catalina.core.ApplicationContext log
INFO: Manager: restart: Reloading web application '/petClinic'
feb 04, 2014 7:16:40 PM org.apache.catalina.core.ApplicationContext log
INFO: Manager: list: Listing contexts for virtual host 'localhost'
feb 04, 2014 7:16:40 PM org.apache.catalina.core.ApplicationContext log
INFO: Manager: restart: Reloading web application '/petClinic'
feb 04, 2014 7:16:52 PM org.apache.catalina.core.ApplicationContext log
INFO: Manager: list: Listing contexts for virtual host 'localhost'
feb 04, 2014 7:16:52 PM org.apache.catalina.core.ApplicationContext log
INFO: Manager: restart: Reloading web application '/petClinic'
feb 04, 2014 7:17:41 PM org.apache.catalina.core.ApplicationContext log
INFO: Manager: list: Listing contexts for virtual host 'localhost'
feb 04, 2014 7:17:41 PM org.apache.catalina.core.ApplicationContext log
INFO: Manager: restart: Reloading web application '/petClinic'
feb 04, 2014 7:17:49 PM org.apache.catalina.core.ApplicationContext log
INFO: Manager: list: Listing contexts for virtual host 'localhost'
feb 04, 2014 7:17:49 PM org.apache.catalina.core.ApplicationContext log
INFO: Manager: restart: Reloading web application '/petClinic'
feb 04, 2014 7:18:20 PM org.apache.catalina.core.ApplicationContext log
INFO: Manager: list: Listing contexts for virtual host 'localhost'
feb 04, 2014 7:18:21 PM org.apache.catalina.core.ApplicationContext log
INFO: Manager: restart: Reloading web application '/petClinic'
feb 04, 2014 7:19:34 PM org.apache.catalina.core.ApplicationContext log
INFO: Manager: list: Listing contexts for virtual host 'localhost'
feb 04, 2014 7:19:34 PM org.apache.catalina.core.ApplicationContext log
INFO: Manager: restart: Reloading web application '/petClinic'
feb 04, 2014 7:19:45 PM org.apache.catalina.core.ApplicationContext log
INFO: Manager: list: Listing contexts for virtual host 'localhost'
feb 04, 2014 7:19:45 PM org.apache.catalina.core.ApplicationContext log
INFO: Manager: restart: Reloading web application '/petClinic'
feb 04, 2014 7:20:00 PM org.apache.catalina.core.ApplicationContext log
INFO: Manager: list: Listing contexts for virtual host 'localhost'
feb 04, 2014 7:20:00 PM org.apache.catalina.core.ApplicationContext log
INFO: Manager: restart: Reloading web application '/petClinic'
feb 04, 2014 7:20:45 PM org.apache.catalina.core.ApplicationContext log
INFO: Manager: list: Listing contexts for virtual host 'localhost'
feb 04, 2014 7:20:45 PM org.apache.catalina.core.ApplicationContext log
INFO: Manager: restart: Reloading web application '/petClinic'
feb 04, 2014 7:21:34 PM org.apache.catalina.core.ApplicationContext log
INFO: Manager: list: Listing contexts for virtual host 'localhost'
feb 04, 2014 7:21:34 PM org.apache.catalina.core.ApplicationContext log
INFO: Manager: restart: Reloading web application '/petClinic'
feb 04, 2014 7:21:45 PM org.apache.catalina.core.ApplicationContext log
INFO: Manager: list: Listing contexts for virtual host 'localhost'
feb 04, 2014 7:21:46 PM org.apache.catalina.core.ApplicationContext log
INFO: Manager: restart: Reloading web application '/petClinic'
feb 04, 2014 7:21:55 PM org.apache.catalina.core.ApplicationContext log
INFO: Manager: list: Listing contexts for virtual host 'localhost'
feb 04, 2014 7:21:55 PM org.apache.catalina.core.ApplicationContext log
INFO: Manager: restart: Reloading web application '/petClinic'
feb 04, 2014 7:22:12 PM org.apache.catalina.core.ApplicationContext log
INFO: Manager: list: Listing contexts for virtual host 'localhost'
feb 04, 2014 7:22:12 PM org.apache.catalina.core.ApplicationContext log
INFO: Manager: restart: Reloading web application '/petClinic'
feb 04, 2014 7:22:33 PM org.apache.catalina.core.ApplicationContext log
INFO: Manager: list: Listing contexts for virtual host 'localhost'
feb 04, 2014 7:22:33 PM org.apache.catalina.core.ApplicationContext log
INFO: Manager: restart: Reloading web application '/petClinic'
feb 04, 2014 7:23:20 PM org.apache.catalina.core.ApplicationContext log
INFO: Manager: list: Listing contexts for virtual host 'localhost'
feb 04, 2014 7:23:20 PM org.apache.catalina.core.ApplicationContext log
INFO: Manager: restart: Reloading web application '/petClinic'
feb 04, 2014 7:23:38 PM org.apache.catalina.core.ApplicationContext log
INFO: Manager: list: Listing contexts for virtual host 'localhost'
feb 04, 2014 7:23:38 PM org.apache.catalina.core.ApplicationContext log
INFO: Manager: restart: Reloading web application '/petClinic'
feb 04, 2014 7:23:48 PM org.apache.catalina.core.ApplicationContext log
INFO: Manager: list: Listing contexts for virtual host 'localhost'
feb 04, 2014 7:23:48 PM org.apache.catalina.core.ApplicationContext log
INFO: Manager: restart: Reloading web application '/petClinic'
feb 04, 2014 7:23:57 PM org.apache.catalina.core.ApplicationContext log
INFO: Manager: list: Listing contexts for virtual host 'localhost'
feb 04, 2014 7:23:57 PM org.apache.catalina.core.ApplicationContext log
INFO: Manager: restart: Reloading web application '/petClinic'
feb 04, 2014 7:24:10 PM org.apache.catalina.core.ApplicationContext log
INFO: Manager: list: Listing contexts for virtual host 'localhost'
feb 04, 2014 7:24:10 PM org.apache.catalina.core.ApplicationContext log
INFO: Manager: restart: Reloading web application '/petClinic'
feb 04, 2014 7:24:22 PM org.apache.catalina.core.ApplicationContext log
INFO: Manager: list: Listing contexts for virtual host 'localhost'
feb 04, 2014 7:24:22 PM org.apache.catalina.core.ApplicationContext log
INFO: Manager: restart: Reloading web application '/petClinic'
feb 04, 2014 7:26:27 PM org.apache.catalina.core.ApplicationContext log
INFO: Manager: list: Listing contexts for virtual host 'localhost'
feb 04, 2014 7:26:27 PM org.apache.catalina.core.ApplicationContext log
INFO: Manager: restart: Reloading web application '/petClinic'
feb 04, 2014 7:26:31 PM org.apache.catalina.core.ApplicationContext log
INFO: Manager: list: Listing contexts for virtual host 'localhost'
feb 04, 2014 7:26:31 PM org.apache.catalina.core.ApplicationContext log
INFO: Manager: restart: Reloading web application '/petClinic'
feb 04, 2014 7:27:12 PM org.apache.catalina.core.ApplicationContext log
INFO: Manager: list: Listing contexts for virtual host 'localhost'
feb 04, 2014 7:27:12 PM org.apache.catalina.core.ApplicationContext log
INFO: Manager: restart: Reloading web application '/petClinic'
feb 04, 2014 7:29:30 PM org.apache.catalina.core.ApplicationContext log
INFO: Manager: list: Listing contexts for virtual host 'localhost'
feb 04, 2014 7:29:30 PM org.apache.catalina.core.ApplicationContext log
INFO: Manager: restart: Reloading web application '/petClinic'
feb 04, 2014 7:29:54 PM org.apache.catalina.core.ApplicationContext log
INFO: Manager: list: Listing contexts for virtual host 'localhost'
feb 04, 2014 7:29:54 PM org.apache.catalina.core.ApplicationContext log
INFO: Manager: restart: Reloading web application '/petClinic'
feb 04, 2014 7:30:19 PM org.apache.catalina.core.ApplicationContext log
INFO: Manager: list: Listing contexts for virtual host 'localhost'
feb 04, 2014 7:30:19 PM org.apache.catalina.core.ApplicationContext log
INFO: Manager: restart: Reloading web application '/petClinic'
feb 04, 2014 7:30:55 PM org.apache.catalina.core.ApplicationContext log
INFO: Manager: list: Listing contexts for virtual host 'localhost'
feb 04, 2014 7:30:55 PM org.apache.catalina.core.ApplicationContext log
INFO: Manager: restart: Reloading web application '/petClinic'
feb 04, 2014 7:31:45 PM org.apache.catalina.core.ApplicationContext log
INFO: Manager: list: Listing contexts for virtual host 'localhost'
feb 04, 2014 7:31:45 PM org.apache.catalina.core.ApplicationContext log
INFO: Manager: restart: Reloading web application '/petClinic'
feb 04, 2014 7:31:54 PM org.apache.catalina.core.ApplicationContext log
INFO: Manager: list: Listing contexts for virtual host 'localhost'
feb 04, 2014 7:31:54 PM org.apache.catalina.core.ApplicationContext log
INFO: Manager: restart: Reloading web application '/petClinic'
feb 04, 2014 7:31:59 PM org.apache.catalina.core.ApplicationContext log
INFO: Manager: list: Listing contexts for virtual host 'localhost'
feb 04, 2014 7:31:59 PM org.apache.catalina.core.ApplicationContext log
INFO: Manager: restart: Reloading web application '/petClinic'
feb 04, 2014 7:32:06 PM org.apache.catalina.core.ApplicationContext log
INFO: Manager: list: Listing contexts for virtual host 'localhost'
feb 04, 2014 7:32:06 PM org.apache.catalina.core.ApplicationContext log
INFO: Manager: restart: Reloading web application '/petClinic'
feb 04, 2014 7:32:19 PM org.apache.catalina.core.ApplicationContext log
INFO: Manager: list: Listing contexts for virtual host 'localhost'
feb 04, 2014 7:32:19 PM org.apache.catalina.core.ApplicationContext log
INFO: Manager: restart: Reloading web application '/petClinic'
feb 04, 2014 7:32:41 PM org.apache.catalina.core.ApplicationContext log
INFO: Manager: list: Listing contexts for virtual host 'localhost'
feb 04, 2014 7:32:41 PM org.apache.catalina.core.ApplicationContext log
INFO: Manager: restart: Reloading web application '/petClinic'
feb 04, 2014 7:55:05 PM org.apache.catalina.core.ApplicationContext log
INFO: Manager: list: Listing contexts for virtual host 'localhost'
feb 04, 2014 7:55:05 PM org.apache.catalina.core.ApplicationContext log
INFO: Manager: restart: Reloading web application '/petClinic'
feb 04, 2014 7:55:39 PM org.apache.catalina.core.ApplicationContext log
INFO: Manager: list: Listing contexts for virtual host 'localhost'
feb 04, 2014 7:55:39 PM org.apache.catalina.core.ApplicationContext log
INFO: Manager: restart: Reloading web application '/petClinic'
feb 04, 2014 7:57:39 PM org.apache.catalina.core.ApplicationContext log
INFO: Manager: list: Listing contexts for virtual host 'localhost'
feb 04, 2014 7:57:39 PM org.apache.catalina.core.ApplicationContext log
INFO: Manager: restart: Reloading web application '/petClinic'
feb 04, 2014 7:57:51 PM org.apache.catalina.core.ApplicationContext log
INFO: Manager: list: Listing contexts for virtual host 'localhost'
feb 04, 2014 7:57:51 PM org.apache.catalina.core.ApplicationContext log
INFO: Manager: restart: Reloading web application '/petClinic'
feb 04, 2014 7:57:56 PM org.apache.catalina.core.ApplicationContext log
INFO: Manager: list: Listing contexts for virtual host 'localhost'
feb 04, 2014 7:57:56 PM org.apache.catalina.core.ApplicationContext log
INFO: Manager: restart: Reloading web application '/petClinic'
feb 04, 2014 7:59:09 PM org.apache.catalina.core.ApplicationContext log
INFO: Manager: list: Listing contexts for virtual host 'localhost'
feb 04, 2014 7:59:09 PM org.apache.catalina.core.ApplicationContext log
INFO: Manager: restart: Reloading web application '/petClinic'
feb 04, 2014 8:00:07 PM org.apache.catalina.core.ApplicationContext log
INFO: Manager: list: Listing contexts for virtual host 'localhost'
feb 04, 2014 8:00:07 PM org.apache.catalina.core.ApplicationContext log
INFO: Manager: restart: Reloading web application '/petClinic'
feb 04, 2014 8:00:25 PM org.apache.catalina.core.ApplicationContext log
INFO: Manager: list: Listing contexts for virtual host 'localhost'
feb 04, 2014 8:00:25 PM org.apache.catalina.core.ApplicationContext log
INFO: Manager: restart: Reloading web application '/petClinic'
feb 04, 2014 8:01:28 PM org.apache.catalina.core.ApplicationContext log
INFO: Manager: list: Listing contexts for virtual host 'localhost'
feb 04, 2014 8:01:28 PM org.apache.catalina.core.ApplicationContext log
INFO: Manager: restart: Reloading web application '/petClinic'
feb 04, 2014 8:02:37 PM org.apache.catalina.core.ApplicationContext log
INFO: Manager: list: Listing contexts for virtual host 'localhost'
feb 04, 2014 8:02:37 PM org.apache.catalina.core.ApplicationContext log
INFO: Manager: restart: Reloading web application '/petClinic'
feb 04, 2014 8:03:05 PM org.apache.catalina.core.ApplicationContext log
INFO: Manager: list: Listing contexts for virtual host 'localhost'
feb 04, 2014 8:03:05 PM org.apache.catalina.core.ApplicationContext log
INFO: Manager: restart: Reloading web application '/petClinic'
feb 04, 2014 8:03:10 PM org.apache.catalina.core.ApplicationContext log
INFO: Manager: list: Listing contexts for virtual host 'localhost'
feb 04, 2014 8:03:10 PM org.apache.catalina.core.ApplicationContext log
INFO: Manager: restart: Reloading web application '/petClinic'
feb 04, 2014 8:03:21 PM org.apache.catalina.core.ApplicationContext log
INFO: Manager: list: Listing contexts for virtual host 'localhost'
feb 04, 2014 8:03:21 PM org.apache.catalina.core.ApplicationContext log
INFO: Manager: restart: Reloading web application '/petClinic'
feb 04, 2014 8:03:56 PM org.apache.catalina.core.ApplicationContext log
INFO: Manager: list: Listing contexts for virtual host 'localhost'
feb 04, 2014 8:03:56 PM org.apache.catalina.core.ApplicationContext log
INFO: Manager: restart: Reloading web application '/petClinic'
feb 04, 2014 8:04:05 PM org.apache.catalina.core.ApplicationContext log
INFO: Manager: list: Listing contexts for virtual host 'localhost'
feb 04, 2014 8:04:05 PM org.apache.catalina.core.ApplicationContext log
INFO: Manager: restart: Reloading web application '/petClinic'
feb 04, 2014 8:04:21 PM org.apache.catalina.core.ApplicationContext log
INFO: Manager: list: Listing contexts for virtual host 'localhost'
feb 04, 2014 8:04:21 PM org.apache.catalina.core.ApplicationContext log
INFO: Manager: restart: Reloading web application '/petClinic'
feb 04, 2014 8:04:28 PM org.apache.catalina.core.ApplicationContext log
INFO: Manager: list: Listing contexts for virtual host 'localhost'
feb 04, 2014 8:04:28 PM org.apache.catalina.core.ApplicationContext log
INFO: Manager: restart: Reloading web application '/petClinic'
feb 04, 2014 8:04:33 PM org.apache.catalina.core.ApplicationContext log
INFO: Manager: list: Listing contexts for virtual host 'localhost'
feb 04, 2014 8:04:33 PM org.apache.catalina.core.ApplicationContext log
INFO: Manager: restart: Reloading web application '/petClinic'
feb 04, 2014 8:05:05 PM org.apache.catalina.core.ApplicationContext log
INFO: Manager: list: Listing contexts for virtual host 'localhost'
feb 04, 2014 8:05:05 PM org.apache.catalina.core.ApplicationContext log
INFO: Manager: restart: Reloading web application '/petClinic'
feb 04, 2014 8:06:18 PM org.apache.catalina.core.ApplicationContext log
INFO: Manager: list: Listing contexts for virtual host 'localhost'
feb 04, 2014 8:06:18 PM org.apache.catalina.core.ApplicationContext log
INFO: Manager: restart: Reloading web application '/petClinic'
feb 04, 2014 8:07:07 PM org.apache.catalina.core.ApplicationContext log
INFO: Manager: list: Listing contexts for virtual host 'localhost'
feb 04, 2014 8:07:07 PM org.apache.catalina.core.ApplicationContext log
INFO: Manager: restart: Reloading web application '/petClinic'
feb 04, 2014 8:09:59 PM org.apache.catalina.core.ApplicationContext log
INFO: Manager: list: Listing contexts for virtual host 'localhost'
feb 04, 2014 8:09:59 PM org.apache.catalina.core.ApplicationContext log
INFO: Manager: restart: Reloading web application '/petClinic'
feb 04, 2014 8:11:32 PM org.apache.catalina.core.ApplicationContext log
INFO: Manager: list: Listing contexts for virtual host 'localhost'
feb 04, 2014 8:11:32 PM org.apache.catalina.core.ApplicationContext log
INFO: Manager: restart: Reloading web application '/petClinic'
feb 04, 2014 8:12:23 PM org.apache.catalina.core.ApplicationContext log
INFO: Manager: list: Listing contexts for virtual host 'localhost'
feb 04, 2014 8:12:23 PM org.apache.catalina.core.ApplicationContext log
INFO: Manager: list: Listing contexts for virtual host 'localhost'
feb 04, 2014 8:12:23 PM org.apache.catalina.core.ApplicationContext log
INFO: Manager: undeploy: Undeploying web application at '/petClinic'
feb 04, 2014 8:12:24 PM org.apache.catalina.core.ApplicationContext log
INFO: Manager: install: Installing context configuration at 'file:/var/folders/t8/j8sr24b55j589r64ph1p9w240000gn/T/context2973029328133839066.xml'
feb 04, 2014 8:12:29 PM org.apache.catalina.core.ApplicationContext log
INFO: Manager: start: Starting web application '/petClinic'
feb 04, 2014 8:13:04 PM org.apache.catalina.core.ApplicationContext log
INFO: Manager: list: Listing contexts for virtual host 'localhost'
feb 04, 2014 8:13:04 PM org.apache.catalina.core.ApplicationContext log
INFO: Manager: restart: Reloading web application '/petClinic'
feb 04, 2014 8:13:09 PM org.apache.catalina.core.ApplicationContext log
INFO: Manager: list: Listing contexts for virtual host 'localhost'
feb 04, 2014 8:13:09 PM org.apache.catalina.core.ApplicationContext log
INFO: Manager: restart: Reloading web application '/petClinic'
feb 04, 2014 8:14:00 PM org.apache.catalina.core.ApplicationContext log
INFO: Manager: list: Listing contexts for virtual host 'localhost'
feb 04, 2014 8:14:00 PM org.apache.catalina.core.ApplicationContext log
INFO: Manager: restart: Reloading web application '/petClinic'
feb 04, 2014 8:14:31 PM org.apache.catalina.core.ApplicationContext log
INFO: Manager: list: Listing contexts for virtual host 'localhost'
feb 04, 2014 8:14:32 PM org.apache.catalina.core.ApplicationContext log
INFO: Manager: restart: Reloading web application '/petClinic'
feb 04, 2014 8:14:37 PM org.apache.catalina.core.ApplicationContext log
INFO: Manager: list: Listing contexts for virtual host 'localhost'
feb 04, 2014 8:14:37 PM org.apache.catalina.core.ApplicationContext log
INFO: Manager: restart: Reloading web application '/petClinic'
feb 04, 2014 8:16:43 PM org.apache.catalina.core.ApplicationContext log
INFO: Manager: list: Listing contexts for virtual host 'localhost'
feb 04, 2014 8:16:44 PM org.apache.catalina.core.ApplicationContext log
INFO: Manager: restart: Reloading web application '/petClinic'
