jan 29, 2014 8:48:21 AM org.apache.catalina.core.ApplicationContext log
INFO: Manager: init: Associated with Deployer 'Catalina:type=Deployer,host=localhost'
jan 29, 2014 8:48:21 AM org.apache.catalina.core.ApplicationContext log
INFO: Manager: init: Global resources are available
jan 29, 2014 8:48:21 AM org.apache.catalina.core.ApplicationContext log
INFO: Manager: list: Listing contexts for virtual host 'localhost'
jan 29, 2014 8:48:21 AM org.apache.catalina.core.ApplicationContext log
INFO: Manager: list: Listing contexts for virtual host 'localhost'
jan 29, 2014 8:48:21 AM org.apache.catalina.core.ApplicationContext log
INFO: Manager: undeploy: Undeploying web application at '/petClinic'
jan 29, 2014 8:48:23 AM org.apache.catalina.core.ApplicationContext log
INFO: Manager: install: Installing context configuration at 'file:/var/folders/tb/h45t2jhs7zd651516qgh6llc0000gn/T/context5844533964946592468.xml'
jan 29, 2014 8:48:37 AM org.apache.catalina.core.ApplicationContext log
INFO: Manager: start: Starting web application '/petClinic'
jan 29, 2014 8:50:14 AM org.apache.catalina.core.ApplicationContext log
INFO: Manager: list: Listing contexts for virtual host 'localhost'
jan 29, 2014 8:50:14 AM org.apache.catalina.core.ApplicationContext log
INFO: Manager: restart: Reloading web application '/petClinic'
jan 29, 2014 8:51:17 AM org.apache.catalina.core.ApplicationContext log
INFO: Manager: list: Listing contexts for virtual host 'localhost'
jan 29, 2014 8:51:17 AM org.apache.catalina.core.ApplicationContext log
INFO: Manager: restart: Reloading web application '/petClinic'
jan 29, 2014 8:57:48 AM org.apache.catalina.core.ApplicationContext log
INFO: Manager: list: Listing contexts for virtual host 'localhost'
jan 29, 2014 8:57:48 AM org.apache.catalina.core.ApplicationContext log
INFO: Manager: restart: Reloading web application '/petClinic'
jan 29, 2014 8:59:10 AM org.apache.catalina.core.ApplicationContext log
INFO: Manager: list: Listing contexts for virtual host 'localhost'
jan 29, 2014 8:59:10 AM org.apache.catalina.core.ApplicationContext log
INFO: Manager: restart: Reloading web application '/petClinic'
jan 29, 2014 9:01:17 AM org.apache.catalina.core.ApplicationContext log
INFO: Manager: list: Listing contexts for virtual host 'localhost'
jan 29, 2014 9:01:17 AM org.apache.catalina.core.ApplicationContext log
INFO: Manager: restart: Reloading web application '/petClinic'
jan 29, 2014 9:01:34 AM org.apache.catalina.core.ApplicationContext log
INFO: Manager: list: Listing contexts for virtual host 'localhost'
jan 29, 2014 9:01:34 AM org.apache.catalina.core.ApplicationContext log
INFO: Manager: restart: Reloading web application '/petClinic'
jan 29, 2014 9:01:46 AM org.apache.catalina.core.ApplicationContext log
INFO: Manager: list: Listing contexts for virtual host 'localhost'
jan 29, 2014 9:01:46 AM org.apache.catalina.core.ApplicationContext log
INFO: Manager: restart: Reloading web application '/petClinic'
jan 29, 2014 9:10:58 AM org.apache.catalina.core.ApplicationContext log
INFO: Manager: list: Listing contexts for virtual host 'localhost'
jan 29, 2014 9:10:58 AM org.apache.catalina.core.ApplicationContext log
INFO: Manager: restart: Reloading web application '/petClinic'
jan 29, 2014 9:11:13 AM org.apache.catalina.core.ApplicationContext log
INFO: Manager: list: Listing contexts for virtual host 'localhost'
jan 29, 2014 9:11:13 AM org.apache.catalina.core.ApplicationContext log
INFO: Manager: restart: Reloading web application '/petClinic'
jan 29, 2014 9:12:06 AM org.apache.catalina.core.ApplicationContext log
INFO: Manager: list: Listing contexts for virtual host 'localhost'
jan 29, 2014 9:12:06 AM org.apache.catalina.core.ApplicationContext log
INFO: Manager: restart: Reloading web application '/petClinic'
jan 29, 2014 9:12:43 AM org.apache.catalina.core.ApplicationContext log
INFO: Manager: list: Listing contexts for virtual host 'localhost'
jan 29, 2014 9:12:43 AM org.apache.catalina.core.ApplicationContext log
INFO: Manager: restart: Reloading web application '/petClinic'
jan 29, 2014 9:13:10 AM org.apache.catalina.core.ApplicationContext log
INFO: Manager: list: Listing contexts for virtual host 'localhost'
jan 29, 2014 9:13:10 AM org.apache.catalina.core.ApplicationContext log
INFO: Manager: restart: Reloading web application '/petClinic'
jan 29, 2014 9:13:25 AM org.apache.catalina.core.ApplicationContext log
INFO: Manager: list: Listing contexts for virtual host 'localhost'
jan 29, 2014 9:13:25 AM org.apache.catalina.core.ApplicationContext log
INFO: Manager: restart: Reloading web application '/petClinic'
jan 29, 2014 9:14:10 AM org.apache.catalina.core.ApplicationContext log
INFO: Manager: list: Listing contexts for virtual host 'localhost'
jan 29, 2014 9:14:10 AM org.apache.catalina.core.ApplicationContext log
INFO: Manager: restart: Reloading web application '/petClinic'
jan 29, 2014 9:15:08 AM org.apache.catalina.core.ApplicationContext log
INFO: Manager: list: Listing contexts for virtual host 'localhost'
jan 29, 2014 9:15:08 AM org.apache.catalina.core.ApplicationContext log
INFO: Manager: restart: Reloading web application '/petClinic'
jan 29, 2014 9:16:13 AM org.apache.catalina.core.ApplicationContext log
INFO: Manager: list: Listing contexts for virtual host 'localhost'
jan 29, 2014 9:16:13 AM org.apache.catalina.core.ApplicationContext log
INFO: Manager: restart: Reloading web application '/petClinic'
jan 29, 2014 9:18:30 AM org.apache.catalina.core.ApplicationContext log
INFO: Manager: list: Listing contexts for virtual host 'localhost'
jan 29, 2014 9:18:31 AM org.apache.catalina.core.ApplicationContext log
INFO: Manager: restart: Reloading web application '/petClinic'
jan 29, 2014 9:26:27 AM org.apache.catalina.core.ApplicationContext log
INFO: Manager: list: Listing contexts for virtual host 'localhost'
jan 29, 2014 9:26:27 AM org.apache.catalina.core.ApplicationContext log
INFO: Manager: restart: Reloading web application '/petClinic'
jan 29, 2014 9:26:40 AM org.apache.catalina.core.ApplicationContext log
INFO: Manager: list: Listing contexts for virtual host 'localhost'
jan 29, 2014 9:26:40 AM org.apache.catalina.core.ApplicationContext log
INFO: Manager: restart: Reloading web application '/petClinic'
jan 29, 2014 9:30:07 AM org.apache.catalina.core.ApplicationContext log
INFO: Manager: list: Listing contexts for virtual host 'localhost'
jan 29, 2014 9:30:07 AM org.apache.catalina.core.ApplicationContext log
INFO: Manager: restart: Reloading web application '/petClinic'
jan 29, 2014 9:33:26 AM org.apache.catalina.core.ApplicationContext log
INFO: Manager: list: Listing contexts for virtual host 'localhost'
jan 29, 2014 9:33:26 AM org.apache.catalina.core.ApplicationContext log
INFO: Manager: restart: Reloading web application '/petClinic'
jan 29, 2014 9:35:16 AM org.apache.catalina.core.ApplicationContext log
INFO: Manager: list: Listing contexts for virtual host 'localhost'
jan 29, 2014 9:35:16 AM org.apache.catalina.core.ApplicationContext log
INFO: Manager: restart: Reloading web application '/petClinic'
jan 29, 2014 9:39:50 AM org.apache.catalina.core.ApplicationContext log
INFO: Manager: list: Listing contexts for virtual host 'localhost'
jan 29, 2014 9:39:50 AM org.apache.catalina.core.ApplicationContext log
INFO: Manager: restart: Reloading web application '/petClinic'
jan 29, 2014 9:40:45 AM org.apache.catalina.core.ApplicationContext log
INFO: Manager: list: Listing contexts for virtual host 'localhost'
jan 29, 2014 9:40:45 AM org.apache.catalina.core.ApplicationContext log
INFO: Manager: restart: Reloading web application '/petClinic'
jan 29, 2014 9:43:31 AM org.apache.catalina.core.ApplicationContext log
INFO: Manager: list: Listing contexts for virtual host 'localhost'
jan 29, 2014 9:43:31 AM org.apache.catalina.core.ApplicationContext log
INFO: Manager: restart: Reloading web application '/petClinic'
jan 29, 2014 9:45:09 AM org.apache.catalina.core.ApplicationContext log
INFO: Manager: list: Listing contexts for virtual host 'localhost'
jan 29, 2014 9:45:09 AM org.apache.catalina.core.ApplicationContext log
INFO: Manager: restart: Reloading web application '/petClinic'
jan 29, 2014 9:47:36 AM org.apache.catalina.core.ApplicationContext log
INFO: Manager: list: Listing contexts for virtual host 'localhost'
jan 29, 2014 9:47:36 AM org.apache.catalina.core.ApplicationContext log
INFO: Manager: restart: Reloading web application '/petClinic'
jan 29, 2014 9:50:19 AM org.apache.catalina.core.ApplicationContext log
INFO: Manager: list: Listing contexts for virtual host 'localhost'
jan 29, 2014 9:50:19 AM org.apache.catalina.core.ApplicationContext log
INFO: Manager: restart: Reloading web application '/petClinic'
jan 29, 2014 9:51:02 AM org.apache.catalina.core.ApplicationContext log
INFO: Manager: list: Listing contexts for virtual host 'localhost'
jan 29, 2014 9:51:02 AM org.apache.catalina.core.ApplicationContext log
INFO: Manager: restart: Reloading web application '/petClinic'
jan 29, 2014 9:54:14 AM org.apache.catalina.core.ApplicationContext log
INFO: Manager: list: Listing contexts for virtual host 'localhost'
jan 29, 2014 9:54:14 AM org.apache.catalina.core.ApplicationContext log
INFO: Manager: restart: Reloading web application '/petClinic'
jan 29, 2014 9:57:08 AM org.apache.catalina.core.ApplicationContext log
INFO: Manager: list: Listing contexts for virtual host 'localhost'
jan 29, 2014 9:57:08 AM org.apache.catalina.core.ApplicationContext log
INFO: Manager: restart: Reloading web application '/petClinic'
jan 29, 2014 10:03:29 AM org.apache.catalina.core.ApplicationContext log
INFO: Manager: list: Listing contexts for virtual host 'localhost'
jan 29, 2014 10:03:29 AM org.apache.catalina.core.ApplicationContext log
INFO: Manager: restart: Reloading web application '/petClinic'
jan 29, 2014 10:03:41 AM org.apache.catalina.core.ApplicationContext log
INFO: Manager: list: Listing contexts for virtual host 'localhost'
jan 29, 2014 10:03:41 AM org.apache.catalina.core.ApplicationContext log
INFO: Manager: restart: Reloading web application '/petClinic'
jan 29, 2014 10:04:47 AM org.apache.catalina.core.ApplicationContext log
INFO: Manager: list: Listing contexts for virtual host 'localhost'
jan 29, 2014 10:04:47 AM org.apache.catalina.core.ApplicationContext log
INFO: Manager: restart: Reloading web application '/petClinic'
jan 29, 2014 10:06:46 AM org.apache.catalina.core.ApplicationContext log
INFO: Manager: list: Listing contexts for virtual host 'localhost'
jan 29, 2014 10:06:46 AM org.apache.catalina.core.ApplicationContext log
INFO: Manager: restart: Reloading web application '/petClinic'
jan 29, 2014 10:06:58 AM org.apache.catalina.core.ApplicationContext log
INFO: Manager: list: Listing contexts for virtual host 'localhost'
jan 29, 2014 10:06:58 AM org.apache.catalina.core.ApplicationContext log
INFO: Manager: restart: Reloading web application '/petClinic'
jan 29, 2014 10:07:13 AM org.apache.catalina.core.ApplicationContext log
INFO: Manager: list: Listing contexts for virtual host 'localhost'
jan 29, 2014 10:07:13 AM org.apache.catalina.core.ApplicationContext log
INFO: Manager: restart: Reloading web application '/petClinic'
jan 29, 2014 10:07:13 AM org.apache.catalina.core.ApplicationContext log
SEVERE: Manager: ManagerServlet.reload[/petClinic]
java.lang.IllegalStateException: Context with name [/petClinic] has not yet been started
	at org.apache.catalina.core.StandardContext.reload(StandardContext.java:3936)
	at org.apache.catalina.manager.ManagerServlet.reload(ManagerServlet.java:956)
	at org.apache.catalina.manager.ManagerServlet.doGet(ManagerServlet.java:365)
	at javax.servlet.http.HttpServlet.service(HttpServlet.java:621)
	at javax.servlet.http.HttpServlet.service(HttpServlet.java:728)
	at org.apache.catalina.core.ApplicationFilterChain.internalDoFilter(ApplicationFilterChain.java:305)
	at org.apache.catalina.core.ApplicationFilterChain.doFilter(ApplicationFilterChain.java:210)
	at org.apache.tomcat.websocket.server.WsFilter.doFilter(WsFilter.java:51)
	at org.apache.catalina.core.ApplicationFilterChain.internalDoFilter(ApplicationFilterChain.java:243)
	at org.apache.catalina.core.ApplicationFilterChain.doFilter(ApplicationFilterChain.java:210)
	at org.apache.catalina.filters.SetCharacterEncodingFilter.doFilter(SetCharacterEncodingFilter.java:108)
	at org.apache.catalina.core.ApplicationFilterChain.internalDoFilter(ApplicationFilterChain.java:243)
	at org.apache.catalina.core.ApplicationFilterChain.doFilter(ApplicationFilterChain.java:210)
	at org.apache.catalina.core.StandardWrapperValve.invoke(StandardWrapperValve.java:222)
	at org.apache.catalina.core.StandardContextValve.invoke(StandardContextValve.java:123)
	at org.apache.catalina.authenticator.AuthenticatorBase.invoke(AuthenticatorBase.java:611)
	at org.apache.catalina.core.StandardHostValve.invoke(StandardHostValve.java:171)
	at org.apache.catalina.valves.ErrorReportValve.invoke(ErrorReportValve.java:100)
	at org.apache.catalina.valves.AccessLogValve.invoke(AccessLogValve.java:953)
	at org.apache.catalina.core.StandardEngineValve.invoke(StandardEngineValve.java:118)
	at org.apache.catalina.connector.CoyoteAdapter.service(CoyoteAdapter.java:408)
	at org.apache.coyote.http11.AbstractHttp11Processor.process(AbstractHttp11Processor.java:1041)
	at org.apache.coyote.AbstractProtocol$AbstractConnectionHandler.process(AbstractProtocol.java:603)
	at org.apache.tomcat.util.net.JIoEndpoint$SocketProcessor.run(JIoEndpoint.java:312)
	at java.util.concurrent.ThreadPoolExecutor.runWorker(ThreadPoolExecutor.java:1145)
	at java.util.concurrent.ThreadPoolExecutor$Worker.run(ThreadPoolExecutor.java:615)
	at java.lang.Thread.run(Thread.java:744)

jan 29, 2014 10:08:34 AM org.apache.catalina.core.ApplicationContext log
INFO: Manager: list: Listing contexts for virtual host 'localhost'
jan 29, 2014 10:08:34 AM org.apache.catalina.core.ApplicationContext log
INFO: Manager: list: Listing contexts for virtual host 'localhost'
jan 29, 2014 10:08:34 AM org.apache.catalina.core.ApplicationContext log
INFO: Manager: undeploy: Undeploying web application at '/petClinic'
jan 29, 2014 10:08:34 AM org.apache.catalina.core.ApplicationContext log
INFO: Manager: install: Installing context configuration at 'file:/var/folders/tb/h45t2jhs7zd651516qgh6llc0000gn/T/context3550233010461670983.xml'
jan 29, 2014 10:08:42 AM org.apache.catalina.core.ApplicationContext log
INFO: Manager: start: Starting web application '/petClinic'
jan 29, 2014 10:08:42 AM org.apache.catalina.core.ApplicationContext log
INFO: Manager: list: Listing contexts for virtual host 'localhost'
jan 29, 2014 10:08:42 AM org.apache.catalina.core.ApplicationContext log
INFO: Manager: restart: Reloading web application '/petClinic'
jan 29, 2014 10:08:54 AM org.apache.catalina.core.ApplicationContext log
INFO: Manager: list: Listing contexts for virtual host 'localhost'
jan 29, 2014 10:08:54 AM org.apache.catalina.core.ApplicationContext log
INFO: Manager: restart: Reloading web application '/petClinic'
jan 29, 2014 10:09:24 AM org.apache.catalina.core.ApplicationContext log
INFO: Manager: list: Listing contexts for virtual host 'localhost'
jan 29, 2014 10:09:24 AM org.apache.catalina.core.ApplicationContext log
INFO: Manager: restart: Reloading web application '/petClinic'
jan 29, 2014 10:09:52 AM org.apache.catalina.core.ApplicationContext log
INFO: Manager: list: Listing contexts for virtual host 'localhost'
jan 29, 2014 10:09:52 AM org.apache.catalina.core.ApplicationContext log
INFO: Manager: restart: Reloading web application '/petClinic'
jan 29, 2014 10:10:03 AM org.apache.catalina.core.ApplicationContext log
INFO: Manager: list: Listing contexts for virtual host 'localhost'
jan 29, 2014 10:10:03 AM org.apache.catalina.core.ApplicationContext log
INFO: Manager: restart: Reloading web application '/petClinic'
jan 29, 2014 10:10:14 AM org.apache.catalina.core.ApplicationContext log
INFO: Manager: list: Listing contexts for virtual host 'localhost'
jan 29, 2014 10:10:14 AM org.apache.catalina.core.ApplicationContext log
INFO: Manager: restart: Reloading web application '/petClinic'
jan 29, 2014 10:10:22 AM org.apache.catalina.core.ApplicationContext log
INFO: Manager: list: Listing contexts for virtual host 'localhost'
jan 29, 2014 10:10:23 AM org.apache.catalina.core.ApplicationContext log
INFO: Manager: restart: Reloading web application '/petClinic'
jan 29, 2014 10:10:23 AM org.apache.catalina.core.ApplicationContext log
SEVERE: Manager: ManagerServlet.reload[/petClinic]
java.lang.IllegalStateException: Context with name [/petClinic] has not yet been started
	at org.apache.catalina.core.StandardContext.reload(StandardContext.java:3936)
	at org.apache.catalina.manager.ManagerServlet.reload(ManagerServlet.java:956)
	at org.apache.catalina.manager.ManagerServlet.doGet(ManagerServlet.java:365)
	at javax.servlet.http.HttpServlet.service(HttpServlet.java:621)
	at javax.servlet.http.HttpServlet.service(HttpServlet.java:728)
	at org.apache.catalina.core.ApplicationFilterChain.internalDoFilter(ApplicationFilterChain.java:305)
	at org.apache.catalina.core.ApplicationFilterChain.doFilter(ApplicationFilterChain.java:210)
	at org.apache.tomcat.websocket.server.WsFilter.doFilter(WsFilter.java:51)
	at org.apache.catalina.core.ApplicationFilterChain.internalDoFilter(ApplicationFilterChain.java:243)
	at org.apache.catalina.core.ApplicationFilterChain.doFilter(ApplicationFilterChain.java:210)
	at org.apache.catalina.filters.SetCharacterEncodingFilter.doFilter(SetCharacterEncodingFilter.java:108)
	at org.apache.catalina.core.ApplicationFilterChain.internalDoFilter(ApplicationFilterChain.java:243)
	at org.apache.catalina.core.ApplicationFilterChain.doFilter(ApplicationFilterChain.java:210)
	at org.apache.catalina.core.StandardWrapperValve.invoke(StandardWrapperValve.java:222)
	at org.apache.catalina.core.StandardContextValve.invoke(StandardContextValve.java:123)
	at org.apache.catalina.authenticator.AuthenticatorBase.invoke(AuthenticatorBase.java:611)
	at org.apache.catalina.core.StandardHostValve.invoke(StandardHostValve.java:171)
	at org.apache.catalina.valves.ErrorReportValve.invoke(ErrorReportValve.java:100)
	at org.apache.catalina.valves.AccessLogValve.invoke(AccessLogValve.java:953)
	at org.apache.catalina.core.StandardEngineValve.invoke(StandardEngineValve.java:118)
	at org.apache.catalina.connector.CoyoteAdapter.service(CoyoteAdapter.java:408)
	at org.apache.coyote.http11.AbstractHttp11Processor.process(AbstractHttp11Processor.java:1041)
	at org.apache.coyote.AbstractProtocol$AbstractConnectionHandler.process(AbstractProtocol.java:603)
	at org.apache.tomcat.util.net.JIoEndpoint$SocketProcessor.run(JIoEndpoint.java:312)
	at java.util.concurrent.ThreadPoolExecutor.runWorker(ThreadPoolExecutor.java:1145)
	at java.util.concurrent.ThreadPoolExecutor$Worker.run(ThreadPoolExecutor.java:615)
	at java.lang.Thread.run(Thread.java:744)

jan 29, 2014 10:11:26 AM org.apache.catalina.core.ApplicationContext log
INFO: Manager: list: Listing contexts for virtual host 'localhost'
jan 29, 2014 10:11:26 AM org.apache.catalina.core.ApplicationContext log
INFO: Manager: list: Listing contexts for virtual host 'localhost'
jan 29, 2014 10:11:26 AM org.apache.catalina.core.ApplicationContext log
INFO: Manager: undeploy: Undeploying web application at '/petClinic'
jan 29, 2014 10:11:26 AM org.apache.catalina.core.ApplicationContext log
INFO: Manager: install: Installing context configuration at 'file:/var/folders/tb/h45t2jhs7zd651516qgh6llc0000gn/T/context4237895686977466032.xml'
jan 29, 2014 10:11:34 AM org.apache.catalina.core.ApplicationContext log
INFO: Manager: start: Starting web application '/petClinic'
jan 29, 2014 10:11:53 AM org.apache.catalina.core.ApplicationContext log
INFO: Manager: list: Listing contexts for virtual host 'localhost'
jan 29, 2014 10:11:53 AM org.apache.catalina.core.ApplicationContext log
INFO: Manager: restart: Reloading web application '/petClinic'
jan 29, 2014 10:12:34 AM org.apache.catalina.core.ApplicationContext log
INFO: Manager: list: Listing contexts for virtual host 'localhost'
jan 29, 2014 10:12:34 AM org.apache.catalina.core.ApplicationContext log
INFO: Manager: restart: Reloading web application '/petClinic'
jan 29, 2014 10:12:47 AM org.apache.catalina.core.ApplicationContext log
INFO: Manager: list: Listing contexts for virtual host 'localhost'
jan 29, 2014 10:12:47 AM org.apache.catalina.core.ApplicationContext log
INFO: Manager: restart: Reloading web application '/petClinic'
jan 29, 2014 10:32:47 AM org.apache.catalina.core.ApplicationContext log
INFO: Manager: list: Listing contexts for virtual host 'localhost'
jan 29, 2014 10:32:47 AM org.apache.catalina.core.ApplicationContext log
INFO: Manager: list: Listing contexts for virtual host 'localhost'
jan 29, 2014 10:34:22 AM org.apache.catalina.core.ApplicationContext log
INFO: Manager: list: Listing contexts for virtual host 'localhost'
jan 29, 2014 10:37:27 AM org.apache.catalina.core.ApplicationContext log
INFO: Manager: init: Associated with Deployer 'Catalina:type=Deployer,host=localhost'
jan 29, 2014 10:37:27 AM org.apache.catalina.core.ApplicationContext log
INFO: Manager: init: Global resources are available
jan 29, 2014 10:37:27 AM org.apache.catalina.core.ApplicationContext log
INFO: Manager: list: Listing contexts for virtual host 'localhost'
jan 29, 2014 10:37:27 AM org.apache.catalina.core.ApplicationContext log
INFO: Manager: list: Listing contexts for virtual host 'localhost'
jan 29, 2014 10:37:27 AM org.apache.catalina.core.ApplicationContext log
INFO: Manager: undeploy: Undeploying web application at '/petClinic'
jan 29, 2014 10:37:28 AM org.apache.catalina.core.ApplicationContext log
INFO: Manager: install: Installing context configuration at 'file:/var/folders/tb/h45t2jhs7zd651516qgh6llc0000gn/T/context3852854885265699134.xml'
jan 29, 2014 10:37:41 AM org.apache.catalina.core.ApplicationContext log
INFO: Manager: start: Starting web application '/petClinic'
jan 29, 2014 10:44:16 AM org.apache.catalina.core.ApplicationContext log
INFO: Manager: list: Listing contexts for virtual host 'localhost'
jan 29, 2014 10:44:17 AM org.apache.catalina.core.ApplicationContext log
INFO: Manager: restart: Reloading web application '/petClinic'
jan 29, 2014 10:47:18 AM org.apache.catalina.core.ApplicationContext log
INFO: Manager: list: Listing contexts for virtual host 'localhost'
jan 29, 2014 10:47:18 AM org.apache.catalina.core.ApplicationContext log
INFO: Manager: restart: Reloading web application '/petClinic'
jan 29, 2014 10:50:30 AM org.apache.catalina.core.ApplicationContext log
INFO: Manager: list: Listing contexts for virtual host 'localhost'
jan 29, 2014 10:50:30 AM org.apache.catalina.core.ApplicationContext log
INFO: Manager: restart: Reloading web application '/petClinic'
jan 29, 2014 10:51:20 AM org.apache.catalina.core.ApplicationContext log
INFO: Manager: list: Listing contexts for virtual host 'localhost'
jan 29, 2014 10:51:20 AM org.apache.catalina.core.ApplicationContext log
INFO: Manager: restart: Reloading web application '/petClinic'
jan 29, 2014 10:52:13 AM org.apache.catalina.core.ApplicationContext log
INFO: Manager: list: Listing contexts for virtual host 'localhost'
jan 29, 2014 10:52:13 AM org.apache.catalina.core.ApplicationContext log
INFO: Manager: restart: Reloading web application '/petClinic'
jan 29, 2014 10:54:54 AM org.apache.catalina.core.ApplicationContext log
INFO: Manager: list: Listing contexts for virtual host 'localhost'
jan 29, 2014 10:54:54 AM org.apache.catalina.core.ApplicationContext log
INFO: Manager: restart: Reloading web application '/petClinic'
jan 29, 2014 10:55:59 AM org.apache.catalina.core.ApplicationContext log
INFO: Manager: list: Listing contexts for virtual host 'localhost'
jan 29, 2014 10:55:59 AM org.apache.catalina.core.ApplicationContext log
INFO: Manager: restart: Reloading web application '/petClinic'
jan 29, 2014 10:58:06 AM org.apache.catalina.core.ApplicationContext log
INFO: Manager: list: Listing contexts for virtual host 'localhost'
jan 29, 2014 10:58:06 AM org.apache.catalina.core.ApplicationContext log
INFO: Manager: restart: Reloading web application '/petClinic'
jan 29, 2014 10:58:54 AM org.apache.catalina.core.ApplicationContext log
INFO: Manager: list: Listing contexts for virtual host 'localhost'
jan 29, 2014 10:58:54 AM org.apache.catalina.core.ApplicationContext log
INFO: Manager: restart: Reloading web application '/petClinic'
jan 29, 2014 10:59:36 AM org.apache.catalina.core.ApplicationContext log
INFO: Manager: list: Listing contexts for virtual host 'localhost'
jan 29, 2014 10:59:36 AM org.apache.catalina.core.ApplicationContext log
INFO: Manager: list: Listing contexts for virtual host 'localhost'
jan 29, 2014 10:59:36 AM org.apache.catalina.core.ApplicationContext log
INFO: Manager: undeploy: Undeploying web application at '/petClinic'
jan 29, 2014 10:59:38 AM org.apache.catalina.core.ApplicationContext log
INFO: Manager: install: Installing context configuration at 'file:/var/folders/tb/h45t2jhs7zd651516qgh6llc0000gn/T/context8605560860267683195.xml'
jan 29, 2014 10:59:52 AM org.apache.catalina.core.ApplicationContext log
INFO: Manager: start: Starting web application '/petClinic'
jan 29, 2014 11:02:09 AM org.apache.catalina.core.ApplicationContext log
INFO: Manager: list: Listing contexts for virtual host 'localhost'
jan 29, 2014 11:02:09 AM org.apache.catalina.core.ApplicationContext log
INFO: Manager: restart: Reloading web application '/petClinic'
jan 29, 2014 11:02:21 AM org.apache.catalina.core.ApplicationContext log
INFO: Manager: list: Listing contexts for virtual host 'localhost'
jan 29, 2014 11:02:21 AM org.apache.catalina.core.ApplicationContext log
INFO: Manager: restart: Reloading web application '/petClinic'
jan 29, 2014 11:02:47 AM org.apache.catalina.core.ApplicationContext log
INFO: Manager: list: Listing contexts for virtual host 'localhost'
jan 29, 2014 11:02:47 AM org.apache.catalina.core.ApplicationContext log
INFO: Manager: restart: Reloading web application '/petClinic'
jan 29, 2014 11:06:55 AM org.apache.catalina.core.ApplicationContext log
INFO: Manager: list: Listing contexts for virtual host 'localhost'
jan 29, 2014 11:06:56 AM org.apache.catalina.core.ApplicationContext log
INFO: Manager: restart: Reloading web application '/petClinic'
jan 29, 2014 11:07:07 AM org.apache.catalina.core.ApplicationContext log
INFO: Manager: list: Listing contexts for virtual host 'localhost'
jan 29, 2014 11:07:07 AM org.apache.catalina.core.ApplicationContext log
INFO: Manager: restart: Reloading web application '/petClinic'
jan 29, 2014 11:07:43 AM org.apache.catalina.core.ApplicationContext log
INFO: Manager: list: Listing contexts for virtual host 'localhost'
jan 29, 2014 11:07:43 AM org.apache.catalina.core.ApplicationContext log
INFO: Manager: restart: Reloading web application '/petClinic'
jan 29, 2014 11:08:38 AM org.apache.catalina.core.ApplicationContext log
INFO: Manager: list: Listing contexts for virtual host 'localhost'
jan 29, 2014 11:08:38 AM org.apache.catalina.core.ApplicationContext log
INFO: Manager: restart: Reloading web application '/petClinic'
jan 29, 2014 11:10:29 AM org.apache.catalina.core.ApplicationContext log
INFO: Manager: list: Listing contexts for virtual host 'localhost'
jan 29, 2014 11:10:29 AM org.apache.catalina.core.ApplicationContext log
INFO: Manager: restart: Reloading web application '/petClinic'
jan 29, 2014 11:11:48 AM org.apache.catalina.core.ApplicationContext log
INFO: Manager: list: Listing contexts for virtual host 'localhost'
jan 29, 2014 11:11:48 AM org.apache.catalina.core.ApplicationContext log
INFO: Manager: restart: Reloading web application '/petClinic'
jan 29, 2014 11:12:37 AM org.apache.catalina.core.ApplicationContext log
INFO: Manager: list: Listing contexts for virtual host 'localhost'
jan 29, 2014 11:12:37 AM org.apache.catalina.core.ApplicationContext log
INFO: Manager: restart: Reloading web application '/petClinic'
jan 29, 2014 11:15:26 AM org.apache.catalina.core.ApplicationContext log
INFO: Manager: list: Listing contexts for virtual host 'localhost'
jan 29, 2014 11:15:26 AM org.apache.catalina.core.ApplicationContext log
INFO: Manager: restart: Reloading web application '/petClinic'
jan 29, 2014 11:16:14 AM org.apache.catalina.core.ApplicationContext log
INFO: Manager: list: Listing contexts for virtual host 'localhost'
jan 29, 2014 11:16:14 AM org.apache.catalina.core.ApplicationContext log
INFO: Manager: restart: Reloading web application '/petClinic'
jan 29, 2014 11:16:25 AM org.apache.catalina.core.ApplicationContext log
INFO: Manager: list: Listing contexts for virtual host 'localhost'
jan 29, 2014 11:16:25 AM org.apache.catalina.core.ApplicationContext log
INFO: Manager: restart: Reloading web application '/petClinic'
jan 29, 2014 11:18:26 AM org.apache.catalina.core.ApplicationContext log
INFO: Manager: list: Listing contexts for virtual host 'localhost'
jan 29, 2014 11:18:26 AM org.apache.catalina.core.ApplicationContext log
INFO: Manager: restart: Reloading web application '/petClinic'
jan 29, 2014 11:19:24 AM org.apache.catalina.core.ApplicationContext log
INFO: Manager: list: Listing contexts for virtual host 'localhost'
jan 29, 2014 11:19:24 AM org.apache.catalina.core.ApplicationContext log
INFO: Manager: restart: Reloading web application '/petClinic'
jan 29, 2014 11:20:06 AM org.apache.catalina.core.ApplicationContext log
INFO: Manager: list: Listing contexts for virtual host 'localhost'
jan 29, 2014 11:20:07 AM org.apache.catalina.core.ApplicationContext log
INFO: Manager: restart: Reloading web application '/petClinic'
jan 29, 2014 11:21:44 AM org.apache.catalina.core.ApplicationContext log
INFO: Manager: list: Listing contexts for virtual host 'localhost'
jan 29, 2014 11:21:44 AM org.apache.catalina.core.ApplicationContext log
INFO: Manager: restart: Reloading web application '/petClinic'
jan 29, 2014 11:22:15 AM org.apache.catalina.core.ApplicationContext log
INFO: Manager: list: Listing contexts for virtual host 'localhost'
jan 29, 2014 11:22:15 AM org.apache.catalina.core.ApplicationContext log
INFO: Manager: restart: Reloading web application '/petClinic'
jan 29, 2014 11:22:15 AM org.apache.catalina.core.ApplicationContext log
SEVERE: Manager: ManagerServlet.reload[/petClinic]
java.lang.IllegalStateException: Context with name [/petClinic] has not yet been started
	at org.apache.catalina.core.StandardContext.reload(StandardContext.java:3936)
	at org.apache.catalina.manager.ManagerServlet.reload(ManagerServlet.java:956)
	at org.apache.catalina.manager.ManagerServlet.doGet(ManagerServlet.java:365)
	at javax.servlet.http.HttpServlet.service(HttpServlet.java:621)
	at javax.servlet.http.HttpServlet.service(HttpServlet.java:728)
	at org.apache.catalina.core.ApplicationFilterChain.internalDoFilter(ApplicationFilterChain.java:305)
	at org.apache.catalina.core.ApplicationFilterChain.doFilter(ApplicationFilterChain.java:210)
	at org.apache.tomcat.websocket.server.WsFilter.doFilter(WsFilter.java:51)
	at org.apache.catalina.core.ApplicationFilterChain.internalDoFilter(ApplicationFilterChain.java:243)
	at org.apache.catalina.core.ApplicationFilterChain.doFilter(ApplicationFilterChain.java:210)
	at org.apache.catalina.filters.SetCharacterEncodingFilter.doFilter(SetCharacterEncodingFilter.java:108)
	at org.apache.catalina.core.ApplicationFilterChain.internalDoFilter(ApplicationFilterChain.java:243)
	at org.apache.catalina.core.ApplicationFilterChain.doFilter(ApplicationFilterChain.java:210)
	at org.apache.catalina.core.StandardWrapperValve.invoke(StandardWrapperValve.java:222)
	at org.apache.catalina.core.StandardContextValve.invoke(StandardContextValve.java:123)
	at org.apache.catalina.authenticator.AuthenticatorBase.invoke(AuthenticatorBase.java:611)
	at org.apache.catalina.core.StandardHostValve.invoke(StandardHostValve.java:171)
	at org.apache.catalina.valves.ErrorReportValve.invoke(ErrorReportValve.java:100)
	at org.apache.catalina.valves.AccessLogValve.invoke(AccessLogValve.java:953)
	at org.apache.catalina.core.StandardEngineValve.invoke(StandardEngineValve.java:118)
	at org.apache.catalina.connector.CoyoteAdapter.service(CoyoteAdapter.java:408)
	at org.apache.coyote.http11.AbstractHttp11Processor.process(AbstractHttp11Processor.java:1041)
	at org.apache.coyote.AbstractProtocol$AbstractConnectionHandler.process(AbstractProtocol.java:603)
	at org.apache.tomcat.util.net.JIoEndpoint$SocketProcessor.run(JIoEndpoint.java:312)
	at java.util.concurrent.ThreadPoolExecutor.runWorker(ThreadPoolExecutor.java:1145)
	at java.util.concurrent.ThreadPoolExecutor$Worker.run(ThreadPoolExecutor.java:615)
	at java.lang.Thread.run(Thread.java:744)

jan 29, 2014 11:25:50 AM org.apache.catalina.core.ApplicationContext log
INFO: Manager: list: Listing contexts for virtual host 'localhost'
jan 29, 2014 11:25:50 AM org.apache.catalina.core.ApplicationContext log
INFO: Manager: list: Listing contexts for virtual host 'localhost'
jan 29, 2014 11:25:50 AM org.apache.catalina.core.ApplicationContext log
INFO: Manager: undeploy: Undeploying web application at '/petClinic'
jan 29, 2014 11:25:51 AM org.apache.catalina.core.ApplicationContext log
INFO: Manager: install: Installing context configuration at 'file:/var/folders/tb/h45t2jhs7zd651516qgh6llc0000gn/T/context1334171807540262797.xml'
jan 29, 2014 11:25:59 AM org.apache.catalina.core.ApplicationContext log
INFO: Manager: start: Starting web application '/petClinic'
jan 29, 2014 11:27:31 AM org.apache.catalina.core.ApplicationContext log
INFO: Manager: init: Associated with Deployer 'Catalina:type=Deployer,host=localhost'
jan 29, 2014 11:27:31 AM org.apache.catalina.core.ApplicationContext log
INFO: Manager: init: Global resources are available
jan 29, 2014 11:27:31 AM org.apache.catalina.core.ApplicationContext log
INFO: Manager: list: Listing contexts for virtual host 'localhost'
jan 29, 2014 11:27:31 AM org.apache.catalina.core.ApplicationContext log
INFO: Manager: list: Listing contexts for virtual host 'localhost'
jan 29, 2014 11:27:31 AM org.apache.catalina.core.ApplicationContext log
INFO: Manager: undeploy: Undeploying web application at '/petClinic'
jan 29, 2014 11:27:32 AM org.apache.catalina.core.ApplicationContext log
INFO: Manager: install: Installing context configuration at 'file:/var/folders/tb/h45t2jhs7zd651516qgh6llc0000gn/T/context1325063085247930144.xml'
jan 29, 2014 11:27:44 AM org.apache.catalina.core.ApplicationContext log
INFO: Manager: start: Starting web application '/petClinic'
jan 29, 2014 11:28:40 AM org.apache.catalina.core.ApplicationContext log
INFO: Manager: list: Listing contexts for virtual host 'localhost'
jan 29, 2014 11:28:40 AM org.apache.catalina.core.ApplicationContext log
INFO: Manager: restart: Reloading web application '/petClinic'
jan 29, 2014 11:47:30 AM org.apache.catalina.core.ApplicationContext log
INFO: Manager: list: Listing contexts for virtual host 'localhost'
jan 29, 2014 11:47:30 AM org.apache.catalina.core.ApplicationContext log
INFO: Manager: restart: Reloading web application '/petClinic'
jan 29, 2014 11:49:11 AM org.apache.catalina.core.ApplicationContext log
INFO: Manager: list: Listing contexts for virtual host 'localhost'
jan 29, 2014 11:49:11 AM org.apache.catalina.core.ApplicationContext log
INFO: Manager: restart: Reloading web application '/petClinic'
jan 29, 2014 11:52:09 AM org.apache.catalina.core.ApplicationContext log
INFO: Manager: list: Listing contexts for virtual host 'localhost'
jan 29, 2014 11:52:09 AM org.apache.catalina.core.ApplicationContext log
INFO: Manager: restart: Reloading web application '/petClinic'
jan 29, 2014 11:52:23 AM org.apache.catalina.core.ApplicationContext log
INFO: Manager: list: Listing contexts for virtual host 'localhost'
jan 29, 2014 11:52:24 AM org.apache.catalina.core.ApplicationContext log
INFO: Manager: restart: Reloading web application '/petClinic'
jan 29, 2014 11:53:18 AM org.apache.catalina.core.ApplicationContext log
INFO: Manager: list: Listing contexts for virtual host 'localhost'
jan 29, 2014 11:53:18 AM org.apache.catalina.core.ApplicationContext log
INFO: Manager: restart: Reloading web application '/petClinic'
jan 29, 2014 11:53:46 AM org.apache.catalina.core.ApplicationContext log
INFO: Manager: list: Listing contexts for virtual host 'localhost'
jan 29, 2014 11:53:46 AM org.apache.catalina.core.ApplicationContext log
INFO: Manager: restart: Reloading web application '/petClinic'
jan 29, 2014 11:58:49 AM org.apache.catalina.core.ApplicationContext log
INFO: Manager: list: Listing contexts for virtual host 'localhost'
jan 29, 2014 11:58:49 AM org.apache.catalina.core.ApplicationContext log
INFO: Manager: restart: Reloading web application '/petClinic'
jan 29, 2014 11:59:49 AM org.apache.catalina.core.ApplicationContext log
INFO: Manager: list: Listing contexts for virtual host 'localhost'
jan 29, 2014 11:59:49 AM org.apache.catalina.core.ApplicationContext log
INFO: Manager: restart: Reloading web application '/petClinic'
jan 29, 2014 12:00:24 PM org.apache.catalina.core.ApplicationContext log
INFO: Manager: list: Listing contexts for virtual host 'localhost'
jan 29, 2014 12:00:24 PM org.apache.catalina.core.ApplicationContext log
INFO: Manager: restart: Reloading web application '/petClinic'
jan 29, 2014 12:03:54 PM org.apache.catalina.core.ApplicationContext log
INFO: Manager: list: Listing contexts for virtual host 'localhost'
jan 29, 2014 12:03:54 PM org.apache.catalina.core.ApplicationContext log
INFO: Manager: restart: Reloading web application '/petClinic'
jan 29, 2014 12:06:02 PM org.apache.catalina.core.ApplicationContext log
INFO: Manager: list: Listing contexts for virtual host 'localhost'
jan 29, 2014 12:06:02 PM org.apache.catalina.core.ApplicationContext log
INFO: Manager: restart: Reloading web application '/petClinic'
jan 29, 2014 12:06:15 PM org.apache.catalina.core.ApplicationContext log
INFO: Manager: list: Listing contexts for virtual host 'localhost'
jan 29, 2014 12:06:15 PM org.apache.catalina.core.ApplicationContext log
INFO: Manager: restart: Reloading web application '/petClinic'
jan 29, 2014 12:11:41 PM org.apache.catalina.core.ApplicationContext log
INFO: Manager: init: Associated with Deployer 'Catalina:type=Deployer,host=localhost'
jan 29, 2014 12:11:41 PM org.apache.catalina.core.ApplicationContext log
INFO: Manager: init: Global resources are available
jan 29, 2014 12:11:41 PM org.apache.catalina.core.ApplicationContext log
INFO: Manager: list: Listing contexts for virtual host 'localhost'
jan 29, 2014 12:11:41 PM org.apache.catalina.core.ApplicationContext log
INFO: Manager: list: Listing contexts for virtual host 'localhost'
jan 29, 2014 12:11:41 PM org.apache.catalina.core.ApplicationContext log
INFO: Manager: undeploy: Undeploying web application at '/petClinic'
jan 29, 2014 12:11:42 PM org.apache.catalina.core.ApplicationContext log
INFO: Manager: install: Installing context configuration at 'file:/var/folders/tb/h45t2jhs7zd651516qgh6llc0000gn/T/context1610743999961965238.xml'
jan 29, 2014 12:11:54 PM org.apache.catalina.core.ApplicationContext log
INFO: Manager: start: Starting web application '/petClinic'
jan 29, 2014 12:53:13 PM org.apache.catalina.core.ApplicationContext log
INFO: Manager: list: Listing contexts for virtual host 'localhost'
jan 29, 2014 12:53:13 PM org.apache.catalina.core.ApplicationContext log
INFO: Manager: restart: Reloading web application '/petClinic'
jan 29, 2014 12:53:27 PM org.apache.catalina.core.ApplicationContext log
INFO: Manager: list: Listing contexts for virtual host 'localhost'
jan 29, 2014 12:53:27 PM org.apache.catalina.core.ApplicationContext log
INFO: Manager: restart: Reloading web application '/petClinic'
jan 29, 2014 1:59:16 PM org.apache.catalina.core.ApplicationContext log
INFO: Manager: list: Listing contexts for virtual host 'localhost'
jan 29, 2014 1:59:17 PM org.apache.catalina.core.ApplicationContext log
INFO: Manager: restart: Reloading web application '/petClinic'
jan 29, 2014 1:59:32 PM org.apache.catalina.core.ApplicationContext log
INFO: Manager: list: Listing contexts for virtual host 'localhost'
jan 29, 2014 1:59:32 PM org.apache.catalina.core.ApplicationContext log
INFO: Manager: restart: Reloading web application '/petClinic'
jan 29, 2014 2:00:10 PM org.apache.catalina.core.ApplicationContext log
INFO: Manager: list: Listing contexts for virtual host 'localhost'
jan 29, 2014 2:00:10 PM org.apache.catalina.core.ApplicationContext log
INFO: Manager: restart: Reloading web application '/petClinic'
jan 29, 2014 2:00:33 PM org.apache.catalina.core.ApplicationContext log
INFO: Manager: list: Listing contexts for virtual host 'localhost'
jan 29, 2014 2:00:33 PM org.apache.catalina.core.ApplicationContext log
INFO: Manager: restart: Reloading web application '/petClinic'
jan 29, 2014 2:01:43 PM org.apache.catalina.core.ApplicationContext log
INFO: Manager: list: Listing contexts for virtual host 'localhost'
jan 29, 2014 2:01:43 PM org.apache.catalina.core.ApplicationContext log
INFO: Manager: restart: Reloading web application '/petClinic'
jan 29, 2014 2:09:42 PM org.apache.catalina.core.ApplicationContext log
INFO: Manager: list: Listing contexts for virtual host 'localhost'
jan 29, 2014 2:09:42 PM org.apache.catalina.core.ApplicationContext log
INFO: Manager: restart: Reloading web application '/petClinic'
jan 29, 2014 2:10:19 PM org.apache.catalina.core.ApplicationContext log
INFO: Manager: list: Listing contexts for virtual host 'localhost'
jan 29, 2014 2:10:19 PM org.apache.catalina.core.ApplicationContext log
INFO: Manager: restart: Reloading web application '/petClinic'
jan 29, 2014 2:13:23 PM org.apache.catalina.core.ApplicationContext log
INFO: Manager: list: Listing contexts for virtual host 'localhost'
jan 29, 2014 2:13:23 PM org.apache.catalina.core.ApplicationContext log
INFO: Manager: restart: Reloading web application '/petClinic'
jan 29, 2014 2:13:37 PM org.apache.catalina.core.ApplicationContext log
INFO: Manager: list: Listing contexts for virtual host 'localhost'
jan 29, 2014 2:13:37 PM org.apache.catalina.core.ApplicationContext log
INFO: Manager: restart: Reloading web application '/petClinic'
jan 29, 2014 2:15:03 PM org.apache.catalina.core.ApplicationContext log
INFO: Manager: list: Listing contexts for virtual host 'localhost'
jan 29, 2014 2:15:03 PM org.apache.catalina.core.ApplicationContext log
INFO: Manager: restart: Reloading web application '/petClinic'
jan 29, 2014 2:17:58 PM org.apache.catalina.core.ApplicationContext log
INFO: Manager: list: Listing contexts for virtual host 'localhost'
jan 29, 2014 2:17:58 PM org.apache.catalina.core.ApplicationContext log
INFO: Manager: restart: Reloading web application '/petClinic'
jan 29, 2014 2:18:13 PM org.apache.catalina.core.ApplicationContext log
INFO: Manager: list: Listing contexts for virtual host 'localhost'
jan 29, 2014 2:18:13 PM org.apache.catalina.core.ApplicationContext log
INFO: Manager: restart: Reloading web application '/petClinic'
jan 29, 2014 2:18:30 PM org.apache.catalina.core.ApplicationContext log
INFO: Manager: list: Listing contexts for virtual host 'localhost'
jan 29, 2014 2:18:30 PM org.apache.catalina.core.ApplicationContext log
INFO: Manager: restart: Reloading web application '/petClinic'
jan 29, 2014 2:19:23 PM org.apache.catalina.core.ApplicationContext log
INFO: Manager: list: Listing contexts for virtual host 'localhost'
jan 29, 2014 2:19:23 PM org.apache.catalina.core.ApplicationContext log
INFO: Manager: restart: Reloading web application '/petClinic'
jan 29, 2014 2:30:04 PM org.apache.catalina.core.ApplicationContext log
INFO: Manager: list: Listing contexts for virtual host 'localhost'
jan 29, 2014 2:30:04 PM org.apache.catalina.core.ApplicationContext log
INFO: Manager: restart: Reloading web application '/petClinic'
jan 29, 2014 2:30:17 PM org.apache.catalina.core.ApplicationContext log
INFO: Manager: list: Listing contexts for virtual host 'localhost'
jan 29, 2014 2:30:17 PM org.apache.catalina.core.ApplicationContext log
INFO: Manager: restart: Reloading web application '/petClinic'
jan 29, 2014 2:32:30 PM org.apache.catalina.core.ApplicationContext log
INFO: Manager: list: Listing contexts for virtual host 'localhost'
jan 29, 2014 2:32:30 PM org.apache.catalina.core.ApplicationContext log
INFO: Manager: restart: Reloading web application '/petClinic'
jan 29, 2014 2:32:48 PM org.apache.catalina.core.ApplicationContext log
INFO: Manager: list: Listing contexts for virtual host 'localhost'
jan 29, 2014 2:32:48 PM org.apache.catalina.core.ApplicationContext log
INFO: Manager: restart: Reloading web application '/petClinic'
jan 29, 2014 2:36:04 PM org.apache.catalina.core.ApplicationContext log
INFO: Manager: list: Listing contexts for virtual host 'localhost'
jan 29, 2014 2:36:04 PM org.apache.catalina.core.ApplicationContext log
INFO: Manager: restart: Reloading web application '/petClinic'
jan 29, 2014 2:40:10 PM org.apache.catalina.core.ApplicationContext log
INFO: Manager: list: Listing contexts for virtual host 'localhost'
jan 29, 2014 2:40:10 PM org.apache.catalina.core.ApplicationContext log
INFO: Manager: restart: Reloading web application '/petClinic'
jan 29, 2014 2:48:23 PM org.apache.catalina.core.ApplicationContext log
INFO: Manager: list: Listing contexts for virtual host 'localhost'
jan 29, 2014 2:48:23 PM org.apache.catalina.core.ApplicationContext log
INFO: Manager: restart: Reloading web application '/petClinic'
jan 29, 2014 2:48:38 PM org.apache.catalina.core.ApplicationContext log
INFO: Manager: list: Listing contexts for virtual host 'localhost'
jan 29, 2014 2:48:38 PM org.apache.catalina.core.ApplicationContext log
INFO: Manager: restart: Reloading web application '/petClinic'
jan 29, 2014 2:49:56 PM org.apache.catalina.core.ApplicationContext log
INFO: Manager: list: Listing contexts for virtual host 'localhost'
jan 29, 2014 2:49:57 PM org.apache.catalina.core.ApplicationContext log
INFO: Manager: restart: Reloading web application '/petClinic'
jan 29, 2014 2:50:11 PM org.apache.catalina.core.ApplicationContext log
INFO: Manager: list: Listing contexts for virtual host 'localhost'
jan 29, 2014 2:50:11 PM org.apache.catalina.core.ApplicationContext log
INFO: Manager: restart: Reloading web application '/petClinic'
jan 29, 2014 2:51:00 PM org.apache.catalina.core.ApplicationContext log
INFO: Manager: list: Listing contexts for virtual host 'localhost'
jan 29, 2014 2:51:00 PM org.apache.catalina.core.ApplicationContext log
INFO: Manager: restart: Reloading web application '/petClinic'
jan 29, 2014 2:52:57 PM org.apache.catalina.core.ApplicationContext log
INFO: Manager: list: Listing contexts for virtual host 'localhost'
jan 29, 2014 2:52:57 PM org.apache.catalina.core.ApplicationContext log
INFO: Manager: restart: Reloading web application '/petClinic'
jan 29, 2014 2:53:09 PM org.apache.catalina.core.ApplicationContext log
INFO: Manager: list: Listing contexts for virtual host 'localhost'
jan 29, 2014 2:53:09 PM org.apache.catalina.core.ApplicationContext log
INFO: Manager: restart: Reloading web application '/petClinic'
jan 29, 2014 2:54:09 PM org.apache.catalina.core.ApplicationContext log
INFO: Manager: list: Listing contexts for virtual host 'localhost'
jan 29, 2014 2:54:09 PM org.apache.catalina.core.ApplicationContext log
INFO: Manager: restart: Reloading web application '/petClinic'
jan 29, 2014 2:54:53 PM org.apache.catalina.core.ApplicationContext log
INFO: Manager: list: Listing contexts for virtual host 'localhost'
jan 29, 2014 2:54:53 PM org.apache.catalina.core.ApplicationContext log
INFO: Manager: restart: Reloading web application '/petClinic'
jan 29, 2014 3:06:08 PM org.apache.catalina.core.ApplicationContext log
INFO: Manager: list: Listing contexts for virtual host 'localhost'
jan 29, 2014 3:06:09 PM org.apache.catalina.core.ApplicationContext log
INFO: Manager: restart: Reloading web application '/petClinic'
jan 29, 2014 3:08:36 PM org.apache.catalina.core.ApplicationContext log
INFO: Manager: list: Listing contexts for virtual host 'localhost'
jan 29, 2014 3:08:37 PM org.apache.catalina.core.ApplicationContext log
INFO: Manager: restart: Reloading web application '/petClinic'
jan 29, 2014 3:08:49 PM org.apache.catalina.core.ApplicationContext log
INFO: Manager: list: Listing contexts for virtual host 'localhost'
jan 29, 2014 3:08:49 PM org.apache.catalina.core.ApplicationContext log
INFO: Manager: restart: Reloading web application '/petClinic'
jan 29, 2014 3:10:00 PM org.apache.catalina.core.ApplicationContext log
INFO: Manager: list: Listing contexts for virtual host 'localhost'
jan 29, 2014 3:10:00 PM org.apache.catalina.core.ApplicationContext log
INFO: Manager: restart: Reloading web application '/petClinic'
jan 29, 2014 3:13:08 PM org.apache.catalina.core.ApplicationContext log
INFO: Manager: list: Listing contexts for virtual host 'localhost'
jan 29, 2014 3:13:08 PM org.apache.catalina.core.ApplicationContext log
INFO: Manager: restart: Reloading web application '/petClinic'
jan 29, 2014 3:19:26 PM org.apache.catalina.core.ApplicationContext log
INFO: Manager: list: Listing contexts for virtual host 'localhost'
jan 29, 2014 3:19:26 PM org.apache.catalina.core.ApplicationContext log
INFO: Manager: restart: Reloading web application '/petClinic'
jan 29, 2014 3:19:42 PM org.apache.catalina.core.ApplicationContext log
INFO: Manager: list: Listing contexts for virtual host 'localhost'
jan 29, 2014 3:19:42 PM org.apache.catalina.core.ApplicationContext log
INFO: Manager: restart: Reloading web application '/petClinic'
jan 29, 2014 3:26:45 PM org.apache.catalina.core.ApplicationContext log
INFO: Manager: list: Listing contexts for virtual host 'localhost'
jan 29, 2014 3:26:45 PM org.apache.catalina.core.ApplicationContext log
INFO: Manager: restart: Reloading web application '/petClinic'
jan 29, 2014 3:26:56 PM org.apache.catalina.core.ApplicationContext log
INFO: Manager: list: Listing contexts for virtual host 'localhost'
jan 29, 2014 3:26:56 PM org.apache.catalina.core.ApplicationContext log
INFO: Manager: restart: Reloading web application '/petClinic'
jan 29, 2014 3:28:07 PM org.apache.catalina.core.ApplicationContext log
INFO: Manager: list: Listing contexts for virtual host 'localhost'
jan 29, 2014 3:28:07 PM org.apache.catalina.core.ApplicationContext log
INFO: Manager: restart: Reloading web application '/petClinic'
jan 29, 2014 3:36:35 PM org.apache.catalina.core.ApplicationContext log
INFO: Manager: list: Listing contexts for virtual host 'localhost'
jan 29, 2014 3:36:35 PM org.apache.catalina.core.ApplicationContext log
INFO: Manager: restart: Reloading web application '/petClinic'
jan 29, 2014 3:39:35 PM org.apache.catalina.core.ApplicationContext log
INFO: Manager: list: Listing contexts for virtual host 'localhost'
jan 29, 2014 3:39:35 PM org.apache.catalina.core.ApplicationContext log
INFO: Manager: restart: Reloading web application '/petClinic'
jan 29, 2014 3:39:48 PM org.apache.catalina.core.ApplicationContext log
INFO: Manager: list: Listing contexts for virtual host 'localhost'
jan 29, 2014 3:39:48 PM org.apache.catalina.core.ApplicationContext log
INFO: Manager: restart: Reloading web application '/petClinic'
jan 29, 2014 3:40:24 PM org.apache.catalina.core.ApplicationContext log
INFO: Manager: list: Listing contexts for virtual host 'localhost'
jan 29, 2014 3:40:24 PM org.apache.catalina.core.ApplicationContext log
INFO: Manager: restart: Reloading web application '/petClinic'
jan 29, 2014 3:40:38 PM org.apache.catalina.core.ApplicationContext log
INFO: Manager: list: Listing contexts for virtual host 'localhost'
jan 29, 2014 3:40:38 PM org.apache.catalina.core.ApplicationContext log
INFO: Manager: restart: Reloading web application '/petClinic'
jan 29, 2014 3:40:48 PM org.apache.catalina.core.ApplicationContext log
INFO: Manager: list: Listing contexts for virtual host 'localhost'
jan 29, 2014 3:40:48 PM org.apache.catalina.core.ApplicationContext log
INFO: Manager: restart: Reloading web application '/petClinic'
jan 29, 2014 3:41:14 PM org.apache.catalina.core.ApplicationContext log
INFO: Manager: list: Listing contexts for virtual host 'localhost'
jan 29, 2014 3:41:14 PM org.apache.catalina.core.ApplicationContext log
INFO: Manager: restart: Reloading web application '/petClinic'
jan 29, 2014 3:42:03 PM org.apache.catalina.core.ApplicationContext log
INFO: Manager: list: Listing contexts for virtual host 'localhost'
jan 29, 2014 3:42:04 PM org.apache.catalina.core.ApplicationContext log
INFO: Manager: restart: Reloading web application '/petClinic'
jan 29, 2014 3:42:15 PM org.apache.catalina.core.ApplicationContext log
INFO: Manager: list: Listing contexts for virtual host 'localhost'
jan 29, 2014 3:42:15 PM org.apache.catalina.core.ApplicationContext log
INFO: Manager: restart: Reloading web application '/petClinic'
jan 29, 2014 3:43:54 PM org.apache.catalina.core.ApplicationContext log
INFO: Manager: list: Listing contexts for virtual host 'localhost'
jan 29, 2014 3:43:54 PM org.apache.catalina.core.ApplicationContext log
INFO: Manager: restart: Reloading web application '/petClinic'
jan 29, 2014 3:48:08 PM org.apache.catalina.core.ApplicationContext log
INFO: Manager: list: Listing contexts for virtual host 'localhost'
jan 29, 2014 3:48:08 PM org.apache.catalina.core.ApplicationContext log
INFO: Manager: restart: Reloading web application '/petClinic'
jan 29, 2014 3:49:08 PM org.apache.catalina.core.ApplicationContext log
INFO: Manager: list: Listing contexts for virtual host 'localhost'
jan 29, 2014 3:49:08 PM org.apache.catalina.core.ApplicationContext log
INFO: Manager: restart: Reloading web application '/petClinic'
jan 29, 2014 3:54:29 PM org.apache.catalina.core.ApplicationContext log
INFO: Manager: list: Listing contexts for virtual host 'localhost'
jan 29, 2014 3:54:29 PM org.apache.catalina.core.ApplicationContext log
INFO: Manager: restart: Reloading web application '/petClinic'
jan 29, 2014 3:55:15 PM org.apache.catalina.core.ApplicationContext log
INFO: Manager: list: Listing contexts for virtual host 'localhost'
jan 29, 2014 3:55:15 PM org.apache.catalina.core.ApplicationContext log
INFO: Manager: restart: Reloading web application '/petClinic'
jan 29, 2014 3:56:35 PM org.apache.catalina.core.ApplicationContext log
INFO: Manager: list: Listing contexts for virtual host 'localhost'
jan 29, 2014 3:56:35 PM org.apache.catalina.core.ApplicationContext log
INFO: Manager: restart: Reloading web application '/petClinic'
jan 29, 2014 3:56:48 PM org.apache.catalina.core.ApplicationContext log
INFO: Manager: list: Listing contexts for virtual host 'localhost'
jan 29, 2014 3:56:48 PM org.apache.catalina.core.ApplicationContext log
INFO: Manager: restart: Reloading web application '/petClinic'
jan 29, 2014 4:08:12 PM org.apache.catalina.core.ApplicationContext log
INFO: Manager: list: Listing contexts for virtual host 'localhost'
jan 29, 2014 4:08:12 PM org.apache.catalina.core.ApplicationContext log
INFO: Manager: restart: Reloading web application '/petClinic'
jan 29, 2014 4:08:25 PM org.apache.catalina.core.ApplicationContext log
INFO: Manager: list: Listing contexts for virtual host 'localhost'
jan 29, 2014 4:08:25 PM org.apache.catalina.core.ApplicationContext log
INFO: Manager: restart: Reloading web application '/petClinic'
jan 29, 2014 4:08:59 PM org.apache.catalina.core.ApplicationContext log
INFO: Manager: list: Listing contexts for virtual host 'localhost'
jan 29, 2014 4:08:59 PM org.apache.catalina.core.ApplicationContext log
INFO: Manager: restart: Reloading web application '/petClinic'
jan 29, 2014 4:10:11 PM org.apache.catalina.core.ApplicationContext log
INFO: Manager: list: Listing contexts for virtual host 'localhost'
jan 29, 2014 4:10:11 PM org.apache.catalina.core.ApplicationContext log
INFO: Manager: restart: Reloading web application '/petClinic'
jan 29, 2014 4:10:43 PM org.apache.catalina.core.ApplicationContext log
INFO: Manager: list: Listing contexts for virtual host 'localhost'
jan 29, 2014 4:10:43 PM org.apache.catalina.core.ApplicationContext log
INFO: Manager: restart: Reloading web application '/petClinic'
jan 29, 2014 4:11:10 PM org.apache.catalina.core.ApplicationContext log
INFO: Manager: list: Listing contexts for virtual host 'localhost'
jan 29, 2014 4:11:10 PM org.apache.catalina.core.ApplicationContext log
INFO: Manager: restart: Reloading web application '/petClinic'
jan 29, 2014 4:11:24 PM org.apache.catalina.core.ApplicationContext log
INFO: Manager: list: Listing contexts for virtual host 'localhost'
jan 29, 2014 4:11:24 PM org.apache.catalina.core.ApplicationContext log
INFO: Manager: restart: Reloading web application '/petClinic'
jan 29, 2014 4:12:00 PM org.apache.catalina.core.ApplicationContext log
INFO: Manager: list: Listing contexts for virtual host 'localhost'
jan 29, 2014 4:12:00 PM org.apache.catalina.core.ApplicationContext log
INFO: Manager: restart: Reloading web application '/petClinic'
jan 29, 2014 4:12:13 PM org.apache.catalina.core.ApplicationContext log
INFO: Manager: list: Listing contexts for virtual host 'localhost'
jan 29, 2014 4:12:13 PM org.apache.catalina.core.ApplicationContext log
INFO: Manager: restart: Reloading web application '/petClinic'
jan 29, 2014 4:20:23 PM org.apache.catalina.core.ApplicationContext log
INFO: Manager: list: Listing contexts for virtual host 'localhost'
jan 29, 2014 4:20:23 PM org.apache.catalina.core.ApplicationContext log
INFO: Manager: restart: Reloading web application '/petClinic'
jan 29, 2014 4:21:25 PM org.apache.catalina.core.ApplicationContext log
INFO: Manager: list: Listing contexts for virtual host 'localhost'
jan 29, 2014 4:21:25 PM org.apache.catalina.core.ApplicationContext log
INFO: Manager: restart: Reloading web application '/petClinic'
jan 29, 2014 4:26:25 PM org.apache.catalina.core.ApplicationContext log
INFO: Manager: list: Listing contexts for virtual host 'localhost'
jan 29, 2014 4:26:25 PM org.apache.catalina.core.ApplicationContext log
INFO: Manager: restart: Reloading web application '/petClinic'
jan 29, 2014 4:32:52 PM org.apache.catalina.core.ApplicationContext log
INFO: Manager: list: Listing contexts for virtual host 'localhost'
jan 29, 2014 4:32:52 PM org.apache.catalina.core.ApplicationContext log
INFO: Manager: restart: Reloading web application '/petClinic'
jan 29, 2014 4:33:53 PM org.apache.catalina.core.ApplicationContext log
INFO: Manager: list: Listing contexts for virtual host 'localhost'
jan 29, 2014 4:33:53 PM org.apache.catalina.core.ApplicationContext log
INFO: Manager: restart: Reloading web application '/petClinic'
jan 29, 2014 4:34:34 PM org.apache.catalina.core.ApplicationContext log
INFO: Manager: list: Listing contexts for virtual host 'localhost'
jan 29, 2014 4:34:34 PM org.apache.catalina.core.ApplicationContext log
INFO: Manager: restart: Reloading web application '/petClinic'
