feb 06, 2014 1:13:39 PM org.apache.catalina.core.ApplicationContext log
INFO: Manager: init: Associated with Deployer 'Catalina:type=Deployer,host=localhost'
feb 06, 2014 1:13:39 PM org.apache.catalina.core.ApplicationContext log
INFO: Manager: init: Global resources are available
feb 06, 2014 1:13:39 PM org.apache.catalina.core.ApplicationContext log
INFO: Manager: list: Listing contexts for virtual host 'localhost'
feb 06, 2014 1:13:39 PM org.apache.catalina.core.ApplicationContext log
INFO: Manager: list: Listing contexts for virtual host 'localhost'
feb 06, 2014 1:13:39 PM org.apache.catalina.core.ApplicationContext log
INFO: Manager: install: Installing context configuration at 'file:/var/folders/tb/h45t2jhs7zd651516qgh6llc0000gn/T/context3263152902360510953.xml'
feb 06, 2014 1:13:45 PM org.apache.catalina.core.ApplicationContext log
INFO: Manager: start: Starting web application '/restStarter'
feb 06, 2014 1:14:43 PM org.apache.catalina.core.ApplicationContext log
INFO: Manager: list: Listing contexts for virtual host 'localhost'
feb 06, 2014 1:14:43 PM org.apache.catalina.core.ApplicationContext log
INFO: Manager: list: Listing contexts for virtual host 'localhost'
feb 06, 2014 1:14:43 PM org.apache.catalina.core.ApplicationContext log
INFO: Manager: undeploy: Undeploying web application at '/restStarter'
feb 06, 2014 1:14:44 PM org.apache.catalina.core.ApplicationContext log
INFO: Manager: install: Installing context configuration at 'file:/var/folders/tb/h45t2jhs7zd651516qgh6llc0000gn/T/context584304927788562213.xml'
feb 06, 2014 1:14:47 PM org.apache.catalina.core.ApplicationContext log
INFO: Manager: start: Starting web application '/restStarter'
feb 06, 2014 1:15:55 PM org.apache.catalina.core.ApplicationContext log
INFO: Manager: init: Associated with Deployer 'Catalina:type=Deployer,host=localhost'
feb 06, 2014 1:15:55 PM org.apache.catalina.core.ApplicationContext log
INFO: Manager: init: Global resources are available
feb 06, 2014 1:15:55 PM org.apache.catalina.core.ApplicationContext log
INFO: Manager: list: Listing contexts for virtual host 'localhost'
feb 06, 2014 1:15:55 PM org.apache.catalina.core.ApplicationContext log
INFO: Manager: list: Listing contexts for virtual host 'localhost'
feb 06, 2014 1:15:55 PM org.apache.catalina.core.ApplicationContext log
INFO: Manager: undeploy: Undeploying web application at '/restStarter'
feb 06, 2014 1:15:56 PM org.apache.catalina.core.ApplicationContext log
INFO: Manager: install: Installing context configuration at 'file:/var/folders/tb/h45t2jhs7zd651516qgh6llc0000gn/T/context7175373735399785149.xml'
feb 06, 2014 1:16:00 PM org.apache.catalina.core.ApplicationContext log
INFO: Manager: start: Starting web application '/restStarter'
feb 06, 2014 1:16:28 PM org.apache.catalina.core.ApplicationContext log
INFO: Manager: list: Listing contexts for virtual host 'localhost'
feb 06, 2014 1:16:28 PM org.apache.catalina.core.ApplicationContext log
INFO: Manager: list: Listing contexts for virtual host 'localhost'
feb 06, 2014 1:18:45 PM org.apache.catalina.core.ApplicationContext log
INFO: Manager: list: Listing contexts for virtual host 'localhost'
feb 06, 2014 1:18:45 PM org.apache.catalina.core.ApplicationContext log
INFO: Manager: restart: Reloading web application '/restStarter'
feb 06, 2014 1:19:00 PM org.apache.catalina.core.ApplicationContext log
INFO: Manager: list: Listing contexts for virtual host 'localhost'
feb 06, 2014 1:19:00 PM org.apache.catalina.core.ApplicationContext log
INFO: Manager: restart: Reloading web application '/restStarter'
feb 06, 2014 1:19:35 PM org.apache.catalina.core.ApplicationContext log
INFO: Manager: list: Listing contexts for virtual host 'localhost'
feb 06, 2014 1:19:35 PM org.apache.catalina.core.ApplicationContext log
INFO: Manager: restart: Reloading web application '/restStarter'
feb 06, 2014 1:20:13 PM org.apache.catalina.core.ApplicationContext log
INFO: Manager: list: Listing contexts for virtual host 'localhost'
feb 06, 2014 1:20:13 PM org.apache.catalina.core.ApplicationContext log
INFO: Manager: restart: Reloading web application '/restStarter'
feb 06, 2014 1:21:11 PM org.apache.catalina.core.ApplicationContext log
INFO: Manager: list: Listing contexts for virtual host 'localhost'
feb 06, 2014 1:21:11 PM org.apache.catalina.core.ApplicationContext log
INFO: Manager: restart: Reloading web application '/restStarter'
feb 06, 2014 1:22:04 PM org.apache.catalina.core.ApplicationContext log
INFO: Manager: list: Listing contexts for virtual host 'localhost'
feb 06, 2014 1:22:04 PM org.apache.catalina.core.ApplicationContext log
INFO: Manager: restart: Reloading web application '/restStarter'
feb 06, 2014 1:22:07 PM org.apache.catalina.core.ApplicationContext log
INFO: Manager: list: Listing contexts for virtual host 'localhost'
feb 06, 2014 1:22:07 PM org.apache.catalina.core.ApplicationContext log
INFO: Manager: restart: Reloading web application '/restStarter'
feb 06, 2014 1:22:47 PM org.apache.catalina.core.ApplicationContext log
INFO: Manager: list: Listing contexts for virtual host 'localhost'
feb 06, 2014 1:22:47 PM org.apache.catalina.core.ApplicationContext log
INFO: Manager: restart: Reloading web application '/restStarter'
feb 06, 2014 1:23:12 PM org.apache.catalina.core.ApplicationContext log
INFO: Manager: list: Listing contexts for virtual host 'localhost'
feb 06, 2014 1:23:12 PM org.apache.catalina.core.ApplicationContext log
INFO: Manager: restart: Reloading web application '/restStarter'
feb 06, 2014 1:23:57 PM org.apache.catalina.core.ApplicationContext log
INFO: Manager: list: Listing contexts for virtual host 'localhost'
feb 06, 2014 1:23:57 PM org.apache.catalina.core.ApplicationContext log
INFO: Manager: restart: Reloading web application '/restStarter'
feb 06, 2014 1:24:22 PM org.apache.catalina.core.ApplicationContext log
INFO: Manager: list: Listing contexts for virtual host 'localhost'
feb 06, 2014 1:24:22 PM org.apache.catalina.core.ApplicationContext log
INFO: Manager: restart: Reloading web application '/restStarter'
feb 06, 2014 1:26:13 PM org.apache.catalina.core.ApplicationContext log
INFO: Manager: list: Listing contexts for virtual host 'localhost'
feb 06, 2014 1:26:14 PM org.apache.catalina.core.ApplicationContext log
INFO: Manager: restart: Reloading web application '/restStarter'
feb 06, 2014 1:33:18 PM org.apache.catalina.core.ApplicationContext log
INFO: Manager: list: Listing contexts for virtual host 'localhost'
feb 06, 2014 1:33:18 PM org.apache.catalina.core.ApplicationContext log
INFO: Manager: list: Listing contexts for virtual host 'localhost'
feb 06, 2014 1:34:34 PM org.apache.catalina.core.ApplicationContext log
INFO: Manager: list: Listing contexts for virtual host 'localhost'
feb 06, 2014 1:35:14 PM org.apache.catalina.core.ApplicationContext log
INFO: Manager: list: Listing contexts for virtual host 'localhost'
feb 06, 2014 1:36:00 PM org.apache.catalina.core.ApplicationContext log
INFO: Manager: list: Listing contexts for virtual host 'localhost'
feb 06, 2014 1:36:03 PM org.apache.catalina.core.ApplicationContext log
INFO: Manager: list: Listing contexts for virtual host 'localhost'
feb 06, 2014 1:39:50 PM org.apache.catalina.core.ApplicationContext log
INFO: Manager: list: Listing contexts for virtual host 'localhost'
feb 06, 2014 1:40:09 PM org.apache.catalina.core.ApplicationContext log
INFO: Manager: list: Listing contexts for virtual host 'localhost'
feb 06, 2014 1:40:09 PM org.apache.catalina.core.ApplicationContext log
INFO: Manager: restart: Reloading web application '/restStarter'
feb 06, 2014 1:40:31 PM org.apache.catalina.core.ApplicationContext log
INFO: Manager: list: Listing contexts for virtual host 'localhost'
feb 06, 2014 1:40:31 PM org.apache.catalina.core.ApplicationContext log
INFO: Manager: list: Listing contexts for virtual host 'localhost'
feb 06, 2014 1:40:31 PM org.apache.catalina.core.ApplicationContext log
INFO: Manager: undeploy: Undeploying web application at '/restStarter'
feb 06, 2014 1:40:32 PM org.apache.catalina.core.ApplicationContext log
INFO: Manager: install: Installing context configuration at 'file:/var/folders/tb/h45t2jhs7zd651516qgh6llc0000gn/T/context55693799480754266.xml'
feb 06, 2014 1:40:33 PM org.apache.catalina.core.ApplicationContext log
INFO: Manager: start: Starting web application '/restStarter'
feb 06, 2014 1:41:49 PM org.apache.catalina.core.ApplicationContext log
INFO: Manager: list: Listing contexts for virtual host 'localhost'
feb 06, 2014 1:42:44 PM org.apache.catalina.core.ApplicationContext log
INFO: Manager: list: Listing contexts for virtual host 'localhost'
feb 06, 2014 1:43:46 PM org.apache.catalina.core.ApplicationContext log
INFO: Manager: list: Listing contexts for virtual host 'localhost'
feb 06, 2014 1:44:10 PM org.apache.catalina.core.ApplicationContext log
INFO: Manager: list: Listing contexts for virtual host 'localhost'
feb 06, 2014 1:44:10 PM org.apache.catalina.core.ApplicationContext log
INFO: Manager: restart: Reloading web application '/restStarter'
feb 06, 2014 1:44:29 PM org.apache.catalina.core.ApplicationContext log
INFO: Manager: list: Listing contexts for virtual host 'localhost'
feb 06, 2014 1:44:29 PM org.apache.catalina.core.ApplicationContext log
INFO: Manager: restart: Reloading web application '/restStarter'
feb 06, 2014 1:44:37 PM org.apache.catalina.core.ApplicationContext log
INFO: Manager: list: Listing contexts for virtual host 'localhost'
feb 06, 2014 1:44:37 PM org.apache.catalina.core.ApplicationContext log
INFO: Manager: restart: Reloading web application '/restStarter'
feb 06, 2014 1:44:53 PM org.apache.catalina.core.ApplicationContext log
INFO: Manager: list: Listing contexts for virtual host 'localhost'
feb 06, 2014 1:44:53 PM org.apache.catalina.core.ApplicationContext log
INFO: Manager: restart: Reloading web application '/restStarter'
feb 06, 2014 1:45:31 PM org.apache.catalina.core.ApplicationContext log
INFO: Manager: list: Listing contexts for virtual host 'localhost'
feb 06, 2014 1:47:59 PM org.apache.catalina.core.ApplicationContext log
INFO: Manager: list: Listing contexts for virtual host 'localhost'
feb 06, 2014 1:47:59 PM org.apache.catalina.core.ApplicationContext log
INFO: Manager: restart: Reloading web application '/restStarter'
feb 06, 2014 1:48:09 PM org.apache.catalina.core.ApplicationContext log
INFO: Manager: list: Listing contexts for virtual host 'localhost'
feb 06, 2014 1:48:09 PM org.apache.catalina.core.ApplicationContext log
INFO: Manager: restart: Reloading web application '/restStarter'
feb 06, 2014 1:48:19 PM org.apache.catalina.core.ApplicationContext log
INFO: Manager: list: Listing contexts for virtual host 'localhost'
feb 06, 2014 1:48:19 PM org.apache.catalina.core.ApplicationContext log
INFO: Manager: restart: Reloading web application '/restStarter'
feb 06, 2014 1:55:00 PM org.apache.catalina.core.ApplicationContext log
INFO: Manager: list: Listing contexts for virtual host 'localhost'
feb 06, 2014 1:55:00 PM org.apache.catalina.core.ApplicationContext log
INFO: Manager: restart: Reloading web application '/restStarter'
feb 06, 2014 1:56:31 PM org.apache.catalina.core.ApplicationContext log
INFO: Manager: init: Associated with Deployer 'Catalina:type=Deployer,host=localhost'
feb 06, 2014 1:56:31 PM org.apache.catalina.core.ApplicationContext log
INFO: Manager: init: Global resources are available
feb 06, 2014 1:56:31 PM org.apache.catalina.core.ApplicationContext log
INFO: Manager: list: Listing contexts for virtual host 'localhost'
feb 06, 2014 1:56:31 PM org.apache.catalina.core.ApplicationContext log
INFO: Manager: list: Listing contexts for virtual host 'localhost'
feb 06, 2014 1:56:31 PM org.apache.catalina.core.ApplicationContext log
INFO: Manager: undeploy: Undeploying web application at '/restStarter'
feb 06, 2014 1:56:32 PM org.apache.catalina.core.ApplicationContext log
INFO: Manager: install: Installing context configuration at 'file:/var/folders/tb/h45t2jhs7zd651516qgh6llc0000gn/T/context2475127685099077042.xml'
feb 06, 2014 1:56:36 PM org.apache.catalina.core.ApplicationContext log
INFO: Manager: start: Starting web application '/restStarter'
feb 06, 2014 1:58:05 PM org.apache.catalina.core.ApplicationContext log
INFO: Manager: list: Listing contexts for virtual host 'localhost'
feb 06, 2014 1:58:05 PM org.apache.catalina.core.ApplicationContext log
INFO: Manager: restart: Reloading web application '/restStarter'
feb 06, 2014 2:00:15 PM org.apache.catalina.core.ApplicationContext log
INFO: Manager: list: Listing contexts for virtual host 'localhost'
feb 06, 2014 2:00:15 PM org.apache.catalina.core.ApplicationContext log
INFO: Manager: restart: Reloading web application '/restStarter'
feb 06, 2014 2:01:24 PM org.apache.catalina.core.ApplicationContext log
INFO: Manager: list: Listing contexts for virtual host 'localhost'
feb 06, 2014 2:01:24 PM org.apache.catalina.core.ApplicationContext log
INFO: Manager: restart: Reloading web application '/restStarter'
feb 06, 2014 3:03:17 PM org.apache.catalina.core.ApplicationContext log
INFO: Manager: init: Associated with Deployer 'Catalina:type=Deployer,host=localhost'
feb 06, 2014 3:03:17 PM org.apache.catalina.core.ApplicationContext log
INFO: Manager: init: Global resources are available
feb 06, 2014 3:03:17 PM org.apache.catalina.core.ApplicationContext log
INFO: Manager: list: Listing contexts for virtual host 'localhost'
feb 06, 2014 3:03:17 PM org.apache.catalina.core.ApplicationContext log
INFO: Manager: restart: Reloading web application '/restStarter'
feb 06, 2014 3:06:31 PM org.apache.catalina.core.ApplicationContext log
INFO: Manager: list: Listing contexts for virtual host 'localhost'
feb 06, 2014 3:06:31 PM org.apache.catalina.core.ApplicationContext log
INFO: Manager: restart: Reloading web application '/restStarter'
feb 06, 2014 3:07:42 PM org.apache.catalina.core.ApplicationContext log
INFO: Manager: list: Listing contexts for virtual host 'localhost'
feb 06, 2014 3:07:42 PM org.apache.catalina.core.ApplicationContext log
INFO: Manager: restart: Reloading web application '/restStarter'
feb 06, 2014 3:09:15 PM org.apache.catalina.core.ApplicationContext log
INFO: Manager: list: Listing contexts for virtual host 'localhost'
feb 06, 2014 3:09:15 PM org.apache.catalina.core.ApplicationContext log
INFO: Manager: restart: Reloading web application '/restStarter'
feb 06, 2014 3:09:19 PM org.apache.catalina.core.ApplicationContext log
INFO: Manager: list: Listing contexts for virtual host 'localhost'
feb 06, 2014 3:09:19 PM org.apache.catalina.core.ApplicationContext log
INFO: Manager: restart: Reloading web application '/restStarter'
feb 06, 2014 3:22:37 PM org.apache.catalina.core.ApplicationContext log
INFO: Manager: list: Listing contexts for virtual host 'localhost'
feb 06, 2014 3:22:41 PM org.apache.catalina.core.ApplicationContext log
INFO: Manager: list: Listing contexts for virtual host 'localhost'
feb 06, 2014 3:40:53 PM org.apache.catalina.core.ApplicationContext log
INFO: Manager: list: Listing contexts for virtual host 'localhost'
feb 06, 2014 3:41:25 PM org.apache.catalina.core.ApplicationContext log
INFO: Manager: list: Listing contexts for virtual host 'localhost'
feb 06, 2014 3:42:40 PM org.apache.catalina.core.ApplicationContext log
INFO: Manager: list: Listing contexts for virtual host 'localhost'
feb 06, 2014 3:42:56 PM org.apache.catalina.core.ApplicationContext log
INFO: Manager: list: Listing contexts for virtual host 'localhost'
feb 06, 2014 3:43:07 PM org.apache.catalina.core.ApplicationContext log
INFO: Manager: list: Listing contexts for virtual host 'localhost'
feb 06, 2014 3:43:25 PM org.apache.catalina.core.ApplicationContext log
INFO: Manager: list: Listing contexts for virtual host 'localhost'
feb 06, 2014 3:43:40 PM org.apache.catalina.core.ApplicationContext log
INFO: Manager: list: Listing contexts for virtual host 'localhost'
feb 06, 2014 3:44:38 PM org.apache.catalina.core.ApplicationContext log
INFO: Manager: list: Listing contexts for virtual host 'localhost'
feb 06, 2014 3:44:41 PM org.apache.catalina.core.ApplicationContext log
INFO: Manager: list: Listing contexts for virtual host 'localhost'
feb 06, 2014 3:44:59 PM org.apache.catalina.core.ApplicationContext log
INFO: Manager: list: Listing contexts for virtual host 'localhost'
feb 06, 2014 3:45:20 PM org.apache.catalina.core.ApplicationContext log
INFO: Manager: list: Listing contexts for virtual host 'localhost'
feb 06, 2014 3:46:24 PM org.apache.catalina.core.ApplicationContext log
INFO: Manager: list: Listing contexts for virtual host 'localhost'
feb 06, 2014 3:47:52 PM org.apache.catalina.core.ApplicationContext log
INFO: Manager: list: Listing contexts for virtual host 'localhost'
feb 06, 2014 3:47:52 PM org.apache.catalina.core.ApplicationContext log
INFO: Manager: restart: Reloading web application '/restStarter'
feb 06, 2014 3:48:09 PM org.apache.catalina.core.ApplicationContext log
INFO: Manager: list: Listing contexts for virtual host 'localhost'
feb 06, 2014 3:48:09 PM org.apache.catalina.core.ApplicationContext log
INFO: Manager: restart: Reloading web application '/restStarter'
feb 06, 2014 3:48:12 PM org.apache.catalina.core.ApplicationContext log
INFO: Manager: list: Listing contexts for virtual host 'localhost'
feb 06, 2014 3:48:12 PM org.apache.catalina.core.ApplicationContext log
INFO: Manager: restart: Reloading web application '/restStarter'
feb 06, 2014 3:48:20 PM org.apache.catalina.core.ApplicationContext log
INFO: Manager: list: Listing contexts for virtual host 'localhost'
feb 06, 2014 3:48:20 PM org.apache.catalina.core.ApplicationContext log
INFO: Manager: restart: Reloading web application '/restStarter'
feb 06, 2014 3:49:47 PM org.apache.catalina.core.ApplicationContext log
INFO: Manager: list: Listing contexts for virtual host 'localhost'
feb 06, 2014 3:49:47 PM org.apache.catalina.core.ApplicationContext log
INFO: Manager: restart: Reloading web application '/restStarter'
feb 06, 2014 3:50:25 PM org.apache.catalina.core.ApplicationContext log
INFO: Manager: list: Listing contexts for virtual host 'localhost'
feb 06, 2014 3:50:53 PM org.apache.catalina.core.ApplicationContext log
INFO: Manager: list: Listing contexts for virtual host 'localhost'
feb 06, 2014 3:52:01 PM org.apache.catalina.core.ApplicationContext log
INFO: Manager: list: Listing contexts for virtual host 'localhost'
feb 06, 2014 3:52:01 PM org.apache.catalina.core.ApplicationContext log
INFO: Manager: restart: Reloading web application '/restStarter'
